2024-12-31 16:47:47,556 - INFO - 1
2024-12-31 16:47:47,556 - INFO - 1
2024-12-31 16:47:47,556 - INFO - ['bc 4 8', 'bc 4 8', 'm u_1 e ', 'dst \'["bc 4 8", "bc 4 8", "m u_1 e"]\'']
2024-12-31 16:47:47,556 - INFO - num_cities:1
2024-12-31 16:47:47,557 - INFO - num_workers:1
2024-12-31 16:47:47,557 - INFO - num_carts:0
2024-12-31 16:47:47,557 - INFO - 
2024-12-31 16:47:47,560 - INFO - 1
2024-12-31 16:47:47,560 - INFO - 1
2024-12-31 16:47:47,560 - INFO - ['bc 7 8', 'bc 7 8', 'm u_2 w ', 'dst \'["bc 7 8", "bc 7 8", "m u_2 w"]\'']
2024-12-31 16:47:47,561 - INFO - num_cities:1
2024-12-31 16:47:47,561 - INFO - num_workers:1
2024-12-31 16:47:47,561 - INFO - num_carts:0
2024-12-31 16:47:47,561 - INFO - 
2024-12-31 16:47:47,573 - INFO - 2
2024-12-31 16:47:47,573 - INFO - 2
2024-12-31 16:47:47,573 - INFO - ['bc 4 8', 'bc 4 8', 'dst \'["bc 4 8", "bc 4 8"]\'']
2024-12-31 16:47:47,573 - INFO - num_cities:1
2024-12-31 16:47:47,573 - INFO - num_workers:1
2024-12-31 16:47:47,573 - INFO - num_carts:0
2024-12-31 16:47:47,573 - INFO - 
2024-12-31 16:47:47,574 - INFO - 2
2024-12-31 16:47:47,574 - INFO - 2
2024-12-31 16:47:47,574 - INFO - ['bc 7 8', 'bc 7 8', 'dst \'["bc 7 8", "bc 7 8"]\'']
2024-12-31 16:47:47,574 - INFO - num_cities:1
2024-12-31 16:47:47,574 - INFO - num_workers:1
2024-12-31 16:47:47,574 - INFO - num_carts:0
2024-12-31 16:47:47,574 - INFO - 
2024-12-31 16:47:47,582 - INFO - 3
2024-12-31 16:47:47,582 - INFO - 3
2024-12-31 16:47:47,583 - INFO - ['bc 4 8', 'bc 4 8', 'm u_1 e ', 'dst \'["bc 4 8", "bc 4 8", "m u_1 e"]\'']
2024-12-31 16:47:47,583 - INFO - num_cities:1
2024-12-31 16:47:47,583 - INFO - num_workers:1
2024-12-31 16:47:47,583 - INFO - num_carts:0
2024-12-31 16:47:47,583 - INFO - 
2024-12-31 16:47:47,583 - INFO - 3
2024-12-31 16:47:47,584 - INFO - 3
2024-12-31 16:47:47,584 - INFO - ['bc 7 8', 'bc 7 8', 'm u_2 w ', 'dst \'["bc 7 8", "bc 7 8", "m u_2 w"]\'']
2024-12-31 16:47:47,584 - INFO - num_cities:1
2024-12-31 16:47:47,584 - INFO - num_workers:1
2024-12-31 16:47:47,584 - INFO - num_carts:0
2024-12-31 16:47:47,584 - INFO - 
2024-12-31 16:47:47,596 - INFO - 4
2024-12-31 16:47:47,596 - INFO - 4
2024-12-31 16:47:47,596 - INFO - ['bc 4 8', 'bc 4 8', 'dst \'["bc 4 8", "bc 4 8"]\'']
2024-12-31 16:47:47,596 - INFO - num_cities:1
2024-12-31 16:47:47,596 - INFO - num_workers:1
2024-12-31 16:47:47,596 - INFO - num_carts:0
2024-12-31 16:47:47,596 - INFO - 
2024-12-31 16:47:47,597 - INFO - 4
2024-12-31 16:47:47,598 - INFO - 4
2024-12-31 16:47:47,598 - INFO - ['bc 7 8', 'bc 7 8', 'dst \'["bc 7 8", "bc 7 8"]\'']
2024-12-31 16:47:47,598 - INFO - num_cities:1
2024-12-31 16:47:47,598 - INFO - num_workers:1
2024-12-31 16:47:47,598 - INFO - num_carts:0
2024-12-31 16:47:47,598 - INFO - 
2024-12-31 16:47:47,607 - INFO - 5
2024-12-31 16:47:47,607 - INFO - 5
2024-12-31 16:47:47,607 - INFO - ['bc 4 8', 'bc 4 8', 'm u_1 c ', 'dst \'["bc 4 8", "bc 4 8", "m u_1 c"]\'']
2024-12-31 16:47:47,608 - INFO - num_cities:1
2024-12-31 16:47:47,608 - INFO - num_workers:1
2024-12-31 16:47:47,608 - INFO - num_carts:0
2024-12-31 16:47:47,608 - INFO - 
2024-12-31 16:47:47,608 - INFO - 5
2024-12-31 16:47:47,608 - INFO - 5
2024-12-31 16:47:47,608 - INFO - ['bc 7 8', 'bc 7 8', 'm u_2 c ', 'dst \'["bc 7 8", "bc 7 8", "m u_2 c"]\'']
2024-12-31 16:47:47,608 - INFO - num_cities:1
2024-12-31 16:47:47,608 - INFO - num_workers:1
2024-12-31 16:47:47,608 - INFO - num_carts:0
2024-12-31 16:47:47,608 - INFO - 
2024-12-31 16:47:47,616 - INFO - 6
2024-12-31 16:47:47,617 - INFO - 6
2024-12-31 16:47:47,617 - INFO - ['bc 4 8', 'bc 4 8', 'bcity u_1', 'dst \'["bc 4 8", "bc 4 8", "bcity u_1"]\'']
2024-12-31 16:47:47,617 - INFO - num_cities:1
2024-12-31 16:47:47,617 - INFO - num_workers:1
2024-12-31 16:47:47,617 - INFO - num_carts:0
2024-12-31 16:47:47,617 - INFO - 
2024-12-31 16:47:47,617 - INFO - 6
2024-12-31 16:47:47,617 - INFO - 6
2024-12-31 16:47:47,617 - INFO - ['bc 7 8', 'bc 7 8', 'bcity u_2', 'dst \'["bc 7 8", "bc 7 8", "bcity u_2"]\'']
2024-12-31 16:47:47,617 - INFO - num_cities:1
2024-12-31 16:47:47,618 - INFO - num_workers:1
2024-12-31 16:47:47,618 - INFO - num_carts:0
2024-12-31 16:47:47,618 - INFO - 
2024-12-31 16:47:47,627 - INFO - 7
2024-12-31 16:47:47,627 - INFO - 7
2024-12-31 16:47:47,627 - INFO - ['bc 4 8', 'bc 6 8', 'bc 4 8', 'bc 6 8', 'm u_1 c ', 'dst \'["bc 4 8", "bc 6 8", "bc 4 8", "bc 6 8", "m u_1 c"]\'']
2024-12-31 16:47:47,627 - INFO - num_cities:2
2024-12-31 16:47:47,627 - INFO - num_workers:1
2024-12-31 16:47:47,627 - INFO - num_carts:0
2024-12-31 16:47:47,627 - INFO - 
2024-12-31 16:47:47,628 - INFO - 7
2024-12-31 16:47:47,628 - INFO - 7
2024-12-31 16:47:47,628 - INFO - ['bc 7 8', 'bc 5 8', 'bc 7 8', 'bc 5 8', 'm u_2 c ', 'dst \'["bc 7 8", "bc 5 8", "bc 7 8", "bc 5 8", "m u_2 c"]\'']
2024-12-31 16:47:47,628 - INFO - num_cities:2
2024-12-31 16:47:47,628 - INFO - num_workers:1
2024-12-31 16:47:47,628 - INFO - num_carts:0
2024-12-31 16:47:47,628 - INFO - 
2024-12-31 16:47:47,637 - INFO - 8
2024-12-31 16:47:47,637 - INFO - 8
2024-12-31 16:47:47,637 - INFO - ['bw 6 8  ', 'bc 4 8', 'bc 6 8', 'm u_1 c ', 'm u_3 n ', 'dst \'["bw 6 8", "bc 4 8", "bc 6 8", "m u_1 c", "m u_3 n"]\'']
2024-12-31 16:47:47,638 - INFO - num_cities:2
2024-12-31 16:47:47,638 - INFO - num_workers:1
2024-12-31 16:47:47,638 - INFO - num_carts:1
2024-12-31 16:47:47,638 - INFO - 
2024-12-31 16:47:47,638 - INFO - 8
2024-12-31 16:47:47,638 - INFO - 8
2024-12-31 16:47:47,638 - INFO - ['bw 5 8  ', 'bc 7 8', 'bc 5 8', 'm u_2 c ', 'm u_4 n ', 'dst \'["bw 5 8", "bc 7 8", "bc 5 8", "m u_2 c", "m u_4 n"]\'']
2024-12-31 16:47:47,638 - INFO - num_cities:2
2024-12-31 16:47:47,638 - INFO - num_workers:1
2024-12-31 16:47:47,638 - INFO - num_carts:1
2024-12-31 16:47:47,639 - INFO - 
2024-12-31 16:47:47,647 - INFO - 9
2024-12-31 16:47:47,648 - INFO - 9
2024-12-31 16:47:47,648 - INFO - ['bw 6 8  ', 'bc 4 8', 'bc 6 8', 'm u_1 e ', 'dst \'["bw 6 8", "bc 4 8", "bc 6 8", "m u_1 e"]\'']
2024-12-31 16:47:47,648 - INFO - num_cities:2
2024-12-31 16:47:47,648 - INFO - num_workers:1
2024-12-31 16:47:47,648 - INFO - num_carts:1
2024-12-31 16:47:47,648 - INFO - 
2024-12-31 16:47:47,649 - INFO - 9
2024-12-31 16:47:47,649 - INFO - 9
2024-12-31 16:47:47,649 - INFO - ['bw 5 8  ', 'bc 7 8', 'bc 5 8', 'm u_2 w ', 'dst \'["bw 5 8", "bc 7 8", "bc 5 8", "m u_2 w"]\'']
2024-12-31 16:47:47,649 - INFO - num_cities:2
2024-12-31 16:47:47,649 - INFO - num_workers:1
2024-12-31 16:47:47,649 - INFO - num_carts:1
2024-12-31 16:47:47,649 - INFO - 
2024-12-31 16:47:47,657 - INFO - 10
2024-12-31 16:47:47,657 - INFO - 10
2024-12-31 16:47:47,657 - INFO - ['bw 6 8  ', 'bc 4 8', 'bc 6 8', 'm u_1 w ', 'm u_3 s ', 'dst \'["bw 6 8", "bc 4 8", "bc 6 8", "m u_1 w", "m u_3 s"]\'']
2024-12-31 16:47:47,657 - INFO - num_cities:2
2024-12-31 16:47:47,657 - INFO - num_workers:1
2024-12-31 16:47:47,657 - INFO - num_carts:1
2024-12-31 16:47:47,657 - INFO - 
2024-12-31 16:47:47,658 - INFO - 10
2024-12-31 16:47:47,658 - INFO - 10
2024-12-31 16:47:47,658 - INFO - ['bw 5 8  ', 'bc 7 8', 'bc 5 8', 'm u_2 e ', 'm u_4 s ', 'dst \'["bw 5 8", "bc 7 8", "bc 5 8", "m u_2 e", "m u_4 s"]\'']
2024-12-31 16:47:47,658 - INFO - num_cities:2
2024-12-31 16:47:47,658 - INFO - num_workers:1
2024-12-31 16:47:47,658 - INFO - num_carts:1
2024-12-31 16:47:47,658 - INFO - 
2024-12-31 16:47:47,666 - INFO - 11
2024-12-31 16:47:47,666 - INFO - 11
2024-12-31 16:47:47,666 - INFO - ['bw 6 8  ', 'bc 4 8', 'bc 6 8', 'm u_1 s ', 'm u_3 c ', 'dst \'["bw 6 8", "bc 4 8", "bc 6 8", "m u_1 s", "m u_3 c"]\'']
2024-12-31 16:47:47,666 - INFO - num_cities:2
2024-12-31 16:47:47,666 - INFO - num_workers:1
2024-12-31 16:47:47,666 - INFO - num_carts:1
2024-12-31 16:47:47,666 - INFO - 
2024-12-31 16:47:47,667 - INFO - 11
2024-12-31 16:47:47,667 - INFO - 11
2024-12-31 16:47:47,667 - INFO - ['bw 5 8  ', 'bc 7 8', 'bc 5 8', 'm u_2 s ', 'm u_4 c ', 'dst \'["bw 5 8", "bc 7 8", "bc 5 8", "m u_2 s", "m u_4 c"]\'']
2024-12-31 16:47:47,667 - INFO - num_cities:2
2024-12-31 16:47:47,667 - INFO - num_workers:1
2024-12-31 16:47:47,667 - INFO - num_carts:1
2024-12-31 16:47:47,667 - INFO - 
2024-12-31 16:47:47,675 - INFO - 12
2024-12-31 16:47:47,675 - INFO - 12
2024-12-31 16:47:47,675 - INFO - ['bw 6 8  ', 'bc 4 8', 'bc 6 8', 'm u_3 c ', 'dst \'["bw 6 8", "bc 4 8", "bc 6 8", "m u_3 c"]\'']
2024-12-31 16:47:47,675 - INFO - num_cities:2
2024-12-31 16:47:47,675 - INFO - num_workers:1
2024-12-31 16:47:47,675 - INFO - num_carts:1
2024-12-31 16:47:47,675 - INFO - 
2024-12-31 16:47:47,676 - INFO - 12
2024-12-31 16:47:47,676 - INFO - 12
2024-12-31 16:47:47,676 - INFO - ['bw 5 8  ', 'bc 7 8', 'bc 5 8', 'm u_4 c ', 'dst \'["bw 5 8", "bc 7 8", "bc 5 8", "m u_4 c"]\'']
2024-12-31 16:47:47,676 - INFO - num_cities:2
2024-12-31 16:47:47,676 - INFO - num_workers:1
2024-12-31 16:47:47,676 - INFO - num_carts:1
2024-12-31 16:47:47,676 - INFO - 
2024-12-31 16:47:47,684 - INFO - 13
2024-12-31 16:47:47,684 - INFO - 13
2024-12-31 16:47:47,684 - INFO - ['bw 6 8  ', 'bc 4 8', 'bc 6 8', 'm u_1 s ', 'm u_3 s ', 'dst \'["bw 6 8", "bc 4 8", "bc 6 8", "m u_1 s", "m u_3 s"]\'']
2024-12-31 16:47:47,684 - INFO - num_cities:2
2024-12-31 16:47:47,684 - INFO - num_workers:1
2024-12-31 16:47:47,684 - INFO - num_carts:1
2024-12-31 16:47:47,684 - INFO - 
2024-12-31 16:47:47,685 - INFO - 13
2024-12-31 16:47:47,685 - INFO - 13
2024-12-31 16:47:47,685 - INFO - ['bw 5 8  ', 'bc 7 8', 'bc 5 8', 'm u_2 s ', 'm u_4 s ', 'dst \'["bw 5 8", "bc 7 8", "bc 5 8", "m u_2 s", "m u_4 s"]\'']
2024-12-31 16:47:47,685 - INFO - num_cities:2
2024-12-31 16:47:47,685 - INFO - num_workers:1
2024-12-31 16:47:47,685 - INFO - num_carts:1
2024-12-31 16:47:47,685 - INFO - 
2024-12-31 16:47:47,693 - INFO - 14
2024-12-31 16:47:47,694 - INFO - 14
2024-12-31 16:47:47,694 - INFO - ['bw 6 8  ', 'bc 4 8', 'bc 6 8', 'dst \'["bw 6 8", "bc 4 8", "bc 6 8"]\'']
2024-12-31 16:47:47,694 - INFO - num_cities:2
2024-12-31 16:47:47,694 - INFO - num_workers:1
2024-12-31 16:47:47,694 - INFO - num_carts:1
2024-12-31 16:47:47,694 - INFO - 
2024-12-31 16:47:47,694 - INFO - 14
2024-12-31 16:47:47,695 - INFO - 14
2024-12-31 16:47:47,695 - INFO - ['bw 5 8  ', 'bc 7 8', 'bc 5 8', 'dst \'["bw 5 8", "bc 7 8", "bc 5 8"]\'']
2024-12-31 16:47:47,695 - INFO - num_cities:2
2024-12-31 16:47:47,695 - INFO - num_workers:1
2024-12-31 16:47:47,695 - INFO - num_carts:1
2024-12-31 16:47:47,695 - INFO - 
2024-12-31 16:47:47,703 - INFO - 15
2024-12-31 16:47:47,703 - INFO - 15
2024-12-31 16:47:47,704 - INFO - ['bw 6 8  ', 'bc 4 8', 'bc 6 8', 'm u_1 n ', 'm u_3 e ', 'dst \'["bw 6 8", "bc 4 8", "bc 6 8", "m u_1 n", "m u_3 e"]\'']
2024-12-31 16:47:47,704 - INFO - num_cities:2
2024-12-31 16:47:47,704 - INFO - num_workers:1
2024-12-31 16:47:47,704 - INFO - num_carts:1
2024-12-31 16:47:47,704 - INFO - 
2024-12-31 16:47:47,704 - INFO - 15
2024-12-31 16:47:47,704 - INFO - 15
2024-12-31 16:47:47,704 - INFO - ['bw 5 8  ', 'bc 7 8', 'bc 5 8', 'm u_2 n ', 'm u_4 w ', 'dst \'["bw 5 8", "bc 7 8", "bc 5 8", "m u_2 n", "m u_4 w"]\'']
2024-12-31 16:47:47,705 - INFO - num_cities:2
2024-12-31 16:47:47,705 - INFO - num_workers:1
2024-12-31 16:47:47,705 - INFO - num_carts:1
2024-12-31 16:47:47,705 - INFO - 
2024-12-31 16:47:47,713 - INFO - 16
2024-12-31 16:47:47,713 - INFO - 16
2024-12-31 16:47:47,713 - INFO - ['bw 6 8  ', 'bc 4 8', 'bc 6 8', 'm u_1 n ', 'm u_3 w ', 'dst \'["bw 6 8", "bc 4 8", "bc 6 8", "m u_1 n", "m u_3 w"]\'']
2024-12-31 16:47:47,713 - INFO - num_cities:2
2024-12-31 16:47:47,713 - INFO - num_workers:1
2024-12-31 16:47:47,714 - INFO - num_carts:1
2024-12-31 16:47:47,714 - INFO - 
2024-12-31 16:47:47,714 - INFO - 16
2024-12-31 16:47:47,714 - INFO - 16
2024-12-31 16:47:47,714 - INFO - ['bw 5 8  ', 'bc 7 8', 'bc 5 8', 'm u_2 n ', 'm u_4 e ', 'dst \'["bw 5 8", "bc 7 8", "bc 5 8", "m u_2 n", "m u_4 e"]\'']
2024-12-31 16:47:47,714 - INFO - num_cities:2
2024-12-31 16:47:47,714 - INFO - num_workers:1
2024-12-31 16:47:47,715 - INFO - num_carts:1
2024-12-31 16:47:47,715 - INFO - 
2024-12-31 16:47:47,722 - INFO - 17
2024-12-31 16:47:47,722 - INFO - 17
2024-12-31 16:47:47,722 - INFO - ['bw 4 8  ', 'bw 6 8  ', 'bc 4 8', 'bc 6 8', 'dst \'["bw 4 8", "bw 6 8", "bc 4 8", "bc 6 8"]\'']
2024-12-31 16:47:47,722 - INFO - num_cities:2
2024-12-31 16:47:47,723 - INFO - num_workers:1
2024-12-31 16:47:47,723 - INFO - num_carts:1
2024-12-31 16:47:47,723 - INFO - 
2024-12-31 16:47:47,723 - INFO - 17
2024-12-31 16:47:47,723 - INFO - 17
2024-12-31 16:47:47,723 - INFO - ['bw 7 8  ', 'bw 5 8  ', 'bc 7 8', 'bc 5 8', 'dst \'["bw 7 8", "bw 5 8", "bc 7 8", "bc 5 8"]\'']
2024-12-31 16:47:47,723 - INFO - num_cities:2
2024-12-31 16:47:47,723 - INFO - num_workers:1
2024-12-31 16:47:47,723 - INFO - num_carts:1
2024-12-31 16:47:47,723 - INFO - 
2024-12-31 16:47:47,730 - INFO - 18
2024-12-31 16:47:47,731 - INFO - 18
2024-12-31 16:47:47,731 - INFO - ['bw 4 8  ', 'bw 6 8  ', 'bc 4 8', 'bc 6 8', 'm u_1 c ', 'm u_3 c ', 'dst \'["bw 4 8", "bw 6 8", "bc 4 8", "bc 6 8", "m u_1 c", "m u_3 c"]\'']
2024-12-31 16:47:47,731 - INFO - num_cities:2
2024-12-31 16:47:47,731 - INFO - num_workers:1
2024-12-31 16:47:47,731 - INFO - num_carts:1
2024-12-31 16:47:47,731 - INFO - 
2024-12-31 16:47:47,732 - INFO - 18
2024-12-31 16:47:47,732 - INFO - 18
2024-12-31 16:47:47,732 - INFO - ['bw 7 8  ', 'bw 5 8  ', 'bc 7 8', 'bc 5 8', 'm u_2 c ', 'm u_4 c ', 'dst \'["bw 7 8", "bw 5 8", "bc 7 8", "bc 5 8", "m u_2 c", "m u_4 c"]\'']
2024-12-31 16:47:47,732 - INFO - num_cities:2
2024-12-31 16:47:47,732 - INFO - num_workers:1
2024-12-31 16:47:47,732 - INFO - num_carts:1
2024-12-31 16:47:47,732 - INFO - 
2024-12-31 16:47:47,741 - INFO - 19
2024-12-31 16:47:47,741 - INFO - 19
2024-12-31 16:47:47,741 - INFO - ['bw 4 8  ', 'bw 6 8  ', 'bc 4 8', 'bc 6 8', 'm u_1 s ', 'm u_3 w ', 'dst \'["bw 4 8", "bw 6 8", "bc 4 8", "bc 6 8", "m u_1 s", "m u_3 w"]\'']
2024-12-31 16:47:47,741 - INFO - num_cities:2
2024-12-31 16:47:47,741 - INFO - num_workers:1
2024-12-31 16:47:47,741 - INFO - num_carts:1
2024-12-31 16:47:47,741 - INFO - 
2024-12-31 16:47:47,742 - INFO - 19
2024-12-31 16:47:47,742 - INFO - 19
2024-12-31 16:47:47,742 - INFO - ['bw 7 8  ', 'bw 5 8  ', 'bc 7 8', 'bc 5 8', 'm u_2 s ', 'm u_4 e ', 'dst \'["bw 7 8", "bw 5 8", "bc 7 8", "bc 5 8", "m u_2 s", "m u_4 e"]\'']
2024-12-31 16:47:47,742 - INFO - num_cities:2
2024-12-31 16:47:47,742 - INFO - num_workers:1
2024-12-31 16:47:47,742 - INFO - num_carts:1
2024-12-31 16:47:47,742 - INFO - 
2024-12-31 16:47:47,750 - INFO - 20
2024-12-31 16:47:47,750 - INFO - 20
2024-12-31 16:47:47,750 - INFO - ['bw 4 8  ', 'bw 6 8  ', 'bc 4 8', 'bc 6 8', 'dst \'["bw 4 8", "bw 6 8", "bc 4 8", "bc 6 8"]\'']
2024-12-31 16:47:47,751 - INFO - num_cities:2
2024-12-31 16:47:47,751 - INFO - num_workers:1
2024-12-31 16:47:47,751 - INFO - num_carts:1
2024-12-31 16:47:47,751 - INFO - 
2024-12-31 16:47:47,751 - INFO - 20
2024-12-31 16:47:47,752 - INFO - 20
2024-12-31 16:47:47,752 - INFO - ['bw 7 8  ', 'bw 5 8  ', 'bc 7 8', 'bc 5 8', 'dst \'["bw 7 8", "bw 5 8", "bc 7 8", "bc 5 8"]\'']
2024-12-31 16:47:47,752 - INFO - num_cities:2
2024-12-31 16:47:47,752 - INFO - num_workers:1
2024-12-31 16:47:47,752 - INFO - num_carts:1
2024-12-31 16:47:47,752 - INFO - 
2024-12-31 16:47:47,760 - INFO - 21
2024-12-31 16:47:47,760 - INFO - 21
2024-12-31 16:47:47,760 - INFO - ['bw 4 8  ', 'bw 6 8  ', 'bc 4 8', 'bc 6 8', 'm u_1 c ', 'm u_3 e ', 'dst \'["bw 4 8", "bw 6 8", "bc 4 8", "bc 6 8", "m u_1 c", "m u_3 e"]\'']
2024-12-31 16:47:47,760 - INFO - num_cities:2
2024-12-31 16:47:47,760 - INFO - num_workers:1
2024-12-31 16:47:47,760 - INFO - num_carts:1
2024-12-31 16:47:47,760 - INFO - 
2024-12-31 16:47:47,761 - INFO - 21
2024-12-31 16:47:47,761 - INFO - 21
2024-12-31 16:47:47,761 - INFO - ['bw 7 8  ', 'bw 5 8  ', 'bc 7 8', 'bc 5 8', 'm u_2 c ', 'm u_4 w ', 'dst \'["bw 7 8", "bw 5 8", "bc 7 8", "bc 5 8", "m u_2 c", "m u_4 w"]\'']
2024-12-31 16:47:47,761 - INFO - num_cities:2
2024-12-31 16:47:47,761 - INFO - num_workers:1
2024-12-31 16:47:47,761 - INFO - num_carts:1
2024-12-31 16:47:47,761 - INFO - 
2024-12-31 16:47:47,771 - INFO - 22
2024-12-31 16:47:47,771 - INFO - 22
2024-12-31 16:47:47,771 - INFO - ['bw 4 8  ', 'bw 6 8  ', 'bc 4 8', 'bc 6 8', 'm u_1 e ', 'm u_3 n ', 'dst \'["bw 4 8", "bw 6 8", "bc 4 8", "bc 6 8", "m u_1 e", "m u_3 n"]\'']
2024-12-31 16:47:47,771 - INFO - num_cities:2
2024-12-31 16:47:47,771 - INFO - num_workers:1
2024-12-31 16:47:47,771 - INFO - num_carts:1
2024-12-31 16:47:47,771 - INFO - 
2024-12-31 16:47:47,772 - INFO - 22
2024-12-31 16:47:47,772 - INFO - 22
2024-12-31 16:47:47,772 - INFO - ['bw 7 8  ', 'bw 5 8  ', 'bc 7 8', 'bc 5 8', 'm u_2 w ', 'm u_4 n ', 'dst \'["bw 7 8", "bw 5 8", "bc 7 8", "bc 5 8", "m u_2 w", "m u_4 n"]\'']
2024-12-31 16:47:47,772 - INFO - num_cities:2
2024-12-31 16:47:47,772 - INFO - num_workers:1
2024-12-31 16:47:47,772 - INFO - num_carts:1
2024-12-31 16:47:47,772 - INFO - 
2024-12-31 16:47:47,781 - INFO - 23
2024-12-31 16:47:47,781 - INFO - 23
2024-12-31 16:47:47,782 - INFO - ['bw 4 8  ', 'bw 6 8  ', 'bc 4 8', 'bc 6 8', 'dst \'["bw 4 8", "bw 6 8", "bc 4 8", "bc 6 8"]\'']
2024-12-31 16:47:47,782 - INFO - num_cities:2
2024-12-31 16:47:47,782 - INFO - num_workers:1
2024-12-31 16:47:47,782 - INFO - num_carts:1
2024-12-31 16:47:47,782 - INFO - 
2024-12-31 16:47:47,782 - INFO - 23
2024-12-31 16:47:47,783 - INFO - 23
2024-12-31 16:47:47,783 - INFO - ['bw 7 8  ', 'bw 5 8  ', 'bc 7 8', 'bc 5 8', 'dst \'["bw 7 8", "bw 5 8", "bc 7 8", "bc 5 8"]\'']
2024-12-31 16:47:47,783 - INFO - num_cities:2
2024-12-31 16:47:47,783 - INFO - num_workers:1
2024-12-31 16:47:47,783 - INFO - num_carts:1
2024-12-31 16:47:47,783 - INFO - 
2024-12-31 16:47:47,791 - INFO - 24
2024-12-31 16:47:47,791 - INFO - 24
2024-12-31 16:47:47,791 - INFO - ['bw 4 8  ', 'bw 6 8  ', 'bc 4 8', 'bc 6 8', 'm u_1 n ', 'm u_3 s ', 'dst \'["bw 4 8", "bw 6 8", "bc 4 8", "bc 6 8", "m u_1 n", "m u_3 s"]\'']
2024-12-31 16:47:47,791 - INFO - num_cities:2
2024-12-31 16:47:47,791 - INFO - num_workers:1
2024-12-31 16:47:47,791 - INFO - num_carts:1
2024-12-31 16:47:47,791 - INFO - 
2024-12-31 16:47:47,792 - INFO - 24
2024-12-31 16:47:47,792 - INFO - 24
2024-12-31 16:47:47,792 - INFO - ['bw 7 8  ', 'bw 5 8  ', 'bc 7 8', 'bc 5 8', 'm u_2 n ', 'm u_4 s ', 'dst \'["bw 7 8", "bw 5 8", "bc 7 8", "bc 5 8", "m u_2 n", "m u_4 s"]\'']
2024-12-31 16:47:47,792 - INFO - num_cities:2
2024-12-31 16:47:47,792 - INFO - num_workers:1
2024-12-31 16:47:47,792 - INFO - num_carts:1
2024-12-31 16:47:47,792 - INFO - 
2024-12-31 16:47:47,800 - INFO - 25
2024-12-31 16:47:47,800 - INFO - 25
2024-12-31 16:47:47,801 - INFO - ['bw 4 8  ', 'bw 6 8  ', 'bc 4 8', 'bc 6 8', 'm u_1 e ', 'm u_3 s ', 'dst \'["bw 4 8", "bw 6 8", "bc 4 8", "bc 6 8", "m u_1 e", "m u_3 s"]\'']
2024-12-31 16:47:47,801 - INFO - num_cities:2
2024-12-31 16:47:47,801 - INFO - num_workers:1
2024-12-31 16:47:47,801 - INFO - num_carts:1
2024-12-31 16:47:47,801 - INFO - 
2024-12-31 16:47:47,801 - INFO - 25
2024-12-31 16:47:47,801 - INFO - 25
2024-12-31 16:47:47,801 - INFO - ['bw 7 8  ', 'bw 5 8  ', 'bc 7 8', 'bc 5 8', 'm u_2 w ', 'm u_4 s ', 'dst \'["bw 7 8", "bw 5 8", "bc 7 8", "bc 5 8", "m u_2 w", "m u_4 s"]\'']
2024-12-31 16:47:47,802 - INFO - num_cities:2
2024-12-31 16:47:47,802 - INFO - num_workers:1
2024-12-31 16:47:47,802 - INFO - num_carts:1
2024-12-31 16:47:47,802 - INFO - 
2024-12-31 16:47:47,810 - INFO - 26
2024-12-31 16:47:47,810 - INFO - 26
2024-12-31 16:47:47,810 - INFO - ['bw 4 8  ', 'bw 6 8  ', 'bc 4 8', 'bc 6 8', 'm u_1 w ', 'dst \'["bw 4 8", "bw 6 8", "bc 4 8", "bc 6 8", "m u_1 w"]\'']
2024-12-31 16:47:47,810 - INFO - num_cities:2
2024-12-31 16:47:47,810 - INFO - num_workers:1
2024-12-31 16:47:47,810 - INFO - num_carts:1
2024-12-31 16:47:47,811 - INFO - 
2024-12-31 16:47:47,811 - INFO - 26
2024-12-31 16:47:47,811 - INFO - 26
2024-12-31 16:47:47,811 - INFO - ['bw 7 8  ', 'bw 5 8  ', 'bc 7 8', 'bc 5 8', 'm u_2 e ', 'dst \'["bw 7 8", "bw 5 8", "bc 7 8", "bc 5 8", "m u_2 e"]\'']
2024-12-31 16:47:47,811 - INFO - num_cities:2
2024-12-31 16:47:47,811 - INFO - num_workers:1
2024-12-31 16:47:47,811 - INFO - num_carts:1
2024-12-31 16:47:47,811 - INFO - 
2024-12-31 16:47:47,821 - INFO - 27
2024-12-31 16:47:47,821 - INFO - 27
2024-12-31 16:47:47,821 - INFO - ['bw 4 8  ', 'bw 6 8  ', 'bc 4 8', 'bc 6 8', 'm u_1 c ', 'm u_3 c ', 'dst \'["bw 4 8", "bw 6 8", "bc 4 8", "bc 6 8", "m u_1 c", "m u_3 c"]\'']
2024-12-31 16:47:47,821 - INFO - num_cities:2
2024-12-31 16:47:47,821 - INFO - num_workers:1
2024-12-31 16:47:47,821 - INFO - num_carts:1
2024-12-31 16:47:47,821 - INFO - 
2024-12-31 16:47:47,822 - INFO - 27
2024-12-31 16:47:47,822 - INFO - 27
2024-12-31 16:47:47,822 - INFO - ['bw 7 8  ', 'bw 5 8  ', 'bc 7 8', 'bc 5 8', 'm u_2 c ', 'm u_4 c ', 'dst \'["bw 7 8", "bw 5 8", "bc 7 8", "bc 5 8", "m u_2 c", "m u_4 c"]\'']
2024-12-31 16:47:47,822 - INFO - num_cities:2
2024-12-31 16:47:47,822 - INFO - num_workers:1
2024-12-31 16:47:47,822 - INFO - num_carts:1
2024-12-31 16:47:47,822 - INFO - 
2024-12-31 16:47:47,830 - INFO - 28
2024-12-31 16:47:47,830 - INFO - 28
2024-12-31 16:47:47,831 - INFO - ['bw 4 8  ', 'bw 6 8  ', 'bc 4 8', 'bc 6 8', 'm u_1 c ', 'm u_3 n ', 'dst \'["bw 4 8", "bw 6 8", "bc 4 8", "bc 6 8", "m u_1 c", "m u_3 n"]\'']
2024-12-31 16:47:47,831 - INFO - num_cities:2
2024-12-31 16:47:47,831 - INFO - num_workers:1
2024-12-31 16:47:47,831 - INFO - num_carts:1
2024-12-31 16:47:47,831 - INFO - 
2024-12-31 16:47:47,831 - INFO - 28
2024-12-31 16:47:47,831 - INFO - 28
2024-12-31 16:47:47,831 - INFO - ['bw 7 8  ', 'bw 5 8  ', 'bc 7 8', 'bc 5 8', 'm u_2 c ', 'm u_4 n ', 'dst \'["bw 7 8", "bw 5 8", "bc 7 8", "bc 5 8", "m u_2 c", "m u_4 n"]\'']
2024-12-31 16:47:47,831 - INFO - num_cities:2
2024-12-31 16:47:47,831 - INFO - num_workers:1
2024-12-31 16:47:47,831 - INFO - num_carts:1
2024-12-31 16:47:47,831 - INFO - 
2024-12-31 16:47:47,841 - INFO - 29
2024-12-31 16:47:47,841 - INFO - 29
2024-12-31 16:47:47,841 - INFO - ['bw 4 8  ', 'bw 6 8  ', 'bc 4 8', 'bc 6 8', 'm u_1 n ', 'm u_3 c ', 'dst \'["bw 4 8", "bw 6 8", "bc 4 8", "bc 6 8", "m u_1 n", "m u_3 c"]\'']
2024-12-31 16:47:47,841 - INFO - num_cities:2
2024-12-31 16:47:47,841 - INFO - num_workers:1
2024-12-31 16:47:47,841 - INFO - num_carts:1
2024-12-31 16:47:47,841 - INFO - 
2024-12-31 16:47:47,842 - INFO - 29
2024-12-31 16:47:47,843 - INFO - 29
2024-12-31 16:47:47,843 - INFO - ['bw 7 8  ', 'bw 5 8  ', 'bc 7 8', 'bc 5 8', 'm u_2 n ', 'm u_4 c ', 'dst \'["bw 7 8", "bw 5 8", "bc 7 8", "bc 5 8", "m u_2 n", "m u_4 c"]\'']
2024-12-31 16:47:47,843 - INFO - num_cities:2
2024-12-31 16:47:47,843 - INFO - num_workers:1
2024-12-31 16:47:47,843 - INFO - num_carts:1
2024-12-31 16:47:47,843 - INFO - 
2024-12-31 16:47:47,853 - INFO - 30
2024-12-31 16:47:47,853 - INFO - 30
2024-12-31 16:47:47,853 - INFO - ['bw 4 8  ', 'bw 6 8  ', 'bc 4 8', 'bc 6 8', 'm u_1 s ', 'm u_3 w ', 'dst \'["bw 4 8", "bw 6 8", "bc 4 8", "bc 6 8", "m u_1 s", "m u_3 w"]\'']
2024-12-31 16:47:47,853 - INFO - num_cities:2
2024-12-31 16:47:47,853 - INFO - num_workers:1
2024-12-31 16:47:47,854 - INFO - num_carts:1
2024-12-31 16:47:47,854 - INFO - 
2024-12-31 16:47:47,854 - INFO - 30
2024-12-31 16:47:47,855 - INFO - 30
2024-12-31 16:47:47,855 - INFO - ['bw 7 8  ', 'bw 5 8  ', 'bc 7 8', 'bc 5 8', 'm u_2 s ', 'm u_4 e ', 'dst \'["bw 7 8", "bw 5 8", "bc 7 8", "bc 5 8", "m u_2 s", "m u_4 e"]\'']
2024-12-31 16:47:47,855 - INFO - num_cities:2
2024-12-31 16:47:47,855 - INFO - num_workers:1
2024-12-31 16:47:47,855 - INFO - num_carts:1
2024-12-31 16:47:47,855 - INFO - 
2024-12-31 16:47:47,864 - INFO - 31
2024-12-31 16:47:47,864 - INFO - 31
2024-12-31 16:47:47,864 - INFO - ['bw 4 8  ', 'bw 6 8  ', 'bc 4 8', 'bc 6 8', 'm u_3 s ', 'dst \'["bw 4 8", "bw 6 8", "bc 4 8", "bc 6 8", "m u_3 s"]\'']
2024-12-31 16:47:47,864 - INFO - num_cities:2
2024-12-31 16:47:47,864 - INFO - num_workers:1
2024-12-31 16:47:47,864 - INFO - num_carts:1
2024-12-31 16:47:47,865 - INFO - 
2024-12-31 16:47:47,866 - INFO - 31
2024-12-31 16:47:47,866 - INFO - 31
2024-12-31 16:47:47,866 - INFO - ['bw 7 8  ', 'bw 5 8  ', 'bc 7 8', 'bc 5 8', 'm u_4 s ', 'dst \'["bw 7 8", "bw 5 8", "bc 7 8", "bc 5 8", "m u_4 s"]\'']
2024-12-31 16:47:47,866 - INFO - num_cities:2
2024-12-31 16:47:47,866 - INFO - num_workers:1
2024-12-31 16:47:47,866 - INFO - num_carts:1
2024-12-31 16:47:47,866 - INFO - 
2024-12-31 16:47:47,874 - INFO - 32
2024-12-31 16:47:47,874 - INFO - 32
2024-12-31 16:47:47,874 - INFO - ['bw 6 8  ', 'bc 6 8', 'dst \'["bw 6 8", "bc 6 8"]\'']
2024-12-31 16:47:47,874 - INFO - num_cities:1
2024-12-31 16:47:47,874 - INFO - num_workers:0
2024-12-31 16:47:47,874 - INFO - num_carts:0
2024-12-31 16:47:47,874 - INFO - 
2024-12-31 16:47:47,875 - INFO - 32
2024-12-31 16:47:47,875 - INFO - 32
2024-12-31 16:47:47,875 - INFO - ['bw 5 8  ', 'bc 5 8', 'dst \'["bw 5 8", "bc 5 8"]\'']
2024-12-31 16:47:47,875 - INFO - num_cities:1
2024-12-31 16:47:47,875 - INFO - num_workers:0
2024-12-31 16:47:47,875 - INFO - num_carts:0
2024-12-31 16:47:47,875 - INFO - 
2024-12-31 16:47:47,883 - INFO - 33
2024-12-31 16:47:47,883 - INFO - 33
2024-12-31 16:47:47,883 - INFO - ['bc 6 8', 'm u_5 s ', 'dst \'["bc 6 8", "m u_5 s"]\'']
2024-12-31 16:47:47,883 - INFO - num_cities:1
2024-12-31 16:47:47,883 - INFO - num_workers:1
2024-12-31 16:47:47,883 - INFO - num_carts:0
2024-12-31 16:47:47,883 - INFO - 
2024-12-31 16:47:47,884 - INFO - 33
2024-12-31 16:47:47,884 - INFO - 33
2024-12-31 16:47:47,884 - INFO - ['bc 5 8', 'm u_6 s ', 'dst \'["bc 5 8", "m u_6 s"]\'']
2024-12-31 16:47:47,884 - INFO - num_cities:1
2024-12-31 16:47:47,884 - INFO - num_workers:1
2024-12-31 16:47:47,884 - INFO - num_carts:0
2024-12-31 16:47:47,884 - INFO - 
2024-12-31 16:47:47,891 - INFO - 34
2024-12-31 16:47:47,891 - INFO - 34
2024-12-31 16:47:47,891 - INFO - ['bc 6 8', 'dst \'["bc 6 8"]\'']
2024-12-31 16:47:47,891 - INFO - num_cities:1
2024-12-31 16:47:47,891 - INFO - num_workers:0
2024-12-31 16:47:47,892 - INFO - num_carts:0
2024-12-31 16:47:47,892 - INFO - 
2024-12-31 16:47:47,892 - INFO - 34
2024-12-31 16:47:47,892 - INFO - 34
2024-12-31 16:47:47,892 - INFO - ['bc 5 8', 'dst \'["bc 5 8"]\'']
2024-12-31 16:47:47,892 - INFO - num_cities:1
2024-12-31 16:47:47,892 - INFO - num_workers:0
2024-12-31 16:47:47,892 - INFO - num_carts:0
2024-12-31 16:47:47,892 - INFO - 
2024-12-31 16:47:47,899 - INFO - 35
2024-12-31 16:47:47,900 - INFO - 35
2024-12-31 16:47:47,900 - INFO - ['bc 6 8', 'dst \'["bc 6 8"]\'']
2024-12-31 16:47:47,900 - INFO - num_cities:1
2024-12-31 16:47:47,900 - INFO - num_workers:0
2024-12-31 16:47:47,900 - INFO - num_carts:0
2024-12-31 16:47:47,900 - INFO - 
2024-12-31 16:47:47,900 - INFO - 35
2024-12-31 16:47:47,900 - INFO - 35
2024-12-31 16:47:47,900 - INFO - ['bc 5 8', 'dst \'["bc 5 8"]\'']
2024-12-31 16:47:47,901 - INFO - num_cities:1
2024-12-31 16:47:47,901 - INFO - num_workers:0
2024-12-31 16:47:47,901 - INFO - num_carts:0
2024-12-31 16:47:47,901 - INFO - 
2024-12-31 16:47:47,908 - INFO - 36
2024-12-31 16:47:47,909 - INFO - 36
2024-12-31 16:47:47,909 - INFO - ['bc 6 8', 'dst \'["bc 6 8"]\'']
2024-12-31 16:47:47,909 - INFO - num_cities:1
2024-12-31 16:47:47,909 - INFO - num_workers:0
2024-12-31 16:47:47,909 - INFO - num_carts:0
2024-12-31 16:47:47,909 - INFO - 
2024-12-31 16:47:47,910 - INFO - 36
2024-12-31 16:47:47,910 - INFO - 36
2024-12-31 16:47:47,910 - INFO - ['bc 5 8', 'dst \'["bc 5 8"]\'']
2024-12-31 16:47:47,910 - INFO - num_cities:1
2024-12-31 16:47:47,910 - INFO - num_workers:0
2024-12-31 16:47:47,910 - INFO - num_carts:0
2024-12-31 16:47:47,910 - INFO - 
