2024-12-31 17:25:42,563 - INFO - 1
2024-12-31 17:25:42,563 - INFO - 1
2024-12-31 17:25:42,563 - INFO - ['bc 1 11', 'm u_1 n ', 'dst \'["bc 1 11", "m u_1 n"]\'']
2024-12-31 17:25:42,563 - INFO - num_cities:1
2024-12-31 17:25:42,563 - INFO - num_workers:1
2024-12-31 17:25:42,563 - INFO - num_carts:0
2024-12-31 17:25:42,563 - INFO - 
2024-12-31 17:25:42,567 - INFO - 1
2024-12-31 17:25:42,567 - INFO - 1
2024-12-31 17:25:42,567 - INFO - ['bw 14 11', 'm u_2 n ', 'dst \'["bw 14 11", "m u_2 n"]\'']
2024-12-31 17:25:42,567 - INFO - num_cities:1
2024-12-31 17:25:42,567 - INFO - num_workers:1
2024-12-31 17:25:42,567 - INFO - num_carts:0
2024-12-31 17:25:42,567 - INFO - 
2024-12-31 17:25:42,578 - INFO - 2
2024-12-31 17:25:42,579 - INFO - 2
2024-12-31 17:25:42,579 - INFO - ['bc 1 11', 'dst \'["bc 1 11"]\'']
2024-12-31 17:25:42,579 - INFO - num_cities:1
2024-12-31 17:25:42,579 - INFO - num_workers:1
2024-12-31 17:25:42,579 - INFO - num_carts:0
2024-12-31 17:25:42,579 - INFO - 
2024-12-31 17:25:42,579 - INFO - 2
2024-12-31 17:25:42,580 - INFO - 2
2024-12-31 17:25:42,580 - INFO - ['bw 14 11', 'dst \'["bw 14 11"]\'']
2024-12-31 17:25:42,580 - INFO - num_cities:1
2024-12-31 17:25:42,580 - INFO - num_workers:1
2024-12-31 17:25:42,580 - INFO - num_carts:0
2024-12-31 17:25:42,580 - INFO - 
2024-12-31 17:25:42,590 - INFO - 3
2024-12-31 17:25:42,590 - INFO - 3
2024-12-31 17:25:42,590 - INFO - ['bc 1 11', 'm u_1 e ', 'dst \'["bc 1 11", "m u_1 e"]\'']
2024-12-31 17:25:42,590 - INFO - num_cities:1
2024-12-31 17:25:42,590 - INFO - num_workers:1
2024-12-31 17:25:42,590 - INFO - num_carts:0
2024-12-31 17:25:42,590 - INFO - 
2024-12-31 17:25:42,591 - INFO - 3
2024-12-31 17:25:42,591 - INFO - 3
2024-12-31 17:25:42,591 - INFO - ['bw 14 11', 'm u_2 w ', 'dst \'["bw 14 11", "m u_2 w"]\'']
2024-12-31 17:25:42,591 - INFO - num_cities:1
2024-12-31 17:25:42,591 - INFO - num_workers:1
2024-12-31 17:25:42,592 - INFO - num_carts:0
2024-12-31 17:25:42,592 - INFO - 
2024-12-31 17:25:42,600 - INFO - 4
2024-12-31 17:25:42,600 - INFO - 4
2024-12-31 17:25:42,600 - INFO - ['bc 1 11', 'dst \'["bc 1 11"]\'']
2024-12-31 17:25:42,600 - INFO - num_cities:1
2024-12-31 17:25:42,600 - INFO - num_workers:1
2024-12-31 17:25:42,600 - INFO - num_carts:0
2024-12-31 17:25:42,600 - INFO - 
2024-12-31 17:25:42,601 - INFO - 4
2024-12-31 17:25:42,601 - INFO - 4
2024-12-31 17:25:42,601 - INFO - ['bw 14 11', 'dst \'["bw 14 11"]\'']
2024-12-31 17:25:42,601 - INFO - num_cities:1
2024-12-31 17:25:42,601 - INFO - num_workers:1
2024-12-31 17:25:42,601 - INFO - num_carts:0
2024-12-31 17:25:42,601 - INFO - 
2024-12-31 17:25:42,609 - INFO - 5
2024-12-31 17:25:42,609 - INFO - 5
2024-12-31 17:25:42,609 - INFO - ['bc 1 11', 'm u_1 w ', 'dst \'["bc 1 11", "m u_1 w"]\'']
2024-12-31 17:25:42,609 - INFO - num_cities:1
2024-12-31 17:25:42,609 - INFO - num_workers:1
2024-12-31 17:25:42,609 - INFO - num_carts:0
2024-12-31 17:25:42,610 - INFO - 
2024-12-31 17:25:42,610 - INFO - 5
2024-12-31 17:25:42,610 - INFO - 5
2024-12-31 17:25:42,610 - INFO - ['bw 14 11', 'm u_2 e ', 'dst \'["bw 14 11", "m u_2 e"]\'']
2024-12-31 17:25:42,610 - INFO - num_cities:1
2024-12-31 17:25:42,610 - INFO - num_workers:1
2024-12-31 17:25:42,611 - INFO - num_carts:0
2024-12-31 17:25:42,611 - INFO - 
2024-12-31 17:25:42,619 - INFO - 6
2024-12-31 17:25:42,619 - INFO - 6
2024-12-31 17:25:42,619 - INFO - ['bc 1 11', 'dst \'["bc 1 11"]\'']
2024-12-31 17:25:42,619 - INFO - num_cities:1
2024-12-31 17:25:42,619 - INFO - num_workers:1
2024-12-31 17:25:42,619 - INFO - num_carts:0
2024-12-31 17:25:42,619 - INFO - 
2024-12-31 17:25:42,620 - INFO - 6
2024-12-31 17:25:42,620 - INFO - 6
2024-12-31 17:25:42,620 - INFO - ['bw 14 11', 'dst \'["bw 14 11"]\'']
2024-12-31 17:25:42,620 - INFO - num_cities:1
2024-12-31 17:25:42,620 - INFO - num_workers:1
2024-12-31 17:25:42,620 - INFO - num_carts:0
2024-12-31 17:25:42,620 - INFO - 
2024-12-31 17:25:42,628 - INFO - 7
2024-12-31 17:25:42,628 - INFO - 7
2024-12-31 17:25:42,628 - INFO - ['bc 1 11', 'm u_1 w ', 'dst \'["bc 1 11", "m u_1 w"]\'']
2024-12-31 17:25:42,629 - INFO - num_cities:1
2024-12-31 17:25:42,629 - INFO - num_workers:1
2024-12-31 17:25:42,629 - INFO - num_carts:0
2024-12-31 17:25:42,629 - INFO - 
2024-12-31 17:25:42,629 - INFO - 7
2024-12-31 17:25:42,629 - INFO - 7
2024-12-31 17:25:42,629 - INFO - ['bw 14 11', 'm u_2 e ', 'dst \'["bw 14 11", "m u_2 e"]\'']
2024-12-31 17:25:42,629 - INFO - num_cities:1
2024-12-31 17:25:42,629 - INFO - num_workers:1
2024-12-31 17:25:42,630 - INFO - num_carts:0
2024-12-31 17:25:42,630 - INFO - 
2024-12-31 17:25:42,638 - INFO - 8
2024-12-31 17:25:42,638 - INFO - 8
2024-12-31 17:25:42,638 - INFO - ['bc 1 11', 'dst \'["bc 1 11"]\'']
2024-12-31 17:25:42,638 - INFO - num_cities:1
2024-12-31 17:25:42,638 - INFO - num_workers:1
2024-12-31 17:25:42,638 - INFO - num_carts:0
2024-12-31 17:25:42,638 - INFO - 
2024-12-31 17:25:42,639 - INFO - 8
2024-12-31 17:25:42,639 - INFO - 8
2024-12-31 17:25:42,639 - INFO - ['bw 14 11', 'dst \'["bw 14 11"]\'']
2024-12-31 17:25:42,639 - INFO - num_cities:1
2024-12-31 17:25:42,639 - INFO - num_workers:1
2024-12-31 17:25:42,639 - INFO - num_carts:0
2024-12-31 17:25:42,639 - INFO - 
2024-12-31 17:25:42,649 - INFO - 9
2024-12-31 17:25:42,649 - INFO - 9
2024-12-31 17:25:42,649 - INFO - ['bc 1 11', 'm u_1 c ', 'dst \'["bc 1 11", "m u_1 c"]\'']
2024-12-31 17:25:42,649 - INFO - num_cities:1
2024-12-31 17:25:42,649 - INFO - num_workers:1
2024-12-31 17:25:42,649 - INFO - num_carts:0
2024-12-31 17:25:42,649 - INFO - 
2024-12-31 17:25:42,650 - INFO - 9
2024-12-31 17:25:42,650 - INFO - 9
2024-12-31 17:25:42,650 - INFO - ['bw 14 11', 'm u_2 c ', 'dst \'["bw 14 11", "m u_2 c"]\'']
2024-12-31 17:25:42,650 - INFO - num_cities:1
2024-12-31 17:25:42,650 - INFO - num_workers:1
2024-12-31 17:25:42,650 - INFO - num_carts:0
2024-12-31 17:25:42,650 - INFO - 
2024-12-31 17:25:42,659 - INFO - 10
2024-12-31 17:25:42,659 - INFO - 10
2024-12-31 17:25:42,659 - INFO - ['bc 1 11', 'm u_1 e ', 'dst \'["bc 1 11", "m u_1 e"]\'']
2024-12-31 17:25:42,659 - INFO - num_cities:1
2024-12-31 17:25:42,659 - INFO - num_workers:1
2024-12-31 17:25:42,659 - INFO - num_carts:0
2024-12-31 17:25:42,659 - INFO - 
2024-12-31 17:25:42,660 - INFO - 10
2024-12-31 17:25:42,660 - INFO - 10
2024-12-31 17:25:42,660 - INFO - ['bw 14 11', 'm u_2 w ', 'dst \'["bw 14 11", "m u_2 w"]\'']
2024-12-31 17:25:42,660 - INFO - num_cities:1
2024-12-31 17:25:42,660 - INFO - num_workers:1
2024-12-31 17:25:42,660 - INFO - num_carts:0
2024-12-31 17:25:42,661 - INFO - 
2024-12-31 17:25:42,669 - INFO - 11
2024-12-31 17:25:42,669 - INFO - 11
2024-12-31 17:25:42,669 - INFO - ['bc 1 11', 'dst \'["bc 1 11"]\'']
2024-12-31 17:25:42,669 - INFO - num_cities:1
2024-12-31 17:25:42,669 - INFO - num_workers:1
2024-12-31 17:25:42,669 - INFO - num_carts:0
2024-12-31 17:25:42,669 - INFO - 
2024-12-31 17:25:42,670 - INFO - 11
2024-12-31 17:25:42,670 - INFO - 11
2024-12-31 17:25:42,670 - INFO - ['bw 14 11', 'dst \'["bw 14 11"]\'']
2024-12-31 17:25:42,670 - INFO - num_cities:1
2024-12-31 17:25:42,670 - INFO - num_workers:1
2024-12-31 17:25:42,670 - INFO - num_carts:0
2024-12-31 17:25:42,670 - INFO - 
2024-12-31 17:25:42,678 - INFO - 12
2024-12-31 17:25:42,678 - INFO - 12
2024-12-31 17:25:42,678 - INFO - ['bc 1 11', 'm u_1 n ', 'dst \'["bc 1 11", "m u_1 n"]\'']
2024-12-31 17:25:42,678 - INFO - num_cities:1
2024-12-31 17:25:42,678 - INFO - num_workers:1
2024-12-31 17:25:42,678 - INFO - num_carts:0
2024-12-31 17:25:42,678 - INFO - 
2024-12-31 17:25:42,679 - INFO - 12
2024-12-31 17:25:42,679 - INFO - 12
2024-12-31 17:25:42,679 - INFO - ['bw 14 11', 'm u_2 n ', 'dst \'["bw 14 11", "m u_2 n"]\'']
2024-12-31 17:25:42,679 - INFO - num_cities:1
2024-12-31 17:25:42,679 - INFO - num_workers:1
2024-12-31 17:25:42,679 - INFO - num_carts:0
2024-12-31 17:25:42,679 - INFO - 
2024-12-31 17:25:42,687 - INFO - 13
2024-12-31 17:25:42,688 - INFO - 13
2024-12-31 17:25:42,688 - INFO - ['bc 1 11', 'dst \'["bc 1 11"]\'']
2024-12-31 17:25:42,688 - INFO - num_cities:1
2024-12-31 17:25:42,688 - INFO - num_workers:1
2024-12-31 17:25:42,688 - INFO - num_carts:0
2024-12-31 17:25:42,688 - INFO - 
2024-12-31 17:25:42,689 - INFO - 13
2024-12-31 17:25:42,689 - INFO - 13
2024-12-31 17:25:42,689 - INFO - ['bw 14 11', 'dst \'["bw 14 11"]\'']
2024-12-31 17:25:42,690 - INFO - num_cities:1
2024-12-31 17:25:42,690 - INFO - num_workers:1
2024-12-31 17:25:42,690 - INFO - num_carts:0
2024-12-31 17:25:42,690 - INFO - 
2024-12-31 17:25:42,698 - INFO - 14
2024-12-31 17:25:42,698 - INFO - 14
2024-12-31 17:25:42,698 - INFO - ['bc 1 11', 'bcity u_1', 'dst \'["bc 1 11", "bcity u_1"]\'']
2024-12-31 17:25:42,698 - INFO - num_cities:1
2024-12-31 17:25:42,699 - INFO - num_workers:1
2024-12-31 17:25:42,699 - INFO - num_carts:0
2024-12-31 17:25:42,699 - INFO - 
2024-12-31 17:25:42,700 - INFO - 14
2024-12-31 17:25:42,700 - INFO - 14
2024-12-31 17:25:42,700 - INFO - ['bw 14 11', 'bcity u_2', 'dst \'["bw 14 11", "bcity u_2"]\'']
2024-12-31 17:25:42,700 - INFO - num_cities:1
2024-12-31 17:25:42,700 - INFO - num_workers:1
2024-12-31 17:25:42,700 - INFO - num_carts:0
2024-12-31 17:25:42,700 - INFO - 
2024-12-31 17:25:42,710 - INFO - 15
2024-12-31 17:25:42,710 - INFO - 15
2024-12-31 17:25:42,710 - INFO - ['bc 1 9', 'bc 1 11', 'm u_1 c ', 'dst \'["bc 1 9", "bc 1 11", "m u_1 c"]\'']
2024-12-31 17:25:42,710 - INFO - num_cities:2
2024-12-31 17:25:42,710 - INFO - num_workers:1
2024-12-31 17:25:42,710 - INFO - num_carts:0
2024-12-31 17:25:42,710 - INFO - 
2024-12-31 17:25:42,711 - INFO - 15
2024-12-31 17:25:42,711 - INFO - 15
2024-12-31 17:25:42,711 - INFO - ['bw 14 9 ', 'bw 14 11', 'm u_2 c ', 'dst \'["bw 14 9", "bw 14 11", "m u_2 c"]\'']
2024-12-31 17:25:42,711 - INFO - num_cities:2
2024-12-31 17:25:42,711 - INFO - num_workers:1
2024-12-31 17:25:42,711 - INFO - num_carts:0
2024-12-31 17:25:42,711 - INFO - 
2024-12-31 17:25:42,719 - INFO - 16
2024-12-31 17:25:42,719 - INFO - 16
2024-12-31 17:25:42,720 - INFO - ['bw 1 9  ', 'bw 1 11 ', 'm u_1 s ', 'm u_3 c ', 'dst \'["bw 1 9", "bw 1 11", "m u_1 s", "m u_3 c"]\'']
2024-12-31 17:25:42,720 - INFO - num_cities:2
2024-12-31 17:25:42,720 - INFO - num_workers:1
2024-12-31 17:25:42,720 - INFO - num_carts:1
2024-12-31 17:25:42,720 - INFO - 
2024-12-31 17:25:42,721 - INFO - 16
2024-12-31 17:25:42,721 - INFO - 16
2024-12-31 17:25:42,721 - INFO - ['bw 14 9 ', 'bw 14 11', 'm u_2 s ', 'm u_4 c ', 'dst \'["bw 14 9", "bw 14 11", "m u_2 s", "m u_4 c"]\'']
2024-12-31 17:25:42,722 - INFO - num_cities:2
2024-12-31 17:25:42,722 - INFO - num_workers:2
2024-12-31 17:25:42,722 - INFO - num_carts:0
2024-12-31 17:25:42,722 - INFO - 
2024-12-31 17:25:42,730 - INFO - 17
2024-12-31 17:25:42,730 - INFO - 17
2024-12-31 17:25:42,730 - INFO - ['bw 1 9  ', 'bw 1 11 ', 'm u_3 w ', 'dst \'["bw 1 9", "bw 1 11", "m u_3 w"]\'']
2024-12-31 17:25:42,730 - INFO - num_cities:2
2024-12-31 17:25:42,730 - INFO - num_workers:1
2024-12-31 17:25:42,730 - INFO - num_carts:1
2024-12-31 17:25:42,730 - INFO - 
2024-12-31 17:25:42,731 - INFO - 17
2024-12-31 17:25:42,731 - INFO - 17
2024-12-31 17:25:42,731 - INFO - ['bw 14 9 ', 'bw 14 11', 'm u_4 e ', 'dst \'["bw 14 9", "bw 14 11", "m u_4 e"]\'']
2024-12-31 17:25:42,731 - INFO - num_cities:2
2024-12-31 17:25:42,731 - INFO - num_workers:2
2024-12-31 17:25:42,731 - INFO - num_carts:0
2024-12-31 17:25:42,731 - INFO - 
2024-12-31 17:25:42,739 - INFO - 18
2024-12-31 17:25:42,739 - INFO - 18
2024-12-31 17:25:42,739 - INFO - ['bw 1 9  ', 'bw 1 11 ', 'm u_1 w ', 'dst \'["bw 1 9", "bw 1 11", "m u_1 w"]\'']
2024-12-31 17:25:42,739 - INFO - num_cities:2
2024-12-31 17:25:42,739 - INFO - num_workers:1
2024-12-31 17:25:42,739 - INFO - num_carts:1
2024-12-31 17:25:42,739 - INFO - 
2024-12-31 17:25:42,740 - INFO - 18
2024-12-31 17:25:42,740 - INFO - 18
2024-12-31 17:25:42,740 - INFO - ['bw 14 9 ', 'bw 14 11', 'm u_2 e ', 'dst \'["bw 14 9", "bw 14 11", "m u_2 e"]\'']
2024-12-31 17:25:42,740 - INFO - num_cities:2
2024-12-31 17:25:42,740 - INFO - num_workers:2
2024-12-31 17:25:42,740 - INFO - num_carts:0
2024-12-31 17:25:42,740 - INFO - 
2024-12-31 17:25:42,748 - INFO - 19
2024-12-31 17:25:42,748 - INFO - 19
2024-12-31 17:25:42,748 - INFO - ['bw 1 9  ', 'bw 1 11 ', 'm u_3 c ', 'dst \'["bw 1 9", "bw 1 11", "m u_3 c"]\'']
2024-12-31 17:25:42,748 - INFO - num_cities:2
2024-12-31 17:25:42,748 - INFO - num_workers:1
2024-12-31 17:25:42,748 - INFO - num_carts:1
2024-12-31 17:25:42,749 - INFO - 
2024-12-31 17:25:42,749 - INFO - 19
2024-12-31 17:25:42,749 - INFO - 19
2024-12-31 17:25:42,749 - INFO - ['bw 14 9 ', 'bw 14 11', 'm u_4 c ', 'dst \'["bw 14 9", "bw 14 11", "m u_4 c"]\'']
2024-12-31 17:25:42,750 - INFO - num_cities:2
2024-12-31 17:25:42,750 - INFO - num_workers:2
2024-12-31 17:25:42,750 - INFO - num_carts:0
2024-12-31 17:25:42,750 - INFO - 
2024-12-31 17:25:42,757 - INFO - 20
2024-12-31 17:25:42,758 - INFO - 20
2024-12-31 17:25:42,758 - INFO - ['bw 1 9  ', 'bw 1 11 ', 'm u_1 w ', 'm u_3 n ', 'dst \'["bw 1 9", "bw 1 11", "m u_1 w", "m u_3 n"]\'']
2024-12-31 17:25:42,758 - INFO - num_cities:2
2024-12-31 17:25:42,758 - INFO - num_workers:1
2024-12-31 17:25:42,758 - INFO - num_carts:1
2024-12-31 17:25:42,758 - INFO - 
2024-12-31 17:25:42,759 - INFO - 20
2024-12-31 17:25:42,759 - INFO - 20
2024-12-31 17:25:42,759 - INFO - ['bw 14 9 ', 'bw 14 11', 'm u_2 e ', 'm u_4 n ', 'dst \'["bw 14 9", "bw 14 11", "m u_2 e", "m u_4 n"]\'']
2024-12-31 17:25:42,759 - INFO - num_cities:2
2024-12-31 17:25:42,759 - INFO - num_workers:2
2024-12-31 17:25:42,759 - INFO - num_carts:0
2024-12-31 17:25:42,759 - INFO - 
2024-12-31 17:25:42,768 - INFO - 21
2024-12-31 17:25:42,768 - INFO - 21
2024-12-31 17:25:42,768 - INFO - ['bw 1 9  ', 'bw 1 11 ', 'm u_1 s ', 'dst \'["bw 1 9", "bw 1 11", "m u_1 s"]\'']
2024-12-31 17:25:42,768 - INFO - num_cities:2
2024-12-31 17:25:42,768 - INFO - num_workers:1
2024-12-31 17:25:42,768 - INFO - num_carts:1
2024-12-31 17:25:42,768 - INFO - 
2024-12-31 17:25:42,769 - INFO - 21
2024-12-31 17:25:42,770 - INFO - 21
2024-12-31 17:25:42,770 - INFO - ['bw 14 9 ', 'bw 14 11', 'm u_2 s ', 'dst \'["bw 14 9", "bw 14 11", "m u_2 s"]\'']
2024-12-31 17:25:42,770 - INFO - num_cities:2
2024-12-31 17:25:42,770 - INFO - num_workers:2
2024-12-31 17:25:42,770 - INFO - num_carts:0
2024-12-31 17:25:42,770 - INFO - 
2024-12-31 17:25:42,778 - INFO - 22
2024-12-31 17:25:42,778 - INFO - 22
2024-12-31 17:25:42,778 - INFO - ['bw 1 9  ', 'bw 1 11 ', 'm u_3 e ', 'dst \'["bw 1 9", "bw 1 11", "m u_3 e"]\'']
2024-12-31 17:25:42,778 - INFO - num_cities:2
2024-12-31 17:25:42,778 - INFO - num_workers:1
2024-12-31 17:25:42,778 - INFO - num_carts:1
2024-12-31 17:25:42,778 - INFO - 
2024-12-31 17:25:42,779 - INFO - 22
2024-12-31 17:25:42,779 - INFO - 22
2024-12-31 17:25:42,779 - INFO - ['bw 14 9 ', 'bw 14 11', 'm u_4 w ', 'dst \'["bw 14 9", "bw 14 11", "m u_4 w"]\'']
2024-12-31 17:25:42,779 - INFO - num_cities:2
2024-12-31 17:25:42,779 - INFO - num_workers:2
2024-12-31 17:25:42,779 - INFO - num_carts:0
2024-12-31 17:25:42,779 - INFO - 
2024-12-31 17:25:42,787 - INFO - 23
2024-12-31 17:25:42,787 - INFO - 23
2024-12-31 17:25:42,787 - INFO - ['bw 1 9  ', 'bw 1 11 ', 'm u_1 e ', 'dst \'["bw 1 9", "bw 1 11", "m u_1 e"]\'']
2024-12-31 17:25:42,787 - INFO - num_cities:2
2024-12-31 17:25:42,787 - INFO - num_workers:1
2024-12-31 17:25:42,787 - INFO - num_carts:1
2024-12-31 17:25:42,787 - INFO - 
2024-12-31 17:25:42,788 - INFO - 23
2024-12-31 17:25:42,788 - INFO - 23
2024-12-31 17:25:42,788 - INFO - ['bw 14 9 ', 'bw 14 11', 'm u_2 w ', 'dst \'["bw 14 9", "bw 14 11", "m u_2 w"]\'']
2024-12-31 17:25:42,788 - INFO - num_cities:2
2024-12-31 17:25:42,788 - INFO - num_workers:2
2024-12-31 17:25:42,788 - INFO - num_carts:0
2024-12-31 17:25:42,788 - INFO - 
2024-12-31 17:25:42,797 - INFO - 24
2024-12-31 17:25:42,797 - INFO - 24
2024-12-31 17:25:42,797 - INFO - ['bw 1 9  ', 'bw 1 11 ', 'm u_1 w ', 'm u_3 w ', 'dst \'["bw 1 9", "bw 1 11", "m u_1 w", "m u_3 w"]\'']
2024-12-31 17:25:42,797 - INFO - num_cities:2
2024-12-31 17:25:42,797 - INFO - num_workers:1
2024-12-31 17:25:42,797 - INFO - num_carts:1
2024-12-31 17:25:42,797 - INFO - 
2024-12-31 17:25:42,798 - INFO - 24
2024-12-31 17:25:42,798 - INFO - 24
2024-12-31 17:25:42,798 - INFO - ['bw 14 9 ', 'bw 14 11', 'm u_2 e ', 'm u_4 e ', 'dst \'["bw 14 9", "bw 14 11", "m u_2 e", "m u_4 e"]\'']
2024-12-31 17:25:42,798 - INFO - num_cities:2
2024-12-31 17:25:42,798 - INFO - num_workers:2
2024-12-31 17:25:42,798 - INFO - num_carts:0
2024-12-31 17:25:42,798 - INFO - 
2024-12-31 17:25:42,807 - INFO - 25
2024-12-31 17:25:42,807 - INFO - 25
2024-12-31 17:25:42,807 - INFO - ['bw 1 9  ', 'bw 1 11 ', 'm u_3 n ', 'dst \'["bw 1 9", "bw 1 11", "m u_3 n"]\'']
2024-12-31 17:25:42,807 - INFO - num_cities:2
2024-12-31 17:25:42,807 - INFO - num_workers:1
2024-12-31 17:25:42,807 - INFO - num_carts:1
2024-12-31 17:25:42,807 - INFO - 
2024-12-31 17:25:42,808 - INFO - 25
2024-12-31 17:25:42,808 - INFO - 25
2024-12-31 17:25:42,808 - INFO - ['bw 14 9 ', 'bw 14 11', 'dst \'["bw 14 9", "bw 14 11"]\'']
2024-12-31 17:25:42,808 - INFO - num_cities:2
2024-12-31 17:25:42,808 - INFO - num_workers:2
2024-12-31 17:25:42,808 - INFO - num_carts:0
2024-12-31 17:25:42,808 - INFO - 
2024-12-31 17:25:42,817 - INFO - 26
2024-12-31 17:25:42,818 - INFO - 26
2024-12-31 17:25:42,818 - INFO - ['bw 1 9  ', 'bw 1 11 ', 'm u_1 n ', 'dst \'["bw 1 9", "bw 1 11", "m u_1 n"]\'']
2024-12-31 17:25:42,818 - INFO - num_cities:2
2024-12-31 17:25:42,818 - INFO - num_workers:1
2024-12-31 17:25:42,818 - INFO - num_carts:1
2024-12-31 17:25:42,818 - INFO - 
2024-12-31 17:25:42,819 - INFO - 26
2024-12-31 17:25:42,819 - INFO - 26
2024-12-31 17:25:42,819 - INFO - ['bw 14 9 ', 'bw 14 11', 'm u_2 n ', 'm u_4 n ', 'dst \'["bw 14 9", "bw 14 11", "m u_2 n", "m u_4 n"]\'']
2024-12-31 17:25:42,819 - INFO - num_cities:2
2024-12-31 17:25:42,819 - INFO - num_workers:2
2024-12-31 17:25:42,819 - INFO - num_carts:0
2024-12-31 17:25:42,819 - INFO - 
2024-12-31 17:25:42,827 - INFO - 27
2024-12-31 17:25:42,827 - INFO - 27
2024-12-31 17:25:42,827 - INFO - ['bw 1 9  ', 'bw 1 11 ', 'm u_3 n ', 'dst \'["bw 1 9", "bw 1 11", "m u_3 n"]\'']
2024-12-31 17:25:42,827 - INFO - num_cities:2
2024-12-31 17:25:42,827 - INFO - num_workers:1
2024-12-31 17:25:42,828 - INFO - num_carts:1
2024-12-31 17:25:42,828 - INFO - 
2024-12-31 17:25:42,828 - INFO - 27
2024-12-31 17:25:42,828 - INFO - 27
2024-12-31 17:25:42,829 - INFO - ['bw 14 9 ', 'bw 14 11', 'dst \'["bw 14 9", "bw 14 11"]\'']
2024-12-31 17:25:42,829 - INFO - num_cities:2
2024-12-31 17:25:42,829 - INFO - num_workers:2
2024-12-31 17:25:42,829 - INFO - num_carts:0
2024-12-31 17:25:42,829 - INFO - 
2024-12-31 17:25:42,839 - INFO - 28
2024-12-31 17:25:42,839 - INFO - 28
2024-12-31 17:25:42,839 - INFO - ['bw 1 9  ', 'bw 1 11 ', 'm u_1 w ', 'dst \'["bw 1 9", "bw 1 11", "m u_1 w"]\'']
2024-12-31 17:25:42,839 - INFO - num_cities:2
2024-12-31 17:25:42,839 - INFO - num_workers:1
2024-12-31 17:25:42,839 - INFO - num_carts:1
2024-12-31 17:25:42,839 - INFO - 
2024-12-31 17:25:42,840 - INFO - 28
2024-12-31 17:25:42,840 - INFO - 28
2024-12-31 17:25:42,840 - INFO - ['bw 14 9 ', 'bw 14 11', 'm u_2 n ', 'm u_4 e ', 'dst \'["bw 14 9", "bw 14 11", "m u_2 n", "m u_4 e"]\'']
2024-12-31 17:25:42,840 - INFO - num_cities:2
2024-12-31 17:25:42,840 - INFO - num_workers:2
2024-12-31 17:25:42,840 - INFO - num_carts:0
2024-12-31 17:25:42,840 - INFO - 
2024-12-31 17:25:42,849 - INFO - 29
2024-12-31 17:25:42,849 - INFO - 29
2024-12-31 17:25:42,849 - INFO - ['bw 1 9  ', 'bw 1 11 ', 'm u_1 e ', 'm u_3 e ', 'dst \'["bw 1 9", "bw 1 11", "m u_1 e", "m u_3 e"]\'']
2024-12-31 17:25:42,849 - INFO - num_cities:2
2024-12-31 17:25:42,849 - INFO - num_workers:1
2024-12-31 17:25:42,849 - INFO - num_carts:1
2024-12-31 17:25:42,849 - INFO - 
2024-12-31 17:25:42,850 - INFO - 29
2024-12-31 17:25:42,850 - INFO - 29
2024-12-31 17:25:42,850 - INFO - ['bw 14 9 ', 'bw 14 11', 'm u_4 w ', 'dst \'["bw 14 9", "bw 14 11", "m u_4 w"]\'']
2024-12-31 17:25:42,850 - INFO - num_cities:2
2024-12-31 17:25:42,850 - INFO - num_workers:2
2024-12-31 17:25:42,850 - INFO - num_carts:0
2024-12-31 17:25:42,850 - INFO - 
2024-12-31 17:25:42,858 - INFO - 30
2024-12-31 17:25:42,858 - INFO - 30
2024-12-31 17:25:42,858 - INFO - ['bw 1 9  ', 'bw 1 11 ', 'dst \'["bw 1 9", "bw 1 11"]\'']
2024-12-31 17:25:42,858 - INFO - num_cities:2
2024-12-31 17:25:42,858 - INFO - num_workers:1
2024-12-31 17:25:42,859 - INFO - num_carts:1
2024-12-31 17:25:42,859 - INFO - 
2024-12-31 17:25:42,860 - INFO - 30
2024-12-31 17:25:42,860 - INFO - 30
2024-12-31 17:25:42,860 - INFO - ['bw 14 9 ', 'bw 14 11', 'bcity u_2', 'dst \'["bw 14 9", "bw 14 11", "bcity u_2"]\'']
2024-12-31 17:25:42,860 - INFO - num_cities:2
2024-12-31 17:25:42,860 - INFO - num_workers:2
2024-12-31 17:25:42,860 - INFO - num_carts:0
2024-12-31 17:25:42,860 - INFO - 
2024-12-31 17:25:42,868 - INFO - 31
2024-12-31 17:25:42,868 - INFO - 31
2024-12-31 17:25:42,868 - INFO - ['bw 1 9  ', 'bw 1 11 ', 'm u_1 c ', 'm u_3 n ', 'dst \'["bw 1 9", "bw 1 11", "m u_1 c", "m u_3 n"]\'']
2024-12-31 17:25:42,868 - INFO - num_cities:2
2024-12-31 17:25:42,868 - INFO - num_workers:1
2024-12-31 17:25:42,868 - INFO - num_carts:1
2024-12-31 17:25:42,868 - INFO - 
2024-12-31 17:25:42,869 - INFO - 31
2024-12-31 17:25:42,869 - INFO - 31
2024-12-31 17:25:42,869 - INFO - ['bw 15 9 ', 'bw 14 9 ', 'bw 14 11', 'm u_2 w ', 'm u_4 c ', 'dst \'["bw 15 9", "bw 14 9", "bw 14 11", "m u_2 w", "m u_4 c"]\'']
2024-12-31 17:25:42,869 - INFO - num_cities:2
2024-12-31 17:25:42,869 - INFO - num_workers:2
2024-12-31 17:25:42,869 - INFO - num_carts:0
2024-12-31 17:25:42,869 - INFO - 
2024-12-31 17:25:42,878 - INFO - 32
2024-12-31 17:25:42,878 - INFO - 32
2024-12-31 17:25:42,878 - INFO - ['bc 1 9', 'bc 1 11', 'm u_1 e ', 'dst \'["bc 1 9", "bc 1 11", "m u_1 e"]\'']
2024-12-31 17:25:42,878 - INFO - num_cities:2
2024-12-31 17:25:42,878 - INFO - num_workers:1
2024-12-31 17:25:42,878 - INFO - num_carts:0
2024-12-31 17:25:42,878 - INFO - 
2024-12-31 17:25:42,879 - INFO - 32
2024-12-31 17:25:42,879 - INFO - 32
2024-12-31 17:25:42,879 - INFO - ['bw 15 9 ', 'bw 14 9 ', 'bw 14 11', 'm u_2 n ', 'm u_4 w ', 'm u_5 e ', 'dst \'["bw 15 9", "bw 14 9", "bw 14 11", "m u_2 n", "m u_4 w", "m u_5 e"]\'']
2024-12-31 17:25:42,879 - INFO - num_cities:2
2024-12-31 17:25:42,879 - INFO - num_workers:3
2024-12-31 17:25:42,879 - INFO - num_carts:0
2024-12-31 17:25:42,879 - INFO - 
2024-12-31 17:25:42,887 - INFO - 33
2024-12-31 17:25:42,888 - INFO - 33
2024-12-31 17:25:42,888 - INFO - ['bc 1 11', 'dst \'["bc 1 11"]\'']
2024-12-31 17:25:42,888 - INFO - num_cities:1
2024-12-31 17:25:42,888 - INFO - num_workers:1
2024-12-31 17:25:42,888 - INFO - num_carts:0
2024-12-31 17:25:42,888 - INFO - 
2024-12-31 17:25:42,889 - INFO - 33
2024-12-31 17:25:42,889 - INFO - 33
2024-12-31 17:25:42,889 - INFO - ['bw 15 9 ', 'bw 14 9 ', 'bw 14 11', 'm u_5 n ', 'dst \'["bw 15 9", "bw 14 9", "bw 14 11", "m u_5 n"]\'']
2024-12-31 17:25:42,889 - INFO - num_cities:2
2024-12-31 17:25:42,889 - INFO - num_workers:2
2024-12-31 17:25:42,889 - INFO - num_carts:0
2024-12-31 17:25:42,889 - INFO - 
2024-12-31 17:25:42,899 - INFO - 34
2024-12-31 17:25:42,899 - INFO - 34
2024-12-31 17:25:42,899 - INFO - ['bc 1 11', 'dst \'["bc 1 11"]\'']
2024-12-31 17:25:42,899 - INFO - num_cities:1
2024-12-31 17:25:42,899 - INFO - num_workers:1
2024-12-31 17:25:42,899 - INFO - num_carts:0
2024-12-31 17:25:42,899 - INFO - 
2024-12-31 17:25:42,900 - INFO - 34
2024-12-31 17:25:42,900 - INFO - 34
2024-12-31 17:25:42,901 - INFO - ['bw 15 9 ', 'bw 14 9 ', 'bw 14 11', 'm u_7 e ', 'dst \'["bw 15 9", "bw 14 9", "bw 14 11", "m u_7 e"]\'']
2024-12-31 17:25:42,901 - INFO - num_cities:2
2024-12-31 17:25:42,901 - INFO - num_workers:2
2024-12-31 17:25:42,901 - INFO - num_carts:0
2024-12-31 17:25:42,901 - INFO - 
2024-12-31 17:25:42,909 - INFO - 35
2024-12-31 17:25:42,909 - INFO - 35
2024-12-31 17:25:42,909 - INFO - ['bc 1 11', 'dst \'["bc 1 11"]\'']
2024-12-31 17:25:42,909 - INFO - num_cities:1
2024-12-31 17:25:42,909 - INFO - num_workers:1
2024-12-31 17:25:42,910 - INFO - num_carts:0
2024-12-31 17:25:42,910 - INFO - 
2024-12-31 17:25:42,929 - INFO - 35
2024-12-31 17:25:42,929 - INFO - 35
2024-12-31 17:25:42,929 - INFO - ['bw 15 9 ', 'bw 14 9 ', 'bw 14 11', 'm u_7 n ', 'm u_8 c ', 'dst \'["bw 15 9", "bw 14 9", "bw 14 11", "m u_7 n", "m u_8 c"]\'']
2024-12-31 17:25:42,929 - INFO - num_cities:2
2024-12-31 17:25:42,929 - INFO - num_workers:3
2024-12-31 17:25:42,929 - INFO - num_carts:0
2024-12-31 17:25:42,929 - INFO - 
2024-12-31 17:25:42,938 - INFO - 36
2024-12-31 17:25:42,938 - INFO - 36
2024-12-31 17:25:42,939 - INFO - ['m u_1 w ', 'dst \'["m u_1 w"]\'']
2024-12-31 17:25:42,939 - INFO - num_cities:0
2024-12-31 17:25:42,939 - INFO - num_workers:1
2024-12-31 17:25:42,939 - INFO - num_carts:0
2024-12-31 17:25:42,939 - INFO - 
2024-12-31 17:25:42,939 - INFO - 36
2024-12-31 17:25:42,940 - INFO - 36
2024-12-31 17:25:42,940 - INFO - ['bw 15 9 ', 'bw 14 9 ', 'bw 14 11', 'm u_4 w ', 'm u_8 s ', 'dst \'["bw 15 9", "bw 14 9", "bw 14 11", "m u_4 w", "m u_8 s"]\'']
2024-12-31 17:25:42,940 - INFO - num_cities:2
2024-12-31 17:25:42,940 - INFO - num_workers:2
2024-12-31 17:25:42,940 - INFO - num_carts:0
2024-12-31 17:25:42,940 - INFO - 
2024-12-31 17:25:42,947 - INFO - 37
2024-12-31 17:25:42,947 - INFO - 37
2024-12-31 17:25:42,947 - INFO - ["dst '[]'"]
2024-12-31 17:25:42,947 - INFO - num_cities:0
2024-12-31 17:25:42,947 - INFO - num_workers:1
2024-12-31 17:25:42,947 - INFO - num_carts:0
2024-12-31 17:25:42,947 - INFO - 
2024-12-31 17:25:42,948 - INFO - 37
2024-12-31 17:25:42,948 - INFO - 37
2024-12-31 17:25:42,948 - INFO - ['bw 14 11', 'dst \'["bw 14 11"]\'']
2024-12-31 17:25:42,948 - INFO - num_cities:1
2024-12-31 17:25:42,948 - INFO - num_workers:1
2024-12-31 17:25:42,948 - INFO - num_carts:0
2024-12-31 17:25:42,948 - INFO - 
2024-12-31 17:25:42,957 - INFO - 38
2024-12-31 17:25:42,957 - INFO - 38
2024-12-31 17:25:42,957 - INFO - ["dst '[]'"]
2024-12-31 17:25:42,957 - INFO - num_cities:0
2024-12-31 17:25:42,957 - INFO - num_workers:1
2024-12-31 17:25:42,957 - INFO - num_carts:0
2024-12-31 17:25:42,957 - INFO - 
2024-12-31 17:25:42,958 - INFO - 38
2024-12-31 17:25:42,958 - INFO - 38
2024-12-31 17:25:42,959 - INFO - ["dst '[]'"]
2024-12-31 17:25:42,959 - INFO - num_cities:0
2024-12-31 17:25:42,959 - INFO - num_workers:1
2024-12-31 17:25:42,959 - INFO - num_carts:0
2024-12-31 17:25:42,959 - INFO - 
2024-12-31 17:25:42,968 - INFO - 39
2024-12-31 17:25:42,968 - INFO - 39
2024-12-31 17:25:42,968 - INFO - ["dst '[]'"]
2024-12-31 17:25:42,968 - INFO - num_cities:0
2024-12-31 17:25:42,968 - INFO - num_workers:1
2024-12-31 17:25:42,968 - INFO - num_carts:0
2024-12-31 17:25:42,968 - INFO - 
2024-12-31 17:25:42,969 - INFO - 39
2024-12-31 17:25:42,969 - INFO - 39
2024-12-31 17:25:42,970 - INFO - ["dst '[]'"]
2024-12-31 17:25:42,970 - INFO - num_cities:0
2024-12-31 17:25:42,970 - INFO - num_workers:1
2024-12-31 17:25:42,970 - INFO - num_carts:0
2024-12-31 17:25:42,970 - INFO - 
2024-12-31 17:25:42,977 - INFO - 40
2024-12-31 17:25:42,977 - INFO - 40
2024-12-31 17:25:42,977 - INFO - ['m u_1 n ', 'dst \'["m u_1 n"]\'']
2024-12-31 17:25:42,977 - INFO - num_cities:0
2024-12-31 17:25:42,977 - INFO - num_workers:1
2024-12-31 17:25:42,977 - INFO - num_carts:0
2024-12-31 17:25:42,977 - INFO - 
2024-12-31 17:25:42,978 - INFO - 40
2024-12-31 17:25:42,978 - INFO - 40
2024-12-31 17:25:42,978 - INFO - ['m u_4 c ', 'dst \'["m u_4 c"]\'']
2024-12-31 17:25:42,978 - INFO - num_cities:0
2024-12-31 17:25:42,978 - INFO - num_workers:1
2024-12-31 17:25:42,978 - INFO - num_carts:0
2024-12-31 17:25:42,978 - INFO - 
2024-12-31 17:25:42,985 - INFO - 41
2024-12-31 17:25:42,985 - INFO - 41
2024-12-31 17:25:42,985 - INFO - ["dst '[]'"]
2024-12-31 17:25:42,985 - INFO - num_cities:0
2024-12-31 17:25:42,985 - INFO - num_workers:1
2024-12-31 17:25:42,986 - INFO - num_carts:0
2024-12-31 17:25:42,986 - INFO - 
2024-12-31 17:25:42,986 - INFO - 41
2024-12-31 17:25:42,986 - INFO - 41
2024-12-31 17:25:42,986 - INFO - ['m u_4 s ', 'dst \'["m u_4 s"]\'']
2024-12-31 17:25:42,986 - INFO - num_cities:0
2024-12-31 17:25:42,986 - INFO - num_workers:1
2024-12-31 17:25:42,986 - INFO - num_carts:0
2024-12-31 17:25:42,986 - INFO - 
2024-12-31 17:25:42,993 - INFO - 42
2024-12-31 17:25:42,993 - INFO - 42
2024-12-31 17:25:42,993 - INFO - ["dst '[]'"]
2024-12-31 17:25:42,993 - INFO - num_cities:0
2024-12-31 17:25:42,993 - INFO - num_workers:1
2024-12-31 17:25:42,993 - INFO - num_carts:0
2024-12-31 17:25:42,994 - INFO - 
2024-12-31 17:25:42,994 - INFO - 42
2024-12-31 17:25:42,994 - INFO - 42
2024-12-31 17:25:42,994 - INFO - ["dst '[]'"]
2024-12-31 17:25:42,994 - INFO - num_cities:0
2024-12-31 17:25:42,994 - INFO - num_workers:1
2024-12-31 17:25:42,994 - INFO - num_carts:0
2024-12-31 17:25:42,994 - INFO - 
2024-12-31 17:25:43,001 - INFO - 43
2024-12-31 17:25:43,001 - INFO - 43
2024-12-31 17:25:43,001 - INFO - ["dst '[]'"]
2024-12-31 17:25:43,001 - INFO - num_cities:0
2024-12-31 17:25:43,002 - INFO - num_workers:1
2024-12-31 17:25:43,002 - INFO - num_carts:0
2024-12-31 17:25:43,002 - INFO - 
2024-12-31 17:25:43,002 - INFO - 43
2024-12-31 17:25:43,002 - INFO - 43
2024-12-31 17:25:43,003 - INFO - ['m u_4 n ', 'dst \'["m u_4 n"]\'']
2024-12-31 17:25:43,003 - INFO - num_cities:0
2024-12-31 17:25:43,003 - INFO - num_workers:1
2024-12-31 17:25:43,003 - INFO - num_carts:0
2024-12-31 17:25:43,003 - INFO - 
2024-12-31 17:25:43,009 - INFO - 44
2024-12-31 17:25:43,010 - INFO - 44
2024-12-31 17:25:43,010 - INFO - ['bcity u_1', 'dst \'["bcity u_1"]\'']
2024-12-31 17:25:43,010 - INFO - num_cities:0
2024-12-31 17:25:43,010 - INFO - num_workers:1
2024-12-31 17:25:43,010 - INFO - num_carts:0
2024-12-31 17:25:43,010 - INFO - 
2024-12-31 17:25:43,010 - INFO - 44
2024-12-31 17:25:43,011 - INFO - 44
2024-12-31 17:25:43,011 - INFO - ["dst '[]'"]
2024-12-31 17:25:43,011 - INFO - num_cities:0
2024-12-31 17:25:43,011 - INFO - num_workers:1
2024-12-31 17:25:43,011 - INFO - num_carts:0
2024-12-31 17:25:43,011 - INFO - 
2024-12-31 17:25:43,018 - INFO - 45
2024-12-31 17:25:43,018 - INFO - 45
2024-12-31 17:25:43,018 - INFO - ['bc 1 9', 'm u_1 w ', 'dst \'["bc 1 9", "m u_1 w"]\'']
2024-12-31 17:25:43,018 - INFO - num_cities:1
2024-12-31 17:25:43,018 - INFO - num_workers:1
2024-12-31 17:25:43,018 - INFO - num_carts:0
2024-12-31 17:25:43,018 - INFO - 
2024-12-31 17:25:43,019 - INFO - 45
2024-12-31 17:25:43,019 - INFO - 45
2024-12-31 17:25:43,019 - INFO - ['m u_4 n ', 'dst \'["m u_4 n"]\'']
2024-12-31 17:25:43,019 - INFO - num_cities:0
2024-12-31 17:25:43,019 - INFO - num_workers:1
2024-12-31 17:25:43,019 - INFO - num_carts:0
2024-12-31 17:25:43,019 - INFO - 
2024-12-31 17:25:43,026 - INFO - 46
2024-12-31 17:25:43,026 - INFO - 46
2024-12-31 17:25:43,026 - INFO - ['bc 1 9', 'm u_1 n ', 'dst \'["bc 1 9", "m u_1 n"]\'']
2024-12-31 17:25:43,027 - INFO - num_cities:1
2024-12-31 17:25:43,027 - INFO - num_workers:1
2024-12-31 17:25:43,027 - INFO - num_carts:0
2024-12-31 17:25:43,027 - INFO - 
2024-12-31 17:25:43,027 - INFO - 46
2024-12-31 17:25:43,027 - INFO - 46
2024-12-31 17:25:43,028 - INFO - ["dst '[]'"]
2024-12-31 17:25:43,028 - INFO - num_cities:0
2024-12-31 17:25:43,028 - INFO - num_workers:1
2024-12-31 17:25:43,028 - INFO - num_carts:0
2024-12-31 17:25:43,028 - INFO - 
2024-12-31 17:25:43,035 - INFO - 47
2024-12-31 17:25:43,035 - INFO - 47
2024-12-31 17:25:43,035 - INFO - ['bc 1 9', 'm u_1 c ', 'dst \'["bc 1 9", "m u_1 c"]\'']
2024-12-31 17:25:43,035 - INFO - num_cities:1
2024-12-31 17:25:43,035 - INFO - num_workers:1
2024-12-31 17:25:43,035 - INFO - num_carts:0
2024-12-31 17:25:43,035 - INFO - 
2024-12-31 17:25:43,036 - INFO - 47
2024-12-31 17:25:43,036 - INFO - 47
2024-12-31 17:25:43,036 - INFO - ['m u_4 s ', 'dst \'["m u_4 s"]\'']
2024-12-31 17:25:43,036 - INFO - num_cities:0
2024-12-31 17:25:43,036 - INFO - num_workers:1
2024-12-31 17:25:43,036 - INFO - num_carts:0
2024-12-31 17:25:43,036 - INFO - 
2024-12-31 17:25:43,043 - INFO - 48
2024-12-31 17:25:43,043 - INFO - 48
2024-12-31 17:25:43,043 - INFO - ['bc 1 9', 'm u_1 e ', 'dst \'["bc 1 9", "m u_1 e"]\'']
2024-12-31 17:25:43,043 - INFO - num_cities:1
2024-12-31 17:25:43,043 - INFO - num_workers:1
2024-12-31 17:25:43,043 - INFO - num_carts:0
2024-12-31 17:25:43,043 - INFO - 
2024-12-31 17:25:43,044 - INFO - 48
2024-12-31 17:25:43,044 - INFO - 48
2024-12-31 17:25:43,044 - INFO - ["dst '[]'"]
2024-12-31 17:25:43,045 - INFO - num_cities:0
2024-12-31 17:25:43,045 - INFO - num_workers:1
2024-12-31 17:25:43,045 - INFO - num_carts:0
2024-12-31 17:25:43,045 - INFO - 
2024-12-31 17:25:43,051 - INFO - 49
2024-12-31 17:25:43,051 - INFO - 49
2024-12-31 17:25:43,051 - INFO - ['bc 1 9', 'm u_1 s ', 'dst \'["bc 1 9", "m u_1 s"]\'']
2024-12-31 17:25:43,051 - INFO - num_cities:1
2024-12-31 17:25:43,051 - INFO - num_workers:1
2024-12-31 17:25:43,051 - INFO - num_carts:0
2024-12-31 17:25:43,051 - INFO - 
2024-12-31 17:25:43,052 - INFO - 49
2024-12-31 17:25:43,052 - INFO - 49
2024-12-31 17:25:43,052 - INFO - ['m u_4 e ', 'dst \'["m u_4 e"]\'']
2024-12-31 17:25:43,052 - INFO - num_cities:0
2024-12-31 17:25:43,052 - INFO - num_workers:1
2024-12-31 17:25:43,052 - INFO - num_carts:0
2024-12-31 17:25:43,052 - INFO - 
2024-12-31 17:25:43,060 - INFO - 50
2024-12-31 17:25:43,060 - INFO - 50
2024-12-31 17:25:43,060 - INFO - ['bc 1 9', 'm u_1 c ', 'dst \'["bc 1 9", "m u_1 c"]\'']
2024-12-31 17:25:43,060 - INFO - num_cities:1
2024-12-31 17:25:43,060 - INFO - num_workers:1
2024-12-31 17:25:43,060 - INFO - num_carts:0
2024-12-31 17:25:43,060 - INFO - 
2024-12-31 17:25:43,061 - INFO - 50
2024-12-31 17:25:43,061 - INFO - 50
2024-12-31 17:25:43,061 - INFO - ["dst '[]'"]
2024-12-31 17:25:43,061 - INFO - num_cities:0
2024-12-31 17:25:43,061 - INFO - num_workers:1
2024-12-31 17:25:43,061 - INFO - num_carts:0
2024-12-31 17:25:43,061 - INFO - 
2024-12-31 17:25:43,068 - INFO - 51
2024-12-31 17:25:43,068 - INFO - 51
2024-12-31 17:25:43,068 - INFO - ['bc 1 9', 'm u_1 s ', 'dst \'["bc 1 9", "m u_1 s"]\'']
2024-12-31 17:25:43,068 - INFO - num_cities:1
2024-12-31 17:25:43,068 - INFO - num_workers:1
2024-12-31 17:25:43,068 - INFO - num_carts:0
2024-12-31 17:25:43,068 - INFO - 
2024-12-31 17:25:43,069 - INFO - 51
2024-12-31 17:25:43,069 - INFO - 51
2024-12-31 17:25:43,069 - INFO - ['m u_4 n ', 'dst \'["m u_4 n"]\'']
2024-12-31 17:25:43,069 - INFO - num_cities:0
2024-12-31 17:25:43,069 - INFO - num_workers:1
2024-12-31 17:25:43,069 - INFO - num_carts:0
2024-12-31 17:25:43,069 - INFO - 
2024-12-31 17:25:43,076 - INFO - 52
2024-12-31 17:25:43,076 - INFO - 52
2024-12-31 17:25:43,076 - INFO - ['bc 1 9', 'dst \'["bc 1 9"]\'']
2024-12-31 17:25:43,076 - INFO - num_cities:1
2024-12-31 17:25:43,076 - INFO - num_workers:1
2024-12-31 17:25:43,077 - INFO - num_carts:0
2024-12-31 17:25:43,077 - INFO - 
2024-12-31 17:25:43,077 - INFO - 52
2024-12-31 17:25:43,077 - INFO - 52
2024-12-31 17:25:43,077 - INFO - ["dst '[]'"]
2024-12-31 17:25:43,077 - INFO - num_cities:0
2024-12-31 17:25:43,077 - INFO - num_workers:1
2024-12-31 17:25:43,077 - INFO - num_carts:0
2024-12-31 17:25:43,078 - INFO - 
2024-12-31 17:25:43,084 - INFO - 53
2024-12-31 17:25:43,084 - INFO - 53
2024-12-31 17:25:43,085 - INFO - ['bc 1 9', 'm u_1 n ', 'dst \'["bc 1 9", "m u_1 n"]\'']
2024-12-31 17:25:43,085 - INFO - num_cities:1
2024-12-31 17:25:43,085 - INFO - num_workers:1
2024-12-31 17:25:43,085 - INFO - num_carts:0
2024-12-31 17:25:43,085 - INFO - 
2024-12-31 17:25:43,085 - INFO - 53
2024-12-31 17:25:43,086 - INFO - 53
2024-12-31 17:25:43,086 - INFO - ['m u_4 w ', 'dst \'["m u_4 w"]\'']
2024-12-31 17:25:43,086 - INFO - num_cities:0
2024-12-31 17:25:43,086 - INFO - num_workers:1
2024-12-31 17:25:43,086 - INFO - num_carts:0
2024-12-31 17:25:43,086 - INFO - 
2024-12-31 17:25:43,093 - INFO - 54
2024-12-31 17:25:43,093 - INFO - 54
2024-12-31 17:25:43,093 - INFO - ['bc 1 9', 'm u_1 n ', 'dst \'["bc 1 9", "m u_1 n"]\'']
2024-12-31 17:25:43,093 - INFO - num_cities:1
2024-12-31 17:25:43,093 - INFO - num_workers:1
2024-12-31 17:25:43,093 - INFO - num_carts:0
2024-12-31 17:25:43,093 - INFO - 
2024-12-31 17:25:43,094 - INFO - 54
2024-12-31 17:25:43,094 - INFO - 54
2024-12-31 17:25:43,094 - INFO - ["dst '[]'"]
2024-12-31 17:25:43,094 - INFO - num_cities:0
2024-12-31 17:25:43,094 - INFO - num_workers:1
2024-12-31 17:25:43,094 - INFO - num_carts:0
2024-12-31 17:25:43,094 - INFO - 
2024-12-31 17:25:43,101 - INFO - 55
2024-12-31 17:25:43,102 - INFO - 55
2024-12-31 17:25:43,102 - INFO - ['bc 1 9', 'm u_1 s ', 'dst \'["bc 1 9", "m u_1 s"]\'']
2024-12-31 17:25:43,102 - INFO - num_cities:1
2024-12-31 17:25:43,102 - INFO - num_workers:1
2024-12-31 17:25:43,102 - INFO - num_carts:0
2024-12-31 17:25:43,102 - INFO - 
2024-12-31 17:25:43,103 - INFO - 55
2024-12-31 17:25:43,103 - INFO - 55
2024-12-31 17:25:43,103 - INFO - ['m u_4 c ', 'dst \'["m u_4 c"]\'']
2024-12-31 17:25:43,103 - INFO - num_cities:0
2024-12-31 17:25:43,103 - INFO - num_workers:1
2024-12-31 17:25:43,103 - INFO - num_carts:0
2024-12-31 17:25:43,104 - INFO - 
2024-12-31 17:25:43,112 - INFO - 56
2024-12-31 17:25:43,112 - INFO - 56
2024-12-31 17:25:43,112 - INFO - ['bc 1 9', 'm u_1 w ', 'dst \'["bc 1 9", "m u_1 w"]\'']
2024-12-31 17:25:43,112 - INFO - num_cities:1
2024-12-31 17:25:43,112 - INFO - num_workers:1
2024-12-31 17:25:43,112 - INFO - num_carts:0
2024-12-31 17:25:43,112 - INFO - 
2024-12-31 17:25:43,113 - INFO - 56
2024-12-31 17:25:43,113 - INFO - 56
2024-12-31 17:25:43,113 - INFO - ['m u_4 s ', 'dst \'["m u_4 s"]\'']
2024-12-31 17:25:43,113 - INFO - num_cities:0
2024-12-31 17:25:43,113 - INFO - num_workers:1
2024-12-31 17:25:43,113 - INFO - num_carts:0
2024-12-31 17:25:43,113 - INFO - 
2024-12-31 17:25:43,120 - INFO - 57
2024-12-31 17:25:43,120 - INFO - 57
2024-12-31 17:25:43,120 - INFO - ['bc 1 9', 'm u_1 n ', 'dst \'["bc 1 9", "m u_1 n"]\'']
2024-12-31 17:25:43,120 - INFO - num_cities:1
2024-12-31 17:25:43,121 - INFO - num_workers:1
2024-12-31 17:25:43,121 - INFO - num_carts:0
2024-12-31 17:25:43,121 - INFO - 
2024-12-31 17:25:43,122 - INFO - 57
2024-12-31 17:25:43,122 - INFO - 57
2024-12-31 17:25:43,122 - INFO - ["dst '[]'"]
2024-12-31 17:25:43,122 - INFO - num_cities:0
2024-12-31 17:25:43,122 - INFO - num_workers:1
2024-12-31 17:25:43,122 - INFO - num_carts:0
2024-12-31 17:25:43,122 - INFO - 
2024-12-31 17:25:43,129 - INFO - 58
2024-12-31 17:25:43,129 - INFO - 58
2024-12-31 17:25:43,129 - INFO - ['bc 1 9', 'm u_1 e ', 'dst \'["bc 1 9", "m u_1 e"]\'']
2024-12-31 17:25:43,129 - INFO - num_cities:1
2024-12-31 17:25:43,130 - INFO - num_workers:1
2024-12-31 17:25:43,130 - INFO - num_carts:0
2024-12-31 17:25:43,130 - INFO - 
2024-12-31 17:25:43,130 - INFO - 58
2024-12-31 17:25:43,130 - INFO - 58
2024-12-31 17:25:43,130 - INFO - ['m u_4 w ', 'dst \'["m u_4 w"]\'']
2024-12-31 17:25:43,131 - INFO - num_cities:0
2024-12-31 17:25:43,131 - INFO - num_workers:1
2024-12-31 17:25:43,131 - INFO - num_carts:0
2024-12-31 17:25:43,131 - INFO - 
2024-12-31 17:25:43,138 - INFO - 59
2024-12-31 17:25:43,139 - INFO - 59
2024-12-31 17:25:43,139 - INFO - ['bc 1 9', 'm u_1 c ', 'dst \'["bc 1 9", "m u_1 c"]\'']
2024-12-31 17:25:43,139 - INFO - num_cities:1
2024-12-31 17:25:43,139 - INFO - num_workers:1
2024-12-31 17:25:43,139 - INFO - num_carts:0
2024-12-31 17:25:43,139 - INFO - 
2024-12-31 17:25:43,140 - INFO - 59
2024-12-31 17:25:43,141 - INFO - 59
2024-12-31 17:25:43,141 - INFO - ["dst '[]'"]
2024-12-31 17:25:43,141 - INFO - num_cities:0
2024-12-31 17:25:43,141 - INFO - num_workers:1
2024-12-31 17:25:43,141 - INFO - num_carts:0
2024-12-31 17:25:43,141 - INFO - 
2024-12-31 17:25:43,149 - INFO - 60
2024-12-31 17:25:43,149 - INFO - 60
2024-12-31 17:25:43,149 - INFO - ['bc 1 9', 'm u_1 s ', 'dst \'["bc 1 9", "m u_1 s"]\'']
2024-12-31 17:25:43,149 - INFO - num_cities:1
2024-12-31 17:25:43,149 - INFO - num_workers:1
2024-12-31 17:25:43,149 - INFO - num_carts:0
2024-12-31 17:25:43,149 - INFO - 
2024-12-31 17:25:43,150 - INFO - 60
2024-12-31 17:25:43,150 - INFO - 60
2024-12-31 17:25:43,150 - INFO - ['m u_4 n ', 'dst \'["m u_4 n"]\'']
2024-12-31 17:25:43,150 - INFO - num_cities:0
2024-12-31 17:25:43,150 - INFO - num_workers:1
2024-12-31 17:25:43,150 - INFO - num_carts:0
2024-12-31 17:25:43,150 - INFO - 
2024-12-31 17:25:43,157 - INFO - 61
2024-12-31 17:25:43,157 - INFO - 61
2024-12-31 17:25:43,157 - INFO - ['bc 1 9', 'm u_1 e ', 'dst \'["bc 1 9", "m u_1 e"]\'']
2024-12-31 17:25:43,158 - INFO - num_cities:1
2024-12-31 17:25:43,158 - INFO - num_workers:1
2024-12-31 17:25:43,158 - INFO - num_carts:0
2024-12-31 17:25:43,158 - INFO - 
2024-12-31 17:25:43,158 - INFO - 61
2024-12-31 17:25:43,158 - INFO - 61
2024-12-31 17:25:43,158 - INFO - ["dst '[]'"]
2024-12-31 17:25:43,158 - INFO - num_cities:0
2024-12-31 17:25:43,159 - INFO - num_workers:1
2024-12-31 17:25:43,159 - INFO - num_carts:0
2024-12-31 17:25:43,159 - INFO - 
2024-12-31 17:25:43,165 - INFO - 62
2024-12-31 17:25:43,165 - INFO - 62
2024-12-31 17:25:43,166 - INFO - ['bc 1 9', 'dst \'["bc 1 9"]\'']
2024-12-31 17:25:43,166 - INFO - num_cities:1
2024-12-31 17:25:43,166 - INFO - num_workers:1
2024-12-31 17:25:43,166 - INFO - num_carts:0
2024-12-31 17:25:43,166 - INFO - 
2024-12-31 17:25:43,166 - INFO - 62
2024-12-31 17:25:43,166 - INFO - 62
2024-12-31 17:25:43,166 - INFO - ['m u_4 c ', 'dst \'["m u_4 c"]\'']
2024-12-31 17:25:43,167 - INFO - num_cities:0
2024-12-31 17:25:43,167 - INFO - num_workers:1
2024-12-31 17:25:43,167 - INFO - num_carts:0
2024-12-31 17:25:43,167 - INFO - 
2024-12-31 17:25:43,174 - INFO - 63
2024-12-31 17:25:43,174 - INFO - 63
2024-12-31 17:25:43,174 - INFO - ['bc 1 9', 'm u_1 n ', 'dst \'["bc 1 9", "m u_1 n"]\'']
2024-12-31 17:25:43,174 - INFO - num_cities:1
2024-12-31 17:25:43,174 - INFO - num_workers:1
2024-12-31 17:25:43,174 - INFO - num_carts:0
2024-12-31 17:25:43,174 - INFO - 
2024-12-31 17:25:43,175 - INFO - 63
2024-12-31 17:25:43,175 - INFO - 63
2024-12-31 17:25:43,175 - INFO - ['m u_4 c ', 'dst \'["m u_4 c"]\'']
2024-12-31 17:25:43,175 - INFO - num_cities:0
2024-12-31 17:25:43,175 - INFO - num_workers:1
2024-12-31 17:25:43,175 - INFO - num_carts:0
2024-12-31 17:25:43,175 - INFO - 
2024-12-31 17:25:43,183 - INFO - 64
2024-12-31 17:25:43,183 - INFO - 64
2024-12-31 17:25:43,183 - INFO - ['bc 1 9', 'dst \'["bc 1 9"]\'']
2024-12-31 17:25:43,184 - INFO - num_cities:1
2024-12-31 17:25:43,184 - INFO - num_workers:1
2024-12-31 17:25:43,184 - INFO - num_carts:0
2024-12-31 17:25:43,184 - INFO - 
2024-12-31 17:25:43,186 - INFO - 64
2024-12-31 17:25:43,186 - INFO - 64
2024-12-31 17:25:43,186 - INFO - ['m u_4 s ', 'dst \'["m u_4 s"]\'']
2024-12-31 17:25:43,186 - INFO - num_cities:0
2024-12-31 17:25:43,186 - INFO - num_workers:1
2024-12-31 17:25:43,186 - INFO - num_carts:0
2024-12-31 17:25:43,186 - INFO - 
2024-12-31 17:25:43,194 - INFO - 65
2024-12-31 17:25:43,195 - INFO - 65
2024-12-31 17:25:43,195 - INFO - ['bc 1 9', 'm u_1 c ', 'dst \'["bc 1 9", "m u_1 c"]\'']
2024-12-31 17:25:43,195 - INFO - num_cities:1
2024-12-31 17:25:43,195 - INFO - num_workers:1
2024-12-31 17:25:43,195 - INFO - num_carts:0
2024-12-31 17:25:43,195 - INFO - 
2024-12-31 17:25:43,196 - INFO - 65
2024-12-31 17:25:43,196 - INFO - 65
2024-12-31 17:25:43,196 - INFO - ["dst '[]'"]
2024-12-31 17:25:43,196 - INFO - num_cities:0
2024-12-31 17:25:43,196 - INFO - num_workers:1
2024-12-31 17:25:43,196 - INFO - num_carts:0
2024-12-31 17:25:43,196 - INFO - 
2024-12-31 17:25:43,203 - INFO - 66
2024-12-31 17:25:43,203 - INFO - 66
2024-12-31 17:25:43,203 - INFO - ['bc 1 9', 'm u_1 c ', 'dst \'["bc 1 9", "m u_1 c"]\'']
2024-12-31 17:25:43,203 - INFO - num_cities:1
2024-12-31 17:25:43,203 - INFO - num_workers:1
2024-12-31 17:25:43,204 - INFO - num_carts:0
2024-12-31 17:25:43,204 - INFO - 
2024-12-31 17:25:43,204 - INFO - 66
2024-12-31 17:25:43,204 - INFO - 66
2024-12-31 17:25:43,204 - INFO - ['m u_4 s ', 'dst \'["m u_4 s"]\'']
2024-12-31 17:25:43,204 - INFO - num_cities:0
2024-12-31 17:25:43,204 - INFO - num_workers:1
2024-12-31 17:25:43,205 - INFO - num_carts:0
2024-12-31 17:25:43,205 - INFO - 
2024-12-31 17:25:43,211 - INFO - 67
2024-12-31 17:25:43,211 - INFO - 67
2024-12-31 17:25:43,211 - INFO - ['bc 1 9', 'm u_1 s ', 'dst \'["bc 1 9", "m u_1 s"]\'']
2024-12-31 17:25:43,212 - INFO - num_cities:1
2024-12-31 17:25:43,212 - INFO - num_workers:1
2024-12-31 17:25:43,212 - INFO - num_carts:0
2024-12-31 17:25:43,212 - INFO - 
2024-12-31 17:25:43,213 - INFO - 67
2024-12-31 17:25:43,213 - INFO - 67
2024-12-31 17:25:43,213 - INFO - ["dst '[]'"]
2024-12-31 17:25:43,213 - INFO - num_cities:0
2024-12-31 17:25:43,213 - INFO - num_workers:1
2024-12-31 17:25:43,213 - INFO - num_carts:0
2024-12-31 17:25:43,213 - INFO - 
2024-12-31 17:25:43,219 - INFO - 68
2024-12-31 17:25:43,219 - INFO - 68
2024-12-31 17:25:43,219 - INFO - ['bc 1 9', 'dst \'["bc 1 9"]\'']
2024-12-31 17:25:43,219 - INFO - num_cities:1
2024-12-31 17:25:43,219 - INFO - num_workers:1
2024-12-31 17:25:43,219 - INFO - num_carts:0
2024-12-31 17:25:43,219 - INFO - 
2024-12-31 17:25:43,220 - INFO - 68
2024-12-31 17:25:43,220 - INFO - 68
2024-12-31 17:25:43,220 - INFO - ['m u_4 n ', 'dst \'["m u_4 n"]\'']
2024-12-31 17:25:43,220 - INFO - num_cities:0
2024-12-31 17:25:43,220 - INFO - num_workers:1
2024-12-31 17:25:43,220 - INFO - num_carts:0
2024-12-31 17:25:43,220 - INFO - 
2024-12-31 17:25:43,227 - INFO - 69
2024-12-31 17:25:43,227 - INFO - 69
2024-12-31 17:25:43,227 - INFO - ['bc 1 9', 'm u_1 s ', 'dst \'["bc 1 9", "m u_1 s"]\'']
2024-12-31 17:25:43,227 - INFO - num_cities:1
2024-12-31 17:25:43,227 - INFO - num_workers:1
2024-12-31 17:25:43,228 - INFO - num_carts:0
2024-12-31 17:25:43,228 - INFO - 
2024-12-31 17:25:43,228 - INFO - 69
2024-12-31 17:25:43,228 - INFO - 69
2024-12-31 17:25:43,228 - INFO - ["dst '[]'"]
2024-12-31 17:25:43,228 - INFO - num_cities:0
2024-12-31 17:25:43,228 - INFO - num_workers:1
2024-12-31 17:25:43,228 - INFO - num_carts:0
2024-12-31 17:25:43,229 - INFO - 
2024-12-31 17:25:43,238 - INFO - 70
2024-12-31 17:25:43,238 - INFO - 70
2024-12-31 17:25:43,238 - INFO - ['bc 1 9', 'dst \'["bc 1 9"]\'']
2024-12-31 17:25:43,238 - INFO - num_cities:1
2024-12-31 17:25:43,238 - INFO - num_workers:1
2024-12-31 17:25:43,238 - INFO - num_carts:0
2024-12-31 17:25:43,238 - INFO - 
2024-12-31 17:25:43,239 - INFO - 70
2024-12-31 17:25:43,239 - INFO - 70
2024-12-31 17:25:43,239 - INFO - ['m u_4 w ', 'dst \'["m u_4 w"]\'']
2024-12-31 17:25:43,239 - INFO - num_cities:0
2024-12-31 17:25:43,239 - INFO - num_workers:1
2024-12-31 17:25:43,239 - INFO - num_carts:0
2024-12-31 17:25:43,239 - INFO - 
2024-12-31 17:25:43,248 - INFO - 71
2024-12-31 17:25:43,248 - INFO - 71
2024-12-31 17:25:43,248 - INFO - ['bc 1 9', 'm u_1 n ', 'dst \'["bc 1 9", "m u_1 n"]\'']
2024-12-31 17:25:43,248 - INFO - num_cities:1
2024-12-31 17:25:43,249 - INFO - num_workers:1
2024-12-31 17:25:43,249 - INFO - num_carts:0
2024-12-31 17:25:43,249 - INFO - 
2024-12-31 17:25:43,250 - INFO - 71
2024-12-31 17:25:43,251 - INFO - 71
2024-12-31 17:25:43,251 - INFO - ["dst '[]'"]
2024-12-31 17:25:43,251 - INFO - num_cities:0
2024-12-31 17:25:43,251 - INFO - num_workers:1
2024-12-31 17:25:43,251 - INFO - num_carts:0
2024-12-31 17:25:43,251 - INFO - 
2024-12-31 17:25:43,260 - INFO - 72
2024-12-31 17:25:43,261 - INFO - 72
2024-12-31 17:25:43,261 - INFO - ['bc 1 9', 'dst \'["bc 1 9"]\'']
2024-12-31 17:25:43,261 - INFO - num_cities:1
2024-12-31 17:25:43,261 - INFO - num_workers:1
2024-12-31 17:25:43,261 - INFO - num_carts:0
2024-12-31 17:25:43,261 - INFO - 
2024-12-31 17:25:43,262 - INFO - 72
2024-12-31 17:25:43,262 - INFO - 72
2024-12-31 17:25:43,262 - INFO - ['m u_4 e ', 'dst \'["m u_4 e"]\'']
2024-12-31 17:25:43,262 - INFO - num_cities:0
2024-12-31 17:25:43,262 - INFO - num_workers:1
2024-12-31 17:25:43,262 - INFO - num_carts:0
2024-12-31 17:25:43,263 - INFO - 
2024-12-31 17:25:43,270 - INFO - 73
2024-12-31 17:25:43,270 - INFO - 73
2024-12-31 17:25:43,270 - INFO - ['bc 1 9', 'dst \'["bc 1 9"]\'']
2024-12-31 17:25:43,270 - INFO - num_cities:1
2024-12-31 17:25:43,270 - INFO - num_workers:1
2024-12-31 17:25:43,270 - INFO - num_carts:0
2024-12-31 17:25:43,270 - INFO - 
2024-12-31 17:25:43,271 - INFO - 73
2024-12-31 17:25:43,271 - INFO - 73
2024-12-31 17:25:43,271 - INFO - ["dst '[]'"]
2024-12-31 17:25:43,271 - INFO - num_cities:0
2024-12-31 17:25:43,272 - INFO - num_workers:1
2024-12-31 17:25:43,272 - INFO - num_carts:0
2024-12-31 17:25:43,272 - INFO - 
2024-12-31 17:25:43,279 - INFO - 74
2024-12-31 17:25:43,279 - INFO - 74
2024-12-31 17:25:43,279 - INFO - ['bc 1 9', 'dst \'["bc 1 9"]\'']
2024-12-31 17:25:43,279 - INFO - num_cities:1
2024-12-31 17:25:43,279 - INFO - num_workers:1
2024-12-31 17:25:43,279 - INFO - num_carts:0
2024-12-31 17:25:43,279 - INFO - 
2024-12-31 17:25:43,280 - INFO - 74
2024-12-31 17:25:43,280 - INFO - 74
2024-12-31 17:25:43,280 - INFO - ["dst '[]'"]
2024-12-31 17:25:43,280 - INFO - num_cities:0
2024-12-31 17:25:43,280 - INFO - num_workers:1
2024-12-31 17:25:43,280 - INFO - num_carts:0
2024-12-31 17:25:43,280 - INFO - 
2024-12-31 17:25:43,287 - INFO - 75
2024-12-31 17:25:43,287 - INFO - 75
2024-12-31 17:25:43,287 - INFO - ['bc 1 9', 'm u_1 e ', 'dst \'["bc 1 9", "m u_1 e"]\'']
2024-12-31 17:25:43,287 - INFO - num_cities:1
2024-12-31 17:25:43,287 - INFO - num_workers:1
2024-12-31 17:25:43,287 - INFO - num_carts:0
2024-12-31 17:25:43,287 - INFO - 
2024-12-31 17:25:43,288 - INFO - 75
2024-12-31 17:25:43,288 - INFO - 75
2024-12-31 17:25:43,288 - INFO - ["dst '[]'"]
2024-12-31 17:25:43,288 - INFO - num_cities:0
2024-12-31 17:25:43,288 - INFO - num_workers:1
2024-12-31 17:25:43,288 - INFO - num_carts:0
2024-12-31 17:25:43,288 - INFO - 
2024-12-31 17:25:43,295 - INFO - 76
2024-12-31 17:25:43,295 - INFO - 76
2024-12-31 17:25:43,295 - INFO - ['bc 1 9', 'dst \'["bc 1 9"]\'']
2024-12-31 17:25:43,295 - INFO - num_cities:1
2024-12-31 17:25:43,295 - INFO - num_workers:1
2024-12-31 17:25:43,295 - INFO - num_carts:0
2024-12-31 17:25:43,295 - INFO - 
2024-12-31 17:25:43,296 - INFO - 76
2024-12-31 17:25:43,296 - INFO - 76
2024-12-31 17:25:43,296 - INFO - ['m u_4 n ', 'dst \'["m u_4 n"]\'']
2024-12-31 17:25:43,296 - INFO - num_cities:0
2024-12-31 17:25:43,296 - INFO - num_workers:1
2024-12-31 17:25:43,296 - INFO - num_carts:0
2024-12-31 17:25:43,296 - INFO - 
