2024-12-31 16:51:32,275 - INFO - 1
2024-12-31 16:51:32,276 - INFO - 1
2024-12-31 16:51:32,276 - INFO - ['bc 8 5', 'm u_1 e ', 'dst \'["bc 8 5", "m u_1 e"]\'']
2024-12-31 16:51:32,276 - INFO - num_cities:1
2024-12-31 16:51:32,276 - INFO - num_workers:1
2024-12-31 16:51:32,276 - INFO - num_carts:0
2024-12-31 16:51:32,276 - INFO - 
2024-12-31 16:51:32,280 - INFO - 1
2024-12-31 16:51:32,280 - INFO - 1
2024-12-31 16:51:32,280 - INFO - ['bc 8 6', 'm u_2 e ', 'dst \'["bc 8 6", "m u_2 e"]\'']
2024-12-31 16:51:32,280 - INFO - num_cities:1
2024-12-31 16:51:32,280 - INFO - num_workers:1
2024-12-31 16:51:32,280 - INFO - num_carts:0
2024-12-31 16:51:32,280 - INFO - 
2024-12-31 16:51:32,292 - INFO - 2
2024-12-31 16:51:32,293 - INFO - 2
2024-12-31 16:51:32,293 - INFO - ['bc 8 5', 'dst \'["bc 8 5"]\'']
2024-12-31 16:51:32,293 - INFO - num_cities:1
2024-12-31 16:51:32,293 - INFO - num_workers:1
2024-12-31 16:51:32,293 - INFO - num_carts:0
2024-12-31 16:51:32,293 - INFO - 
2024-12-31 16:51:32,294 - INFO - 2
2024-12-31 16:51:32,294 - INFO - 2
2024-12-31 16:51:32,294 - INFO - ['bc 8 6', 'dst \'["bc 8 6"]\'']
2024-12-31 16:51:32,294 - INFO - num_cities:1
2024-12-31 16:51:32,294 - INFO - num_workers:1
2024-12-31 16:51:32,294 - INFO - num_carts:0
2024-12-31 16:51:32,294 - INFO - 
2024-12-31 16:51:32,304 - INFO - 3
2024-12-31 16:51:32,304 - INFO - 3
2024-12-31 16:51:32,304 - INFO - ['bc 8 5', 'm u_1 e ', 'dst \'["bc 8 5", "m u_1 e"]\'']
2024-12-31 16:51:32,304 - INFO - num_cities:1
2024-12-31 16:51:32,304 - INFO - num_workers:1
2024-12-31 16:51:32,304 - INFO - num_carts:0
2024-12-31 16:51:32,304 - INFO - 
2024-12-31 16:51:32,305 - INFO - 3
2024-12-31 16:51:32,305 - INFO - 3
2024-12-31 16:51:32,305 - INFO - ['bc 8 6', 'm u_2 e ', 'dst \'["bc 8 6", "m u_2 e"]\'']
2024-12-31 16:51:32,305 - INFO - num_cities:1
2024-12-31 16:51:32,305 - INFO - num_workers:1
2024-12-31 16:51:32,305 - INFO - num_carts:0
2024-12-31 16:51:32,305 - INFO - 
2024-12-31 16:51:32,314 - INFO - 4
2024-12-31 16:51:32,314 - INFO - 4
2024-12-31 16:51:32,314 - INFO - ['bc 8 5', 'dst \'["bc 8 5"]\'']
2024-12-31 16:51:32,314 - INFO - num_cities:1
2024-12-31 16:51:32,314 - INFO - num_workers:1
2024-12-31 16:51:32,314 - INFO - num_carts:0
2024-12-31 16:51:32,314 - INFO - 
2024-12-31 16:51:32,315 - INFO - 4
2024-12-31 16:51:32,315 - INFO - 4
2024-12-31 16:51:32,315 - INFO - ['bc 8 6', 'dst \'["bc 8 6"]\'']
2024-12-31 16:51:32,315 - INFO - num_cities:1
2024-12-31 16:51:32,315 - INFO - num_workers:1
2024-12-31 16:51:32,315 - INFO - num_carts:0
2024-12-31 16:51:32,315 - INFO - 
2024-12-31 16:51:32,324 - INFO - 5
2024-12-31 16:51:32,324 - INFO - 5
2024-12-31 16:51:32,324 - INFO - ['bc 8 5', 'm u_1 c ', 'dst \'["bc 8 5", "m u_1 c"]\'']
2024-12-31 16:51:32,324 - INFO - num_cities:1
2024-12-31 16:51:32,325 - INFO - num_workers:1
2024-12-31 16:51:32,325 - INFO - num_carts:0
2024-12-31 16:51:32,325 - INFO - 
2024-12-31 16:51:32,325 - INFO - 5
2024-12-31 16:51:32,326 - INFO - 5
2024-12-31 16:51:32,327 - INFO - ['bc 8 6', 'm u_2 c ', 'dst \'["bc 8 6", "m u_2 c"]\'']
2024-12-31 16:51:32,327 - INFO - num_cities:1
2024-12-31 16:51:32,327 - INFO - num_workers:1
2024-12-31 16:51:32,327 - INFO - num_carts:0
2024-12-31 16:51:32,327 - INFO - 
2024-12-31 16:51:32,335 - INFO - 6
2024-12-31 16:51:32,336 - INFO - 6
2024-12-31 16:51:32,336 - INFO - ['bc 8 5', 'm u_1 c ', 'dst \'["bc 8 5", "m u_1 c"]\'']
2024-12-31 16:51:32,336 - INFO - num_cities:1
2024-12-31 16:51:32,336 - INFO - num_workers:1
2024-12-31 16:51:32,336 - INFO - num_carts:0
2024-12-31 16:51:32,336 - INFO - 
2024-12-31 16:51:32,336 - INFO - 6
2024-12-31 16:51:32,336 - INFO - 6
2024-12-31 16:51:32,336 - INFO - ['bc 8 6', 'm u_2 c ', 'dst \'["bc 8 6", "m u_2 c"]\'']
2024-12-31 16:51:32,336 - INFO - num_cities:1
2024-12-31 16:51:32,337 - INFO - num_workers:1
2024-12-31 16:51:32,337 - INFO - num_carts:0
2024-12-31 16:51:32,337 - INFO - 
2024-12-31 16:51:32,345 - INFO - 7
2024-12-31 16:51:32,345 - INFO - 7
2024-12-31 16:51:32,345 - INFO - ['bc 8 5', 'm u_1 c ', 'dst \'["bc 8 5", "m u_1 c"]\'']
2024-12-31 16:51:32,345 - INFO - num_cities:1
2024-12-31 16:51:32,345 - INFO - num_workers:1
2024-12-31 16:51:32,345 - INFO - num_carts:0
2024-12-31 16:51:32,345 - INFO - 
2024-12-31 16:51:32,346 - INFO - 7
2024-12-31 16:51:32,346 - INFO - 7
2024-12-31 16:51:32,346 - INFO - ['bc 8 6', 'm u_2 c ', 'dst \'["bc 8 6", "m u_2 c"]\'']
2024-12-31 16:51:32,346 - INFO - num_cities:1
2024-12-31 16:51:32,346 - INFO - num_workers:1
2024-12-31 16:51:32,346 - INFO - num_carts:0
2024-12-31 16:51:32,346 - INFO - 
2024-12-31 16:51:32,354 - INFO - 8
2024-12-31 16:51:32,354 - INFO - 8
2024-12-31 16:51:32,355 - INFO - ['bc 8 5', 'm u_1 n ', 'dst \'["bc 8 5", "m u_1 n"]\'']
2024-12-31 16:51:32,355 - INFO - num_cities:1
2024-12-31 16:51:32,355 - INFO - num_workers:1
2024-12-31 16:51:32,355 - INFO - num_carts:0
2024-12-31 16:51:32,355 - INFO - 
2024-12-31 16:51:32,355 - INFO - 8
2024-12-31 16:51:32,355 - INFO - 8
2024-12-31 16:51:32,355 - INFO - ['bc 8 6', 'm u_2 s ', 'dst \'["bc 8 6", "m u_2 s"]\'']
2024-12-31 16:51:32,355 - INFO - num_cities:1
2024-12-31 16:51:32,355 - INFO - num_workers:1
2024-12-31 16:51:32,355 - INFO - num_carts:0
2024-12-31 16:51:32,355 - INFO - 
2024-12-31 16:51:32,364 - INFO - 9
2024-12-31 16:51:32,364 - INFO - 9
2024-12-31 16:51:32,364 - INFO - ['bc 8 5', 'dst \'["bc 8 5"]\'']
2024-12-31 16:51:32,364 - INFO - num_cities:1
2024-12-31 16:51:32,364 - INFO - num_workers:1
2024-12-31 16:51:32,364 - INFO - num_carts:0
2024-12-31 16:51:32,364 - INFO - 
2024-12-31 16:51:32,364 - INFO - 9
2024-12-31 16:51:32,364 - INFO - 9
2024-12-31 16:51:32,365 - INFO - ['bc 8 6', 'dst \'["bc 8 6"]\'']
2024-12-31 16:51:32,365 - INFO - num_cities:1
2024-12-31 16:51:32,365 - INFO - num_workers:1
2024-12-31 16:51:32,365 - INFO - num_carts:0
2024-12-31 16:51:32,365 - INFO - 
2024-12-31 16:51:32,372 - INFO - 10
2024-12-31 16:51:32,372 - INFO - 10
2024-12-31 16:51:32,372 - INFO - ['bc 8 5', 'm u_1 e ', 'dst \'["bc 8 5", "m u_1 e"]\'']
2024-12-31 16:51:32,372 - INFO - num_cities:1
2024-12-31 16:51:32,372 - INFO - num_workers:1
2024-12-31 16:51:32,372 - INFO - num_carts:0
2024-12-31 16:51:32,373 - INFO - 
2024-12-31 16:51:32,373 - INFO - 10
2024-12-31 16:51:32,373 - INFO - 10
2024-12-31 16:51:32,373 - INFO - ['bc 8 6', 'm u_2 e ', 'dst \'["bc 8 6", "m u_2 e"]\'']
2024-12-31 16:51:32,373 - INFO - num_cities:1
2024-12-31 16:51:32,373 - INFO - num_workers:1
2024-12-31 16:51:32,373 - INFO - num_carts:0
2024-12-31 16:51:32,373 - INFO - 
2024-12-31 16:51:32,381 - INFO - 11
2024-12-31 16:51:32,381 - INFO - 11
2024-12-31 16:51:32,381 - INFO - ['bc 8 5', 'dst \'["bc 8 5"]\'']
2024-12-31 16:51:32,381 - INFO - num_cities:1
2024-12-31 16:51:32,381 - INFO - num_workers:1
2024-12-31 16:51:32,382 - INFO - num_carts:0
2024-12-31 16:51:32,382 - INFO - 
2024-12-31 16:51:32,382 - INFO - 11
2024-12-31 16:51:32,382 - INFO - 11
2024-12-31 16:51:32,382 - INFO - ['bc 8 6', 'dst \'["bc 8 6"]\'']
2024-12-31 16:51:32,382 - INFO - num_cities:1
2024-12-31 16:51:32,382 - INFO - num_workers:1
2024-12-31 16:51:32,382 - INFO - num_carts:0
2024-12-31 16:51:32,382 - INFO - 
2024-12-31 16:51:32,390 - INFO - 12
2024-12-31 16:51:32,390 - INFO - 12
2024-12-31 16:51:32,390 - INFO - ['bc 8 5', 'm u_1 w ', 'dst \'["bc 8 5", "m u_1 w"]\'']
2024-12-31 16:51:32,390 - INFO - num_cities:1
2024-12-31 16:51:32,390 - INFO - num_workers:1
2024-12-31 16:51:32,390 - INFO - num_carts:0
2024-12-31 16:51:32,390 - INFO - 
2024-12-31 16:51:32,391 - INFO - 12
2024-12-31 16:51:32,391 - INFO - 12
2024-12-31 16:51:32,391 - INFO - ['bc 8 6', 'm u_2 w ', 'dst \'["bc 8 6", "m u_2 w"]\'']
2024-12-31 16:51:32,391 - INFO - num_cities:1
2024-12-31 16:51:32,391 - INFO - num_workers:1
2024-12-31 16:51:32,391 - INFO - num_carts:0
2024-12-31 16:51:32,391 - INFO - 
2024-12-31 16:51:32,398 - INFO - 13
2024-12-31 16:51:32,398 - INFO - 13
2024-12-31 16:51:32,398 - INFO - ['bc 8 5', 'dst \'["bc 8 5"]\'']
2024-12-31 16:51:32,398 - INFO - num_cities:1
2024-12-31 16:51:32,398 - INFO - num_workers:1
2024-12-31 16:51:32,398 - INFO - num_carts:0
2024-12-31 16:51:32,398 - INFO - 
2024-12-31 16:51:32,399 - INFO - 13
2024-12-31 16:51:32,399 - INFO - 13
2024-12-31 16:51:32,399 - INFO - ['bc 8 6', 'dst \'["bc 8 6"]\'']
2024-12-31 16:51:32,399 - INFO - num_cities:1
2024-12-31 16:51:32,399 - INFO - num_workers:1
2024-12-31 16:51:32,399 - INFO - num_carts:0
2024-12-31 16:51:32,400 - INFO - 
2024-12-31 16:51:32,407 - INFO - 14
2024-12-31 16:51:32,407 - INFO - 14
2024-12-31 16:51:32,407 - INFO - ['bc 8 5', 'm u_1 s ', 'dst \'["bc 8 5", "m u_1 s"]\'']
2024-12-31 16:51:32,407 - INFO - num_cities:1
2024-12-31 16:51:32,407 - INFO - num_workers:1
2024-12-31 16:51:32,407 - INFO - num_carts:0
2024-12-31 16:51:32,407 - INFO - 
2024-12-31 16:51:32,408 - INFO - 14
2024-12-31 16:51:32,408 - INFO - 14
2024-12-31 16:51:32,408 - INFO - ['bc 8 6', 'm u_2 n ', 'dst \'["bc 8 6", "m u_2 n"]\'']
2024-12-31 16:51:32,408 - INFO - num_cities:1
2024-12-31 16:51:32,408 - INFO - num_workers:1
2024-12-31 16:51:32,408 - INFO - num_carts:0
2024-12-31 16:51:32,408 - INFO - 
2024-12-31 16:51:32,415 - INFO - 15
2024-12-31 16:51:32,415 - INFO - 15
2024-12-31 16:51:32,415 - INFO - ['bc 8 5', 'dst \'["bc 8 5"]\'']
2024-12-31 16:51:32,415 - INFO - num_cities:1
2024-12-31 16:51:32,415 - INFO - num_workers:1
2024-12-31 16:51:32,415 - INFO - num_carts:0
2024-12-31 16:51:32,415 - INFO - 
2024-12-31 16:51:32,416 - INFO - 15
2024-12-31 16:51:32,417 - INFO - 15
2024-12-31 16:51:32,417 - INFO - ['bc 8 6', 'dst \'["bc 8 6"]\'']
2024-12-31 16:51:32,417 - INFO - num_cities:1
2024-12-31 16:51:32,417 - INFO - num_workers:1
2024-12-31 16:51:32,417 - INFO - num_carts:0
2024-12-31 16:51:32,417 - INFO - 
2024-12-31 16:51:32,424 - INFO - 16
2024-12-31 16:51:32,424 - INFO - 16
2024-12-31 16:51:32,424 - INFO - ['bc 8 5', 'm u_1 s ', 'dst \'["bc 8 5", "m u_1 s"]\'']
2024-12-31 16:51:32,424 - INFO - num_cities:1
2024-12-31 16:51:32,424 - INFO - num_workers:1
2024-12-31 16:51:32,425 - INFO - num_carts:0
2024-12-31 16:51:32,425 - INFO - 
2024-12-31 16:51:32,425 - INFO - 16
2024-12-31 16:51:32,425 - INFO - 16
2024-12-31 16:51:32,425 - INFO - ['bc 8 6', 'm u_2 n ', 'dst \'["bc 8 6", "m u_2 n"]\'']
2024-12-31 16:51:32,425 - INFO - num_cities:1
2024-12-31 16:51:32,425 - INFO - num_workers:1
2024-12-31 16:51:32,425 - INFO - num_carts:0
2024-12-31 16:51:32,425 - INFO - 
2024-12-31 16:51:32,433 - INFO - 17
2024-12-31 16:51:32,433 - INFO - 17
2024-12-31 16:51:32,433 - INFO - ['bc 8 5', 'dst \'["bc 8 5"]\'']
2024-12-31 16:51:32,433 - INFO - num_cities:1
2024-12-31 16:51:32,433 - INFO - num_workers:1
2024-12-31 16:51:32,433 - INFO - num_carts:0
2024-12-31 16:51:32,433 - INFO - 
2024-12-31 16:51:32,433 - INFO - 17
2024-12-31 16:51:32,434 - INFO - 17
2024-12-31 16:51:32,434 - INFO - ['bc 8 6', 'dst \'["bc 8 6"]\'']
2024-12-31 16:51:32,434 - INFO - num_cities:1
2024-12-31 16:51:32,434 - INFO - num_workers:1
2024-12-31 16:51:32,434 - INFO - num_carts:0
2024-12-31 16:51:32,434 - INFO - 
2024-12-31 16:51:32,442 - INFO - 18
2024-12-31 16:51:32,442 - INFO - 18
2024-12-31 16:51:32,442 - INFO - ['bc 8 5', 'm u_1 c ', 'dst \'["bc 8 5", "m u_1 c"]\'']
2024-12-31 16:51:32,442 - INFO - num_cities:1
2024-12-31 16:51:32,442 - INFO - num_workers:1
2024-12-31 16:51:32,442 - INFO - num_carts:0
2024-12-31 16:51:32,442 - INFO - 
2024-12-31 16:51:32,443 - INFO - 18
2024-12-31 16:51:32,443 - INFO - 18
2024-12-31 16:51:32,444 - INFO - ['bc 8 6', 'm u_2 c ', 'dst \'["bc 8 6", "m u_2 c"]\'']
2024-12-31 16:51:32,444 - INFO - num_cities:1
2024-12-31 16:51:32,444 - INFO - num_workers:1
2024-12-31 16:51:32,444 - INFO - num_carts:0
2024-12-31 16:51:32,444 - INFO - 
2024-12-31 16:51:32,452 - INFO - 19
2024-12-31 16:51:32,452 - INFO - 19
2024-12-31 16:51:32,452 - INFO - ['bc 8 5', 'm u_1 c ', 'dst \'["bc 8 5", "m u_1 c"]\'']
2024-12-31 16:51:32,453 - INFO - num_cities:1
2024-12-31 16:51:32,453 - INFO - num_workers:1
2024-12-31 16:51:32,453 - INFO - num_carts:0
2024-12-31 16:51:32,453 - INFO - 
2024-12-31 16:51:32,453 - INFO - 19
2024-12-31 16:51:32,453 - INFO - 19
2024-12-31 16:51:32,453 - INFO - ['bc 8 6', 'm u_2 c ', 'dst \'["bc 8 6", "m u_2 c"]\'']
2024-12-31 16:51:32,454 - INFO - num_cities:1
2024-12-31 16:51:32,454 - INFO - num_workers:1
2024-12-31 16:51:32,454 - INFO - num_carts:0
2024-12-31 16:51:32,454 - INFO - 
2024-12-31 16:51:32,462 - INFO - 20
2024-12-31 16:51:32,462 - INFO - 20
2024-12-31 16:51:32,462 - INFO - ['bc 8 5', 'm u_1 s ', 'dst \'["bc 8 5", "m u_1 s"]\'']
2024-12-31 16:51:32,462 - INFO - num_cities:1
2024-12-31 16:51:32,462 - INFO - num_workers:1
2024-12-31 16:51:32,462 - INFO - num_carts:0
2024-12-31 16:51:32,462 - INFO - 
2024-12-31 16:51:32,462 - INFO - 20
2024-12-31 16:51:32,463 - INFO - 20
2024-12-31 16:51:32,463 - INFO - ['bc 8 6', 'm u_2 n ', 'dst \'["bc 8 6", "m u_2 n"]\'']
2024-12-31 16:51:32,463 - INFO - num_cities:1
2024-12-31 16:51:32,463 - INFO - num_workers:1
2024-12-31 16:51:32,463 - INFO - num_carts:0
2024-12-31 16:51:32,463 - INFO - 
2024-12-31 16:51:32,470 - INFO - 21
2024-12-31 16:51:32,470 - INFO - 21
2024-12-31 16:51:32,470 - INFO - ['bc 8 5', 'dst \'["bc 8 5"]\'']
2024-12-31 16:51:32,471 - INFO - num_cities:1
2024-12-31 16:51:32,471 - INFO - num_workers:1
2024-12-31 16:51:32,471 - INFO - num_carts:0
2024-12-31 16:51:32,471 - INFO - 
2024-12-31 16:51:32,471 - INFO - 21
2024-12-31 16:51:32,471 - INFO - 21
2024-12-31 16:51:32,472 - INFO - ['bc 8 6', 'dst \'["bc 8 6"]\'']
2024-12-31 16:51:32,472 - INFO - num_cities:1
2024-12-31 16:51:32,472 - INFO - num_workers:1
2024-12-31 16:51:32,472 - INFO - num_carts:0
2024-12-31 16:51:32,472 - INFO - 
2024-12-31 16:51:32,480 - INFO - 22
2024-12-31 16:51:32,480 - INFO - 22
2024-12-31 16:51:32,480 - INFO - ['bc 8 5', 'm u_1 s ', 'dst \'["bc 8 5", "m u_1 s"]\'']
2024-12-31 16:51:32,480 - INFO - num_cities:1
2024-12-31 16:51:32,480 - INFO - num_workers:1
2024-12-31 16:51:32,480 - INFO - num_carts:0
2024-12-31 16:51:32,480 - INFO - 
2024-12-31 16:51:32,481 - INFO - 22
2024-12-31 16:51:32,481 - INFO - 22
2024-12-31 16:51:32,481 - INFO - ['bc 8 6', 'm u_2 n ', 'dst \'["bc 8 6", "m u_2 n"]\'']
2024-12-31 16:51:32,481 - INFO - num_cities:1
2024-12-31 16:51:32,481 - INFO - num_workers:1
2024-12-31 16:51:32,481 - INFO - num_carts:0
2024-12-31 16:51:32,482 - INFO - 
2024-12-31 16:51:32,491 - INFO - 23
2024-12-31 16:51:32,491 - INFO - 23
2024-12-31 16:51:32,491 - INFO - ['bc 8 5', 'dst \'["bc 8 5"]\'']
2024-12-31 16:51:32,491 - INFO - num_cities:1
2024-12-31 16:51:32,491 - INFO - num_workers:1
2024-12-31 16:51:32,491 - INFO - num_carts:0
2024-12-31 16:51:32,491 - INFO - 
2024-12-31 16:51:32,491 - INFO - 23
2024-12-31 16:51:32,491 - INFO - 23
2024-12-31 16:51:32,492 - INFO - ['bc 8 6', 'dst \'["bc 8 6"]\'']
2024-12-31 16:51:32,492 - INFO - num_cities:1
2024-12-31 16:51:32,492 - INFO - num_workers:1
2024-12-31 16:51:32,492 - INFO - num_carts:0
2024-12-31 16:51:32,492 - INFO - 
2024-12-31 16:51:32,499 - INFO - 24
2024-12-31 16:51:32,499 - INFO - 24
2024-12-31 16:51:32,499 - INFO - ['bc 8 5', 'm u_1 n ', 'dst \'["bc 8 5", "m u_1 n"]\'']
2024-12-31 16:51:32,499 - INFO - num_cities:1
2024-12-31 16:51:32,500 - INFO - num_workers:1
2024-12-31 16:51:32,500 - INFO - num_carts:0
2024-12-31 16:51:32,500 - INFO - 
2024-12-31 16:51:32,500 - INFO - 24
2024-12-31 16:51:32,500 - INFO - 24
2024-12-31 16:51:32,500 - INFO - ['bc 8 6', 'm u_2 s ', 'dst \'["bc 8 6", "m u_2 s"]\'']
2024-12-31 16:51:32,500 - INFO - num_cities:1
2024-12-31 16:51:32,500 - INFO - num_workers:1
2024-12-31 16:51:32,500 - INFO - num_carts:0
2024-12-31 16:51:32,501 - INFO - 
2024-12-31 16:51:32,509 - INFO - 25
2024-12-31 16:51:32,509 - INFO - 25
2024-12-31 16:51:32,509 - INFO - ['bc 8 5', 'dst \'["bc 8 5"]\'']
2024-12-31 16:51:32,510 - INFO - num_cities:1
2024-12-31 16:51:32,510 - INFO - num_workers:1
2024-12-31 16:51:32,510 - INFO - num_carts:0
2024-12-31 16:51:32,510 - INFO - 
2024-12-31 16:51:32,510 - INFO - 25
2024-12-31 16:51:32,510 - INFO - 25
2024-12-31 16:51:32,510 - INFO - ['bc 8 6', 'dst \'["bc 8 6"]\'']
2024-12-31 16:51:32,510 - INFO - num_cities:1
2024-12-31 16:51:32,510 - INFO - num_workers:1
2024-12-31 16:51:32,511 - INFO - num_carts:0
2024-12-31 16:51:32,511 - INFO - 
2024-12-31 16:51:32,518 - INFO - 26
2024-12-31 16:51:32,519 - INFO - 26
2024-12-31 16:51:32,519 - INFO - ['bc 8 5', 'm u_1 e ', 'dst \'["bc 8 5", "m u_1 e"]\'']
2024-12-31 16:51:32,519 - INFO - num_cities:1
2024-12-31 16:51:32,519 - INFO - num_workers:1
2024-12-31 16:51:32,519 - INFO - num_carts:0
2024-12-31 16:51:32,519 - INFO - 
2024-12-31 16:51:32,520 - INFO - 26
2024-12-31 16:51:32,520 - INFO - 26
2024-12-31 16:51:32,520 - INFO - ['bc 8 6', 'm u_2 e ', 'dst \'["bc 8 6", "m u_2 e"]\'']
2024-12-31 16:51:32,520 - INFO - num_cities:1
2024-12-31 16:51:32,520 - INFO - num_workers:1
2024-12-31 16:51:32,520 - INFO - num_carts:0
2024-12-31 16:51:32,521 - INFO - 
2024-12-31 16:51:32,528 - INFO - 27
2024-12-31 16:51:32,528 - INFO - 27
2024-12-31 16:51:32,528 - INFO - ['bc 8 5', 'dst \'["bc 8 5"]\'']
2024-12-31 16:51:32,528 - INFO - num_cities:1
2024-12-31 16:51:32,528 - INFO - num_workers:1
2024-12-31 16:51:32,529 - INFO - num_carts:0
2024-12-31 16:51:32,529 - INFO - 
2024-12-31 16:51:32,529 - INFO - 27
2024-12-31 16:51:32,529 - INFO - 27
2024-12-31 16:51:32,529 - INFO - ['bc 8 6', 'dst \'["bc 8 6"]\'']
2024-12-31 16:51:32,529 - INFO - num_cities:1
2024-12-31 16:51:32,529 - INFO - num_workers:1
2024-12-31 16:51:32,529 - INFO - num_carts:0
2024-12-31 16:51:32,529 - INFO - 
2024-12-31 16:51:32,536 - INFO - 28
2024-12-31 16:51:32,537 - INFO - 28
2024-12-31 16:51:32,537 - INFO - ['bc 8 5', 'm u_1 n ', 'dst \'["bc 8 5", "m u_1 n"]\'']
2024-12-31 16:51:32,537 - INFO - num_cities:1
2024-12-31 16:51:32,537 - INFO - num_workers:1
2024-12-31 16:51:32,537 - INFO - num_carts:0
2024-12-31 16:51:32,537 - INFO - 
2024-12-31 16:51:32,538 - INFO - 28
2024-12-31 16:51:32,538 - INFO - 28
2024-12-31 16:51:32,538 - INFO - ['bc 8 6', 'm u_2 s ', 'dst \'["bc 8 6", "m u_2 s"]\'']
2024-12-31 16:51:32,538 - INFO - num_cities:1
2024-12-31 16:51:32,538 - INFO - num_workers:1
2024-12-31 16:51:32,539 - INFO - num_carts:0
2024-12-31 16:51:32,539 - INFO - 
2024-12-31 16:51:32,546 - INFO - 29
2024-12-31 16:51:32,546 - INFO - 29
2024-12-31 16:51:32,546 - INFO - ['bc 8 5', 'dst \'["bc 8 5"]\'']
2024-12-31 16:51:32,546 - INFO - num_cities:1
2024-12-31 16:51:32,546 - INFO - num_workers:1
2024-12-31 16:51:32,546 - INFO - num_carts:0
2024-12-31 16:51:32,546 - INFO - 
2024-12-31 16:51:32,547 - INFO - 29
2024-12-31 16:51:32,547 - INFO - 29
2024-12-31 16:51:32,547 - INFO - ['bc 8 6', 'dst \'["bc 8 6"]\'']
2024-12-31 16:51:32,547 - INFO - num_cities:1
2024-12-31 16:51:32,547 - INFO - num_workers:1
2024-12-31 16:51:32,547 - INFO - num_carts:0
2024-12-31 16:51:32,547 - INFO - 
2024-12-31 16:51:32,554 - INFO - 30
2024-12-31 16:51:32,554 - INFO - 30
2024-12-31 16:51:32,554 - INFO - ['bc 8 5', 'm u_1 w ', 'dst \'["bc 8 5", "m u_1 w"]\'']
2024-12-31 16:51:32,554 - INFO - num_cities:1
2024-12-31 16:51:32,554 - INFO - num_workers:1
2024-12-31 16:51:32,555 - INFO - num_carts:0
2024-12-31 16:51:32,555 - INFO - 
2024-12-31 16:51:32,555 - INFO - 30
2024-12-31 16:51:32,555 - INFO - 30
2024-12-31 16:51:32,555 - INFO - ['bc 8 6', 'm u_2 w ', 'dst \'["bc 8 6", "m u_2 w"]\'']
2024-12-31 16:51:32,555 - INFO - num_cities:1
2024-12-31 16:51:32,555 - INFO - num_workers:1
2024-12-31 16:51:32,555 - INFO - num_carts:0
2024-12-31 16:51:32,555 - INFO - 
2024-12-31 16:51:32,563 - INFO - 31
2024-12-31 16:51:32,563 - INFO - 31
2024-12-31 16:51:32,563 - INFO - ['bc 8 5', 'dst \'["bc 8 5"]\'']
2024-12-31 16:51:32,563 - INFO - num_cities:1
2024-12-31 16:51:32,563 - INFO - num_workers:1
2024-12-31 16:51:32,563 - INFO - num_carts:0
2024-12-31 16:51:32,563 - INFO - 
2024-12-31 16:51:32,564 - INFO - 31
2024-12-31 16:51:32,564 - INFO - 31
2024-12-31 16:51:32,564 - INFO - ['bc 8 6', 'dst \'["bc 8 6"]\'']
2024-12-31 16:51:32,564 - INFO - num_cities:1
2024-12-31 16:51:32,564 - INFO - num_workers:1
2024-12-31 16:51:32,564 - INFO - num_carts:0
2024-12-31 16:51:32,564 - INFO - 
