2024-12-31 16:49:41,541 - INFO - 1
2024-12-31 16:49:41,542 - INFO - 1
2024-12-31 16:49:41,542 - INFO - ['bc 4 8', 'bc 4 8', 'm u_1 e ', 'dst \'["bc 4 8", "bc 4 8", "m u_1 e"]\'']
2024-12-31 16:49:41,542 - INFO - num_cities:1
2024-12-31 16:49:41,542 - INFO - num_workers:1
2024-12-31 16:49:41,542 - INFO - num_carts:0
2024-12-31 16:49:41,542 - INFO - 
2024-12-31 16:49:41,546 - INFO - 1
2024-12-31 16:49:41,546 - INFO - 1
2024-12-31 16:49:41,546 - INFO - ['bc 7 8', 'bc 7 8', 'm u_2 w ', 'dst \'["bc 7 8", "bc 7 8", "m u_2 w"]\'']
2024-12-31 16:49:41,547 - INFO - num_cities:1
2024-12-31 16:49:41,547 - INFO - num_workers:1
2024-12-31 16:49:41,547 - INFO - num_carts:0
2024-12-31 16:49:41,547 - INFO - 
2024-12-31 16:49:41,562 - INFO - 2
2024-12-31 16:49:41,563 - INFO - 2
2024-12-31 16:49:41,563 - INFO - ['bc 4 8', 'bc 4 8', 'dst \'["bc 4 8", "bc 4 8"]\'']
2024-12-31 16:49:41,563 - INFO - num_cities:1
2024-12-31 16:49:41,563 - INFO - num_workers:1
2024-12-31 16:49:41,563 - INFO - num_carts:0
2024-12-31 16:49:41,563 - INFO - 
2024-12-31 16:49:41,564 - INFO - 2
2024-12-31 16:49:41,564 - INFO - 2
2024-12-31 16:49:41,564 - INFO - ['bc 7 8', 'bc 7 8', 'dst \'["bc 7 8", "bc 7 8"]\'']
2024-12-31 16:49:41,564 - INFO - num_cities:1
2024-12-31 16:49:41,564 - INFO - num_workers:1
2024-12-31 16:49:41,564 - INFO - num_carts:0
2024-12-31 16:49:41,564 - INFO - 
2024-12-31 16:49:41,573 - INFO - 3
2024-12-31 16:49:41,573 - INFO - 3
2024-12-31 16:49:41,573 - INFO - ['bc 4 8', 'bc 4 8', 'm u_1 e ', 'dst \'["bc 4 8", "bc 4 8", "m u_1 e"]\'']
2024-12-31 16:49:41,573 - INFO - num_cities:1
2024-12-31 16:49:41,573 - INFO - num_workers:1
2024-12-31 16:49:41,573 - INFO - num_carts:0
2024-12-31 16:49:41,573 - INFO - 
2024-12-31 16:49:41,574 - INFO - 3
2024-12-31 16:49:41,574 - INFO - 3
2024-12-31 16:49:41,574 - INFO - ['bc 7 8', 'bc 7 8', 'm u_2 w ', 'dst \'["bc 7 8", "bc 7 8", "m u_2 w"]\'']
2024-12-31 16:49:41,574 - INFO - num_cities:1
2024-12-31 16:49:41,574 - INFO - num_workers:1
2024-12-31 16:49:41,575 - INFO - num_carts:0
2024-12-31 16:49:41,575 - INFO - 
2024-12-31 16:49:41,590 - INFO - 4
2024-12-31 16:49:41,590 - INFO - 4
2024-12-31 16:49:41,591 - INFO - ['bc 4 8', 'bc 4 8', 'dst \'["bc 4 8", "bc 4 8"]\'']
2024-12-31 16:49:41,591 - INFO - num_cities:1
2024-12-31 16:49:41,591 - INFO - num_workers:1
2024-12-31 16:49:41,591 - INFO - num_carts:0
2024-12-31 16:49:41,591 - INFO - 
2024-12-31 16:49:41,591 - INFO - 4
2024-12-31 16:49:41,591 - INFO - 4
2024-12-31 16:49:41,591 - INFO - ['bc 7 8', 'bc 7 8', 'dst \'["bc 7 8", "bc 7 8"]\'']
2024-12-31 16:49:41,592 - INFO - num_cities:1
2024-12-31 16:49:41,592 - INFO - num_workers:1
2024-12-31 16:49:41,592 - INFO - num_carts:0
2024-12-31 16:49:41,592 - INFO - 
2024-12-31 16:49:41,601 - INFO - 5
2024-12-31 16:49:41,601 - INFO - 5
2024-12-31 16:49:41,601 - INFO - ['bc 4 8', 'bc 4 8', 'm u_1 c ', 'dst \'["bc 4 8", "bc 4 8", "m u_1 c"]\'']
2024-12-31 16:49:41,601 - INFO - num_cities:1
2024-12-31 16:49:41,601 - INFO - num_workers:1
2024-12-31 16:49:41,601 - INFO - num_carts:0
2024-12-31 16:49:41,601 - INFO - 
2024-12-31 16:49:41,602 - INFO - 5
2024-12-31 16:49:41,602 - INFO - 5
2024-12-31 16:49:41,602 - INFO - ['bc 7 8', 'bc 7 8', 'm u_2 c ', 'dst \'["bc 7 8", "bc 7 8", "m u_2 c"]\'']
2024-12-31 16:49:41,602 - INFO - num_cities:1
2024-12-31 16:49:41,602 - INFO - num_workers:1
2024-12-31 16:49:41,602 - INFO - num_carts:0
2024-12-31 16:49:41,602 - INFO - 
2024-12-31 16:49:41,612 - INFO - 6
2024-12-31 16:49:41,613 - INFO - 6
2024-12-31 16:49:41,613 - INFO - ['bc 4 8', 'bc 4 8', 'bcity u_1', 'dst \'["bc 4 8", "bc 4 8", "bcity u_1"]\'']
2024-12-31 16:49:41,613 - INFO - num_cities:1
2024-12-31 16:49:41,613 - INFO - num_workers:1
2024-12-31 16:49:41,613 - INFO - num_carts:0
2024-12-31 16:49:41,613 - INFO - 
2024-12-31 16:49:41,613 - INFO - 6
2024-12-31 16:49:41,614 - INFO - 6
2024-12-31 16:49:41,614 - INFO - ['bc 7 8', 'bc 7 8', 'bcity u_2', 'dst \'["bc 7 8", "bc 7 8", "bcity u_2"]\'']
2024-12-31 16:49:41,614 - INFO - num_cities:1
2024-12-31 16:49:41,614 - INFO - num_workers:1
2024-12-31 16:49:41,614 - INFO - num_carts:0
2024-12-31 16:49:41,614 - INFO - 
2024-12-31 16:49:41,624 - INFO - 7
2024-12-31 16:49:41,625 - INFO - 7
2024-12-31 16:49:41,625 - INFO - ['bc 4 8', 'bc 6 8', 'bc 4 8', 'bc 6 8', 'm u_1 c ', 'dst \'["bc 4 8", "bc 6 8", "bc 4 8", "bc 6 8", "m u_1 c"]\'']
2024-12-31 16:49:41,625 - INFO - num_cities:2
2024-12-31 16:49:41,625 - INFO - num_workers:1
2024-12-31 16:49:41,625 - INFO - num_carts:0
2024-12-31 16:49:41,625 - INFO - 
2024-12-31 16:49:41,626 - INFO - 7
2024-12-31 16:49:41,626 - INFO - 7
2024-12-31 16:49:41,626 - INFO - ['bc 7 8', 'bc 5 8', 'bc 7 8', 'bc 5 8', 'm u_2 c ', 'dst \'["bc 7 8", "bc 5 8", "bc 7 8", "bc 5 8", "m u_2 c"]\'']
2024-12-31 16:49:41,626 - INFO - num_cities:2
2024-12-31 16:49:41,626 - INFO - num_workers:1
2024-12-31 16:49:41,626 - INFO - num_carts:0
2024-12-31 16:49:41,626 - INFO - 
2024-12-31 16:49:41,635 - INFO - 8
2024-12-31 16:49:41,636 - INFO - 8
2024-12-31 16:49:41,636 - INFO - ['bw 6 8  ', 'bw 4 8  ', 'bw 6 8  ', 'm u_1 c ', 'm u_3 n ', 'dst \'["bw 6 8", "bw 4 8", "bw 6 8", "m u_1 c", "m u_3 n"]\'']
2024-12-31 16:49:41,636 - INFO - num_cities:2
2024-12-31 16:49:41,636 - INFO - num_workers:1
2024-12-31 16:49:41,636 - INFO - num_carts:1
2024-12-31 16:49:41,636 - INFO - 
2024-12-31 16:49:41,637 - INFO - 8
2024-12-31 16:49:41,637 - INFO - 8
2024-12-31 16:49:41,637 - INFO - ['bw 5 8  ', 'bc 7 8', 'bc 5 8', 'm u_2 c ', 'm u_4 n ', 'dst \'["bw 5 8", "bc 7 8", "bc 5 8", "m u_2 c", "m u_4 n"]\'']
2024-12-31 16:49:41,637 - INFO - num_cities:2
2024-12-31 16:49:41,637 - INFO - num_workers:1
2024-12-31 16:49:41,637 - INFO - num_carts:1
2024-12-31 16:49:41,637 - INFO - 
2024-12-31 16:49:41,647 - INFO - 9
2024-12-31 16:49:41,647 - INFO - 9
2024-12-31 16:49:41,647 - INFO - ['bw 6 8  ', 'bw 4 8  ', 'bw 6 8  ', 'm u_1 e ', 'dst \'["bw 6 8", "bw 4 8", "bw 6 8", "m u_1 e"]\'']
2024-12-31 16:49:41,647 - INFO - num_cities:2
2024-12-31 16:49:41,648 - INFO - num_workers:1
2024-12-31 16:49:41,648 - INFO - num_carts:1
2024-12-31 16:49:41,648 - INFO - 
2024-12-31 16:49:41,648 - INFO - 9
2024-12-31 16:49:41,649 - INFO - 9
2024-12-31 16:49:41,649 - INFO - ['bw 5 8  ', 'bc 7 8', 'bc 5 8', 'm u_2 w ', 'dst \'["bw 5 8", "bc 7 8", "bc 5 8", "m u_2 w"]\'']
2024-12-31 16:49:41,649 - INFO - num_cities:2
2024-12-31 16:49:41,649 - INFO - num_workers:1
2024-12-31 16:49:41,649 - INFO - num_carts:1
2024-12-31 16:49:41,649 - INFO - 
2024-12-31 16:49:41,658 - INFO - 10
2024-12-31 16:49:41,658 - INFO - 10
2024-12-31 16:49:41,658 - INFO - ['bw 6 8  ', 'bw 4 8  ', 'bw 6 8  ', 'm u_1 w ', 'm u_3 s ', 'dst \'["bw 6 8", "bw 4 8", "bw 6 8", "m u_1 w", "m u_3 s"]\'']
2024-12-31 16:49:41,659 - INFO - num_cities:2
2024-12-31 16:49:41,659 - INFO - num_workers:1
2024-12-31 16:49:41,659 - INFO - num_carts:1
2024-12-31 16:49:41,659 - INFO - 
2024-12-31 16:49:41,660 - INFO - 10
2024-12-31 16:49:41,660 - INFO - 10
2024-12-31 16:49:41,660 - INFO - ['bw 5 8  ', 'bc 7 8', 'bc 5 8', 'm u_2 e ', 'm u_4 s ', 'dst \'["bw 5 8", "bc 7 8", "bc 5 8", "m u_2 e", "m u_4 s"]\'']
2024-12-31 16:49:41,660 - INFO - num_cities:2
2024-12-31 16:49:41,660 - INFO - num_workers:1
2024-12-31 16:49:41,660 - INFO - num_carts:1
2024-12-31 16:49:41,660 - INFO - 
2024-12-31 16:49:41,669 - INFO - 11
2024-12-31 16:49:41,669 - INFO - 11
2024-12-31 16:49:41,669 - INFO - ['bw 6 8  ', 'bw 4 8  ', 'bw 6 8  ', 'm u_1 s ', 'm u_3 c ', 'dst \'["bw 6 8", "bw 4 8", "bw 6 8", "m u_1 s", "m u_3 c"]\'']
2024-12-31 16:49:41,670 - INFO - num_cities:2
2024-12-31 16:49:41,670 - INFO - num_workers:1
2024-12-31 16:49:41,670 - INFO - num_carts:1
2024-12-31 16:49:41,670 - INFO - 
2024-12-31 16:49:41,671 - INFO - 11
2024-12-31 16:49:41,671 - INFO - 11
2024-12-31 16:49:41,671 - INFO - ['bw 5 8  ', 'bc 7 8', 'bc 5 8', 'm u_2 s ', 'm u_4 c ', 'dst \'["bw 5 8", "bc 7 8", "bc 5 8", "m u_2 s", "m u_4 c"]\'']
2024-12-31 16:49:41,671 - INFO - num_cities:2
2024-12-31 16:49:41,671 - INFO - num_workers:1
2024-12-31 16:49:41,671 - INFO - num_carts:1
2024-12-31 16:49:41,671 - INFO - 
2024-12-31 16:49:41,681 - INFO - 12
2024-12-31 16:49:41,681 - INFO - 12
2024-12-31 16:49:41,681 - INFO - ['bw 6 8  ', 'bw 4 8  ', 'bw 6 8  ', 'm u_3 c ', 'dst \'["bw 6 8", "bw 4 8", "bw 6 8", "m u_3 c"]\'']
2024-12-31 16:49:41,681 - INFO - num_cities:2
2024-12-31 16:49:41,682 - INFO - num_workers:1
2024-12-31 16:49:41,682 - INFO - num_carts:1
2024-12-31 16:49:41,682 - INFO - 
2024-12-31 16:49:41,682 - INFO - 12
2024-12-31 16:49:41,682 - INFO - 12
2024-12-31 16:49:41,682 - INFO - ['bw 5 8  ', 'bc 7 8', 'bc 5 8', 'm u_4 c ', 'dst \'["bw 5 8", "bc 7 8", "bc 5 8", "m u_4 c"]\'']
2024-12-31 16:49:41,682 - INFO - num_cities:2
2024-12-31 16:49:41,682 - INFO - num_workers:1
2024-12-31 16:49:41,683 - INFO - num_carts:1
2024-12-31 16:49:41,683 - INFO - 
2024-12-31 16:49:41,691 - INFO - 13
2024-12-31 16:49:41,692 - INFO - 13
2024-12-31 16:49:41,692 - INFO - ['bw 6 8  ', 'bw 4 8  ', 'bw 6 8  ', 'm u_1 s ', 'm u_3 s ', 'dst \'["bw 6 8", "bw 4 8", "bw 6 8", "m u_1 s", "m u_3 s"]\'']
2024-12-31 16:49:41,692 - INFO - num_cities:2
2024-12-31 16:49:41,692 - INFO - num_workers:1
2024-12-31 16:49:41,692 - INFO - num_carts:1
2024-12-31 16:49:41,692 - INFO - 
2024-12-31 16:49:41,693 - INFO - 13
2024-12-31 16:49:41,693 - INFO - 13
2024-12-31 16:49:41,693 - INFO - ['bw 5 8  ', 'bc 7 8', 'bc 5 8', 'm u_2 s ', 'm u_4 s ', 'dst \'["bw 5 8", "bc 7 8", "bc 5 8", "m u_2 s", "m u_4 s"]\'']
2024-12-31 16:49:41,693 - INFO - num_cities:2
2024-12-31 16:49:41,693 - INFO - num_workers:1
2024-12-31 16:49:41,693 - INFO - num_carts:1
2024-12-31 16:49:41,693 - INFO - 
2024-12-31 16:49:41,702 - INFO - 14
2024-12-31 16:49:41,702 - INFO - 14
2024-12-31 16:49:41,702 - INFO - ['bw 6 8  ', 'bw 4 8  ', 'bw 6 8  ', 'dst \'["bw 6 8", "bw 4 8", "bw 6 8"]\'']
2024-12-31 16:49:41,702 - INFO - num_cities:2
2024-12-31 16:49:41,702 - INFO - num_workers:1
2024-12-31 16:49:41,702 - INFO - num_carts:1
2024-12-31 16:49:41,702 - INFO - 
2024-12-31 16:49:41,703 - INFO - 14
2024-12-31 16:49:41,703 - INFO - 14
2024-12-31 16:49:41,703 - INFO - ['bw 5 8  ', 'bc 7 8', 'bc 5 8', 'dst \'["bw 5 8", "bc 7 8", "bc 5 8"]\'']
2024-12-31 16:49:41,703 - INFO - num_cities:2
2024-12-31 16:49:41,703 - INFO - num_workers:1
2024-12-31 16:49:41,703 - INFO - num_carts:1
2024-12-31 16:49:41,703 - INFO - 
2024-12-31 16:49:41,712 - INFO - 15
2024-12-31 16:49:41,713 - INFO - 15
2024-12-31 16:49:41,713 - INFO - ['bw 6 8  ', 'bw 4 8  ', 'bw 6 8  ', 'm u_1 n ', 'm u_3 e ', 'dst \'["bw 6 8", "bw 4 8", "bw 6 8", "m u_1 n", "m u_3 e"]\'']
2024-12-31 16:49:41,713 - INFO - num_cities:2
2024-12-31 16:49:41,713 - INFO - num_workers:1
2024-12-31 16:49:41,713 - INFO - num_carts:1
2024-12-31 16:49:41,713 - INFO - 
2024-12-31 16:49:41,713 - INFO - 15
2024-12-31 16:49:41,713 - INFO - 15
2024-12-31 16:49:41,714 - INFO - ['bw 5 8  ', 'bc 7 8', 'bc 5 8', 'm u_2 n ', 'm u_4 w ', 'dst \'["bw 5 8", "bc 7 8", "bc 5 8", "m u_2 n", "m u_4 w"]\'']
2024-12-31 16:49:41,714 - INFO - num_cities:2
2024-12-31 16:49:41,714 - INFO - num_workers:1
2024-12-31 16:49:41,714 - INFO - num_carts:1
2024-12-31 16:49:41,714 - INFO - 
2024-12-31 16:49:41,723 - INFO - 16
2024-12-31 16:49:41,724 - INFO - 16
2024-12-31 16:49:41,724 - INFO - ['bw 6 8  ', 'bw 4 8  ', 'bw 6 8  ', 'm u_1 n ', 'm u_3 w ', 'dst \'["bw 6 8", "bw 4 8", "bw 6 8", "m u_1 n", "m u_3 w"]\'']
2024-12-31 16:49:41,724 - INFO - num_cities:2
2024-12-31 16:49:41,724 - INFO - num_workers:1
2024-12-31 16:49:41,724 - INFO - num_carts:1
2024-12-31 16:49:41,724 - INFO - 
2024-12-31 16:49:41,724 - INFO - 16
2024-12-31 16:49:41,725 - INFO - 16
2024-12-31 16:49:41,725 - INFO - ['bw 5 8  ', 'bc 7 8', 'bc 5 8', 'm u_2 n ', 'm u_4 e ', 'dst \'["bw 5 8", "bc 7 8", "bc 5 8", "m u_2 n", "m u_4 e"]\'']
2024-12-31 16:49:41,725 - INFO - num_cities:2
2024-12-31 16:49:41,725 - INFO - num_workers:1
2024-12-31 16:49:41,725 - INFO - num_carts:1
2024-12-31 16:49:41,725 - INFO - 
2024-12-31 16:49:41,734 - INFO - 17
2024-12-31 16:49:41,734 - INFO - 17
2024-12-31 16:49:41,734 - INFO - ['bw 4 8  ', 'bw 6 8  ', 'bw 4 8  ', 'bw 6 8  ', 'dst \'["bw 4 8", "bw 6 8", "bw 4 8", "bw 6 8"]\'']
2024-12-31 16:49:41,735 - INFO - num_cities:2
2024-12-31 16:49:41,735 - INFO - num_workers:1
2024-12-31 16:49:41,735 - INFO - num_carts:1
2024-12-31 16:49:41,735 - INFO - 
2024-12-31 16:49:41,735 - INFO - 17
2024-12-31 16:49:41,735 - INFO - 17
2024-12-31 16:49:41,735 - INFO - ['bw 7 8  ', 'bw 5 8  ', 'bc 7 8', 'bc 5 8', 'dst \'["bw 7 8", "bw 5 8", "bc 7 8", "bc 5 8"]\'']
2024-12-31 16:49:41,735 - INFO - num_cities:2
2024-12-31 16:49:41,736 - INFO - num_workers:1
2024-12-31 16:49:41,736 - INFO - num_carts:1
2024-12-31 16:49:41,736 - INFO - 
2024-12-31 16:49:41,744 - INFO - 18
2024-12-31 16:49:41,744 - INFO - 18
2024-12-31 16:49:41,744 - INFO - ['bw 4 8  ', 'bw 6 8  ', 'bw 4 8  ', 'bw 6 8  ', 'm u_1 c ', 'm u_3 c ', 'dst \'["bw 4 8", "bw 6 8", "bw 4 8", "bw 6 8", "m u_1 c", "m u_3 c"]\'']
2024-12-31 16:49:41,744 - INFO - num_cities:2
2024-12-31 16:49:41,744 - INFO - num_workers:1
2024-12-31 16:49:41,744 - INFO - num_carts:1
2024-12-31 16:49:41,744 - INFO - 
2024-12-31 16:49:41,746 - INFO - 18
2024-12-31 16:49:41,746 - INFO - 18
2024-12-31 16:49:41,746 - INFO - ['bw 7 8  ', 'bw 5 8  ', 'bc 7 8', 'bc 5 8', 'm u_2 c ', 'm u_4 c ', 'dst \'["bw 7 8", "bw 5 8", "bc 7 8", "bc 5 8", "m u_2 c", "m u_4 c"]\'']
2024-12-31 16:49:41,746 - INFO - num_cities:2
2024-12-31 16:49:41,746 - INFO - num_workers:1
2024-12-31 16:49:41,746 - INFO - num_carts:1
2024-12-31 16:49:41,746 - INFO - 
2024-12-31 16:49:41,757 - INFO - 19
2024-12-31 16:49:41,758 - INFO - 19
2024-12-31 16:49:41,758 - INFO - ['bw 4 8  ', 'bw 6 8  ', 'bw 4 8  ', 'bw 6 8  ', 'm u_1 s ', 'm u_3 w ', 'dst \'["bw 4 8", "bw 6 8", "bw 4 8", "bw 6 8", "m u_1 s", "m u_3 w"]\'']
2024-12-31 16:49:41,758 - INFO - num_cities:2
2024-12-31 16:49:41,758 - INFO - num_workers:1
2024-12-31 16:49:41,758 - INFO - num_carts:1
2024-12-31 16:49:41,758 - INFO - 
2024-12-31 16:49:41,758 - INFO - 19
2024-12-31 16:49:41,758 - INFO - 19
2024-12-31 16:49:41,758 - INFO - ['bw 7 8  ', 'bw 5 8  ', 'bc 7 8', 'bc 5 8', 'm u_2 s ', 'm u_4 e ', 'dst \'["bw 7 8", "bw 5 8", "bc 7 8", "bc 5 8", "m u_2 s", "m u_4 e"]\'']
2024-12-31 16:49:41,758 - INFO - num_cities:2
2024-12-31 16:49:41,758 - INFO - num_workers:1
2024-12-31 16:49:41,758 - INFO - num_carts:1
2024-12-31 16:49:41,759 - INFO - 
2024-12-31 16:49:41,769 - INFO - 20
2024-12-31 16:49:41,769 - INFO - 20
2024-12-31 16:49:41,769 - INFO - ['bw 4 8  ', 'bw 6 8  ', 'bw 4 8  ', 'bw 6 8  ', 'dst \'["bw 4 8", "bw 6 8", "bw 4 8", "bw 6 8"]\'']
2024-12-31 16:49:41,769 - INFO - num_cities:2
2024-12-31 16:49:41,769 - INFO - num_workers:1
2024-12-31 16:49:41,769 - INFO - num_carts:1
2024-12-31 16:49:41,769 - INFO - 
2024-12-31 16:49:41,770 - INFO - 20
2024-12-31 16:49:41,770 - INFO - 20
2024-12-31 16:49:41,770 - INFO - ['bw 7 8  ', 'bw 5 8  ', 'bc 7 8', 'bc 5 8', 'dst \'["bw 7 8", "bw 5 8", "bc 7 8", "bc 5 8"]\'']
2024-12-31 16:49:41,770 - INFO - num_cities:2
2024-12-31 16:49:41,770 - INFO - num_workers:1
2024-12-31 16:49:41,770 - INFO - num_carts:1
2024-12-31 16:49:41,770 - INFO - 
2024-12-31 16:49:41,778 - INFO - 21
2024-12-31 16:49:41,778 - INFO - 21
2024-12-31 16:49:41,778 - INFO - ['bw 4 8  ', 'bw 6 8  ', 'bw 4 8  ', 'bw 6 8  ', 'm u_1 c ', 'm u_3 e ', 'dst \'["bw 4 8", "bw 6 8", "bw 4 8", "bw 6 8", "m u_1 c", "m u_3 e"]\'']
2024-12-31 16:49:41,778 - INFO - num_cities:2
2024-12-31 16:49:41,778 - INFO - num_workers:1
2024-12-31 16:49:41,779 - INFO - num_carts:1
2024-12-31 16:49:41,779 - INFO - 
2024-12-31 16:49:41,779 - INFO - 21
2024-12-31 16:49:41,779 - INFO - 21
2024-12-31 16:49:41,779 - INFO - ['bw 7 8  ', 'bw 5 8  ', 'bc 7 8', 'bc 5 8', 'm u_2 c ', 'm u_4 w ', 'dst \'["bw 7 8", "bw 5 8", "bc 7 8", "bc 5 8", "m u_2 c", "m u_4 w"]\'']
2024-12-31 16:49:41,779 - INFO - num_cities:2
2024-12-31 16:49:41,779 - INFO - num_workers:1
2024-12-31 16:49:41,780 - INFO - num_carts:1
2024-12-31 16:49:41,780 - INFO - 
2024-12-31 16:49:41,788 - INFO - 22
2024-12-31 16:49:41,788 - INFO - 22
2024-12-31 16:49:41,789 - INFO - ['bw 4 8  ', 'bw 6 8  ', 'bw 4 8  ', 'bw 6 8  ', 'm u_1 e ', 'm u_3 n ', 'dst \'["bw 4 8", "bw 6 8", "bw 4 8", "bw 6 8", "m u_1 e", "m u_3 n"]\'']
2024-12-31 16:49:41,789 - INFO - num_cities:2
2024-12-31 16:49:41,789 - INFO - num_workers:1
2024-12-31 16:49:41,789 - INFO - num_carts:1
2024-12-31 16:49:41,789 - INFO - 
2024-12-31 16:49:41,790 - INFO - 22
2024-12-31 16:49:41,790 - INFO - 22
2024-12-31 16:49:41,790 - INFO - ['bw 7 8  ', 'bw 5 8  ', 'bc 7 8', 'bc 5 8', 'm u_2 w ', 'm u_4 n ', 'dst \'["bw 7 8", "bw 5 8", "bc 7 8", "bc 5 8", "m u_2 w", "m u_4 n"]\'']
2024-12-31 16:49:41,790 - INFO - num_cities:2
2024-12-31 16:49:41,790 - INFO - num_workers:1
2024-12-31 16:49:41,790 - INFO - num_carts:1
2024-12-31 16:49:41,790 - INFO - 
2024-12-31 16:49:41,799 - INFO - 23
2024-12-31 16:49:41,800 - INFO - 23
2024-12-31 16:49:41,800 - INFO - ['bw 4 8  ', 'bw 6 8  ', 'bw 4 8  ', 'bw 6 8  ', 'dst \'["bw 4 8", "bw 6 8", "bw 4 8", "bw 6 8"]\'']
2024-12-31 16:49:41,800 - INFO - num_cities:2
2024-12-31 16:49:41,800 - INFO - num_workers:1
2024-12-31 16:49:41,800 - INFO - num_carts:1
2024-12-31 16:49:41,800 - INFO - 
2024-12-31 16:49:41,801 - INFO - 23
2024-12-31 16:49:41,801 - INFO - 23
2024-12-31 16:49:41,801 - INFO - ['bw 7 8  ', 'bw 5 8  ', 'bc 7 8', 'bc 5 8', 'dst \'["bw 7 8", "bw 5 8", "bc 7 8", "bc 5 8"]\'']
2024-12-31 16:49:41,801 - INFO - num_cities:2
2024-12-31 16:49:41,801 - INFO - num_workers:1
2024-12-31 16:49:41,801 - INFO - num_carts:1
2024-12-31 16:49:41,801 - INFO - 
2024-12-31 16:49:41,810 - INFO - 24
2024-12-31 16:49:41,810 - INFO - 24
2024-12-31 16:49:41,810 - INFO - ['bw 4 8  ', 'bw 6 8  ', 'bw 4 8  ', 'bw 6 8  ', 'm u_1 n ', 'm u_3 s ', 'dst \'["bw 4 8", "bw 6 8", "bw 4 8", "bw 6 8", "m u_1 n", "m u_3 s"]\'']
2024-12-31 16:49:41,810 - INFO - num_cities:2
2024-12-31 16:49:41,810 - INFO - num_workers:1
2024-12-31 16:49:41,810 - INFO - num_carts:1
2024-12-31 16:49:41,811 - INFO - 
2024-12-31 16:49:41,811 - INFO - 24
2024-12-31 16:49:41,811 - INFO - 24
2024-12-31 16:49:41,811 - INFO - ['bw 7 8  ', 'bw 5 8  ', 'bc 7 8', 'bc 5 8', 'm u_2 n ', 'm u_4 s ', 'dst \'["bw 7 8", "bw 5 8", "bc 7 8", "bc 5 8", "m u_2 n", "m u_4 s"]\'']
2024-12-31 16:49:41,812 - INFO - num_cities:2
2024-12-31 16:49:41,812 - INFO - num_workers:1
2024-12-31 16:49:41,812 - INFO - num_carts:1
2024-12-31 16:49:41,812 - INFO - 
2024-12-31 16:49:41,820 - INFO - 25
2024-12-31 16:49:41,820 - INFO - 25
2024-12-31 16:49:41,820 - INFO - ['bw 4 8  ', 'bw 6 8  ', 'bw 4 8  ', 'bw 6 8  ', 'm u_1 e ', 'm u_3 s ', 'dst \'["bw 4 8", "bw 6 8", "bw 4 8", "bw 6 8", "m u_1 e", "m u_3 s"]\'']
2024-12-31 16:49:41,820 - INFO - num_cities:2
2024-12-31 16:49:41,820 - INFO - num_workers:1
2024-12-31 16:49:41,820 - INFO - num_carts:1
2024-12-31 16:49:41,820 - INFO - 
2024-12-31 16:49:41,821 - INFO - 25
2024-12-31 16:49:41,821 - INFO - 25
2024-12-31 16:49:41,821 - INFO - ['bw 7 8  ', 'bw 5 8  ', 'bc 7 8', 'bc 5 8', 'm u_2 w ', 'm u_4 s ', 'dst \'["bw 7 8", "bw 5 8", "bc 7 8", "bc 5 8", "m u_2 w", "m u_4 s"]\'']
2024-12-31 16:49:41,821 - INFO - num_cities:2
2024-12-31 16:49:41,821 - INFO - num_workers:1
2024-12-31 16:49:41,821 - INFO - num_carts:1
2024-12-31 16:49:41,821 - INFO - 
2024-12-31 16:49:41,831 - INFO - 26
2024-12-31 16:49:41,831 - INFO - 26
2024-12-31 16:49:41,831 - INFO - ['bw 4 8  ', 'bw 6 8  ', 'bw 4 8  ', 'bw 6 8  ', 'm u_1 w ', 'dst \'["bw 4 8", "bw 6 8", "bw 4 8", "bw 6 8", "m u_1 w"]\'']
2024-12-31 16:49:41,831 - INFO - num_cities:2
2024-12-31 16:49:41,832 - INFO - num_workers:1
2024-12-31 16:49:41,832 - INFO - num_carts:1
2024-12-31 16:49:41,832 - INFO - 
2024-12-31 16:49:41,832 - INFO - 26
2024-12-31 16:49:41,832 - INFO - 26
2024-12-31 16:49:41,832 - INFO - ['bw 7 8  ', 'bw 5 8  ', 'bc 7 8', 'bc 5 8', 'm u_2 e ', 'dst \'["bw 7 8", "bw 5 8", "bc 7 8", "bc 5 8", "m u_2 e"]\'']
2024-12-31 16:49:41,832 - INFO - num_cities:2
2024-12-31 16:49:41,832 - INFO - num_workers:1
2024-12-31 16:49:41,833 - INFO - num_carts:1
2024-12-31 16:49:41,833 - INFO - 
2024-12-31 16:49:41,842 - INFO - 27
2024-12-31 16:49:41,842 - INFO - 27
2024-12-31 16:49:41,842 - INFO - ['bw 4 8  ', 'bw 6 8  ', 'bw 4 8  ', 'bw 6 8  ', 'm u_1 c ', 'm u_3 c ', 'dst \'["bw 4 8", "bw 6 8", "bw 4 8", "bw 6 8", "m u_1 c", "m u_3 c"]\'']
2024-12-31 16:49:41,842 - INFO - num_cities:2
2024-12-31 16:49:41,842 - INFO - num_workers:1
2024-12-31 16:49:41,842 - INFO - num_carts:1
2024-12-31 16:49:41,842 - INFO - 
2024-12-31 16:49:41,843 - INFO - 27
2024-12-31 16:49:41,843 - INFO - 27
2024-12-31 16:49:41,843 - INFO - ['bw 7 8  ', 'bw 5 8  ', 'bc 7 8', 'bc 5 8', 'm u_2 c ', 'm u_4 c ', 'dst \'["bw 7 8", "bw 5 8", "bc 7 8", "bc 5 8", "m u_2 c", "m u_4 c"]\'']
2024-12-31 16:49:41,843 - INFO - num_cities:2
2024-12-31 16:49:41,843 - INFO - num_workers:1
2024-12-31 16:49:41,843 - INFO - num_carts:1
2024-12-31 16:49:41,843 - INFO - 
2024-12-31 16:49:41,852 - INFO - 28
2024-12-31 16:49:41,852 - INFO - 28
2024-12-31 16:49:41,852 - INFO - ['bw 4 8  ', 'bw 6 8  ', 'bw 4 8  ', 'bw 6 8  ', 'm u_1 c ', 'm u_3 n ', 'dst \'["bw 4 8", "bw 6 8", "bw 4 8", "bw 6 8", "m u_1 c", "m u_3 n"]\'']
2024-12-31 16:49:41,852 - INFO - num_cities:2
2024-12-31 16:49:41,852 - INFO - num_workers:1
2024-12-31 16:49:41,852 - INFO - num_carts:1
2024-12-31 16:49:41,852 - INFO - 
2024-12-31 16:49:41,854 - INFO - 28
2024-12-31 16:49:41,854 - INFO - 28
2024-12-31 16:49:41,854 - INFO - ['bw 7 8  ', 'bw 5 8  ', 'bc 7 8', 'bc 5 8', 'm u_2 c ', 'm u_4 n ', 'dst \'["bw 7 8", "bw 5 8", "bc 7 8", "bc 5 8", "m u_2 c", "m u_4 n"]\'']
2024-12-31 16:49:41,854 - INFO - num_cities:2
2024-12-31 16:49:41,854 - INFO - num_workers:1
2024-12-31 16:49:41,854 - INFO - num_carts:1
2024-12-31 16:49:41,854 - INFO - 
2024-12-31 16:49:41,864 - INFO - 29
2024-12-31 16:49:41,864 - INFO - 29
2024-12-31 16:49:41,864 - INFO - ['bw 4 8  ', 'bw 6 8  ', 'bw 4 8  ', 'bw 6 8  ', 'm u_1 n ', 'm u_3 c ', 'dst \'["bw 4 8", "bw 6 8", "bw 4 8", "bw 6 8", "m u_1 n", "m u_3 c"]\'']
2024-12-31 16:49:41,864 - INFO - num_cities:2
2024-12-31 16:49:41,864 - INFO - num_workers:1
2024-12-31 16:49:41,864 - INFO - num_carts:1
2024-12-31 16:49:41,865 - INFO - 
2024-12-31 16:49:41,866 - INFO - 29
2024-12-31 16:49:41,866 - INFO - 29
2024-12-31 16:49:41,866 - INFO - ['bw 7 8  ', 'bw 5 8  ', 'bc 7 8', 'bc 5 8', 'm u_2 n ', 'm u_4 c ', 'dst \'["bw 7 8", "bw 5 8", "bc 7 8", "bc 5 8", "m u_2 n", "m u_4 c"]\'']
2024-12-31 16:49:41,866 - INFO - num_cities:2
2024-12-31 16:49:41,867 - INFO - num_workers:1
2024-12-31 16:49:41,867 - INFO - num_carts:1
2024-12-31 16:49:41,867 - INFO - 
2024-12-31 16:49:41,876 - INFO - 30
2024-12-31 16:49:41,877 - INFO - 30
2024-12-31 16:49:41,877 - INFO - ['bw 4 8  ', 'bw 6 8  ', 'bw 4 8  ', 'bw 6 8  ', 'm u_1 s ', 'm u_3 w ', 'dst \'["bw 4 8", "bw 6 8", "bw 4 8", "bw 6 8", "m u_1 s", "m u_3 w"]\'']
2024-12-31 16:49:41,877 - INFO - num_cities:2
2024-12-31 16:49:41,877 - INFO - num_workers:1
2024-12-31 16:49:41,877 - INFO - num_carts:1
2024-12-31 16:49:41,877 - INFO - 
2024-12-31 16:49:41,877 - INFO - 30
2024-12-31 16:49:41,878 - INFO - 30
2024-12-31 16:49:41,878 - INFO - ['bw 7 8  ', 'bw 5 8  ', 'bc 7 8', 'bc 5 8', 'm u_2 s ', 'm u_4 e ', 'dst \'["bw 7 8", "bw 5 8", "bc 7 8", "bc 5 8", "m u_2 s", "m u_4 e"]\'']
2024-12-31 16:49:41,878 - INFO - num_cities:2
2024-12-31 16:49:41,878 - INFO - num_workers:1
2024-12-31 16:49:41,878 - INFO - num_carts:1
2024-12-31 16:49:41,878 - INFO - 
2024-12-31 16:49:41,887 - INFO - 31
2024-12-31 16:49:41,887 - INFO - 31
2024-12-31 16:49:41,887 - INFO - ['bw 4 8  ', 'bw 6 8  ', 'bw 4 8  ', 'bw 6 8  ', 'm u_3 s ', 'dst \'["bw 4 8", "bw 6 8", "bw 4 8", "bw 6 8", "m u_3 s"]\'']
2024-12-31 16:49:41,887 - INFO - num_cities:2
2024-12-31 16:49:41,888 - INFO - num_workers:1
2024-12-31 16:49:41,888 - INFO - num_carts:1
2024-12-31 16:49:41,888 - INFO - 
2024-12-31 16:49:41,888 - INFO - 31
2024-12-31 16:49:41,888 - INFO - 31
2024-12-31 16:49:41,888 - INFO - ['bw 7 8  ', 'bw 5 8  ', 'bc 7 8', 'bc 5 8', 'm u_4 s ', 'dst \'["bw 7 8", "bw 5 8", "bc 7 8", "bc 5 8", "m u_4 s"]\'']
2024-12-31 16:49:41,889 - INFO - num_cities:2
2024-12-31 16:49:41,889 - INFO - num_workers:1
2024-12-31 16:49:41,889 - INFO - num_carts:1
2024-12-31 16:49:41,889 - INFO - 
2024-12-31 16:49:41,898 - INFO - 32
2024-12-31 16:49:41,898 - INFO - 32
2024-12-31 16:49:41,898 - INFO - ['bw 6 8  ', 'bw 6 8  ', 'dst \'["bw 6 8", "bw 6 8"]\'']
2024-12-31 16:49:41,899 - INFO - num_cities:1
2024-12-31 16:49:41,899 - INFO - num_workers:0
2024-12-31 16:49:41,899 - INFO - num_carts:0
2024-12-31 16:49:41,899 - INFO - 
2024-12-31 16:49:41,899 - INFO - 32
2024-12-31 16:49:41,900 - INFO - 32
2024-12-31 16:49:41,900 - INFO - ['bw 5 8  ', 'bc 5 8', 'dst \'["bw 5 8", "bc 5 8"]\'']
2024-12-31 16:49:41,900 - INFO - num_cities:1
2024-12-31 16:49:41,900 - INFO - num_workers:0
2024-12-31 16:49:41,900 - INFO - num_carts:0
2024-12-31 16:49:41,900 - INFO - 
2024-12-31 16:49:41,908 - INFO - 33
2024-12-31 16:49:41,908 - INFO - 33
2024-12-31 16:49:41,908 - INFO - ['bw 6 8  ', 'm u_5 s ', 'dst \'["bw 6 8", "m u_5 s"]\'']
2024-12-31 16:49:41,908 - INFO - num_cities:1
2024-12-31 16:49:41,908 - INFO - num_workers:1
2024-12-31 16:49:41,909 - INFO - num_carts:0
2024-12-31 16:49:41,909 - INFO - 
2024-12-31 16:49:41,909 - INFO - 33
2024-12-31 16:49:41,909 - INFO - 33
2024-12-31 16:49:41,909 - INFO - ['bc 5 8', 'm u_6 s ', 'dst \'["bc 5 8", "m u_6 s"]\'']
2024-12-31 16:49:41,909 - INFO - num_cities:1
2024-12-31 16:49:41,909 - INFO - num_workers:1
2024-12-31 16:49:41,909 - INFO - num_carts:0
2024-12-31 16:49:41,909 - INFO - 
2024-12-31 16:49:41,917 - INFO - 34
2024-12-31 16:49:41,918 - INFO - 34
2024-12-31 16:49:41,918 - INFO - ['bw 6 8  ', 'dst \'["bw 6 8"]\'']
2024-12-31 16:49:41,918 - INFO - num_cities:1
2024-12-31 16:49:41,918 - INFO - num_workers:0
2024-12-31 16:49:41,918 - INFO - num_carts:0
2024-12-31 16:49:41,918 - INFO - 
2024-12-31 16:49:41,918 - INFO - 34
2024-12-31 16:49:41,919 - INFO - 34
2024-12-31 16:49:41,919 - INFO - ['bc 5 8', 'dst \'["bc 5 8"]\'']
2024-12-31 16:49:41,919 - INFO - num_cities:1
2024-12-31 16:49:41,919 - INFO - num_workers:0
2024-12-31 16:49:41,919 - INFO - num_carts:0
2024-12-31 16:49:41,919 - INFO - 
2024-12-31 16:49:41,927 - INFO - 35
2024-12-31 16:49:41,927 - INFO - 35
2024-12-31 16:49:41,928 - INFO - ['bw 6 8  ', 'dst \'["bw 6 8"]\'']
2024-12-31 16:49:41,928 - INFO - num_cities:1
2024-12-31 16:49:41,928 - INFO - num_workers:0
2024-12-31 16:49:41,928 - INFO - num_carts:0
2024-12-31 16:49:41,928 - INFO - 
2024-12-31 16:49:41,928 - INFO - 35
2024-12-31 16:49:41,928 - INFO - 35
2024-12-31 16:49:41,928 - INFO - ['bc 5 8', 'dst \'["bc 5 8"]\'']
2024-12-31 16:49:41,928 - INFO - num_cities:1
2024-12-31 16:49:41,928 - INFO - num_workers:0
2024-12-31 16:49:41,928 - INFO - num_carts:0
2024-12-31 16:49:41,928 - INFO - 
2024-12-31 16:49:41,937 - INFO - 36
2024-12-31 16:49:41,937 - INFO - 36
2024-12-31 16:49:41,937 - INFO - ['bw 6 8  ', 'dst \'["bw 6 8"]\'']
2024-12-31 16:49:41,937 - INFO - num_cities:1
2024-12-31 16:49:41,938 - INFO - num_workers:0
2024-12-31 16:49:41,938 - INFO - num_carts:0
2024-12-31 16:49:41,938 - INFO - 
2024-12-31 16:49:41,938 - INFO - 36
2024-12-31 16:49:41,938 - INFO - 36
2024-12-31 16:49:41,939 - INFO - ['bc 5 8', 'dst \'["bc 5 8"]\'']
2024-12-31 16:49:41,939 - INFO - num_cities:1
2024-12-31 16:49:41,939 - INFO - num_workers:0
2024-12-31 16:49:41,939 - INFO - num_carts:0
2024-12-31 16:49:41,939 - INFO - 
