2024-12-27 18:19:34,688 - INFO - 1
2024-12-27 18:19:34,689 - INFO - 1
2024-12-27 18:19:34,690 - INFO - ['bw 1 11', "dst '['bw 1 11']\r\nafdfddsf'"]
2024-12-27 18:19:34,690 - INFO - 
2024-12-27 18:19:34,722 - INFO - 2
2024-12-27 18:19:34,723 - INFO - 2
2024-12-27 18:19:34,724 - INFO - ['bw 1 11', 'm u_1 n', "dst '['bw 1 11', 'm u_1 n']\r\nafdfddsf'"]
2024-12-27 18:19:34,724 - INFO - 
2024-12-27 18:19:34,764 - INFO - 3
2024-12-27 18:19:34,765 - INFO - 3
2024-12-27 18:19:34,766 - INFO - ['bw 1 11', "dst '['bw 1 11']\r\nafdfddsf'"]
2024-12-27 18:19:34,767 - INFO - 
2024-12-27 18:19:34,812 - INFO - 4
2024-12-27 18:19:34,815 - INFO - 4
2024-12-27 18:19:34,815 - INFO - ['bw 1 11', 'bcity u_1', "dst '['bw 1 11', 'bcity u_1']\r\nafdfddsf'"]
2024-12-27 18:19:34,815 - INFO - 
2024-12-27 18:19:34,861 - INFO - 5
2024-12-27 18:19:34,861 - INFO - 5
2024-12-27 18:19:34,862 - INFO - ['bw 1 11', 'bw 1 9', 'm u_1 n', "dst '['bw 1 11', 'bw 1 9', 'm u_1 n']\r\nafdfddsf'"]
2024-12-27 18:19:34,863 - INFO - 
2024-12-27 18:19:34,891 - INFO - 6
2024-12-27 18:19:34,892 - INFO - 6
2024-12-27 18:19:34,893 - INFO - ['bw 1 9', 'm u_3 e', "dst '['bw 1 9', 'm u_3 e']\r\nafdfddsf'"]
2024-12-27 18:19:34,893 - INFO - 
2024-12-27 18:19:34,915 - INFO - 7
2024-12-27 18:19:34,915 - INFO - 7
2024-12-27 18:19:34,915 - INFO - ['bw 1 9', 'm u_1 c', "dst '['bw 1 9', 'm u_1 c']\r\nafdfddsf'"]
2024-12-27 18:19:34,916 - INFO - 
2024-12-27 18:19:34,946 - INFO - 8
2024-12-27 18:19:34,947 - INFO - 8
2024-12-27 18:19:34,949 - INFO - ['bw 1 9', 'm u_1 c', 'm u_3 c', "dst '['bw 1 9', 'm u_1 c', 'm u_3 c']\r\nafdfddsf'"]
2024-12-27 18:19:34,950 - INFO - 
2024-12-27 18:19:34,985 - INFO - 9
2024-12-27 18:19:34,986 - INFO - 9
2024-12-27 18:19:34,986 - INFO - ['bw 1 9', 'm u_1 n', 'm u_3 n', "dst '['bw 1 9', 'm u_1 n', 'm u_3 n']\r\nafdfddsf'"]
2024-12-27 18:19:34,986 - INFO - 
2024-12-27 18:19:35,021 - INFO - 10
2024-12-27 18:19:35,021 - INFO - 10
2024-12-27 18:19:35,022 - INFO - ['bw 1 9', "dst '['bw 1 9']\r\nafdfddsf'"]
2024-12-27 18:19:35,022 - INFO - 
2024-12-27 18:19:35,050 - INFO - 11
2024-12-27 18:19:35,052 - INFO - 11
2024-12-27 18:19:35,052 - INFO - ['bw 1 9', 'm u_1 w', 'm u_3 n', "dst '['bw 1 9', 'm u_1 w', 'm u_3 n']\r\nafdfddsf'"]
2024-12-27 18:19:35,052 - INFO - 
2024-12-27 18:19:35,078 - INFO - 12
2024-12-27 18:19:35,078 - INFO - 12
2024-12-27 18:19:35,078 - INFO - ['bw 1 9', "dst '['bw 1 9']\r\nafdfddsf'"]
2024-12-27 18:19:35,079 - INFO - 
2024-12-27 18:19:35,107 - INFO - 13
2024-12-27 18:19:35,109 - INFO - 13
2024-12-27 18:19:35,109 - INFO - ['bw 1 9', 'm u_1 n', 'bcity u_3', "dst '['bw 1 9', 'm u_1 n', 'bcity u_3']\r\nafdfddsf'"]
2024-12-27 18:19:35,110 - INFO - 
2024-12-27 18:19:35,142 - INFO - 14
2024-12-27 18:19:35,143 - INFO - 14
2024-12-27 18:19:35,143 - INFO - ['bw 1 9', 'bw 2 9', 'm u_3 n', "dst '['bw 1 9', 'bw 2 9', 'm u_3 n']\r\nafdfddsf'"]
2024-12-27 18:19:35,143 - INFO - 
2024-12-27 18:19:35,168 - INFO - 15
2024-12-27 18:19:35,169 - INFO - 15
2024-12-27 18:19:35,169 - INFO - ['bw 1 11', 'bw 2 9', 'm u_1 c', 'm u_4 c', "dst '['bw 1 11', 'bw 2 9', 'm u_1 c', 'm u_4 c']\r\nafdfddsf'"]
2024-12-27 18:19:35,170 - INFO - 
2024-12-27 18:19:35,191 - INFO - 16
2024-12-27 18:19:35,192 - INFO - 16
2024-12-27 18:19:35,192 - INFO - ['bw 1 11', 'bw 2 9', 'm u_1 n', 'm u_3 c', 'm u_4 w', "dst '['bw 1 11', 'bw 2 9', 'm u_1 n', 'm u_3 c', 'm u_4 w']\r\nafdfddsf'"]
2024-12-27 18:19:35,192 - INFO - 
2024-12-27 18:19:35,216 - INFO - 17
2024-12-27 18:19:35,216 - INFO - 17
2024-12-27 18:19:35,217 - INFO - ['bw 1 11', 'bw 2 9', 'm u_3 c', "dst '['bw 1 11', 'bw 2 9', 'm u_3 c']\r\nafdfddsf'"]
2024-12-27 18:19:35,217 - INFO - 
2024-12-27 18:19:35,246 - INFO - 18
2024-12-27 18:19:35,246 - INFO - 18
2024-12-27 18:19:35,246 - INFO - ['bw 1 11', 'bw 2 9', 'm u_1 w', 'm u_3 e', 'm u_4 n', "dst '['bw 1 11', 'bw 2 9', 'm u_1 w', 'm u_3 e', 'm u_4 n']\r\nafdfddsf'"]
2024-12-27 18:19:35,247 - INFO - 
2024-12-27 18:19:35,279 - INFO - 19
2024-12-27 18:19:35,280 - INFO - 19
2024-12-27 18:19:35,280 - INFO - ['bw 1 11', 'bw 2 9', 'm u_1 c', "dst '['bw 1 11', 'bw 2 9', 'm u_1 c']\r\nafdfddsf'"]
2024-12-27 18:19:35,281 - INFO - 
2024-12-27 18:19:35,305 - INFO - 20
2024-12-27 18:19:35,307 - INFO - 20
2024-12-27 18:19:35,307 - INFO - ['bw 1 11', 'bw 2 9', 'm u_1 w', 'm u_3 e', 'm u_4 e', "dst '['bw 1 11', 'bw 2 9', 'm u_1 w', 'm u_3 e', 'm u_4 e']\r\nafdfddsf'"]
2024-12-27 18:19:35,307 - INFO - 
2024-12-27 18:19:35,332 - INFO - 21
2024-12-27 18:19:35,333 - INFO - 21
2024-12-27 18:19:35,333 - INFO - ['bw 1 11', 'bw 2 9', 'm u_1 c', "dst '['bw 1 11', 'bw 2 9', 'm u_1 c']\r\nafdfddsf'"]
2024-12-27 18:19:35,333 - INFO - 
2024-12-27 18:19:35,360 - INFO - 22
2024-12-27 18:19:35,361 - INFO - 22
2024-12-27 18:19:35,362 - INFO - ['bw 1 11', 'bw 2 9', 'm u_1 c', 'm u_3 e', 'm u_4 n', "dst '['bw 1 11', 'bw 2 9', 'm u_1 c', 'm u_3 e', 'm u_4 n']\r\nafdfddsf'"]
2024-12-27 18:19:35,362 - INFO - 
2024-12-27 18:19:35,394 - INFO - 23
2024-12-27 18:19:35,395 - INFO - 23
2024-12-27 18:19:35,396 - INFO - ['bw 1 11', 'bw 2 9', 'm u_1 n', "dst '['bw 1 11', 'bw 2 9', 'm u_1 n']\r\nafdfddsf'"]
2024-12-27 18:19:35,396 - INFO - 
2024-12-27 18:19:35,431 - INFO - 24
2024-12-27 18:19:35,431 - INFO - 24
2024-12-27 18:19:35,432 - INFO - ['bw 1 11', 'bw 1 9', 'bw 2 9', 'm u_3 w', 'm u_4 n', "dst '['bw 1 11', 'bw 1 9', 'bw 2 9', 'm u_3 w', 'm u_4 n']\r\nafdfddsf'"]
2024-12-27 18:19:35,432 - INFO - 
2024-12-27 18:19:35,478 - INFO - 25
2024-12-27 18:19:35,479 - INFO - 25
2024-12-27 18:19:35,480 - INFO - ['bw 1 11', 'bw 1 9', 'bw 2 9', 'm u_1 e', "dst '['bw 1 11', 'bw 1 9', 'bw 2 9', 'm u_1 e']\r\nafdfddsf'"]
2024-12-27 18:19:35,480 - INFO - 
2024-12-27 18:19:35,523 - INFO - 26
2024-12-27 18:19:35,524 - INFO - 26
2024-12-27 18:19:35,524 - INFO - ['bw 1 11', 'bw 1 9', 'bw 2 9', 'm u_3 e', 'm u_4 e', "dst '['bw 1 11', 'bw 1 9', 'bw 2 9', 'm u_3 e', 'm u_4 e']\r\nafdfddsf'"]
2024-12-27 18:19:35,525 - INFO - 
2024-12-27 18:19:35,565 - INFO - 27
2024-12-27 18:19:35,566 - INFO - 27
2024-12-27 18:19:35,568 - INFO - ['bw 1 11', 'bw 1 9', 'bw 2 9', 'm u_1 n', "dst '['bw 1 11', 'bw 1 9', 'bw 2 9', 'm u_1 n']\r\nafdfddsf'"]
2024-12-27 18:19:35,568 - INFO - 
2024-12-27 18:19:35,613 - INFO - 28
2024-12-27 18:19:35,615 - INFO - 28
2024-12-27 18:19:35,615 - INFO - ['bw 1 11', 'bw 1 9', 'bw 2 9', 'm u_3 w', 'm u_4 n', "dst '['bw 1 11', 'bw 1 9', 'bw 2 9', 'm u_3 w', 'm u_4 n']\r\nafdfddsf'"]
2024-12-27 18:19:35,615 - INFO - 
2024-12-27 18:19:35,670 - INFO - 29
2024-12-27 18:19:35,672 - INFO - 29
2024-12-27 18:19:35,672 - INFO - ['bw 1 11', 'bw 1 9', 'bw 2 9', 'm u_1 w', "dst '['bw 1 11', 'bw 1 9', 'bw 2 9', 'm u_1 w']\r\nafdfddsf'"]
2024-12-27 18:19:35,672 - INFO - 
2024-12-27 18:19:35,701 - INFO - 30
2024-12-27 18:19:35,702 - INFO - 30
2024-12-27 18:19:35,702 - INFO - ['bw 1 11', 'bw 1 9', 'bw 2 9', 'm u_3 n', 'm u_4 e', "dst '['bw 1 11', 'bw 1 9', 'bw 2 9', 'm u_3 n', 'm u_4 e']\r\nafdfddsf'"]
2024-12-27 18:19:35,702 - INFO - 
2024-12-27 18:19:35,736 - INFO - 31
2024-12-27 18:19:35,738 - INFO - 31
2024-12-27 18:19:35,739 - INFO - ['bw 1 9', 'bw 2 9', 'm u_1 e', "dst '['bw 1 9', 'bw 2 9', 'm u_1 e']\r\nafdfddsf'"]
2024-12-27 18:19:35,739 - INFO - 
2024-12-27 18:19:35,774 - INFO - 32
2024-12-27 18:19:35,776 - INFO - 32
2024-12-27 18:19:35,776 - INFO - ['bw 1 9', 'bw 2 9', "dst '['bw 1 9', 'bw 2 9']\r\nafdfddsf'"]
2024-12-27 18:19:35,776 - INFO - 
2024-12-27 18:19:35,798 - INFO - 33
2024-12-27 18:19:35,799 - INFO - 33
2024-12-27 18:19:35,799 - INFO - ["dst '[]\r\nafdfddsf'"]
2024-12-27 18:19:35,799 - INFO - 
2024-12-27 18:19:35,871 - INFO - 34
2024-12-27 18:19:35,872 - INFO - 34
2024-12-27 18:19:35,872 - INFO - ['m u_4 c', "dst '['m u_4 c']\r\nafdfddsf'"]
2024-12-27 18:19:35,872 - INFO - 
2024-12-27 18:19:35,907 - INFO - 35
2024-12-27 18:19:35,909 - INFO - 35
2024-12-27 18:19:35,909 - INFO - ['m u_1 n', 'm u_4 n', "dst '['m u_1 n', 'm u_4 n']\r\nafdfddsf'"]
2024-12-27 18:19:35,909 - INFO - 
2024-12-27 18:19:35,942 - INFO - 36
2024-12-27 18:19:35,944 - INFO - 36
2024-12-27 18:19:35,944 - INFO - ["dst '[]\r\nafdfddsf'"]
2024-12-27 18:19:35,944 - INFO - 
2024-12-27 18:19:35,968 - INFO - 37
2024-12-27 18:19:35,970 - INFO - 37
2024-12-27 18:19:35,970 - INFO - ["dst '[]\r\nafdfddsf'"]
2024-12-27 18:19:35,971 - INFO - 
2024-12-27 18:19:35,999 - INFO - 38
2024-12-27 18:19:36,000 - INFO - 38
2024-12-27 18:19:36,000 - INFO - ["dst '[]\r\nafdfddsf'"]
2024-12-27 18:19:36,000 - INFO - 
2024-12-27 18:19:36,029 - INFO - 39
2024-12-27 18:19:36,031 - INFO - 39
2024-12-27 18:19:36,031 - INFO - ['m u_1 c', 'm u_4 e', "dst '['m u_1 c', 'm u_4 e']\r\nafdfddsf'"]
2024-12-27 18:19:36,031 - INFO - 
2024-12-27 18:19:36,060 - INFO - 40
2024-12-27 18:19:36,061 - INFO - 40
2024-12-27 18:19:36,061 - INFO - ['m u_1 n', "dst '['m u_1 n']\r\nafdfddsf'"]
2024-12-27 18:19:36,062 - INFO - 
2024-12-27 18:19:36,103 - INFO - 41
2024-12-27 18:19:36,105 - INFO - 41
2024-12-27 18:19:36,106 - INFO - ["dst '[]\r\nafdfddsf'"]
2024-12-27 18:19:36,106 - INFO - 
2024-12-27 18:19:36,131 - INFO - 42
2024-12-27 18:19:36,132 - INFO - 42
2024-12-27 18:19:36,132 - INFO - ['m u_1 c', "dst '['m u_1 c']\r\nafdfddsf'"]
2024-12-27 18:19:36,133 - INFO - 
2024-12-27 18:19:36,156 - INFO - 43
2024-12-27 18:19:36,158 - INFO - 43
2024-12-27 18:19:36,159 - INFO - ['m u_1 n', 'm u_4 w', "dst '['m u_1 n', 'm u_4 w']\r\nafdfddsf'"]
2024-12-27 18:19:36,159 - INFO - 
2024-12-27 18:19:36,184 - INFO - 44
2024-12-27 18:19:36,185 - INFO - 44
2024-12-27 18:19:36,186 - INFO - ["dst '[]\r\nafdfddsf'"]
2024-12-27 18:19:36,186 - INFO - 
2024-12-27 18:19:36,210 - INFO - 45
2024-12-27 18:19:36,211 - INFO - 45
2024-12-27 18:19:36,211 - INFO - ['m u_1 e', 'bcity u_4', "dst '['m u_1 e', 'bcity u_4']\r\nafdfddsf'"]
2024-12-27 18:19:36,211 - INFO - 
2024-12-27 18:19:36,250 - INFO - 46
2024-12-27 18:19:36,251 - INFO - 46
2024-12-27 18:19:36,251 - INFO - ['bw 3 4', 'm u_4 w', "dst '['bw 3 4', 'm u_4 w']\r\nafdfddsf'"]
2024-12-27 18:19:36,252 - INFO - 
2024-12-27 18:19:36,277 - INFO - 47
2024-12-27 18:19:36,278 - INFO - 47
2024-12-27 18:19:36,278 - INFO - ['bw 3 4', 'm u_1 e', "dst '['bw 3 4', 'm u_1 e']\r\nafdfddsf'"]
2024-12-27 18:19:36,278 - INFO - 
2024-12-27 18:19:36,295 - INFO - 48
2024-12-27 18:19:36,296 - INFO - 48
2024-12-27 18:19:36,296 - INFO - ['bw 3 4', 'm u_4 c', "dst '['bw 3 4', 'm u_4 c']\r\nafdfddsf'"]
2024-12-27 18:19:36,296 - INFO - 
2024-12-27 18:19:36,331 - INFO - 49
2024-12-27 18:19:36,332 - INFO - 49
2024-12-27 18:19:36,334 - INFO - ['bw 3 4', 'm u_1 e', 'm u_4 e', "dst '['bw 3 4', 'm u_1 e', 'm u_4 e']\r\nafdfddsf'"]
2024-12-27 18:19:36,334 - INFO - 
2024-12-27 18:19:36,365 - INFO - 50
2024-12-27 18:19:36,366 - INFO - 50
2024-12-27 18:19:36,366 - INFO - ['bw 3 4', 'm u_4 c', "dst '['bw 3 4', 'm u_4 c']\r\nafdfddsf'"]
2024-12-27 18:19:36,366 - INFO - 
2024-12-27 18:19:36,394 - INFO - 51
2024-12-27 18:19:36,395 - INFO - 51
2024-12-27 18:19:36,396 - INFO - ['bw 3 4', 'm u_1 e', 'm u_4 n', "dst '['bw 3 4', 'm u_1 e', 'm u_4 n']\r\nafdfddsf'"]
2024-12-27 18:19:36,396 - INFO - 
2024-12-27 18:19:36,424 - INFO - 52
2024-12-27 18:19:36,425 - INFO - 52
2024-12-27 18:19:36,426 - INFO - ['bw 3 4', "dst '['bw 3 4']\r\nafdfddsf'"]
2024-12-27 18:19:36,426 - INFO - 
2024-12-27 18:19:36,454 - INFO - 53
2024-12-27 18:19:36,455 - INFO - 53
2024-12-27 18:19:36,455 - INFO - ['bw 3 4', 'm u_1 c', 'm u_4 c', "dst '['bw 3 4', 'm u_1 c', 'm u_4 c']\r\nafdfddsf'"]
2024-12-27 18:19:36,456 - INFO - 
2024-12-27 18:19:36,486 - INFO - 54
2024-12-27 18:19:36,487 - INFO - 54
2024-12-27 18:19:36,488 - INFO - ['bw 3 4', 'm u_1 c', 'm u_4 w', "dst '['bw 3 4', 'm u_1 c', 'm u_4 w']\r\nafdfddsf'"]
2024-12-27 18:19:36,488 - INFO - 
2024-12-27 18:19:36,516 - INFO - 55
2024-12-27 18:19:36,518 - INFO - 55
2024-12-27 18:19:36,519 - INFO - ['bw 3 4', 'm u_1 w', "dst '['bw 3 4', 'm u_1 w']\r\nafdfddsf'"]
2024-12-27 18:19:36,519 - INFO - 
2024-12-27 18:19:36,543 - INFO - 56
2024-12-27 18:19:36,544 - INFO - 56
2024-12-27 18:19:36,544 - INFO - ['bw 3 4', 'bcity u_4', "dst '['bw 3 4', 'bcity u_4']\r\nafdfddsf'"]
2024-12-27 18:19:36,545 - INFO - 
2024-12-27 18:19:36,565 - INFO - 57
2024-12-27 18:19:36,567 - INFO - 57
2024-12-27 18:19:36,567 - INFO - ['bw 3 4', 'bw 2 3', 'm u_1 e', 'm u_4 c', "dst '['bw 3 4', 'bw 2 3', 'm u_1 e', 'm u_4 c']\r\nafdfddsf'"]
2024-12-27 18:19:36,567 - INFO - 
2024-12-27 18:19:36,589 - INFO - 58
2024-12-27 18:19:36,590 - INFO - 58
2024-12-27 18:19:36,591 - INFO - ['bw 3 4', 'bw 2 3', 'm u_4 e', "dst '['bw 3 4', 'bw 2 3', 'm u_4 e']\r\nafdfddsf'"]
2024-12-27 18:19:36,592 - INFO - 
2024-12-27 18:19:36,620 - INFO - 59
2024-12-27 18:19:36,623 - INFO - 59
2024-12-27 18:19:36,624 - INFO - ['bw 3 4', 'bw 2 3', 'm u_1 n', "dst '['bw 3 4', 'bw 2 3', 'm u_1 n']\r\nafdfddsf'"]
2024-12-27 18:19:36,624 - INFO - 
2024-12-27 18:19:36,652 - INFO - 60
2024-12-27 18:19:36,653 - INFO - 60
2024-12-27 18:19:36,654 - INFO - ['bw 3 4', 'bw 2 3', 'm u_1 c', 'm u_4 n', "dst '['bw 3 4', 'bw 2 3', 'm u_1 c', 'm u_4 n']\r\nafdfddsf'"]
2024-12-27 18:19:36,654 - INFO - 
2024-12-27 18:19:36,674 - INFO - 61
2024-12-27 18:19:36,675 - INFO - 61
2024-12-27 18:19:36,675 - INFO - ['bw 3 4', 'bw 2 3', 'm u_1 e', "dst '['bw 3 4', 'bw 2 3', 'm u_1 e']\r\nafdfddsf'"]
2024-12-27 18:19:36,676 - INFO - 
2024-12-27 18:19:36,693 - INFO - 62
2024-12-27 18:19:36,695 - INFO - 62
2024-12-27 18:19:36,695 - INFO - ['bw 3 4', 'bw 2 3', 'm u_4 w', "dst '['bw 3 4', 'bw 2 3', 'm u_4 w']\r\nafdfddsf'"]
2024-12-27 18:19:36,695 - INFO - 
2024-12-27 18:19:36,713 - INFO - 63
2024-12-27 18:19:36,714 - INFO - 63
2024-12-27 18:19:36,714 - INFO - ['bw 3 4', 'bw 2 3', 'm u_1 e', "dst '['bw 3 4', 'bw 2 3', 'm u_1 e']\r\nafdfddsf'"]
2024-12-27 18:19:36,714 - INFO - 
2024-12-27 18:19:36,733 - INFO - 64
2024-12-27 18:19:36,734 - INFO - 64
2024-12-27 18:19:36,734 - INFO - ['bw 3 4', 'bw 2 3', 'bcity u_4', "dst '['bw 3 4', 'bw 2 3', 'bcity u_4']\r\nafdfddsf'"]
2024-12-27 18:19:36,734 - INFO - 
2024-12-27 18:19:36,757 - INFO - 65
2024-12-27 18:19:36,758 - INFO - 65
2024-12-27 18:19:36,758 - INFO - ['bw 3 4', 'bw 2 3', 'bw 2 2', 'm u_1 n', 'm u_4 c', "dst '['bw 3 4', 'bw 2 3', 'bw 2 2', 'm u_1 n', 'm u_4 c']\r\nafdfddsf'"]
2024-12-27 18:19:36,758 - INFO - 
2024-12-27 18:19:36,777 - INFO - 66
2024-12-27 18:19:36,779 - INFO - 66
2024-12-27 18:19:36,779 - INFO - ['bw 2 3', 'bw 2 2', 'm u_1 e', 'm u_4 c', 'm u_5 w', "dst '['bw 2 3', 'bw 2 2', 'm u_1 e', 'm u_4 c', 'm u_5 w']\r\nafdfddsf'"]
2024-12-27 18:19:36,779 - INFO - 
2024-12-27 18:19:36,800 - INFO - 67
2024-12-27 18:19:36,801 - INFO - 67
2024-12-27 18:19:36,801 - INFO - ['bw 2 3', 'bw 2 2', 'm u_4 w', "dst '['bw 2 3', 'bw 2 2', 'm u_4 w']\r\nafdfddsf'"]
2024-12-27 18:19:36,801 - INFO - 
2024-12-27 18:19:36,822 - INFO - 68
2024-12-27 18:19:36,823 - INFO - 68
2024-12-27 18:19:36,823 - INFO - ['bw 2 3', 'bw 2 2', 'm u_1 w', 'm u_5 c', "dst '['bw 2 3', 'bw 2 2', 'm u_1 w', 'm u_5 c']\r\nafdfddsf'"]
2024-12-27 18:19:36,823 - INFO - 
2024-12-27 18:19:36,840 - INFO - 69
2024-12-27 18:19:36,841 - INFO - 69
2024-12-27 18:19:36,841 - INFO - ['bw 2 3', 'bw 2 2', 'm u_4 e', 'm u_5 c', "dst '['bw 2 3', 'bw 2 2', 'm u_4 e', 'm u_5 c']\r\nafdfddsf'"]
2024-12-27 18:19:36,841 - INFO - 
2024-12-27 18:19:36,866 - INFO - 70
2024-12-27 18:19:36,866 - INFO - 70
2024-12-27 18:19:36,866 - INFO - ['bw 2 3', 'bw 2 2', 'm u_1 c', 'm u_4 e', 'm u_5 w', "dst '['bw 2 3', 'bw 2 2', 'm u_1 c', 'm u_4 e', 'm u_5 w']\r\nafdfddsf'"]
2024-12-27 18:19:36,867 - INFO - 
2024-12-27 18:19:36,884 - INFO - 71
2024-12-27 18:19:36,884 - INFO - 71
2024-12-27 18:19:36,885 - INFO - ['bw 2 3', 'bw 2 2', "dst '['bw 2 3', 'bw 2 2']\r\nafdfddsf'"]
2024-12-27 18:19:36,885 - INFO - 
2024-12-27 18:19:36,907 - INFO - 72
2024-12-27 18:19:36,908 - INFO - 72
2024-12-27 18:19:36,908 - INFO - ['bw 2 2', 'm u_6 w', "dst '['bw 2 2', 'm u_6 w']\r\nafdfddsf'"]
2024-12-27 18:19:36,908 - INFO - 
2024-12-27 18:19:36,927 - INFO - 73
2024-12-27 18:19:36,927 - INFO - 73
2024-12-27 18:19:36,928 - INFO - ['bw 2 2', "dst '['bw 2 2']\r\nafdfddsf'"]
2024-12-27 18:19:36,928 - INFO - 
2024-12-27 18:19:36,944 - INFO - 74
2024-12-27 18:19:36,945 - INFO - 74
2024-12-27 18:19:36,945 - INFO - ['m u_4 e', 'm u_5 c', 'm u_7 c', "dst '['m u_4 e', 'm u_5 c', 'm u_7 c']\r\nafdfddsf'"]
2024-12-27 18:19:36,945 - INFO - 
2024-12-27 18:19:36,963 - INFO - 75
2024-12-27 18:19:36,964 - INFO - 75
2024-12-27 18:19:36,964 - INFO - ['bw 3 4', 'm u_5 w', 'm u_7 n', "dst '['bw 3 4', 'm u_5 w', 'm u_7 n']\r\nafdfddsf'"]
2024-12-27 18:19:36,964 - INFO - 
2024-12-27 18:19:36,988 - INFO - 76
2024-12-27 18:19:36,989 - INFO - 76
2024-12-27 18:19:36,989 - INFO - ['bw 3 4', "dst '['bw 3 4']\r\nafdfddsf'"]
2024-12-27 18:19:36,990 - INFO - 
2024-12-27 18:19:37,013 - INFO - 77
2024-12-27 18:19:37,013 - INFO - 77
2024-12-27 18:19:37,013 - INFO - ['m u_8 n', "dst '['m u_8 n']\r\nafdfddsf'"]
2024-12-27 18:19:37,014 - INFO - 
2024-12-27 18:19:37,035 - INFO - 78
2024-12-27 18:19:37,036 - INFO - 78
2024-12-27 18:19:37,036 - INFO - ['m u_4 n', "dst '['m u_4 n']\r\nafdfddsf'"]
2024-12-27 18:19:37,036 - INFO - 
2024-12-27 18:19:37,096 - INFO - 79
2024-12-27 18:19:37,097 - INFO - 79
2024-12-27 18:19:37,097 - INFO - ['m u_5 c', "dst '['m u_5 c']\r\nafdfddsf'"]
2024-12-27 18:19:37,097 - INFO - 
2024-12-27 18:19:37,121 - INFO - 80
2024-12-27 18:19:37,121 - INFO - 80
2024-12-27 18:19:37,121 - INFO - ['m u_5 c', "dst '['m u_5 c']\r\nafdfddsf'"]
2024-12-27 18:19:37,122 - INFO - 
2024-12-27 18:19:37,144 - INFO - 81
2024-12-27 18:19:37,145 - INFO - 81
2024-12-27 18:19:37,145 - INFO - ['m u_5 w', 'm u_8 n', "dst '['m u_5 w', 'm u_8 n']\r\nafdfddsf'"]
2024-12-27 18:19:37,145 - INFO - 
2024-12-27 18:19:37,162 - INFO - 82
2024-12-27 18:19:37,163 - INFO - 82
2024-12-27 18:19:37,163 - INFO - ['bcity u_4', 'm u_5 w', "dst '['bcity u_4', 'm u_5 w']\r\nafdfddsf'"]
2024-12-27 18:19:37,163 - INFO - 
2024-12-27 18:19:37,182 - INFO - 83
2024-12-27 18:19:37,183 - INFO - 83
2024-12-27 18:19:37,183 - INFO - ['bw 4 1', 'm u_4 w', 'm u_5 w', 'm u_8 e', "dst '['bw 4 1', 'm u_4 w', 'm u_5 w', 'm u_8 e']\r\nafdfddsf'"]
2024-12-27 18:19:37,183 - INFO - 
2024-12-27 18:19:37,204 - INFO - 84
2024-12-27 18:19:37,205 - INFO - 84
2024-12-27 18:19:37,205 - INFO - ['bw 4 1', 'm u_5 n', "dst '['bw 4 1', 'm u_5 n']\r\nafdfddsf'"]
2024-12-27 18:19:37,205 - INFO - 
2024-12-27 18:19:37,240 - INFO - 85
2024-12-27 18:19:37,241 - INFO - 85
2024-12-27 18:19:37,241 - INFO - ['bw 4 1', 'm u_4 n', 'm u_8 e', "dst '['bw 4 1', 'm u_4 n', 'm u_8 e']\r\nafdfddsf'"]
2024-12-27 18:19:37,241 - INFO - 
2024-12-27 18:19:37,263 - INFO - 86
2024-12-27 18:19:37,264 - INFO - 86
2024-12-27 18:19:37,264 - INFO - ['bw 3 4', 'bw 4 1', 'm u_5 e', "dst '['bw 3 4', 'bw 4 1', 'm u_5 e']\r\nafdfddsf'"]
2024-12-27 18:19:37,264 - INFO - 
2024-12-27 18:19:37,293 - INFO - 87
2024-12-27 18:19:37,294 - INFO - 87
2024-12-27 18:19:37,294 - INFO - ['bw 3 4', 'bw 4 1', 'm u_4 n', 'bcity u_8', "dst '['bw 3 4', 'bw 4 1', 'm u_4 n', 'bcity u_8']\r\nafdfddsf'"]
2024-12-27 18:19:37,294 - INFO - 
2024-12-27 18:19:37,316 - INFO - 88
2024-12-27 18:19:37,318 - INFO - 88
2024-12-27 18:19:37,318 - INFO - ['bw 3 4', 'bw 4 1', 'bw 5 2', 'm u_4 e', 'm u_5 w', 'm u_8 c', "dst '['bw 3 4', 'bw 4 1', 'bw 5 2', 'm u_4 e', 'm u_5 w', 'm u_8 c']\r\nafdfddsf'"]
2024-12-27 18:19:37,319 - INFO - 
2024-12-27 18:19:37,346 - INFO - 89
2024-12-27 18:19:37,348 - INFO - 89
2024-12-27 18:19:37,349 - INFO - ['bw 3 4', 'bw 4 1', 'bw 5 2', 'm u_8 w', "dst '['bw 3 4', 'bw 4 1', 'bw 5 2', 'm u_8 w']\r\nafdfddsf'"]
2024-12-27 18:19:37,349 - INFO - 
2024-12-27 18:19:37,392 - INFO - 90
2024-12-27 18:19:37,393 - INFO - 90
2024-12-27 18:19:37,393 - INFO - ['bw 3 4', 'bw 4 1', 'bw 5 2', 'm u_4 n', 'm u_5 e', "dst '['bw 3 4', 'bw 4 1', 'bw 5 2', 'm u_4 n', 'm u_5 e']\r\nafdfddsf'"]
2024-12-27 18:19:37,394 - INFO - 
2024-12-27 18:19:37,440 - INFO - 91
2024-12-27 18:19:37,441 - INFO - 91
2024-12-27 18:19:37,442 - INFO - ['bw 3 4', 'bw 4 1', 'bw 5 2', 'm u_4 c', 'm u_8 n', "dst '['bw 3 4', 'bw 4 1', 'bw 5 2', 'm u_4 c', 'm u_8 n']\r\nafdfddsf'"]
2024-12-27 18:19:37,442 - INFO - 
2024-12-27 18:19:37,473 - INFO - 92
2024-12-27 18:19:37,475 - INFO - 92
2024-12-27 18:19:37,475 - INFO - ['bw 3 4', 'bw 4 1', 'bw 5 2', 'm u_4 e', 'm u_5 c', 'm u_8 c', "dst '['bw 3 4', 'bw 4 1', 'bw 5 2', 'm u_4 e', 'm u_5 c', 'm u_8 c']\r\nafdfddsf'"]
2024-12-27 18:19:37,475 - INFO - 
2024-12-27 18:19:37,508 - INFO - 93
2024-12-27 18:19:37,509 - INFO - 93
2024-12-27 18:19:37,509 - INFO - ['bw 3 4', 'bw 4 1', 'bw 5 2', 'm u_5 e', 'm u_8 c', "dst '['bw 3 4', 'bw 4 1', 'bw 5 2', 'm u_5 e', 'm u_8 c']\r\nafdfddsf'"]
2024-12-27 18:19:37,510 - INFO - 
2024-12-27 18:19:37,533 - INFO - 94
2024-12-27 18:19:37,534 - INFO - 94
2024-12-27 18:19:37,535 - INFO - ['bw 3 4', 'bw 4 1', 'bw 5 2', 'm u_4 n', 'm u_8 e', "dst '['bw 3 4', 'bw 4 1', 'bw 5 2', 'm u_4 n', 'm u_8 e']\r\nafdfddsf'"]
2024-12-27 18:19:37,536 - INFO - 
2024-12-27 18:19:37,566 - INFO - 95
2024-12-27 18:19:37,567 - INFO - 95
2024-12-27 18:19:37,568 - INFO - ['bw 3 4', 'bw 4 1', 'bw 5 2', 'm u_4 w', 'bcity u_5', "dst '['bw 3 4', 'bw 4 1', 'bw 5 2', 'm u_4 w', 'bcity u_5']\r\nafdfddsf'"]
2024-12-27 18:19:37,568 - INFO - 
2024-12-27 18:19:37,595 - INFO - 96
2024-12-27 18:19:37,597 - INFO - 96
2024-12-27 18:19:37,597 - INFO - ['bw 3 4', 'bw 4 1', 'bw 5 2', 'bw 2 3', 'm u_5 n', 'm u_8 n', "dst '['bw 3 4', 'bw 4 1', 'bw 5 2', 'bw 2 3', 'm u_5 n', 'm u_8 n']\r\nafdfddsf'"]
2024-12-27 18:19:37,597 - INFO - 
2024-12-27 18:19:37,631 - INFO - 97
2024-12-27 18:19:37,632 - INFO - 97
2024-12-27 18:19:37,633 - INFO - ['bw 4 1', 'bw 5 2', 'bw 2 3', 'm u_4 e', 'm u_9 e', "dst '['bw 4 1', 'bw 5 2', 'bw 2 3', 'm u_4 e', 'm u_9 e']\r\nafdfddsf'"]
2024-12-27 18:19:37,633 - INFO - 
2024-12-27 18:19:37,662 - INFO - 98
2024-12-27 18:19:37,663 - INFO - 98
2024-12-27 18:19:37,663 - INFO - ['bw 4 1', 'bw 5 2', 'bw 2 3', 'm u_4 c', 'm u_5 n', 'm u_8 c', "dst '['bw 4 1', 'bw 5 2', 'bw 2 3', 'm u_4 c', 'm u_5 n', 'm u_8 c']\r\nafdfddsf'"]
2024-12-27 18:19:37,664 - INFO - 
2024-12-27 18:19:37,700 - INFO - 99
2024-12-27 18:19:37,701 - INFO - 99
2024-12-27 18:19:37,701 - INFO - ['bw 4 1', 'bw 5 2', 'bw 2 3', 'm u_4 n', 'm u_8 n', 'm u_9 w', "dst '['bw 4 1', 'bw 5 2', 'bw 2 3', 'm u_4 n', 'm u_8 n', 'm u_9 w']\r\nafdfddsf'"]
2024-12-27 18:19:37,702 - INFO - 
2024-12-27 18:19:37,721 - INFO - 100
2024-12-27 18:19:37,722 - INFO - 100
2024-12-27 18:19:37,723 - INFO - ['bw 4 1', 'bw 5 2', 'bw 2 3', 'm u_4 n', 'm u_5 c', 'm u_8 c', 'm u_9 w', "dst '['bw 4 1', 'bw 5 2', 'bw 2 3', 'm u_4 n', 'm u_5 c', 'm u_8 c', 'm u_9 w']\r\nafdfddsf'"]
2024-12-27 18:19:37,723 - INFO - 
2024-12-27 18:19:37,760 - INFO - 101
2024-12-27 18:19:37,761 - INFO - 101
2024-12-27 18:19:37,761 - INFO - ['bw 4 1', 'bw 5 2', 'bw 2 3', 'm u_4 c', 'm u_5 e', 'm u_8 w', "dst '['bw 4 1', 'bw 5 2', 'bw 2 3', 'm u_4 c', 'm u_5 e', 'm u_8 w']\r\nafdfddsf'"]
2024-12-27 18:19:37,761 - INFO - 
2024-12-27 18:19:37,786 - INFO - 102
2024-12-27 18:19:37,787 - INFO - 102
2024-12-27 18:19:37,787 - INFO - ['bw 4 1', 'bw 5 2', 'bw 2 3', 'm u_4 c', 'm u_8 c', 'm u_9 e', "dst '['bw 4 1', 'bw 5 2', 'bw 2 3', 'm u_4 c', 'm u_8 c', 'm u_9 e']\r\nafdfddsf'"]
2024-12-27 18:19:37,787 - INFO - 
2024-12-27 18:19:37,820 - INFO - 103
2024-12-27 18:19:37,821 - INFO - 103
2024-12-27 18:19:37,822 - INFO - ['bw 4 1', 'bw 5 2', 'bw 2 3', 'm u_4 w', 'm u_5 e', 'm u_8 w', 'm u_9 w', "dst '['bw 4 1', 'bw 5 2', 'bw 2 3', 'm u_4 w', 'm u_5 e', 'm u_8 w', 'm u_9 w']\r\nafdfddsf'"]
2024-12-27 18:19:37,822 - INFO - 
2024-12-27 18:19:37,846 - INFO - 104
2024-12-27 18:19:37,847 - INFO - 104
2024-12-27 18:19:37,847 - INFO - ['bw 4 1', 'bw 5 2', 'bw 2 3', 'm u_5 n', "dst '['bw 4 1', 'bw 5 2', 'bw 2 3', 'm u_5 n']\r\nafdfddsf'"]
2024-12-27 18:19:37,847 - INFO - 
2024-12-27 18:19:37,872 - INFO - 105
2024-12-27 18:19:37,873 - INFO - 105
2024-12-27 18:19:37,873 - INFO - ['bw 4 1', 'bw 5 2', 'bw 2 3', 'm u_4 c', 'm u_5 c', 'm u_8 n', 'm u_9 e', "dst '['bw 4 1', 'bw 5 2', 'bw 2 3', 'm u_4 c', 'm u_5 c', 'm u_8 n', 'm u_9 e']\r\nafdfddsf'"]
2024-12-27 18:19:37,873 - INFO - 
2024-12-27 18:19:37,903 - INFO - 106
2024-12-27 18:19:37,904 - INFO - 106
2024-12-27 18:19:37,905 - INFO - ['bw 3 4', 'bw 4 1', 'bw 5 2', 'bw 2 3', 'm u_4 n', 'm u_5 c', 'm u_8 c', 'm u_9 n', "dst '['bw 3 4', 'bw 4 1', 'bw 5 2', 'bw 2 3', 'm u_4 n', 'm u_5 c', 'm u_8 c', 'm u_9 n']\r\nafdfddsf'"]
2024-12-27 18:19:37,905 - INFO - 
2024-12-27 18:19:37,931 - INFO - 107
2024-12-27 18:19:37,932 - INFO - 107
2024-12-27 18:19:37,932 - INFO - ['bw 3 4', 'bw 4 1', 'bw 5 2', 'bw 2 3', 'm u_4 n', 'm u_5 n', 'm u_8 c', "dst '['bw 3 4', 'bw 4 1', 'bw 5 2', 'bw 2 3', 'm u_4 n', 'm u_5 n', 'm u_8 c']\r\nafdfddsf'"]
2024-12-27 18:19:37,932 - INFO - 
2024-12-27 18:19:37,968 - INFO - 108
2024-12-27 18:19:37,969 - INFO - 108
2024-12-27 18:19:37,969 - INFO - ['bw 3 4', 'bw 4 1', 'bw 5 2', 'bw 2 3', 'm u_4 n', 'm u_5 n', 'm u_8 e', 'm u_9 n', "dst '['bw 3 4', 'bw 4 1', 'bw 5 2', 'bw 2 3', 'm u_4 n', 'm u_5 n', 'm u_8 e', 'm u_9 n']\r\nafdfddsf'"]
2024-12-27 18:19:37,970 - INFO - 
2024-12-27 18:19:37,997 - INFO - 109
2024-12-27 18:19:37,998 - INFO - 109
2024-12-27 18:19:37,998 - INFO - ['bw 3 4', 'bw 4 1', 'bw 5 2', 'bw 2 3', 'm u_4 c', "dst '['bw 3 4', 'bw 4 1', 'bw 5 2', 'bw 2 3', 'm u_4 c']\r\nafdfddsf'"]
2024-12-27 18:19:37,998 - INFO - 
2024-12-27 18:19:38,023 - INFO - 110
2024-12-27 18:19:38,024 - INFO - 110
2024-12-27 18:19:38,024 - INFO - ['bw 3 4', 'bw 4 1', 'bw 5 2', 'bw 2 3', 'm u_4 e', 'm u_5 w', 'm u_8 c', 'm u_9 c', "dst '['bw 3 4', 'bw 4 1', 'bw 5 2', 'bw 2 3', 'm u_4 e', 'm u_5 w', 'm u_8 c', 'm u_9 c']\r\nafdfddsf'"]
2024-12-27 18:19:38,024 - INFO - 
2024-12-27 18:19:38,057 - INFO - 111
2024-12-27 18:19:38,058 - INFO - 111
2024-12-27 18:19:38,058 - INFO - ['bw 3 4', 'bw 4 1', 'bw 5 2', 'bw 2 3', 'm u_9 w', "dst '['bw 3 4', 'bw 4 1', 'bw 5 2', 'bw 2 3', 'm u_9 w']\r\nafdfddsf'"]
2024-12-27 18:19:38,059 - INFO - 
2024-12-27 18:19:38,136 - INFO - 112
2024-12-27 18:19:38,137 - INFO - 112
2024-12-27 18:19:38,138 - INFO - ['m u_10 c', 'm u_11 w', "dst '['m u_10 c', 'm u_11 w']\r\nafdfddsf'"]
2024-12-27 18:19:38,138 - INFO - 
2024-12-27 18:19:38,167 - INFO - 113
2024-12-27 18:19:38,167 - INFO - 113
2024-12-27 18:19:38,168 - INFO - ['m u_10 w', "dst '['m u_10 w']\r\nafdfddsf'"]
2024-12-27 18:19:38,168 - INFO - 
2024-12-27 18:19:38,199 - INFO - 114
2024-12-27 18:19:38,200 - INFO - 114
2024-12-27 18:19:38,201 - INFO - ['m u_4 c', "dst '['m u_4 c']\r\nafdfddsf'"]
2024-12-27 18:19:38,201 - INFO - 
2024-12-27 18:19:38,236 - INFO - 115
2024-12-27 18:19:38,236 - INFO - 115
2024-12-27 18:19:38,236 - INFO - ['m u_4 n', 'm u_9 n', "dst '['m u_4 n', 'm u_9 n']\r\nafdfddsf'"]
2024-12-27 18:19:38,237 - INFO - 
2024-12-27 18:19:38,260 - INFO - 116
2024-12-27 18:19:38,261 - INFO - 116
2024-12-27 18:19:38,262 - INFO - ['m u_4 w', 'm u_11 e', "dst '['m u_4 w', 'm u_11 e']\r\nafdfddsf'"]
2024-12-27 18:19:38,263 - INFO - 
2024-12-27 18:19:38,286 - INFO - 117
2024-12-27 18:19:38,286 - INFO - 117
2024-12-27 18:19:38,287 - INFO - ['m u_10 w', 'm u_11 w', "dst '['m u_10 w', 'm u_11 w']\r\nafdfddsf'"]
2024-12-27 18:19:38,287 - INFO - 
2024-12-27 18:19:38,316 - INFO - 118
2024-12-27 18:19:38,318 - INFO - 118
2024-12-27 18:19:38,318 - INFO - ["dst '[]\r\nafdfddsf'"]
2024-12-27 18:19:38,318 - INFO - 
2024-12-27 18:19:38,349 - INFO - 119
2024-12-27 18:19:38,351 - INFO - 119
2024-12-27 18:19:38,351 - INFO - ['m u_9 w', "dst '['m u_9 w']\r\nafdfddsf'"]
2024-12-27 18:19:38,351 - INFO - 
2024-12-27 18:19:38,376 - INFO - 120
2024-12-27 18:19:38,377 - INFO - 120
2024-12-27 18:19:38,378 - INFO - ['m u_4 n', "dst '['m u_4 n']\r\nafdfddsf'"]
2024-12-27 18:19:38,378 - INFO - 
2024-12-27 18:19:38,402 - INFO - 121
2024-12-27 18:19:38,404 - INFO - 121
2024-12-27 18:19:38,404 - INFO - ['bw 3 4', 'bw 4 1', 'm u_4 n', 'bcity u_10', 'm u_11 n', "dst '['bw 3 4', 'bw 4 1', 'm u_4 n', 'bcity u_10', 'm u_11 n']\r\nafdfddsf'"]
2024-12-27 18:19:38,404 - INFO - 
2024-12-27 18:19:38,431 - INFO - 122
2024-12-27 18:19:38,433 - INFO - 122
2024-12-27 18:19:38,433 - INFO - ['bw 3 4', 'bw 4 1', 'bw 1 4', 'm u_4 w', 'm u_10 e', 'm u_11 n', "dst '['bw 3 4', 'bw 4 1', 'bw 1 4', 'm u_4 w', 'm u_10 e', 'm u_11 n']\r\nafdfddsf'"]
2024-12-27 18:19:38,433 - INFO - 
2024-12-27 18:19:38,520 - INFO - 123
2024-12-27 18:19:38,521 - INFO - 123
2024-12-27 18:19:38,522 - INFO - ['bw 3 4', 'bw 4 1', 'bw 1 4', 'm u_9 c', "dst '['bw 3 4', 'bw 4 1', 'bw 1 4', 'm u_9 c']\r\nafdfddsf'"]
2024-12-27 18:19:38,525 - INFO - 
2024-12-27 18:19:38,557 - INFO - 124
2024-12-27 18:19:38,558 - INFO - 124
2024-12-27 18:19:38,559 - INFO - ['bw 3 4', 'bw 4 1', 'bw 1 4', 'm u_4 c', 'm u_9 c', 'm u_10 w', 'm u_11 c', "dst '['bw 3 4', 'bw 4 1', 'bw 1 4', 'm u_4 c', 'm u_9 c', 'm u_10 w', 'm u_11 c']\r\nafdfddsf'"]
2024-12-27 18:19:38,560 - INFO - 
2024-12-27 18:19:38,588 - INFO - 125
2024-12-27 18:19:38,589 - INFO - 125
2024-12-27 18:19:38,589 - INFO - ['bw 3 4', 'bw 4 1', 'bw 1 4', 'm u_4 w', 'm u_9 c', 'm u_10 e', 'm u_11 w', "dst '['bw 3 4', 'bw 4 1', 'bw 1 4', 'm u_4 w', 'm u_9 c', 'm u_10 e', 'm u_11 w']\r\nafdfddsf'"]
2024-12-27 18:19:38,590 - INFO - 
2024-12-27 18:19:38,620 - INFO - 126
2024-12-27 18:19:38,621 - INFO - 126
2024-12-27 18:19:38,621 - INFO - ['bw 3 4', 'bw 4 1', 'bw 1 4', 'm u_9 c', "dst '['bw 3 4', 'bw 4 1', 'bw 1 4', 'm u_9 c']\r\nafdfddsf'"]
2024-12-27 18:19:38,622 - INFO - 
2024-12-27 18:19:38,648 - INFO - 127
2024-12-27 18:19:38,649 - INFO - 127
2024-12-27 18:19:38,649 - INFO - ['bw 3 4', 'bw 4 1', 'bw 1 4', 'm u_4 n', 'm u_9 w', 'm u_10 n', 'm u_11 n', "dst '['bw 3 4', 'bw 4 1', 'bw 1 4', 'm u_4 n', 'm u_9 w', 'm u_10 n', 'm u_11 n']\r\nafdfddsf'"]
2024-12-27 18:19:38,650 - INFO - 
2024-12-27 18:19:38,668 - INFO - 128
2024-12-27 18:19:38,669 - INFO - 128
2024-12-27 18:19:38,670 - INFO - ['bw 3 4', 'bw 4 1', 'bw 1 4', 'm u_4 n', 'm u_11 n', "dst '['bw 3 4', 'bw 4 1', 'bw 1 4', 'm u_4 n', 'm u_11 n']\r\nafdfddsf'"]
2024-12-27 18:19:38,670 - INFO - 
2024-12-27 18:19:38,699 - INFO - 129
2024-12-27 18:19:38,700 - INFO - 129
2024-12-27 18:19:38,700 - INFO - ['bw 3 4', 'bw 4 1', 'bw 1 4', 'm u_4 c', 'm u_9 c', 'bcity u_10', 'm u_11 w', "dst '['bw 3 4', 'bw 4 1', 'bw 1 4', 'm u_4 c', 'm u_9 c', 'bcity u_10', 'm u_11 w']\r\nafdfddsf'"]
2024-12-27 18:19:38,700 - INFO - 
2024-12-27 18:19:38,722 - INFO - 130
2024-12-27 18:19:38,723 - INFO - 130
2024-12-27 18:19:38,724 - INFO - ['bw 3 4', 'bw 4 1', 'bw 1 4', 'bw 2 3', 'm u_4 w', 'm u_9 w', 'm u_10 c', 'm u_11 w', "dst '['bw 3 4', 'bw 4 1', 'bw 1 4', 'bw 2 3', 'm u_4 w', 'm u_9 w', 'm u_10 c', 'm u_11 w']\r\nafdfddsf'"]
2024-12-27 18:19:38,724 - INFO - 
2024-12-27 18:19:38,752 - INFO - 131
2024-12-27 18:19:38,753 - INFO - 131
2024-12-27 18:19:38,753 - INFO - ['bw 3 4', 'bw 4 1', 'bw 1 4', 'bw 2 3', 'm u_9 n', 'm u_10 c', "dst '['bw 3 4', 'bw 4 1', 'bw 1 4', 'bw 2 3', 'm u_9 n', 'm u_10 c']\r\nafdfddsf'"]
2024-12-27 18:19:38,753 - INFO - 
2024-12-27 18:19:38,782 - INFO - 132
2024-12-27 18:19:38,783 - INFO - 132
2024-12-27 18:19:38,783 - INFO - ['bw 3 4', 'bw 4 1', 'bw 1 4', 'bw 2 3', 'm u_4 w', 'm u_9 n', 'm u_10 w', 'm u_11 e', "dst '['bw 3 4', 'bw 4 1', 'bw 1 4', 'bw 2 3', 'm u_4 w', 'm u_9 n', 'm u_10 w', 'm u_11 e']\r\nafdfddsf'"]
2024-12-27 18:19:38,784 - INFO - 
2024-12-27 18:19:38,824 - INFO - 133
2024-12-27 18:19:38,826 - INFO - 133
2024-12-27 18:19:38,826 - INFO - ['bw 3 4', 'bw 4 1', 'bw 1 4', 'bw 2 3', 'm u_4 w', 'm u_9 e', "dst '['bw 3 4', 'bw 4 1', 'bw 1 4', 'bw 2 3', 'm u_4 w', 'm u_9 e']\r\nafdfddsf'"]
2024-12-27 18:19:38,827 - INFO - 
2024-12-27 18:19:38,853 - INFO - 134
2024-12-27 18:19:38,854 - INFO - 134
2024-12-27 18:19:38,855 - INFO - ['bw 3 4', 'bw 4 1', 'bw 1 4', 'bw 2 3', 'm u_4 w', 'm u_10 w', 'm u_11 c', "dst '['bw 3 4', 'bw 4 1', 'bw 1 4', 'bw 2 3', 'm u_4 w', 'm u_10 w', 'm u_11 c']\r\nafdfddsf'"]
2024-12-27 18:19:38,855 - INFO - 
2024-12-27 18:19:38,876 - INFO - 135
2024-12-27 18:19:38,876 - INFO - 135
2024-12-27 18:19:38,877 - INFO - ['bw 3 4', 'bw 4 1', 'bw 1 4', 'bw 2 3', 'm u_4 c', 'm u_9 e', 'm u_11 c', "dst '['bw 3 4', 'bw 4 1', 'bw 1 4', 'bw 2 3', 'm u_4 c', 'm u_9 e', 'm u_11 c']\r\nafdfddsf'"]
2024-12-27 18:19:38,877 - INFO - 
2024-12-27 18:19:38,897 - INFO - 136
2024-12-27 18:19:38,898 - INFO - 136
2024-12-27 18:19:38,898 - INFO - ['bw 3 4', 'bw 4 1', 'bw 1 4', 'bw 2 3', 'm u_4 n', 'm u_10 n', 'm u_11 e', "dst '['bw 3 4', 'bw 4 1', 'bw 1 4', 'bw 2 3', 'm u_4 n', 'm u_10 n', 'm u_11 e']\r\nafdfddsf'"]
2024-12-27 18:19:38,899 - INFO - 
2024-12-27 18:19:38,919 - INFO - 137
2024-12-27 18:19:38,920 - INFO - 137
2024-12-27 18:19:38,920 - INFO - ['bw 3 4', 'bw 4 1', 'bw 1 4', 'bw 2 3', 'm u_4 n', 'm u_9 n', "dst '['bw 3 4', 'bw 4 1', 'bw 1 4', 'bw 2 3', 'm u_4 n', 'm u_9 n']\r\nafdfddsf'"]
2024-12-27 18:19:38,920 - INFO - 
2024-12-27 18:19:38,939 - INFO - 138
2024-12-27 18:19:38,939 - INFO - 138
2024-12-27 18:19:38,939 - INFO - ['bw 3 4', 'bw 4 1', 'bw 1 4', 'bw 2 3', 'm u_4 w', 'm u_10 c', 'm u_11 n', "dst '['bw 3 4', 'bw 4 1', 'bw 1 4', 'bw 2 3', 'm u_4 w', 'm u_10 c', 'm u_11 n']\r\nafdfddsf'"]
2024-12-27 18:19:38,939 - INFO - 
2024-12-27 18:19:38,963 - INFO - 139
2024-12-27 18:19:38,963 - INFO - 139
2024-12-27 18:19:38,963 - INFO - ['bw 3 4', 'bw 4 1', 'bw 1 4', 'bw 2 3', 'm u_4 n', 'm u_9 c', 'm u_10 n', 'm u_11 n', "dst '['bw 3 4', 'bw 4 1', 'bw 1 4', 'bw 2 3', 'm u_4 n', 'm u_9 c', 'm u_10 n', 'm u_11 n']\r\nafdfddsf'"]
2024-12-27 18:19:38,964 - INFO - 
2024-12-27 18:19:38,984 - INFO - 140
2024-12-27 18:19:38,985 - INFO - 140
2024-12-27 18:19:38,985 - INFO - ['bw 3 4', 'bw 4 1', 'bw 1 4', 'bw 2 3', 'm u_4 c', 'm u_9 w', 'm u_11 n', "dst '['bw 3 4', 'bw 4 1', 'bw 1 4', 'bw 2 3', 'm u_4 c', 'm u_9 w', 'm u_11 n']\r\nafdfddsf'"]
2024-12-27 18:19:38,985 - INFO - 
2024-12-27 18:19:39,001 - INFO - 141
2024-12-27 18:19:39,002 - INFO - 141
2024-12-27 18:19:39,002 - INFO - ['bw 3 4', 'bw 4 1', 'bw 1 4', 'bw 2 3', 'm u_4 c', 'm u_10 n', 'm u_11 n', "dst '['bw 3 4', 'bw 4 1', 'bw 1 4', 'bw 2 3', 'm u_4 c', 'm u_10 n', 'm u_11 n']\r\nafdfddsf'"]
2024-12-27 18:19:39,003 - INFO - 
2024-12-27 18:19:39,023 - INFO - 142
2024-12-27 18:19:39,024 - INFO - 142
2024-12-27 18:19:39,024 - INFO - ['bw 3 4', 'bw 4 1', 'bw 1 4', 'bw 2 3', 'm u_4 w', 'm u_9 e', 'm u_10 e', 'm u_11 c', "dst '['bw 3 4', 'bw 4 1', 'bw 1 4', 'bw 2 3', 'm u_4 w', 'm u_9 e', 'm u_10 e', 'm u_11 c']\r\nafdfddsf'"]
2024-12-27 18:19:39,024 - INFO - 
2024-12-27 18:19:39,048 - INFO - 143
2024-12-27 18:19:39,049 - INFO - 143
2024-12-27 18:19:39,049 - INFO - ['bw 3 4', 'bw 4 1', 'bw 1 4', 'bw 2 3', 'm u_4 e', 'm u_11 c', "dst '['bw 3 4', 'bw 4 1', 'bw 1 4', 'bw 2 3', 'm u_4 e', 'm u_11 c']\r\nafdfddsf'"]
2024-12-27 18:19:39,049 - INFO - 
2024-12-27 18:19:39,069 - INFO - 144
2024-12-27 18:19:39,070 - INFO - 144
2024-12-27 18:19:39,070 - INFO - ['bw 3 4', 'bw 4 1', 'bw 1 4', 'bw 2 3', 'm u_9 e', 'm u_10 w', 'm u_11 c', "dst '['bw 3 4', 'bw 4 1', 'bw 1 4', 'bw 2 3', 'm u_9 e', 'm u_10 w', 'm u_11 c']\r\nafdfddsf'"]
2024-12-27 18:19:39,071 - INFO - 
2024-12-27 18:19:39,088 - INFO - 145
2024-12-27 18:19:39,089 - INFO - 145
2024-12-27 18:19:39,089 - INFO - ['bw 3 4', 'bw 4 1', 'bw 1 4', 'bw 2 3', 'm u_4 e', 'm u_9 w', 'm u_11 e', "dst '['bw 3 4', 'bw 4 1', 'bw 1 4', 'bw 2 3', 'm u_4 e', 'm u_9 w', 'm u_11 e']\r\nafdfddsf'"]
2024-12-27 18:19:39,090 - INFO - 
2024-12-27 18:19:39,106 - INFO - 146
2024-12-27 18:19:39,107 - INFO - 146
2024-12-27 18:19:39,107 - INFO - ['bw 3 4', 'bw 4 1', 'bw 1 4', 'bw 2 3', 'm u_10 n', "dst '['bw 3 4', 'bw 4 1', 'bw 1 4', 'bw 2 3', 'm u_10 n']\r\nafdfddsf'"]
2024-12-27 18:19:39,107 - INFO - 
2024-12-27 18:19:39,126 - INFO - 147
2024-12-27 18:19:39,127 - INFO - 147
2024-12-27 18:19:39,127 - INFO - ['bw 3 4', 'bw 4 1', 'bw 1 4', 'bw 2 3', 'm u_4 n', 'm u_9 w', 'm u_11 n', "dst '['bw 3 4', 'bw 4 1', 'bw 1 4', 'bw 2 3', 'm u_4 n', 'm u_9 w', 'm u_11 n']\r\nafdfddsf'"]
2024-12-27 18:19:39,127 - INFO - 
2024-12-27 18:19:39,152 - INFO - 148
2024-12-27 18:19:39,153 - INFO - 148
2024-12-27 18:19:39,154 - INFO - ['bw 3 4', 'bw 4 1', 'bw 1 4', 'bw 2 3', 'm u_4 n', 'm u_9 c', 'm u_10 e', 'm u_11 c', "dst '['bw 3 4', 'bw 4 1', 'bw 1 4', 'bw 2 3', 'm u_4 n', 'm u_9 c', 'm u_10 e', 'm u_11 c']\r\nafdfddsf'"]
2024-12-27 18:19:39,154 - INFO - 
2024-12-27 18:19:39,178 - INFO - 149
2024-12-27 18:19:39,180 - INFO - 149
2024-12-27 18:19:39,180 - INFO - ['bw 3 4', 'bw 4 1', 'bw 1 4', 'bw 2 3', 'm u_4 e', 'm u_9 n', 'm u_10 c', 'm u_11 e', "dst '['bw 3 4', 'bw 4 1', 'bw 1 4', 'bw 2 3', 'm u_4 e', 'm u_9 n', 'm u_10 c', 'm u_11 e']\r\nafdfddsf'"]
2024-12-27 18:19:39,181 - INFO - 
2024-12-27 18:19:39,201 - INFO - 150
2024-12-27 18:19:39,202 - INFO - 150
2024-12-27 18:19:39,203 - INFO - ['bw 3 4', 'bw 4 1', 'bw 1 4', 'bw 2 3', 'm u_9 e', 'm u_10 c', "dst '['bw 3 4', 'bw 4 1', 'bw 1 4', 'bw 2 3', 'm u_9 e', 'm u_10 c']\r\nafdfddsf'"]
2024-12-27 18:19:39,203 - INFO - 
2024-12-27 18:19:39,224 - INFO - 151
2024-12-27 18:19:39,224 - INFO - 151
2024-12-27 18:19:39,225 - INFO - ['bw 3 4', 'bw 4 1', 'bw 1 4', 'bw 2 3', 'm u_11 w', "dst '['bw 3 4', 'bw 4 1', 'bw 1 4', 'bw 2 3', 'm u_11 w']\r\nafdfddsf'"]
2024-12-27 18:19:39,225 - INFO - 
2024-12-27 18:19:39,242 - INFO - 152
2024-12-27 18:19:39,243 - INFO - 152
2024-12-27 18:19:39,243 - INFO - ['bw 1 4', 'bw 2 3', 'm u_12 e', 'm u_13 n', "dst '['bw 1 4', 'bw 2 3', 'm u_12 e', 'm u_13 n']\r\nafdfddsf'"]
2024-12-27 18:19:39,243 - INFO - 
2024-12-27 18:19:39,261 - INFO - 153
2024-12-27 18:19:39,261 - INFO - 153
2024-12-27 18:19:39,261 - INFO - ['bw 1 4', 'bw 2 3', 'm u_13 e', "dst '['bw 1 4', 'bw 2 3', 'm u_13 e']\r\nafdfddsf'"]
2024-12-27 18:19:39,261 - INFO - 
2024-12-27 18:19:39,279 - INFO - 154
2024-12-27 18:19:39,280 - INFO - 154
2024-12-27 18:19:39,280 - INFO - ['bw 2 3', 'm u_9 n', "dst '['bw 2 3', 'm u_9 n']\r\nafdfddsf'"]
2024-12-27 18:19:39,280 - INFO - 
2024-12-27 18:19:39,302 - INFO - 155
2024-12-27 18:19:39,303 - INFO - 155
2024-12-27 18:19:39,303 - INFO - ['bw 2 3', 'm u_9 c', 'm u_11 e', "dst '['bw 2 3', 'm u_9 c', 'm u_11 e']\r\nafdfddsf'"]
2024-12-27 18:19:39,304 - INFO - 
2024-12-27 18:19:39,325 - INFO - 156
2024-12-27 18:19:39,326 - INFO - 156
2024-12-27 18:19:39,326 - INFO - ['m u_9 n', 'm u_12 n', "dst '['m u_9 n', 'm u_12 n']\r\nafdfddsf'"]
2024-12-27 18:19:39,326 - INFO - 
2024-12-27 18:19:39,345 - INFO - 157
2024-12-27 18:19:39,346 - INFO - 157
2024-12-27 18:19:39,346 - INFO - ['m u_9 c', "dst '['m u_9 c']\r\nafdfddsf'"]
2024-12-27 18:19:39,346 - INFO - 
2024-12-27 18:19:39,365 - INFO - 158
2024-12-27 18:19:39,366 - INFO - 158
2024-12-27 18:19:39,366 - INFO - ['m u_9 e', "dst '['m u_9 e']\r\nafdfddsf'"]
2024-12-27 18:19:39,367 - INFO - 
2024-12-27 18:19:39,386 - INFO - 159
2024-12-27 18:19:39,387 - INFO - 159
2024-12-27 18:19:39,387 - INFO - ['m u_11 e', "dst '['m u_11 e']\r\nafdfddsf'"]
2024-12-27 18:19:39,387 - INFO - 
2024-12-27 18:19:39,403 - INFO - 160
2024-12-27 18:19:39,404 - INFO - 160
2024-12-27 18:19:39,404 - INFO - ['m u_12 c', "dst '['m u_12 c']\r\nafdfddsf'"]
2024-12-27 18:19:39,404 - INFO - 
2024-12-27 18:19:39,422 - INFO - 161
2024-12-27 18:19:39,422 - INFO - 161
2024-12-27 18:19:39,423 - INFO - ['bw 3 4', 'bw 4 1', 'm u_12 e', "dst '['bw 3 4', 'bw 4 1', 'm u_12 e']\r\nafdfddsf'"]
2024-12-27 18:19:39,423 - INFO - 
2024-12-27 18:19:39,441 - INFO - 162
2024-12-27 18:19:39,442 - INFO - 162
2024-12-27 18:19:39,442 - INFO - ['bw 3 4', 'bw 4 1', 'm u_9 c', "dst '['bw 3 4', 'bw 4 1', 'm u_9 c']\r\nafdfddsf'"]
2024-12-27 18:19:39,442 - INFO - 
2024-12-27 18:19:39,461 - INFO - 163
2024-12-27 18:19:39,461 - INFO - 163
2024-12-27 18:19:39,461 - INFO - ['bw 3 4', 'bw 4 1', 'm u_9 e', 'm u_11 w', 'bcity u_12', "dst '['bw 3 4', 'bw 4 1', 'm u_9 e', 'm u_11 w', 'bcity u_12']\r\nafdfddsf'"]
2024-12-27 18:19:39,462 - INFO - 
2024-12-27 18:19:39,480 - INFO - 164
2024-12-27 18:19:39,481 - INFO - 164
2024-12-27 18:19:39,482 - INFO - ['bw 3 4', 'bw 4 1', 'bw 5 3', 'm u_12 e', "dst '['bw 3 4', 'bw 4 1', 'bw 5 3', 'm u_12 e']\r\nafdfddsf'"]
2024-12-27 18:19:39,482 - INFO - 
2024-12-27 18:19:39,502 - INFO - 165
2024-12-27 18:19:39,502 - INFO - 165
2024-12-27 18:19:39,502 - INFO - ['bw 3 4', 'bw 4 1', 'bw 5 3', 'm u_9 n', 'm u_11 n', "dst '['bw 3 4', 'bw 4 1', 'bw 5 3', 'm u_9 n', 'm u_11 n']\r\nafdfddsf'"]
2024-12-27 18:19:39,503 - INFO - 
2024-12-27 18:19:39,520 - INFO - 166
2024-12-27 18:19:39,520 - INFO - 166
2024-12-27 18:19:39,521 - INFO - ['bw 3 4', 'bw 4 1', 'bw 5 3', 'm u_9 w', 'm u_11 e', 'm u_12 n', "dst '['bw 3 4', 'bw 4 1', 'bw 5 3', 'm u_9 w', 'm u_11 e', 'm u_12 n']\r\nafdfddsf'"]
2024-12-27 18:19:39,521 - INFO - 
2024-12-27 18:19:39,589 - INFO - 167
2024-12-27 18:19:39,589 - INFO - 167
2024-12-27 18:19:39,589 - INFO - ['bw 3 4', 'bw 4 1', 'bw 5 3', "dst '['bw 3 4', 'bw 4 1', 'bw 5 3']\r\nafdfddsf'"]
2024-12-27 18:19:39,589 - INFO - 
2024-12-27 18:19:39,618 - INFO - 168
2024-12-27 18:19:39,619 - INFO - 168
2024-12-27 18:19:39,619 - INFO - ['bw 3 4', 'bw 4 1', 'bw 5 3', 'm u_9 n', 'm u_11 e', 'm u_12 c', "dst '['bw 3 4', 'bw 4 1', 'bw 5 3', 'm u_9 n', 'm u_11 e', 'm u_12 c']\r\nafdfddsf'"]
2024-12-27 18:19:39,619 - INFO - 
2024-12-27 18:19:39,637 - INFO - 169
2024-12-27 18:19:39,638 - INFO - 169
2024-12-27 18:19:39,639 - INFO - ['bw 3 4', 'bw 4 1', 'bw 5 3', 'm u_9 e', 'm u_12 c', "dst '['bw 3 4', 'bw 4 1', 'bw 5 3', 'm u_9 e', 'm u_12 c']\r\nafdfddsf'"]
2024-12-27 18:19:39,639 - INFO - 
2024-12-27 18:19:39,658 - INFO - 170
2024-12-27 18:19:39,659 - INFO - 170
2024-12-27 18:19:39,659 - INFO - ['bw 3 4', 'bw 4 1', 'bw 5 3', 'm u_11 w', 'm u_12 w', "dst '['bw 3 4', 'bw 4 1', 'bw 5 3', 'm u_11 w', 'm u_12 w']\r\nafdfddsf'"]
2024-12-27 18:19:39,659 - INFO - 
2024-12-27 18:19:39,679 - INFO - 171
2024-12-27 18:19:39,679 - INFO - 171
2024-12-27 18:19:39,679 - INFO - ['bw 3 4', 'bw 4 1', 'bw 5 3', 'm u_9 n', "dst '['bw 3 4', 'bw 4 1', 'bw 5 3', 'm u_9 n']\r\nafdfddsf'"]
2024-12-27 18:19:39,680 - INFO - 
2024-12-27 18:19:39,697 - INFO - 172
2024-12-27 18:19:39,697 - INFO - 172
2024-12-27 18:19:39,697 - INFO - ['bw 3 4', 'bw 4 1', 'bw 5 3', 'm u_9 n', 'm u_11 n', 'm u_12 c', "dst '['bw 3 4', 'bw 4 1', 'bw 5 3', 'm u_9 n', 'm u_11 n', 'm u_12 c']\r\nafdfddsf'"]
2024-12-27 18:19:39,698 - INFO - 
2024-12-27 18:19:39,715 - INFO - 173
2024-12-27 18:19:39,715 - INFO - 173
2024-12-27 18:19:39,715 - INFO - ['bw 3 4', 'bw 4 1', 'bw 5 3', 'm u_9 n', 'm u_11 e', 'm u_12 c', "dst '['bw 3 4', 'bw 4 1', 'bw 5 3', 'm u_9 n', 'm u_11 e', 'm u_12 c']\r\nafdfddsf'"]
2024-12-27 18:19:39,716 - INFO - 
2024-12-27 18:19:39,737 - INFO - 174
2024-12-27 18:19:39,738 - INFO - 174
2024-12-27 18:19:39,738 - INFO - ['bw 3 4', 'bw 4 1', 'bw 5 3', 'm u_9 w', 'm u_12 c', "dst '['bw 3 4', 'bw 4 1', 'bw 5 3', 'm u_9 w', 'm u_12 c']\r\nafdfddsf'"]
2024-12-27 18:19:39,738 - INFO - 
2024-12-27 18:19:39,767 - INFO - 175
2024-12-27 18:19:39,769 - INFO - 175
2024-12-27 18:19:39,769 - INFO - ['bw 3 4', 'bw 4 1', 'bw 5 3', 'm u_11 n', 'bcity u_12', "dst '['bw 3 4', 'bw 4 1', 'bw 5 3', 'm u_11 n', 'bcity u_12']\r\nafdfddsf'"]
2024-12-27 18:19:39,769 - INFO - 
2024-12-27 18:19:39,798 - INFO - 176
2024-12-27 18:19:39,799 - INFO - 176
2024-12-27 18:19:39,799 - INFO - ['bw 3 4', 'bw 4 1', 'bw 5 3', 'bw 5 2', 'm u_9 e', 'm u_11 e', 'm u_12 n', "dst '['bw 3 4', 'bw 4 1', 'bw 5 3', 'bw 5 2', 'm u_9 e', 'm u_11 e', 'm u_12 n']\r\nafdfddsf'"]
2024-12-27 18:19:39,799 - INFO - 
2024-12-27 18:19:39,828 - INFO - 177
2024-12-27 18:19:39,829 - INFO - 177
2024-12-27 18:19:39,829 - INFO - ['bw 4 1', 'bw 5 3', 'bw 5 2', 'm u_14 e', "dst '['bw 4 1', 'bw 5 3', 'bw 5 2', 'm u_14 e']\r\nafdfddsf'"]
2024-12-27 18:19:39,830 - INFO - 
2024-12-27 18:19:39,861 - INFO - 178
2024-12-27 18:19:39,862 - INFO - 178
2024-12-27 18:19:39,863 - INFO - ['bw 4 1', 'bw 5 3', 'bw 5 2', 'm u_9 c', 'm u_11 c', 'm u_12 n', "dst '['bw 4 1', 'bw 5 3', 'bw 5 2', 'm u_9 c', 'm u_11 c', 'm u_12 n']\r\nafdfddsf'"]
2024-12-27 18:19:39,863 - INFO - 
2024-12-27 18:19:39,897 - INFO - 179
2024-12-27 18:19:39,899 - INFO - 179
2024-12-27 18:19:39,899 - INFO - ['bw 4 1', 'bw 5 3', 'bw 5 2', 'm u_9 e', 'm u_11 w', 'm u_14 c', "dst '['bw 4 1', 'bw 5 3', 'bw 5 2', 'm u_9 e', 'm u_11 w', 'm u_14 c']\r\nafdfddsf'"]
2024-12-27 18:19:39,900 - INFO - 
2024-12-27 18:19:39,930 - INFO - 180
2024-12-27 18:19:39,931 - INFO - 180
2024-12-27 18:19:39,931 - INFO - ['bw 4 1', 'bw 5 3', 'bw 5 2', 'm u_9 c', 'm u_12 c', 'm u_14 c', "dst '['bw 4 1', 'bw 5 3', 'bw 5 2', 'm u_9 c', 'm u_12 c', 'm u_14 c']\r\nafdfddsf'"]
2024-12-27 18:19:39,931 - INFO - 
2024-12-27 18:19:39,966 - INFO - 181
2024-12-27 18:19:39,968 - INFO - 181
2024-12-27 18:19:39,968 - INFO - ['bw 4 1', 'bw 5 3', 'bw 5 2', 'm u_9 w', 'm u_11 n', 'm u_12 c', 'm u_14 e', "dst '['bw 4 1', 'bw 5 3', 'bw 5 2', 'm u_9 w', 'm u_11 n', 'm u_12 c', 'm u_14 e']\r\nafdfddsf'"]
2024-12-27 18:19:39,969 - INFO - 
2024-12-27 18:19:40,002 - INFO - 182
2024-12-27 18:19:40,003 - INFO - 182
2024-12-27 18:19:40,004 - INFO - ['bw 4 1', 'bw 5 3', 'bw 5 2', 'm u_11 w', 'm u_12 c', "dst '['bw 4 1', 'bw 5 3', 'bw 5 2', 'm u_11 w', 'm u_12 c']\r\nafdfddsf'"]
2024-12-27 18:19:40,004 - INFO - 
2024-12-27 18:19:40,030 - INFO - 183
2024-12-27 18:19:40,031 - INFO - 183
2024-12-27 18:19:40,031 - INFO - ['bw 4 1', 'bw 5 3', 'bw 5 2', 'm u_9 e', 'm u_12 c', 'bcity u_14', "dst '['bw 4 1', 'bw 5 3', 'bw 5 2', 'm u_9 e', 'm u_12 c', 'bcity u_14']\r\nafdfddsf'"]
2024-12-27 18:19:40,032 - INFO - 
2024-12-27 18:19:40,061 - INFO - 184
2024-12-27 18:19:40,062 - INFO - 184
2024-12-27 18:19:40,062 - INFO - ['bw 4 1', 'bw 5 3', 'bw 5 2', 'bw 5 4', 'm u_11 n', 'm u_12 w', 'm u_14 n', "dst '['bw 4 1', 'bw 5 3', 'bw 5 2', 'bw 5 4', 'm u_11 n', 'm u_12 w', 'm u_14 n']\r\nafdfddsf'"]
2024-12-27 18:19:40,062 - INFO - 
2024-12-27 18:19:40,100 - INFO - 185
2024-12-27 18:19:40,102 - INFO - 185
2024-12-27 18:19:40,103 - INFO - ['bw 5 3', 'bw 5 2', 'bw 5 4', 'm u_9 w', 'm u_11 c', 'm u_12 c', 'm u_14 w', 'm u_15 e', "dst '['bw 5 3', 'bw 5 2', 'bw 5 4', 'm u_9 w', 'm u_11 c', 'm u_12 c', 'm u_14 w', 'm u_15 e']\r\nafdfddsf'"]
2024-12-27 18:19:40,103 - INFO - 
2024-12-27 18:19:40,150 - INFO - 186
2024-12-27 18:19:40,151 - INFO - 186
2024-12-27 18:19:40,151 - INFO - ['bw 3 4', 'bw 5 3', 'bw 5 2', 'bw 5 4', 'm u_11 e', 'm u_12 c', "dst '['bw 3 4', 'bw 5 3', 'bw 5 2', 'bw 5 4', 'm u_11 e', 'm u_12 c']\r\nafdfddsf'"]
2024-12-27 18:19:40,152 - INFO - 
2024-12-27 18:19:40,201 - INFO - 187
2024-12-27 18:19:40,203 - INFO - 187
2024-12-27 18:19:40,203 - INFO - ['bw 3 4', 'bw 5 3', 'bw 5 2', 'bw 5 4', 'm u_9 c', 'm u_12 n', 'm u_14 c', 'm u_15 w', "dst '['bw 3 4', 'bw 5 3', 'bw 5 2', 'bw 5 4', 'm u_9 c', 'm u_12 n', 'm u_14 c', 'm u_15 w']\r\nafdfddsf'"]
2024-12-27 18:19:40,203 - INFO - 
2024-12-27 18:19:40,269 - INFO - 188
2024-12-27 18:19:40,272 - INFO - 188
2024-12-27 18:19:40,273 - INFO - ['bw 3 4', 'bw 5 3', 'bw 5 2', 'bw 5 4', 'm u_9 e', 'm u_11 e', 'm u_12 n', 'm u_14 e', 'm u_15 e', "dst '['bw 3 4', 'bw 5 3', 'bw 5 2', 'bw 5 4', 'm u_9 e', 'm u_11 e', 'm u_12 n', 'm u_14 e', 'm u_15 e']\r\nafdfddsf'"]
2024-12-27 18:19:40,273 - INFO - 
2024-12-27 18:19:40,327 - INFO - 189
2024-12-27 18:19:40,328 - INFO - 189
2024-12-27 18:19:40,328 - INFO - ['bw 3 4', 'bw 5 3', 'bw 5 2', 'bw 5 4', 'm u_12 w', 'm u_14 e', "dst '['bw 3 4', 'bw 5 3', 'bw 5 2', 'bw 5 4', 'm u_12 w', 'm u_14 e']\r\nafdfddsf'"]
2024-12-27 18:19:40,329 - INFO - 
2024-12-27 18:19:40,360 - INFO - 190
2024-12-27 18:19:40,361 - INFO - 190
2024-12-27 18:19:40,361 - INFO - ['bw 3 4', 'bw 5 3', 'bw 5 2', 'bw 5 4', 'm u_9 n', 'm u_11 n', 'm u_12 e', 'm u_15 c', "dst '['bw 3 4', 'bw 5 3', 'bw 5 2', 'bw 5 4', 'm u_9 n', 'm u_11 n', 'm u_12 e', 'm u_15 c']\r\nafdfddsf'"]
2024-12-27 18:19:40,362 - INFO - 
2024-12-27 18:19:40,405 - INFO - 191
2024-12-27 18:19:40,406 - INFO - 191
2024-12-27 18:19:40,406 - INFO - ['bw 3 4', 'bw 5 3', 'bw 5 2', 'bw 5 4', 'm u_9 e', 'm u_11 n', "dst '['bw 3 4', 'bw 5 3', 'bw 5 2', 'bw 5 4', 'm u_9 e', 'm u_11 n']\r\nafdfddsf'"]
2024-12-27 18:19:40,406 - INFO - 
2024-12-27 18:19:40,443 - INFO - 192
2024-12-27 18:19:40,445 - INFO - 192
2024-12-27 18:19:40,445 - INFO - ['bw 5 4', 'm u_11 n', 'm u_16 w', 'm u_17 e', 'm u_18 e', "dst '['bw 5 4', 'm u_11 n', 'm u_16 w', 'm u_17 e', 'm u_18 e']\r\nafdfddsf'"]
2024-12-27 18:19:40,446 - INFO - 
2024-12-27 18:19:40,475 - INFO - 193
2024-12-27 18:19:40,476 - INFO - 193
2024-12-27 18:19:40,476 - INFO - ['bw 5 4', 'm u_11 w', "dst '['bw 5 4', 'm u_11 w']\r\nafdfddsf'"]
2024-12-27 18:19:40,477 - INFO - 
2024-12-27 18:19:40,515 - INFO - 194
2024-12-27 18:19:40,515 - INFO - 194
2024-12-27 18:19:40,516 - INFO - ['m u_19 n', "dst '['m u_19 n']\r\nafdfddsf'"]
2024-12-27 18:19:40,516 - INFO - 
2024-12-27 18:19:40,558 - INFO - 195
2024-12-27 18:19:40,558 - INFO - 195
2024-12-27 18:19:40,561 - INFO - ['m u_9 w', 'm u_19 c', "dst '['m u_9 w', 'm u_19 c']\r\nafdfddsf'"]
2024-12-27 18:19:40,562 - INFO - 
2024-12-27 18:19:40,595 - INFO - 196
2024-12-27 18:19:40,597 - INFO - 196
2024-12-27 18:19:40,598 - INFO - ['m u_16 e', 'm u_19 n', "dst '['m u_16 e', 'm u_19 n']\r\nafdfddsf'"]
2024-12-27 18:19:40,599 - INFO - 
2024-12-27 18:19:40,642 - INFO - 197
2024-12-27 18:19:40,644 - INFO - 197
2024-12-27 18:19:40,644 - INFO - ['m u_11 w', 'm u_16 n', "dst '['m u_11 w', 'm u_16 n']\r\nafdfddsf'"]
2024-12-27 18:19:40,645 - INFO - 
2024-12-27 18:19:40,676 - INFO - 198
2024-12-27 18:19:40,677 - INFO - 198
2024-12-27 18:19:40,677 - INFO - ["dst '[]\r\nafdfddsf'"]
2024-12-27 18:19:40,677 - INFO - 
2024-12-27 18:19:40,697 - INFO - 199
2024-12-27 18:19:40,698 - INFO - 199
2024-12-27 18:19:40,698 - INFO - ['m u_9 c', "dst '['m u_9 c']\r\nafdfddsf'"]
2024-12-27 18:19:40,698 - INFO - 
2024-12-27 18:19:40,727 - INFO - 200
2024-12-27 18:19:40,728 - INFO - 200
2024-12-27 18:19:40,729 - INFO - ["dst '[]\r\nafdfddsf'"]
2024-12-27 18:19:40,729 - INFO - 
2024-12-27 18:19:40,760 - INFO - 201
2024-12-27 18:19:40,761 - INFO - 201
2024-12-27 18:19:40,762 - INFO - ['bw 3 4', 'm u_11 e', 'm u_16 w', "dst '['bw 3 4', 'm u_11 e', 'm u_16 w']\r\nafdfddsf'"]
2024-12-27 18:19:40,762 - INFO - 
2024-12-27 18:19:40,788 - INFO - 202
2024-12-27 18:19:40,790 - INFO - 202
2024-12-27 18:19:40,790 - INFO - ['bw 3 4', "dst '['bw 3 4']\r\nafdfddsf'"]
2024-12-27 18:19:40,790 - INFO - 
2024-12-27 18:19:40,814 - INFO - 203
2024-12-27 18:19:40,815 - INFO - 203
2024-12-27 18:19:40,815 - INFO - ['bw 3 4', 'm u_11 n', 'bcity u_16', "dst '['bw 3 4', 'm u_11 n', 'bcity u_16']\r\nafdfddsf'"]
2024-12-27 18:19:40,816 - INFO - 
2024-12-27 18:19:40,843 - INFO - 204
2024-12-27 18:19:40,844 - INFO - 204
2024-12-27 18:19:40,845 - INFO - ['bw 3 4', 'bw 2 3', 'm u_11 e', 'm u_16 e', "dst '['bw 3 4', 'bw 2 3', 'm u_11 e', 'm u_16 e']\r\nafdfddsf'"]
2024-12-27 18:19:40,845 - INFO - 
2024-12-27 18:19:40,873 - INFO - 205
2024-12-27 18:19:40,874 - INFO - 205
2024-12-27 18:19:40,875 - INFO - ['bw 3 4', 'bw 2 3', "dst '['bw 3 4', 'bw 2 3']\r\nafdfddsf'"]
2024-12-27 18:19:40,876 - INFO - 
2024-12-27 18:19:40,902 - INFO - 206
2024-12-27 18:19:40,903 - INFO - 206
2024-12-27 18:19:40,903 - INFO - ['bw 3 4', 'bw 2 3', 'm u_11 n', 'm u_16 e', "dst '['bw 3 4', 'bw 2 3', 'm u_11 n', 'm u_16 e']\r\nafdfddsf'"]
2024-12-27 18:19:40,903 - INFO - 
2024-12-27 18:19:40,932 - INFO - 207
2024-12-27 18:19:40,933 - INFO - 207
2024-12-27 18:19:40,934 - INFO - ['bw 3 4', 'bw 2 3', 'm u_11 e', "dst '['bw 3 4', 'bw 2 3', 'm u_11 e']\r\nafdfddsf'"]
2024-12-27 18:19:40,934 - INFO - 
2024-12-27 18:19:40,957 - INFO - 208
2024-12-27 18:19:40,958 - INFO - 208
2024-12-27 18:19:40,959 - INFO - ['bw 3 4', 'bw 2 3', 'm u_16 w', "dst '['bw 3 4', 'bw 2 3', 'm u_16 w']\r\nafdfddsf'"]
2024-12-27 18:19:40,959 - INFO - 
2024-12-27 18:19:40,993 - INFO - 209
2024-12-27 18:19:40,994 - INFO - 209
2024-12-27 18:19:40,995 - INFO - ['bw 3 4', 'bw 2 3', 'm u_11 e', "dst '['bw 3 4', 'bw 2 3', 'm u_11 e']\r\nafdfddsf'"]
2024-12-27 18:19:40,995 - INFO - 
2024-12-27 18:19:41,019 - INFO - 210
2024-12-27 18:19:41,020 - INFO - 210
2024-12-27 18:19:41,021 - INFO - ['bw 3 4', 'bw 2 3', 'm u_16 w', "dst '['bw 3 4', 'bw 2 3', 'm u_16 w']\r\nafdfddsf'"]
2024-12-27 18:19:41,021 - INFO - 
2024-12-27 18:19:41,053 - INFO - 211
2024-12-27 18:19:41,053 - INFO - 211
2024-12-27 18:19:41,054 - INFO - ['bw 3 4', 'bw 2 3', 'm u_11 e', 'm u_16 c', "dst '['bw 3 4', 'bw 2 3', 'm u_11 e', 'm u_16 c']\r\nafdfddsf'"]
2024-12-27 18:19:41,054 - INFO - 
2024-12-27 18:19:41,131 - INFO - 212
2024-12-27 18:19:41,133 - INFO - 212
2024-12-27 18:19:41,133 - INFO - ['bw 3 4', 'bw 2 3', 'm u_16 c', "dst '['bw 3 4', 'bw 2 3', 'm u_16 c']\r\nafdfddsf'"]
2024-12-27 18:19:41,133 - INFO - 
2024-12-27 18:19:41,155 - INFO - 213
2024-12-27 18:19:41,155 - INFO - 213
2024-12-27 18:19:41,155 - INFO - ['bw 3 4', 'bw 2 3', 'm u_11 w', 'm u_16 w', "dst '['bw 3 4', 'bw 2 3', 'm u_11 w', 'm u_16 w']\r\nafdfddsf'"]
2024-12-27 18:19:41,156 - INFO - 
2024-12-27 18:19:41,179 - INFO - 214
2024-12-27 18:19:41,180 - INFO - 214
2024-12-27 18:19:41,180 - INFO - ['bw 3 4', 'bw 2 3', "dst '['bw 3 4', 'bw 2 3']\r\nafdfddsf'"]
2024-12-27 18:19:41,180 - INFO - 
2024-12-27 18:19:41,208 - INFO - 215
2024-12-27 18:19:41,209 - INFO - 215
2024-12-27 18:19:41,210 - INFO - ['bw 3 4', 'bw 2 3', 'm u_11 c', 'm u_16 e', "dst '['bw 3 4', 'bw 2 3', 'm u_11 c', 'm u_16 e']\r\nafdfddsf'"]
2024-12-27 18:19:41,210 - INFO - 
2024-12-27 18:19:41,240 - INFO - 216
2024-12-27 18:19:41,242 - INFO - 216
2024-12-27 18:19:41,242 - INFO - ['bw 3 4', 'bw 2 3', 'm u_11 w', 'm u_16 n', "dst '['bw 3 4', 'bw 2 3', 'm u_11 w', 'm u_16 n']\r\nafdfddsf'"]
2024-12-27 18:19:41,242 - INFO - 
2024-12-27 18:19:41,282 - INFO - 217
2024-12-27 18:19:41,283 - INFO - 217
2024-12-27 18:19:41,283 - INFO - ['bw 3 4', 'bw 2 3', "dst '['bw 3 4', 'bw 2 3']\r\nafdfddsf'"]
2024-12-27 18:19:41,283 - INFO - 
2024-12-27 18:19:41,304 - INFO - 218
2024-12-27 18:19:41,305 - INFO - 218
2024-12-27 18:19:41,306 - INFO - ['bw 3 4', 'bw 2 3', 'm u_11 e', 'm u_16 e', "dst '['bw 3 4', 'bw 2 3', 'm u_11 e', 'm u_16 e']\r\nafdfddsf'"]
2024-12-27 18:19:41,306 - INFO - 
2024-12-27 18:19:41,329 - INFO - 219
2024-12-27 18:19:41,330 - INFO - 219
2024-12-27 18:19:41,331 - INFO - ['bw 3 4', 'bw 2 3', "dst '['bw 3 4', 'bw 2 3']\r\nafdfddsf'"]
2024-12-27 18:19:41,331 - INFO - 
2024-12-27 18:19:41,358 - INFO - 220
2024-12-27 18:19:41,360 - INFO - 220
2024-12-27 18:19:41,360 - INFO - ['bw 3 4', 'bw 2 3', 'm u_11 c', 'm u_16 w', "dst '['bw 3 4', 'bw 2 3', 'm u_11 c', 'm u_16 w']\r\nafdfddsf'"]
2024-12-27 18:19:41,360 - INFO - 
2024-12-27 18:19:41,388 - INFO - 221
2024-12-27 18:19:41,389 - INFO - 221
2024-12-27 18:19:41,389 - INFO - ['bw 3 4', 'bw 2 3', 'm u_11 e', "dst '['bw 3 4', 'bw 2 3', 'm u_11 e']\r\nafdfddsf'"]
2024-12-27 18:19:41,390 - INFO - 
2024-12-27 18:19:41,413 - INFO - 222
2024-12-27 18:19:41,414 - INFO - 222
2024-12-27 18:19:41,414 - INFO - ['bw 3 4', 'bw 2 3', 'bcity u_16', "dst '['bw 3 4', 'bw 2 3', 'bcity u_16']\r\nafdfddsf'"]
2024-12-27 18:19:41,415 - INFO - 
2024-12-27 18:19:41,439 - INFO - 223
2024-12-27 18:19:41,439 - INFO - 223
2024-12-27 18:19:41,439 - INFO - ['bw 3 4', 'bw 2 3', 'bw 2 2', 'm u_11 w', 'm u_16 w', "dst '['bw 3 4', 'bw 2 3', 'bw 2 2', 'm u_11 w', 'm u_16 w']\r\nafdfddsf'"]
2024-12-27 18:19:41,440 - INFO - 
2024-12-27 18:19:41,460 - INFO - 224
2024-12-27 18:19:41,460 - INFO - 224
2024-12-27 18:19:41,461 - INFO - ['bw 2 3', 'bw 2 2', 'm u_20 w', "dst '['bw 2 3', 'bw 2 2', 'm u_20 w']\r\nafdfddsf'"]
2024-12-27 18:19:41,461 - INFO - 
2024-12-27 18:19:41,484 - INFO - 225
2024-12-27 18:19:41,485 - INFO - 225
2024-12-27 18:19:41,485 - INFO - ['bw 2 3', 'bw 2 2', 'm u_11 c', 'm u_16 w', "dst '['bw 2 3', 'bw 2 2', 'm u_11 c', 'm u_16 w']\r\nafdfddsf'"]
2024-12-27 18:19:41,485 - INFO - 
2024-12-27 18:19:41,509 - INFO - 226
2024-12-27 18:19:41,510 - INFO - 226
2024-12-27 18:19:41,510 - INFO - ['bw 2 3', 'bw 2 2', 'm u_11 c', 'm u_20 n', "dst '['bw 2 3', 'bw 2 2', 'm u_11 c', 'm u_20 n']\r\nafdfddsf'"]
2024-12-27 18:19:41,510 - INFO - 
2024-12-27 18:19:41,543 - INFO - 227
2024-12-27 18:19:41,544 - INFO - 227
2024-12-27 18:19:41,545 - INFO - ['bw 2 3', 'bw 2 2', 'm u_11 e', 'm u_16 e', 'm u_20 n', "dst '['bw 2 3', 'bw 2 2', 'm u_11 e', 'm u_16 e', 'm u_20 n']\r\nafdfddsf'"]
2024-12-27 18:19:41,545 - INFO - 
2024-12-27 18:19:41,570 - INFO - 228
2024-12-27 18:19:41,571 - INFO - 228
2024-12-27 18:19:41,571 - INFO - ['bw 2 3', 'bw 2 2', 'm u_20 c', "dst '['bw 2 3', 'bw 2 2', 'm u_20 c']\r\nafdfddsf'"]
2024-12-27 18:19:41,571 - INFO - 
2024-12-27 18:19:41,594 - INFO - 229
2024-12-27 18:19:41,595 - INFO - 229
2024-12-27 18:19:41,595 - INFO - ['bw 2 3', 'bw 2 2', 'm u_11 e', 'm u_16 c', 'm u_20 c', "dst '['bw 2 3', 'bw 2 2', 'm u_11 e', 'm u_16 c', 'm u_20 c']\r\nafdfddsf'"]
2024-12-27 18:19:41,595 - INFO - 
2024-12-27 18:19:41,630 - INFO - 230
2024-12-27 18:19:41,631 - INFO - 230
2024-12-27 18:19:41,631 - INFO - ['bw 2 3', 'bw 2 2', 'm u_16 c', 'm u_20 n', "dst '['bw 2 3', 'bw 2 2', 'm u_16 c', 'm u_20 n']\r\nafdfddsf'"]
2024-12-27 18:19:41,631 - INFO - 
2024-12-27 18:19:41,664 - INFO - 231
2024-12-27 18:19:41,665 - INFO - 231
2024-12-27 18:19:41,665 - INFO - ['bw 2 3', 'bw 2 2', 'm u_11 n', "dst '['bw 2 3', 'bw 2 2', 'm u_11 n']\r\nafdfddsf'"]
2024-12-27 18:19:41,666 - INFO - 
2024-12-27 18:19:41,696 - INFO - 232
2024-12-27 18:19:41,697 - INFO - 232
2024-12-27 18:19:41,698 - INFO - ['m u_11 c', 'm u_21 w', 'm u_22 n', "dst '['m u_11 c', 'm u_21 w', 'm u_22 n']\r\nafdfddsf'"]
2024-12-27 18:19:41,698 - INFO - 
2024-12-27 18:19:41,722 - INFO - 233
2024-12-27 18:19:41,722 - INFO - 233
2024-12-27 18:19:41,722 - INFO - ['bw 3 4', "dst '['bw 3 4']\r\nafdfddsf'"]
2024-12-27 18:19:41,723 - INFO - 
2024-12-27 18:19:41,750 - INFO - 234
2024-12-27 18:19:41,751 - INFO - 234
2024-12-27 18:19:41,752 - INFO - ['m u_23 w', "dst '['m u_23 w']\r\nafdfddsf'"]
2024-12-27 18:19:41,752 - INFO - 
2024-12-27 18:19:41,773 - INFO - 235
2024-12-27 18:19:41,773 - INFO - 235
2024-12-27 18:19:41,774 - INFO - ["dst '[]\r\nafdfddsf'"]
2024-12-27 18:19:41,774 - INFO - 
2024-12-27 18:19:41,796 - INFO - 236
2024-12-27 18:19:41,797 - INFO - 236
2024-12-27 18:19:41,797 - INFO - ["dst '[]\r\nafdfddsf'"]
2024-12-27 18:19:41,797 - INFO - 
2024-12-27 18:19:41,818 - INFO - 237
2024-12-27 18:19:41,819 - INFO - 237
2024-12-27 18:19:41,820 - INFO - ["dst '[]\r\nafdfddsf'"]
2024-12-27 18:19:41,820 - INFO - 
2024-12-27 18:19:41,845 - INFO - 238
2024-12-27 18:19:41,846 - INFO - 238
2024-12-27 18:19:41,846 - INFO - ['m u_23 w', "dst '['m u_23 w']\r\nafdfddsf'"]
2024-12-27 18:19:41,846 - INFO - 
2024-12-27 18:19:41,868 - INFO - 239
2024-12-27 18:19:41,869 - INFO - 239
2024-12-27 18:19:41,870 - INFO - ["dst '[]\r\nafdfddsf'"]
2024-12-27 18:19:41,870 - INFO - 
2024-12-27 18:19:41,901 - INFO - 240
2024-12-27 18:19:41,901 - INFO - 240
2024-12-27 18:19:41,901 - INFO - ["dst '[]\r\nafdfddsf'"]
2024-12-27 18:19:41,902 - INFO - 
2024-12-27 18:19:41,924 - INFO - 241
2024-12-27 18:19:41,925 - INFO - 241
2024-12-27 18:19:41,926 - INFO - ['bw 2 3', 'bw 2 2', "dst '['bw 2 3', 'bw 2 2']\r\nafdfddsf'"]
2024-12-27 18:19:41,926 - INFO - 
2024-12-27 18:19:41,949 - INFO - 242
2024-12-27 18:19:41,949 - INFO - 242
2024-12-27 18:19:41,950 - INFO - ['bcity u_23', 'm u_24 c', 'm u_25 w', "dst '['bcity u_23', 'm u_24 c', 'm u_25 w']\r\nafdfddsf'"]
2024-12-27 18:19:41,950 - INFO - 
2024-12-27 18:19:41,972 - INFO - 243
2024-12-27 18:19:41,973 - INFO - 243
2024-12-27 18:19:41,974 - INFO - ['bw 3 4', 'bw 1 4', 'm u_23 w', 'm u_24 w', "dst '['bw 3 4', 'bw 1 4', 'm u_23 w', 'm u_24 w']\r\nafdfddsf'"]
2024-12-27 18:19:41,974 - INFO - 
2024-12-27 18:19:42,000 - INFO - 244
2024-12-27 18:19:42,001 - INFO - 244
2024-12-27 18:19:42,001 - INFO - ['bw 1 4', 'm u_25 c', 'm u_26 c', "dst '['bw 1 4', 'm u_25 c', 'm u_26 c']\r\nafdfddsf'"]
2024-12-27 18:19:42,001 - INFO - 
2024-12-27 18:19:42,024 - INFO - 245
2024-12-27 18:19:42,025 - INFO - 245
2024-12-27 18:19:42,025 - INFO - ['bw 1 4', 'm u_23 n', 'm u_24 n', 'm u_25 w', 'm u_26 c', "dst '['bw 1 4', 'm u_23 n', 'm u_24 n', 'm u_25 w', 'm u_26 c']\r\nafdfddsf'"]
2024-12-27 18:19:42,026 - INFO - 
2024-12-27 18:19:42,053 - INFO - 246
2024-12-27 18:19:42,053 - INFO - 246
2024-12-27 18:19:42,054 - INFO - ['bw 1 4', 'm u_26 c', "dst '['bw 1 4', 'm u_26 c']\r\nafdfddsf'"]
2024-12-27 18:19:42,054 - INFO - 
2024-12-27 18:19:42,078 - INFO - 247
2024-12-27 18:19:42,078 - INFO - 247
2024-12-27 18:19:42,078 - INFO - ['bw 1 4', 'm u_23 w', 'm u_24 n', 'm u_25 c', 'm u_26 n', "dst '['bw 1 4', 'm u_23 w', 'm u_24 n', 'm u_25 c', 'm u_26 n']\r\nafdfddsf'"]
2024-12-27 18:19:42,079 - INFO - 
2024-12-27 18:19:42,102 - INFO - 248
2024-12-27 18:19:42,103 - INFO - 248
2024-12-27 18:19:42,103 - INFO - ['bw 1 4', 'm u_23 w', 'm u_25 c', "dst '['bw 1 4', 'm u_23 w', 'm u_25 c']\r\nafdfddsf'"]
2024-12-27 18:19:42,103 - INFO - 
2024-12-27 18:19:42,124 - INFO - 249
2024-12-27 18:19:42,124 - INFO - 249
2024-12-27 18:19:42,124 - INFO - ['bw 1 4', 'm u_23 w', 'm u_24 e', 'm u_25 w', 'm u_26 w', "dst '['bw 1 4', 'm u_23 w', 'm u_24 e', 'm u_25 w', 'm u_26 w']\r\nafdfddsf'"]
2024-12-27 18:19:42,124 - INFO - 
2024-12-27 18:19:42,145 - INFO - 250
2024-12-27 18:19:42,146 - INFO - 250
2024-12-27 18:19:42,147 - INFO - ['bw 1 4', 'm u_23 w', 'm u_25 c', 'm u_26 w', "dst '['bw 1 4', 'm u_23 w', 'm u_25 c', 'm u_26 w']\r\nafdfddsf'"]
2024-12-27 18:19:42,148 - INFO - 
2024-12-27 18:19:42,173 - INFO - 251
2024-12-27 18:19:42,174 - INFO - 251
2024-12-27 18:19:42,174 - INFO - ['bw 2 3', 'bw 2 2', 'bw 1 4', 'm u_23 w', 'm u_24 e', 'm u_25 c', "dst '['bw 2 3', 'bw 2 2', 'bw 1 4', 'm u_23 w', 'm u_24 e', 'm u_25 c']\r\nafdfddsf'"]
2024-12-27 18:19:42,174 - INFO - 
2024-12-27 18:19:42,195 - INFO - 252
2024-12-27 18:19:42,196 - INFO - 252
2024-12-27 18:19:42,196 - INFO - ['bw 2 3', 'bw 2 2', 'bw 1 4', 'm u_23 e', 'm u_25 w', 'm u_26 c', "dst '['bw 2 3', 'bw 2 2', 'bw 1 4', 'm u_23 e', 'm u_25 w', 'm u_26 c']\r\nafdfddsf'"]
2024-12-27 18:19:42,196 - INFO - 
2024-12-27 18:19:42,218 - INFO - 253
2024-12-27 18:19:42,219 - INFO - 253
2024-12-27 18:19:42,222 - INFO - ['bw 3 4', 'bw 2 3', 'bw 2 2', 'bw 1 4', 'm u_23 e', 'm u_24 w', 'm u_25 n', 'm u_26 e', "dst '['bw 3 4', 'bw 2 3', 'bw 2 2', 'bw 1 4', 'm u_23 e', 'm u_24 w', 'm u_25 n', 'm u_26 e']\r\nafdfddsf'"]
2024-12-27 18:19:42,223 - INFO - 
2024-12-27 18:19:42,241 - INFO - 254
2024-12-27 18:19:42,242 - INFO - 254
2024-12-27 18:19:42,242 - INFO - ['bw 3 4', 'bw 2 3', 'bw 2 2', 'bw 1 4', 'm u_26 c', "dst '['bw 3 4', 'bw 2 3', 'bw 2 2', 'bw 1 4', 'm u_26 c']\r\nafdfddsf'"]
2024-12-27 18:19:42,243 - INFO - 
2024-12-27 18:19:42,267 - INFO - 255
2024-12-27 18:19:42,268 - INFO - 255
2024-12-27 18:19:42,269 - INFO - ['bw 3 4', 'bw 2 3', 'bw 2 2', 'bw 1 4', 'm u_23 e', 'm u_24 e', 'm u_25 e', 'm u_26 n', "dst '['bw 3 4', 'bw 2 3', 'bw 2 2', 'bw 1 4', 'm u_23 e', 'm u_24 e', 'm u_25 e', 'm u_26 n']\r\nafdfddsf'"]
2024-12-27 18:19:42,269 - INFO - 
2024-12-27 18:19:42,357 - INFO - 256
2024-12-27 18:19:42,357 - INFO - 256
2024-12-27 18:19:42,357 - INFO - ['bw 3 4', 'bw 2 3', 'bw 2 2', 'bw 1 4', 'm u_23 c', 'm u_26 c', "dst '['bw 3 4', 'bw 2 3', 'bw 2 2', 'bw 1 4', 'm u_23 c', 'm u_26 c']\r\nafdfddsf'"]
2024-12-27 18:19:42,358 - INFO - 
2024-12-27 18:19:42,380 - INFO - 257
2024-12-27 18:19:42,381 - INFO - 257
2024-12-27 18:19:42,382 - INFO - ['bw 3 4', 'bw 2 3', 'bw 2 2', 'bw 1 4', 'm u_23 c', 'm u_24 w', 'm u_25 c', 'm u_26 c', "dst '['bw 3 4', 'bw 2 3', 'bw 2 2', 'bw 1 4', 'm u_23 c', 'm u_24 w', 'm u_25 c', 'm u_26 c']\r\nafdfddsf'"]
2024-12-27 18:19:42,382 - INFO - 
2024-12-27 18:19:42,406 - INFO - 258
2024-12-27 18:19:42,409 - INFO - 258
2024-12-27 18:19:42,412 - INFO - ['bw 3 4', 'bw 2 3', 'bw 2 2', 'bw 1 4', 'm u_23 n', 'm u_25 w', 'm u_26 w', "dst '['bw 3 4', 'bw 2 3', 'bw 2 2', 'bw 1 4', 'm u_23 n', 'm u_25 w', 'm u_26 w']\r\nafdfddsf'"]
2024-12-27 18:19:42,413 - INFO - 
2024-12-27 18:19:42,465 - INFO - 259
2024-12-27 18:19:42,466 - INFO - 259
2024-12-27 18:19:42,466 - INFO - ['bw 3 4', 'bw 2 3', 'bw 2 2', 'bw 1 4', 'm u_23 e', 'm u_24 w', "dst '['bw 3 4', 'bw 2 3', 'bw 2 2', 'bw 1 4', 'm u_23 e', 'm u_24 w']\r\nafdfddsf'"]
2024-12-27 18:19:42,466 - INFO - 
2024-12-27 18:19:42,495 - INFO - 260
2024-12-27 18:19:42,497 - INFO - 260
2024-12-27 18:19:42,497 - INFO - ['bw 3 4', 'bw 2 3', 'bw 2 2', 'bw 1 4', 'm u_25 w', 'm u_26 n', "dst '['bw 3 4', 'bw 2 3', 'bw 2 2', 'bw 1 4', 'm u_25 w', 'm u_26 n']\r\nafdfddsf'"]
2024-12-27 18:19:42,498 - INFO - 
2024-12-27 18:19:42,527 - INFO - 261
2024-12-27 18:19:42,528 - INFO - 261
2024-12-27 18:19:42,529 - INFO - ['bw 3 4', 'bw 2 3', 'bw 2 2', 'bw 1 4', 'm u_23 c', 'm u_24 w', 'm u_25 w', 'm u_26 n', "dst '['bw 3 4', 'bw 2 3', 'bw 2 2', 'bw 1 4', 'm u_23 c', 'm u_24 w', 'm u_25 w', 'm u_26 n']\r\nafdfddsf'"]
2024-12-27 18:19:42,530 - INFO - 
2024-12-27 18:19:42,551 - INFO - 262
2024-12-27 18:19:42,553 - INFO - 262
2024-12-27 18:19:42,554 - INFO - ['bw 3 4', 'bw 2 3', 'bw 2 2', 'bw 1 4', 'm u_23 w', 'm u_24 w', 'm u_25 n', 'm u_26 e', "dst '['bw 3 4', 'bw 2 3', 'bw 2 2', 'bw 1 4', 'm u_23 w', 'm u_24 w', 'm u_25 n', 'm u_26 e']\r\nafdfddsf'"]
2024-12-27 18:19:42,555 - INFO - 
2024-12-27 18:19:42,581 - INFO - 263
2024-12-27 18:19:42,582 - INFO - 263
2024-12-27 18:19:42,582 - INFO - ['bw 3 4', 'bw 2 3', 'bw 2 2', 'bw 1 4', 'm u_23 e', 'm u_26 w', "dst '['bw 3 4', 'bw 2 3', 'bw 2 2', 'bw 1 4', 'm u_23 e', 'm u_26 w']\r\nafdfddsf'"]
2024-12-27 18:19:42,583 - INFO - 
2024-12-27 18:19:42,605 - INFO - 264
2024-12-27 18:19:42,606 - INFO - 264
2024-12-27 18:19:42,607 - INFO - ['bw 3 4', 'bw 2 3', 'bw 2 2', 'bw 1 4', 'm u_24 w', 'm u_25 c', "dst '['bw 3 4', 'bw 2 3', 'bw 2 2', 'bw 1 4', 'm u_24 w', 'm u_25 c']\r\nafdfddsf'"]
2024-12-27 18:19:42,607 - INFO - 
2024-12-27 18:19:42,641 - INFO - 265
2024-12-27 18:19:42,642 - INFO - 265
2024-12-27 18:19:42,643 - INFO - ['bw 3 4', 'bw 2 3', 'bw 2 2', 'bw 1 4', 'm u_23 w', 'm u_24 c', 'm u_25 e', 'm u_26 w', "dst '['bw 3 4', 'bw 2 3', 'bw 2 2', 'bw 1 4', 'm u_23 w', 'm u_24 c', 'm u_25 e', 'm u_26 w']\r\nafdfddsf'"]
2024-12-27 18:19:42,644 - INFO - 
2024-12-27 18:19:42,676 - INFO - 266
2024-12-27 18:19:42,678 - INFO - 266
2024-12-27 18:19:42,678 - INFO - ['bw 3 4', 'bw 2 3', 'bw 2 2', 'bw 1 4', 'm u_23 w', 'm u_24 n', "dst '['bw 3 4', 'bw 2 3', 'bw 2 2', 'bw 1 4', 'm u_23 w', 'm u_24 n']\r\nafdfddsf'"]
2024-12-27 18:19:42,679 - INFO - 
2024-12-27 18:19:42,703 - INFO - 267
2024-12-27 18:19:42,705 - INFO - 267
2024-12-27 18:19:42,707 - INFO - ['bw 3 4', 'bw 2 3', 'bw 2 2', 'bw 1 4', 'm u_25 w', 'm u_26 e', "dst '['bw 3 4', 'bw 2 3', 'bw 2 2', 'bw 1 4', 'm u_25 w', 'm u_26 e']\r\nafdfddsf'"]
2024-12-27 18:19:42,707 - INFO - 
2024-12-27 18:19:42,736 - INFO - 268
2024-12-27 18:19:42,737 - INFO - 268
2024-12-27 18:19:42,737 - INFO - ['bw 3 4', 'bw 2 3', 'bw 2 2', 'bw 1 4', 'm u_23 w', 'm u_24 c', 'm u_25 w', 'm u_26 c', "dst '['bw 3 4', 'bw 2 3', 'bw 2 2', 'bw 1 4', 'm u_23 w', 'm u_24 c', 'm u_25 w', 'm u_26 c']\r\nafdfddsf'"]
2024-12-27 18:19:42,738 - INFO - 
2024-12-27 18:19:42,762 - INFO - 269
2024-12-27 18:19:42,763 - INFO - 269
2024-12-27 18:19:42,764 - INFO - ['bw 3 4', 'bw 2 3', 'bw 2 2', 'bw 1 4', 'm u_23 n', 'm u_24 w', 'm u_25 n', 'm u_26 n', "dst '['bw 3 4', 'bw 2 3', 'bw 2 2', 'bw 1 4', 'm u_23 n', 'm u_24 w', 'm u_25 n', 'm u_26 n']\r\nafdfddsf'"]
2024-12-27 18:19:42,764 - INFO - 
2024-12-27 18:19:42,792 - INFO - 270
2024-12-27 18:19:42,793 - INFO - 270
2024-12-27 18:19:42,793 - INFO - ['bw 3 4', 'bw 2 3', 'bw 2 2', 'bw 1 4', 'm u_24 w', 'm u_25 c', "dst '['bw 3 4', 'bw 2 3', 'bw 2 2', 'bw 1 4', 'm u_24 w', 'm u_25 c']\r\nafdfddsf'"]
2024-12-27 18:19:42,793 - INFO - 
2024-12-27 18:19:42,824 - INFO - 271
2024-12-27 18:19:42,825 - INFO - 271
2024-12-27 18:19:42,825 - INFO - ['bw 3 4', 'bw 2 3', 'bw 2 2', 'm u_24 w', "dst '['bw 3 4', 'bw 2 3', 'bw 2 2', 'm u_24 w']\r\nafdfddsf'"]
2024-12-27 18:19:42,826 - INFO - 
2024-12-27 18:19:42,860 - INFO - 272
2024-12-27 18:19:42,861 - INFO - 272
2024-12-27 18:19:42,861 - INFO - ['bw 2 2', 'm u_24 c', 'm u_27 n', 'm u_28 e', "dst '['bw 2 2', 'm u_24 c', 'm u_27 n', 'm u_28 e']\r\nafdfddsf'"]
2024-12-27 18:19:42,861 - INFO - 
2024-12-27 18:19:42,891 - INFO - 273
2024-12-27 18:19:42,893 - INFO - 273
2024-12-27 18:19:42,893 - INFO - ['bw 2 2', 'm u_24 w', 'm u_27 e', 'm u_28 c', "dst '['bw 2 2', 'm u_24 w', 'm u_27 e', 'm u_28 c']\r\nafdfddsf'"]
2024-12-27 18:19:42,894 - INFO - 
2024-12-27 18:19:42,924 - INFO - 274
2024-12-27 18:19:42,925 - INFO - 274
2024-12-27 18:19:42,925 - INFO - ['bw 2 2', 'm u_24 w', 'm u_28 e', "dst '['bw 2 2', 'm u_24 w', 'm u_28 e']\r\nafdfddsf'"]
2024-12-27 18:19:42,926 - INFO - 
2024-12-27 18:19:42,962 - INFO - 275
2024-12-27 18:19:42,964 - INFO - 275
2024-12-27 18:19:42,964 - INFO - ['bw 2 2', 'm u_24 e', "dst '['bw 2 2', 'm u_24 e']\r\nafdfddsf'"]
2024-12-27 18:19:42,965 - INFO - 
2024-12-27 18:19:42,999 - INFO - 276
2024-12-27 18:19:43,000 - INFO - 276
2024-12-27 18:19:43,000 - INFO - ['bw 2 2', "dst '['bw 2 2']\r\nafdfddsf'"]
2024-12-27 18:19:43,000 - INFO - 
2024-12-27 18:19:43,034 - INFO - 277
2024-12-27 18:19:43,035 - INFO - 277
2024-12-27 18:19:43,036 - INFO - ['bw 2 2', 'm u_27 w', "dst '['bw 2 2', 'm u_27 w']\r\nafdfddsf'"]
2024-12-27 18:19:43,036 - INFO - 
2024-12-27 18:19:43,080 - INFO - 278
2024-12-27 18:19:43,082 - INFO - 278
2024-12-27 18:19:43,083 - INFO - ['bw 2 2', 'm u_27 e', 'm u_28 w', "dst '['bw 2 2', 'm u_27 e', 'm u_28 w']\r\nafdfddsf'"]
2024-12-27 18:19:43,084 - INFO - 
2024-12-27 18:19:43,113 - INFO - 279
2024-12-27 18:19:43,114 - INFO - 279
2024-12-27 18:19:43,114 - INFO - ['bw 2 2', 'm u_24 e', 'm u_28 n', "dst '['bw 2 2', 'm u_24 e', 'm u_28 n']\r\nafdfddsf'"]
2024-12-27 18:19:43,114 - INFO - 
2024-12-27 18:19:43,155 - INFO - 280
2024-12-27 18:19:43,156 - INFO - 280
2024-12-27 18:19:43,157 - INFO - ['bw 2 2', 'm u_28 w', "dst '['bw 2 2', 'm u_28 w']\r\nafdfddsf'"]
2024-12-27 18:19:43,157 - INFO - 
2024-12-27 18:19:43,187 - INFO - 281
2024-12-27 18:19:43,188 - INFO - 281
2024-12-27 18:19:43,189 - INFO - ['bw 3 4', 'bw 2 3', 'bw 2 2', "dst '['bw 3 4', 'bw 2 3', 'bw 2 2']\r\nafdfddsf'"]
2024-12-27 18:19:43,190 - INFO - 
2024-12-27 18:19:43,216 - INFO - 282
2024-12-27 18:19:43,217 - INFO - 282
2024-12-27 18:19:43,218 - INFO - ['bw 3 4', 'bw 2 3', 'bw 2 2', 'm u_27 n', 'm u_28 n', "dst '['bw 3 4', 'bw 2 3', 'bw 2 2', 'm u_27 n', 'm u_28 n']\r\nafdfddsf'"]
2024-12-27 18:19:43,218 - INFO - 
2024-12-27 18:19:43,258 - INFO - 283
2024-12-27 18:19:43,259 - INFO - 283
2024-12-27 18:19:43,259 - INFO - ['bw 3 4', 'bw 2 3', 'bw 2 2', 'm u_24 e', "dst '['bw 3 4', 'bw 2 3', 'bw 2 2', 'm u_24 e']\r\nafdfddsf'"]
2024-12-27 18:19:43,260 - INFO - 
2024-12-27 18:19:43,296 - INFO - 284
2024-12-27 18:19:43,296 - INFO - 284
2024-12-27 18:19:43,296 - INFO - ['bw 3 4', 'bw 2 3', 'bw 2 2', 'm u_27 c', 'm u_28 n', "dst '['bw 3 4', 'bw 2 3', 'bw 2 2', 'm u_27 c', 'm u_28 n']\r\nafdfddsf'"]
2024-12-27 18:19:43,297 - INFO - 
2024-12-27 18:19:43,330 - INFO - 285
2024-12-27 18:19:43,331 - INFO - 285
2024-12-27 18:19:43,331 - INFO - ['bw 3 4', 'bw 2 3', 'bw 2 2', 'm u_24 n', 'm u_27 n', "dst '['bw 3 4', 'bw 2 3', 'bw 2 2', 'm u_24 n', 'm u_27 n']\r\nafdfddsf'"]
2024-12-27 18:19:43,332 - INFO - 
2024-12-27 18:19:43,362 - INFO - 286
2024-12-27 18:19:43,363 - INFO - 286
2024-12-27 18:19:43,364 - INFO - ['bw 3 4', 'bw 2 3', 'bw 2 2', 'm u_24 c', 'm u_28 c', "dst '['bw 3 4', 'bw 2 3', 'bw 2 2', 'm u_24 c', 'm u_28 c']\r\nafdfddsf'"]
2024-12-27 18:19:43,364 - INFO - 
2024-12-27 18:19:43,393 - INFO - 287
2024-12-27 18:19:43,394 - INFO - 287
2024-12-27 18:19:43,395 - INFO - ['bw 3 4', 'bw 2 3', 'bw 2 2', 'm u_24 n', 'm u_27 c', 'm u_28 c', "dst '['bw 3 4', 'bw 2 3', 'bw 2 2', 'm u_24 n', 'm u_27 c', 'm u_28 c']\r\nafdfddsf'"]
2024-12-27 18:19:43,395 - INFO - 
2024-12-27 18:19:43,437 - INFO - 288
2024-12-27 18:19:43,438 - INFO - 288
2024-12-27 18:19:43,439 - INFO - ['bw 3 4', 'bw 2 3', 'bw 2 2', 'm u_24 c', 'm u_27 w', 'm u_28 n', "dst '['bw 3 4', 'bw 2 3', 'bw 2 2', 'm u_24 c', 'm u_27 w', 'm u_28 n']\r\nafdfddsf'"]
2024-12-27 18:19:43,439 - INFO - 
2024-12-27 18:19:43,477 - INFO - 289
2024-12-27 18:19:43,479 - INFO - 289
2024-12-27 18:19:43,479 - INFO - ['bw 3 4', 'bw 2 3', 'bw 2 2', 'm u_24 c', 'm u_28 w', "dst '['bw 3 4', 'bw 2 3', 'bw 2 2', 'm u_24 c', 'm u_28 w']\r\nafdfddsf'"]
2024-12-27 18:19:43,479 - INFO - 
2024-12-27 18:19:43,517 - INFO - 290
2024-12-27 18:19:43,519 - INFO - 290
2024-12-27 18:19:43,519 - INFO - ['bw 3 4', 'bw 2 3', 'bw 2 2', 'm u_24 e', 'm u_27 e', "dst '['bw 3 4', 'bw 2 3', 'bw 2 2', 'm u_24 e', 'm u_27 e']\r\nafdfddsf'"]
2024-12-27 18:19:43,519 - INFO - 
2024-12-27 18:19:43,560 - INFO - 291
2024-12-27 18:19:43,561 - INFO - 291
2024-12-27 18:19:43,562 - INFO - ['bw 3 4', 'bw 2 3', 'bw 2 2', 'm u_28 c', "dst '['bw 3 4', 'bw 2 3', 'bw 2 2', 'm u_28 c']\r\nafdfddsf'"]
2024-12-27 18:19:43,562 - INFO - 
2024-12-27 18:19:43,616 - INFO - 292
2024-12-27 18:19:43,617 - INFO - 292
2024-12-27 18:19:43,617 - INFO - ['bw 3 4', 'bw 2 3', 'bw 2 2', 'm u_24 n', 'm u_27 c', 'm u_28 e', "dst '['bw 3 4', 'bw 2 3', 'bw 2 2', 'm u_24 n', 'm u_27 c', 'm u_28 e']\r\nafdfddsf'"]
2024-12-27 18:19:43,617 - INFO - 
2024-12-27 18:19:43,685 - INFO - 293
2024-12-27 18:19:43,688 - INFO - 293
2024-12-27 18:19:43,689 - INFO - ['bw 3 4', 'bw 2 3', 'bw 2 2', 'm u_24 n', 'm u_27 n', "dst '['bw 3 4', 'bw 2 3', 'bw 2 2', 'm u_24 n', 'm u_27 n']\r\nafdfddsf'"]
2024-12-27 18:19:43,689 - INFO - 
2024-12-27 18:19:43,730 - INFO - 294
2024-12-27 18:19:43,731 - INFO - 294
2024-12-27 18:19:43,731 - INFO - ['bw 3 4', 'bw 2 3', 'bw 2 2', 'm u_24 e', 'm u_28 w', "dst '['bw 3 4', 'bw 2 3', 'bw 2 2', 'm u_24 e', 'm u_28 w']\r\nafdfddsf'"]
2024-12-27 18:19:43,731 - INFO - 
2024-12-27 18:19:43,776 - INFO - 295
2024-12-27 18:19:43,777 - INFO - 295
2024-12-27 18:19:43,778 - INFO - ['bw 3 4', 'bw 2 3', 'bw 2 2', 'bcity u_27', "dst '['bw 3 4', 'bw 2 3', 'bw 2 2', 'bcity u_27']\r\nafdfddsf'"]
2024-12-27 18:19:43,778 - INFO - 
2024-12-27 18:19:43,818 - INFO - 296
2024-12-27 18:19:43,819 - INFO - 296
2024-12-27 18:19:43,819 - INFO - ['bw 3 4', 'bw 2 3', 'bw 2 2', 'bw 4 1', 'm u_24 w', 'm u_27 c', 'm u_28 n', "dst '['bw 3 4', 'bw 2 3', 'bw 2 2', 'bw 4 1', 'm u_24 w', 'm u_27 c', 'm u_28 n']\r\nafdfddsf'"]
2024-12-27 18:19:43,821 - INFO - 
2024-12-27 18:19:43,863 - INFO - 297
2024-12-27 18:19:43,865 - INFO - 297
2024-12-27 18:19:43,866 - INFO - ['bw 2 3', 'bw 2 2', 'bw 4 1', 'm u_27 c', 'm u_28 n', 'm u_29 e', "dst '['bw 2 3', 'bw 2 2', 'bw 4 1', 'm u_27 c', 'm u_28 n', 'm u_29 e']\r\nafdfddsf'"]
2024-12-27 18:19:43,866 - INFO - 
2024-12-27 18:19:43,974 - INFO - 298
2024-12-27 18:19:43,976 - INFO - 298
2024-12-27 18:19:43,976 - INFO - ['bw 2 3', 'bw 2 2', 'bw 4 1', 'm u_24 n', 'm u_27 n', 'm u_28 e', "dst '['bw 2 3', 'bw 2 2', 'bw 4 1', 'm u_24 n', 'm u_27 n', 'm u_28 e']\r\nafdfddsf'"]
2024-12-27 18:19:43,977 - INFO - 
2024-12-27 18:19:44,038 - INFO - 299
2024-12-27 18:19:44,041 - INFO - 299
2024-12-27 18:19:44,041 - INFO - ['bw 2 3', 'bw 2 2', 'bw 4 1', 'm u_24 w', 'm u_27 e', 'm u_29 n', "dst '['bw 2 3', 'bw 2 2', 'bw 4 1', 'm u_24 w', 'm u_27 e', 'm u_29 n']\r\nafdfddsf'"]
2024-12-27 18:19:44,041 - INFO - 
2024-12-27 18:19:44,165 - INFO - 300
2024-12-27 18:19:44,166 - INFO - 300
2024-12-27 18:19:44,166 - INFO - ['bw 2 3', 'bw 2 2', 'bw 4 1', 'm u_28 e', "dst '['bw 2 3', 'bw 2 2', 'bw 4 1', 'm u_28 e']\r\nafdfddsf'"]
2024-12-27 18:19:44,167 - INFO - 
2024-12-27 18:19:44,222 - INFO - 301
2024-12-27 18:19:44,223 - INFO - 301
2024-12-27 18:19:44,224 - INFO - ['bw 2 3', 'bw 2 2', 'bw 4 1', 'm u_24 n', 'm u_27 w', 'm u_29 w', "dst '['bw 2 3', 'bw 2 2', 'bw 4 1', 'm u_24 n', 'm u_27 w', 'm u_29 w']\r\nafdfddsf'"]
2024-12-27 18:19:44,225 - INFO - 
2024-12-27 18:19:44,296 - INFO - 302
2024-12-27 18:19:44,298 - INFO - 302
2024-12-27 18:19:44,298 - INFO - ['bw 2 3', 'bw 2 2', 'bw 4 1', 'm u_24 n', 'm u_27 w', 'm u_28 e', "dst '['bw 2 3', 'bw 2 2', 'bw 4 1', 'm u_24 n', 'm u_27 w', 'm u_28 e']\r\nafdfddsf'"]
2024-12-27 18:19:44,298 - INFO - 
2024-12-27 18:19:44,331 - INFO - 303
2024-12-27 18:19:44,335 - INFO - 303
2024-12-27 18:19:44,336 - INFO - ['bw 2 3', 'bw 2 2', 'bw 4 1', 'm u_24 w', 'm u_28 c', 'm u_29 w', "dst '['bw 2 3', 'bw 2 2', 'bw 4 1', 'm u_24 w', 'm u_28 c', 'm u_29 w']\r\nafdfddsf'"]
2024-12-27 18:19:44,336 - INFO - 
2024-12-27 18:19:44,447 - INFO - 304
2024-12-27 18:19:44,448 - INFO - 304
2024-12-27 18:19:44,449 - INFO - ['bw 2 3', 'bw 2 2', 'bw 4 1', 'm u_24 c', 'm u_27 e', 'm u_28 w', 'm u_29 w', "dst '['bw 2 3', 'bw 2 2', 'bw 4 1', 'm u_24 c', 'm u_27 e', 'm u_28 w', 'm u_29 w']\r\nafdfddsf'"]
2024-12-27 18:19:44,449 - INFO - 
2024-12-27 18:19:44,498 - INFO - 305
2024-12-27 18:19:44,498 - INFO - 305
2024-12-27 18:19:44,500 - INFO - ['bw 2 3', 'bw 2 2', 'bw 4 1', 'm u_24 w', 'm u_27 e', "dst '['bw 2 3', 'bw 2 2', 'bw 4 1', 'm u_24 w', 'm u_27 e']\r\nafdfddsf'"]
2024-12-27 18:19:44,500 - INFO - 
2024-12-27 18:19:44,528 - INFO - 306
2024-12-27 18:19:44,529 - INFO - 306
2024-12-27 18:19:44,529 - INFO - ['bw 3 4', 'bw 2 3', 'bw 2 2', 'bw 4 1', 'm u_28 e', 'm u_29 c', "dst '['bw 3 4', 'bw 2 3', 'bw 2 2', 'bw 4 1', 'm u_28 e', 'm u_29 c']\r\nafdfddsf'"]
2024-12-27 18:19:44,529 - INFO - 
2024-12-27 18:19:44,575 - INFO - 307
2024-12-27 18:19:44,577 - INFO - 307
2024-12-27 18:19:44,577 - INFO - ['bw 3 4', 'bw 2 3', 'bw 2 2', 'bw 4 1', 'm u_24 n', 'm u_27 e', 'm u_28 w', 'm u_29 c', "dst '['bw 3 4', 'bw 2 3', 'bw 2 2', 'bw 4 1', 'm u_24 n', 'm u_27 e', 'm u_28 w', 'm u_29 c']\r\nafdfddsf'"]
2024-12-27 18:19:44,577 - INFO - 
2024-12-27 18:19:44,667 - INFO - 308
2024-12-27 18:19:44,669 - INFO - 308
2024-12-27 18:19:44,669 - INFO - ['bw 3 4', 'bw 2 3', 'bw 2 2', 'bw 4 1', 'm u_24 w', 'm u_29 w', "dst '['bw 3 4', 'bw 2 3', 'bw 2 2', 'bw 4 1', 'm u_24 w', 'm u_29 w']\r\nafdfddsf'"]
2024-12-27 18:19:44,669 - INFO - 
2024-12-27 18:19:44,696 - INFO - 309
2024-12-27 18:19:44,697 - INFO - 309
2024-12-27 18:19:44,697 - INFO - ['bw 3 4', 'bw 2 3', 'bw 2 2', 'bw 4 1', 'm u_27 e', 'm u_28 n', "dst '['bw 3 4', 'bw 2 3', 'bw 2 2', 'bw 4 1', 'm u_27 e', 'm u_28 n']\r\nafdfddsf'"]
2024-12-27 18:19:44,698 - INFO - 
2024-12-27 18:19:44,768 - INFO - 310
2024-12-27 18:19:44,769 - INFO - 310
2024-12-27 18:19:44,770 - INFO - ['bw 3 4', 'bw 2 3', 'bw 2 2', 'bw 4 1', 'm u_24 w', 'm u_28 e', 'm u_29 c', "dst '['bw 3 4', 'bw 2 3', 'bw 2 2', 'bw 4 1', 'm u_24 w', 'm u_28 e', 'm u_29 c']\r\nafdfddsf'"]
2024-12-27 18:19:44,770 - INFO - 
2024-12-27 18:19:44,815 - INFO - 311
2024-12-27 18:19:44,816 - INFO - 311
2024-12-27 18:19:44,816 - INFO - ['bw 3 4', 'bw 2 3', 'bw 2 2', 'bw 4 1', "dst '['bw 3 4', 'bw 2 3', 'bw 2 2', 'bw 4 1']\r\nafdfddsf'"]
2024-12-27 18:19:44,817 - INFO - 
2024-12-27 18:19:44,850 - INFO - 312
2024-12-27 18:19:44,851 - INFO - 312
2024-12-27 18:19:44,852 - INFO - ['bw 4 1', 'm u_30 w', 'm u_31 c', 'm u_32 e', "dst '['bw 4 1', 'm u_30 w', 'm u_31 c', 'm u_32 e']\r\nafdfddsf'"]
2024-12-27 18:19:44,852 - INFO - 
2024-12-27 18:19:44,884 - INFO - 313
2024-12-27 18:19:44,885 - INFO - 313
2024-12-27 18:19:44,885 - INFO - ['bw 4 1', 'm u_31 e', "dst '['bw 4 1', 'm u_31 e']\r\nafdfddsf'"]
2024-12-27 18:19:44,886 - INFO - 
2024-12-27 18:19:44,910 - INFO - 314
2024-12-27 18:19:44,910 - INFO - 314
2024-12-27 18:19:44,911 - INFO - ['bw 4 1', 'm u_24 e', "dst '['bw 4 1', 'm u_24 e']\r\nafdfddsf'"]
2024-12-27 18:19:44,911 - INFO - 
2024-12-27 18:19:44,934 - INFO - 315
2024-12-27 18:19:44,934 - INFO - 315
2024-12-27 18:19:44,935 - INFO - ['bw 4 1', "dst '['bw 4 1']\r\nafdfddsf'"]
2024-12-27 18:19:44,935 - INFO - 
2024-12-27 18:19:44,966 - INFO - 316
2024-12-27 18:19:44,967 - INFO - 316
2024-12-27 18:19:44,967 - INFO - ['bw 4 1', 'm u_30 e', 'm u_32 e', "dst '['bw 4 1', 'm u_30 e', 'm u_32 e']\r\nafdfddsf'"]
2024-12-27 18:19:44,967 - INFO - 
2024-12-27 18:19:44,993 - INFO - 317
2024-12-27 18:19:44,994 - INFO - 317
2024-12-27 18:19:44,994 - INFO - ['m u_30 n', 'm u_31 c', "dst '['m u_30 n', 'm u_31 c']\r\nafdfddsf'"]
2024-12-27 18:19:44,995 - INFO - 
2024-12-27 18:19:45,021 - INFO - 318
2024-12-27 18:19:45,022 - INFO - 318
2024-12-27 18:19:45,022 - INFO - ['m u_24 n', 'm u_30 c', 'm u_31 w', "dst '['m u_24 n', 'm u_30 c', 'm u_31 w']\r\nafdfddsf'"]
2024-12-27 18:19:45,023 - INFO - 
2024-12-27 18:19:45,047 - INFO - 319
2024-12-27 18:19:45,047 - INFO - 319
2024-12-27 18:19:45,047 - INFO - ['m u_24 w', 'm u_30 c', 'm u_31 w', "dst '['m u_24 w', 'm u_30 c', 'm u_31 w']\r\nafdfddsf'"]
2024-12-27 18:19:45,048 - INFO - 
2024-12-27 18:19:45,072 - INFO - 320
2024-12-27 18:19:45,073 - INFO - 320
2024-12-27 18:19:45,073 - INFO - ['m u_30 w', 'm u_32 w', "dst '['m u_30 w', 'm u_32 w']\r\nafdfddsf'"]
2024-12-27 18:19:45,074 - INFO - 
2024-12-27 18:19:45,096 - INFO - 321
2024-12-27 18:19:45,096 - INFO - 321
2024-12-27 18:19:45,096 - INFO - ['bw 3 4', 'bw 2 3', 'bw 2 2', "dst '['bw 3 4', 'bw 2 3', 'bw 2 2']\r\nafdfddsf'"]
2024-12-27 18:19:45,096 - INFO - 
2024-12-27 18:19:45,122 - INFO - 322
2024-12-27 18:19:45,123 - INFO - 322
2024-12-27 18:19:45,123 - INFO - ['bw 3 4', 'bw 2 3', 'bw 2 2', 'm u_30 n', 'm u_32 n', "dst '['bw 3 4', 'bw 2 3', 'bw 2 2', 'm u_30 n', 'm u_32 n']\r\nafdfddsf'"]
2024-12-27 18:19:45,123 - INFO - 
2024-12-27 18:19:45,150 - INFO - 323
2024-12-27 18:19:45,151 - INFO - 323
2024-12-27 18:19:45,151 - INFO - ['bw 3 4', 'bw 2 3', 'bw 2 2', 'm u_24 e', 'm u_30 c', "dst '['bw 3 4', 'bw 2 3', 'bw 2 2', 'm u_24 e', 'm u_30 c']\r\nafdfddsf'"]
2024-12-27 18:19:45,151 - INFO - 
2024-12-27 18:19:45,174 - INFO - 324
2024-12-27 18:19:45,174 - INFO - 324
2024-12-27 18:19:45,174 - INFO - ['bw 3 4', 'bw 2 3', 'bw 2 2', 'm u_30 w', 'bcity u_32', "dst '['bw 3 4', 'bw 2 3', 'bw 2 2', 'm u_30 w', 'bcity u_32']\r\nafdfddsf'"]
2024-12-27 18:19:45,175 - INFO - 
2024-12-27 18:19:45,205 - INFO - 325
2024-12-27 18:19:45,206 - INFO - 325
2024-12-27 18:19:45,206 - INFO - ['bw 3 4', 'bw 2 3', 'bw 2 2', 'bw 3 1', 'm u_24 c', 'm u_32 e', "dst '['bw 3 4', 'bw 2 3', 'bw 2 2', 'bw 3 1', 'm u_24 c', 'm u_32 e']\r\nafdfddsf'"]
2024-12-27 18:19:45,206 - INFO - 
2024-12-27 18:19:45,234 - INFO - 326
2024-12-27 18:19:45,234 - INFO - 326
2024-12-27 18:19:45,236 - INFO - ['bw 2 3', 'bw 2 2', 'bw 3 1', 'm u_24 e', 'm u_30 w', 'm u_33 e', "dst '['bw 2 3', 'bw 2 2', 'bw 3 1', 'm u_24 e', 'm u_30 w', 'm u_33 e']\r\nafdfddsf'"]
2024-12-27 18:19:45,236 - INFO - 
2024-12-27 18:19:45,261 - INFO - 327
2024-12-27 18:19:45,262 - INFO - 327
2024-12-27 18:19:45,262 - INFO - ['bw 2 3', 'bw 2 2', 'bw 3 1', 'm u_32 w', "dst '['bw 2 3', 'bw 2 2', 'bw 3 1', 'm u_32 w']\r\nafdfddsf'"]
2024-12-27 18:19:45,262 - INFO - 
2024-12-27 18:19:45,289 - INFO - 328
2024-12-27 18:19:45,290 - INFO - 328
2024-12-27 18:19:45,290 - INFO - ['bw 2 3', 'bw 2 2', 'bw 3 1', 'm u_24 e', 'm u_30 e', 'm u_32 w', 'm u_33 e', "dst '['bw 2 3', 'bw 2 2', 'bw 3 1', 'm u_24 e', 'm u_30 e', 'm u_32 w', 'm u_33 e']\r\nafdfddsf'"]
2024-12-27 18:19:45,290 - INFO - 
2024-12-27 18:19:45,311 - INFO - 329
2024-12-27 18:19:45,312 - INFO - 329
2024-12-27 18:19:45,313 - INFO - ['bw 2 3', 'bw 2 2', 'bw 3 1', "dst '['bw 2 3', 'bw 2 2', 'bw 3 1']\r\nafdfddsf'"]
2024-12-27 18:19:45,313 - INFO - 
2024-12-27 18:19:45,338 - INFO - 330
2024-12-27 18:19:45,339 - INFO - 330
2024-12-27 18:19:45,340 - INFO - ['bw 2 3', 'bw 2 2', 'bw 3 1', 'm u_24 e', 'm u_30 e', 'm u_32 c', 'bcity u_33', "dst '['bw 2 3', 'bw 2 2', 'bw 3 1', 'm u_24 e', 'm u_30 e', 'm u_32 c', 'bcity u_33']\r\nafdfddsf'"]
2024-12-27 18:19:45,340 - INFO - 
2024-12-27 18:19:45,367 - INFO - 331
2024-12-27 18:19:45,368 - INFO - 331
2024-12-27 18:19:45,368 - INFO - ['bw 2 3', 'bw 2 2', 'bw 3 1', 'bw 5 4', 'm u_30 n', 'm u_32 c', 'm u_33 e', "dst '['bw 2 3', 'bw 2 2', 'bw 3 1', 'bw 5 4', 'm u_30 n', 'm u_32 c', 'm u_33 e']\r\nafdfddsf'"]
2024-12-27 18:19:45,368 - INFO - 
2024-12-27 18:19:45,396 - INFO - 332
2024-12-27 18:19:45,398 - INFO - 332
2024-12-27 18:19:45,398 - INFO - ['bw 2 2', 'bw 3 1', 'bw 5 4', 'm u_24 n', 'm u_30 c', 'm u_32 c', 'm u_34 c', "dst '['bw 2 2', 'bw 3 1', 'bw 5 4', 'm u_24 n', 'm u_30 c', 'm u_32 c', 'm u_34 c']\r\nafdfddsf'"]
2024-12-27 18:19:45,398 - INFO - 
2024-12-27 18:19:45,419 - INFO - 333
2024-12-27 18:19:45,420 - INFO - 333
2024-12-27 18:19:45,421 - INFO - ['bw 2 2', 'bw 3 1', 'bw 5 4', 'm u_24 w', 'm u_30 e', 'm u_32 e', 'm u_33 n', 'm u_34 c', "dst '['bw 2 2', 'bw 3 1', 'bw 5 4', 'm u_24 w', 'm u_30 e', 'm u_32 e', 'm u_33 n', 'm u_34 c']\r\nafdfddsf'"]
2024-12-27 18:19:45,421 - INFO - 
2024-12-27 18:19:45,446 - INFO - 334
2024-12-27 18:19:45,447 - INFO - 334
2024-12-27 18:19:45,447 - INFO - ['bw 2 2', 'bw 3 1', 'bw 5 4', 'm u_32 e', 'm u_34 c', "dst '['bw 2 2', 'bw 3 1', 'bw 5 4', 'm u_32 e', 'm u_34 c']\r\nafdfddsf'"]
2024-12-27 18:19:45,448 - INFO - 
2024-12-27 18:19:45,469 - INFO - 335
2024-12-27 18:19:45,470 - INFO - 335
2024-12-27 18:19:45,470 - INFO - ['bw 3 4', 'bw 2 2', 'bw 3 1', 'bw 5 4', 'm u_24 e', 'm u_30 c', 'm u_33 e', 'm u_34 n', "dst '['bw 3 4', 'bw 2 2', 'bw 3 1', 'bw 5 4', 'm u_24 e', 'm u_30 c', 'm u_33 e', 'm u_34 n']\r\nafdfddsf'"]
2024-12-27 18:19:45,470 - INFO - 
2024-12-27 18:19:45,492 - INFO - 336
2024-12-27 18:19:45,493 - INFO - 336
2024-12-27 18:19:45,493 - INFO - ['bw 3 4', 'bw 2 2', 'bw 3 1', 'bw 5 4', 'm u_30 c', 'm u_32 e', 'm u_34 n', "dst '['bw 3 4', 'bw 2 2', 'bw 3 1', 'bw 5 4', 'm u_30 c', 'm u_32 e', 'm u_34 n']\r\nafdfddsf'"]
2024-12-27 18:19:45,493 - INFO - 
2024-12-27 18:19:45,517 - INFO - 337
2024-12-27 18:19:45,518 - INFO - 337
2024-12-27 18:19:45,518 - INFO - ['bw 3 4', 'bw 2 2', 'bw 3 1', 'bw 5 4', 'm u_24 n', 'm u_30 e', 'm u_33 c', "dst '['bw 3 4', 'bw 2 2', 'bw 3 1', 'bw 5 4', 'm u_24 n', 'm u_30 e', 'm u_33 c']\r\nafdfddsf'"]
2024-12-27 18:19:45,518 - INFO - 
2024-12-27 18:19:45,539 - INFO - 338
2024-12-27 18:19:45,541 - INFO - 338
2024-12-27 18:19:45,541 - INFO - ['bw 3 4', 'bw 2 2', 'bw 3 1', 'bw 5 4', 'm u_24 w', 'm u_32 n', 'm u_33 n', 'm u_34 e', "dst '['bw 3 4', 'bw 2 2', 'bw 3 1', 'bw 5 4', 'm u_24 w', 'm u_32 n', 'm u_33 n', 'm u_34 e']\r\nafdfddsf'"]
2024-12-27 18:19:45,541 - INFO - 
2024-12-27 18:19:45,566 - INFO - 339
2024-12-27 18:19:45,567 - INFO - 339
2024-12-27 18:19:45,567 - INFO - ['bw 3 4', 'bw 2 2', 'bw 3 1', 'bw 5 4', 'm u_30 w', 'm u_34 w', "dst '['bw 3 4', 'bw 2 2', 'bw 3 1', 'bw 5 4', 'm u_30 w', 'm u_34 w']\r\nafdfddsf'"]
2024-12-27 18:19:45,567 - INFO - 
2024-12-27 18:19:45,597 - INFO - 340
2024-12-27 18:19:45,598 - INFO - 340
2024-12-27 18:19:45,598 - INFO - ['bw 3 4', 'bw 2 2', 'bw 3 1', 'bw 5 4', 'm u_24 w', 'm u_32 e', 'm u_33 c', "dst '['bw 3 4', 'bw 2 2', 'bw 3 1', 'bw 5 4', 'm u_24 w', 'm u_32 e', 'm u_33 c']\r\nafdfddsf'"]
2024-12-27 18:19:45,598 - INFO - 
2024-12-27 18:19:45,631 - INFO - 341
2024-12-27 18:19:45,632 - INFO - 341
2024-12-27 18:19:45,632 - INFO - ['bw 3 4', 'bw 2 3', 'bw 2 2', 'bw 3 1', 'bw 5 4', 'm u_30 n', 'm u_33 e', 'm u_34 w', "dst '['bw 3 4', 'bw 2 3', 'bw 2 2', 'bw 3 1', 'bw 5 4', 'm u_30 n', 'm u_33 e', 'm u_34 w']\r\nafdfddsf'"]
2024-12-27 18:19:45,633 - INFO - 
2024-12-27 18:19:45,666 - INFO - 342
2024-12-27 18:19:45,667 - INFO - 342
2024-12-27 18:19:45,667 - INFO - ['bw 3 4', 'bw 2 3', 'bw 2 2', 'bw 3 1', 'bw 5 4', 'm u_24 n', 'm u_30 n', 'm u_32 w', "dst '['bw 3 4', 'bw 2 3', 'bw 2 2', 'bw 3 1', 'bw 5 4', 'm u_24 n', 'm u_30 n', 'm u_32 w']\r\nafdfddsf'"]
2024-12-27 18:19:45,668 - INFO - 
2024-12-27 18:19:45,692 - INFO - 343
2024-12-27 18:19:45,693 - INFO - 343
2024-12-27 18:19:45,693 - INFO - ['bw 3 4', 'bw 2 3', 'bw 2 2', 'bw 3 1', 'bw 5 4', 'm u_24 w', 'm u_33 n', 'm u_34 n', "dst '['bw 3 4', 'bw 2 3', 'bw 2 2', 'bw 3 1', 'bw 5 4', 'm u_24 w', 'm u_33 n', 'm u_34 n']\r\nafdfddsf'"]
2024-12-27 18:19:45,693 - INFO - 
2024-12-27 18:19:45,720 - INFO - 344
2024-12-27 18:19:45,721 - INFO - 344
2024-12-27 18:19:45,721 - INFO - ['bw 3 4', 'bw 2 3', 'bw 2 2', 'bw 3 1', 'bw 5 4', 'm u_24 c', 'm u_30 c', 'm u_32 e', 'm u_34 n', "dst '['bw 3 4', 'bw 2 3', 'bw 2 2', 'bw 3 1', 'bw 5 4', 'm u_24 c', 'm u_30 c', 'm u_32 e', 'm u_34 n']\r\nafdfddsf'"]
2024-12-27 18:19:45,722 - INFO - 
2024-12-27 18:19:45,832 - INFO - 345
2024-12-27 18:19:45,833 - INFO - 345
2024-12-27 18:19:45,833 - INFO - ['bw 3 4', 'bw 2 3', 'bw 2 2', 'bw 3 1', 'bw 5 4', 'm u_24 c', 'm u_30 n', 'm u_33 w', "dst '['bw 3 4', 'bw 2 3', 'bw 2 2', 'bw 3 1', 'bw 5 4', 'm u_24 c', 'm u_30 n', 'm u_33 w']\r\nafdfddsf'"]
2024-12-27 18:19:45,834 - INFO - 
2024-12-27 18:19:45,863 - INFO - 346
2024-12-27 18:19:45,864 - INFO - 346
2024-12-27 18:19:45,865 - INFO - ['bw 3 4', 'bw 2 3', 'bw 2 2', 'bw 3 1', 'bw 5 4', 'm u_24 c', 'm u_30 w', 'm u_32 w', 'm u_34 w', "dst '['bw 3 4', 'bw 2 3', 'bw 2 2', 'bw 3 1', 'bw 5 4', 'm u_24 c', 'm u_30 w', 'm u_32 w', 'm u_34 w']\r\nafdfddsf'"]
2024-12-27 18:19:45,865 - INFO - 
2024-12-27 18:19:45,887 - INFO - 347
2024-12-27 18:19:45,888 - INFO - 347
2024-12-27 18:19:45,888 - INFO - ['bw 3 4', 'bw 2 3', 'bw 2 2', 'bw 3 1', 'bw 5 4', 'm u_24 e', 'm u_30 w', 'm u_33 e', "dst '['bw 3 4', 'bw 2 3', 'bw 2 2', 'bw 3 1', 'bw 5 4', 'm u_24 e', 'm u_30 w', 'm u_33 e']\r\nafdfddsf'"]
2024-12-27 18:19:45,889 - INFO - 
2024-12-27 18:19:45,916 - INFO - 348
2024-12-27 18:19:45,917 - INFO - 348
2024-12-27 18:19:45,917 - INFO - ['bw 3 4', 'bw 2 3', 'bw 2 2', 'bw 3 1', 'bw 5 4', 'm u_32 n', 'm u_34 n', "dst '['bw 3 4', 'bw 2 3', 'bw 2 2', 'bw 3 1', 'bw 5 4', 'm u_32 n', 'm u_34 n']\r\nafdfddsf'"]
2024-12-27 18:19:45,917 - INFO - 
2024-12-27 18:19:45,939 - INFO - 349
2024-12-27 18:19:45,940 - INFO - 349
2024-12-27 18:19:45,940 - INFO - ['bw 3 4', 'bw 2 3', 'bw 2 2', 'bw 3 1', 'bw 5 4', 'm u_24 c', 'm u_30 c', 'm u_32 e', 'm u_33 n', 'm u_34 c', "dst '['bw 3 4', 'bw 2 3', 'bw 2 2', 'bw 3 1', 'bw 5 4', 'm u_24 c', 'm u_30 c', 'm u_32 e', 'm u_33 n', 'm u_34 c']\r\nafdfddsf'"]
2024-12-27 18:19:45,940 - INFO - 
2024-12-27 18:19:45,960 - INFO - 350
2024-12-27 18:19:45,962 - INFO - 350
2024-12-27 18:19:45,962 - INFO - ['bw 3 4', 'bw 2 3', 'bw 2 2', 'bw 3 1', 'bw 5 4', 'm u_24 c', 'm u_30 c', 'm u_34 n', "dst '['bw 3 4', 'bw 2 3', 'bw 2 2', 'bw 3 1', 'bw 5 4', 'm u_24 c', 'm u_30 c', 'm u_34 n']\r\nafdfddsf'"]
2024-12-27 18:19:45,962 - INFO - 
2024-12-27 18:19:45,985 - INFO - 351
2024-12-27 18:19:45,986 - INFO - 351
2024-12-27 18:19:45,986 - INFO - ['bw 3 4', 'bw 2 3', 'bw 2 2', 'bw 3 1', 'bw 5 4', 'm u_32 c', "dst '['bw 3 4', 'bw 2 3', 'bw 2 2', 'bw 3 1', 'bw 5 4', 'm u_32 c']\r\nafdfddsf'"]
2024-12-27 18:19:45,987 - INFO - 
2024-12-27 18:19:46,011 - INFO - 352
2024-12-27 18:19:46,012 - INFO - 352
2024-12-27 18:19:46,012 - INFO - ['m u_32 n', 'm u_35 w', 'm u_36 w', 'm u_37 w', 'm u_38 e', "dst '['m u_32 n', 'm u_35 w', 'm u_36 w', 'm u_37 w', 'm u_38 e']\r\nafdfddsf'"]
2024-12-27 18:19:46,012 - INFO - 
2024-12-27 18:19:46,036 - INFO - 353
2024-12-27 18:19:46,037 - INFO - 353
2024-12-27 18:19:46,037 - INFO - ['m u_32 n', "dst '['m u_32 n']\r\nafdfddsf'"]
2024-12-27 18:19:46,037 - INFO - 
2024-12-27 18:19:46,059 - INFO - 354
2024-12-27 18:19:46,060 - INFO - 354
2024-12-27 18:19:46,060 - INFO - ['m u_32 c', "dst '['m u_32 c']\r\nafdfddsf'"]
2024-12-27 18:19:46,061 - INFO - 
2024-12-27 18:19:46,079 - INFO - 355
2024-12-27 18:19:46,079 - INFO - 355
2024-12-27 18:19:46,080 - INFO - ['m u_32 e', "dst '['m u_32 e']\r\nafdfddsf'"]
2024-12-27 18:19:46,080 - INFO - 
2024-12-27 18:19:46,106 - INFO - 356
2024-12-27 18:19:46,107 - INFO - 356
2024-12-27 18:19:46,107 - INFO - ['m u_35 e', 'm u_38 w', "dst '['m u_35 e', 'm u_38 w']\r\nafdfddsf'"]
2024-12-27 18:19:46,107 - INFO - 
2024-12-27 18:19:46,128 - INFO - 357
2024-12-27 18:19:46,129 - INFO - 357
2024-12-27 18:19:46,129 - INFO - ['m u_35 n', 'm u_38 c', "dst '['m u_35 n', 'm u_38 c']\r\nafdfddsf'"]
2024-12-27 18:19:46,130 - INFO - 
2024-12-27 18:19:46,150 - INFO - 358
2024-12-27 18:19:46,151 - INFO - 358
2024-12-27 18:19:46,151 - INFO - ['m u_38 e', "dst '['m u_38 e']\r\nafdfddsf'"]
2024-12-27 18:19:46,151 - INFO - 
2024-12-27 18:19:46,172 - INFO - 359
2024-12-27 18:19:46,173 - INFO - 359
2024-12-27 18:19:46,174 - INFO - ['m u_32 c', "dst '['m u_32 c']\r\nafdfddsf'"]
2024-12-27 18:19:46,174 - INFO - 
