2024-12-28 09:06:13,552 - INFO - 1
2024-12-28 09:06:13,553 - INFO - 1
2024-12-28 09:06:13,553 - INFO - ['bw 1 11', 'dst \'["bw 1 11"]\r\nafdfddsf\'']
2024-12-28 09:06:13,553 - INFO - 
2024-12-28 09:06:13,579 - INFO - 2
2024-12-28 09:06:13,580 - INFO - 2
2024-12-28 09:06:13,580 - INFO - ['bw 1 11', 'm u_1 n', 'dst \'["bw 1 11", "m u_1 n"]\r\nafdfddsf\'']
2024-12-28 09:06:13,581 - INFO - 
2024-12-28 09:06:13,599 - INFO - 3
2024-12-28 09:06:13,600 - INFO - 3
2024-12-28 09:06:13,600 - INFO - ['bw 1 11', 'dst \'["bw 1 11"]\r\nafdfddsf\'']
2024-12-28 09:06:13,600 - INFO - 
2024-12-28 09:06:13,617 - INFO - 4
2024-12-28 09:06:13,617 - INFO - 4
2024-12-28 09:06:13,617 - INFO - ['bw 1 11', 'bcity u_1', 'dst \'["bw 1 11", "bcity u_1"]\r\nafdfddsf\'']
2024-12-28 09:06:13,617 - INFO - 
2024-12-28 09:06:13,632 - INFO - 5
2024-12-28 09:06:13,633 - INFO - 5
2024-12-28 09:06:13,633 - INFO - ['bw 1 11', 'bw 1 9', 'm u_1 n', 'dst \'["bw 1 11", "bw 1 9", "m u_1 n"]\r\nafdfddsf\'']
2024-12-28 09:06:13,633 - INFO - 
2024-12-28 09:06:13,648 - INFO - 6
2024-12-28 09:06:13,649 - INFO - 6
2024-12-28 09:06:13,649 - INFO - ['bw 1 9', 'm u_3 e', 'dst \'["bw 1 9", "m u_3 e"]\r\nafdfddsf\'']
2024-12-28 09:06:13,649 - INFO - 
2024-12-28 09:06:13,664 - INFO - 7
2024-12-28 09:06:13,665 - INFO - 7
2024-12-28 09:06:13,665 - INFO - ['bw 1 9', 'm u_1 c', 'dst \'["bw 1 9", "m u_1 c"]\r\nafdfddsf\'']
2024-12-28 09:06:13,665 - INFO - 
2024-12-28 09:06:13,678 - INFO - 8
2024-12-28 09:06:13,679 - INFO - 8
2024-12-28 09:06:13,679 - INFO - ['bw 1 9', 'm u_1 c', 'm u_3 c', 'dst \'["bw 1 9", "m u_1 c", "m u_3 c"]\r\nafdfddsf\'']
2024-12-28 09:06:13,680 - INFO - 
2024-12-28 09:06:13,693 - INFO - 9
2024-12-28 09:06:13,693 - INFO - 9
2024-12-28 09:06:13,693 - INFO - ['bw 1 9', 'm u_1 n', 'm u_3 n', 'dst \'["bw 1 9", "m u_1 n", "m u_3 n"]\r\nafdfddsf\'']
2024-12-28 09:06:13,693 - INFO - 
2024-12-28 09:06:13,709 - INFO - 10
2024-12-28 09:06:13,710 - INFO - 10
2024-12-28 09:06:13,710 - INFO - ['bw 1 9', 'dst \'["bw 1 9"]\r\nafdfddsf\'']
2024-12-28 09:06:13,710 - INFO - 
2024-12-28 09:06:13,722 - INFO - 11
2024-12-28 09:06:13,723 - INFO - 11
2024-12-28 09:06:13,723 - INFO - ['bw 1 9', 'm u_1 w', 'm u_3 n', 'dst \'["bw 1 9", "m u_1 w", "m u_3 n"]\r\nafdfddsf\'']
2024-12-28 09:06:13,723 - INFO - 
2024-12-28 09:06:13,743 - INFO - 12
2024-12-28 09:06:13,744 - INFO - 12
2024-12-28 09:06:13,744 - INFO - ['bw 1 9', 'dst \'["bw 1 9"]\r\nafdfddsf\'']
2024-12-28 09:06:13,744 - INFO - 
2024-12-28 09:06:13,758 - INFO - 13
2024-12-28 09:06:13,759 - INFO - 13
2024-12-28 09:06:13,759 - INFO - ['bw 1 9', 'm u_1 n', 'bcity u_3', 'dst \'["bw 1 9", "m u_1 n", "bcity u_3"]\r\nafdfddsf\'']
2024-12-28 09:06:13,759 - INFO - 
2024-12-28 09:06:13,774 - INFO - 14
2024-12-28 09:06:13,775 - INFO - 14
2024-12-28 09:06:13,775 - INFO - ['bw 1 9', 'bw 2 9', 'm u_3 n', 'dst \'["bw 1 9", "bw 2 9", "m u_3 n"]\r\nafdfddsf\'']
2024-12-28 09:06:13,775 - INFO - 
2024-12-28 09:06:13,789 - INFO - 15
2024-12-28 09:06:13,789 - INFO - 15
2024-12-28 09:06:13,789 - INFO - ['bw 1 11', 'bw 2 9', 'm u_1 c', 'm u_4 c', 'dst \'["bw 1 11", "bw 2 9", "m u_1 c", "m u_4 c"]\r\nafdfddsf\'']
2024-12-28 09:06:13,789 - INFO - 
2024-12-28 09:06:13,802 - INFO - 16
2024-12-28 09:06:13,803 - INFO - 16
2024-12-28 09:06:13,803 - INFO - ['bw 1 11', 'bw 2 9', 'm u_1 n', 'm u_3 c', 'm u_4 w', 'dst \'["bw 1 11", "bw 2 9", "m u_1 n", "m u_3 c", "m u_4 w"]\r\nafdfddsf\'']
2024-12-28 09:06:13,803 - INFO - 
2024-12-28 09:06:13,817 - INFO - 17
2024-12-28 09:06:13,817 - INFO - 17
2024-12-28 09:06:13,817 - INFO - ['bw 1 11', 'bw 2 9', 'm u_3 c', 'dst \'["bw 1 11", "bw 2 9", "m u_3 c"]\r\nafdfddsf\'']
2024-12-28 09:06:13,817 - INFO - 
2024-12-28 09:06:13,831 - INFO - 18
2024-12-28 09:06:13,831 - INFO - 18
2024-12-28 09:06:13,831 - INFO - ['bw 1 11', 'bw 2 9', 'm u_1 w', 'm u_3 e', 'm u_4 n', 'dst \'["bw 1 11", "bw 2 9", "m u_1 w", "m u_3 e", "m u_4 n"]\r\nafdfddsf\'']
2024-12-28 09:06:13,831 - INFO - 
2024-12-28 09:06:13,846 - INFO - 19
2024-12-28 09:06:13,847 - INFO - 19
2024-12-28 09:06:13,847 - INFO - ['bw 1 11', 'bw 2 9', 'm u_1 c', 'dst \'["bw 1 11", "bw 2 9", "m u_1 c"]\r\nafdfddsf\'']
2024-12-28 09:06:13,847 - INFO - 
2024-12-28 09:06:13,860 - INFO - 20
2024-12-28 09:06:13,860 - INFO - 20
2024-12-28 09:06:13,860 - INFO - ['bw 1 11', 'bw 2 9', 'm u_1 w', 'm u_3 e', 'm u_4 e', 'dst \'["bw 1 11", "bw 2 9", "m u_1 w", "m u_3 e", "m u_4 e"]\r\nafdfddsf\'']
2024-12-28 09:06:13,861 - INFO - 
2024-12-28 09:06:13,873 - INFO - 21
2024-12-28 09:06:13,873 - INFO - 21
2024-12-28 09:06:13,874 - INFO - ['bw 1 11', 'bw 2 9', 'm u_1 c', 'dst \'["bw 1 11", "bw 2 9", "m u_1 c"]\r\nafdfddsf\'']
2024-12-28 09:06:13,874 - INFO - 
2024-12-28 09:06:13,888 - INFO - 22
2024-12-28 09:06:13,888 - INFO - 22
2024-12-28 09:06:13,888 - INFO - ['bw 1 11', 'bw 2 9', 'm u_1 c', 'm u_3 e', 'm u_4 n', 'dst \'["bw 1 11", "bw 2 9", "m u_1 c", "m u_3 e", "m u_4 n"]\r\nafdfddsf\'']
2024-12-28 09:06:13,888 - INFO - 
2024-12-28 09:06:13,902 - INFO - 23
2024-12-28 09:06:13,902 - INFO - 23
2024-12-28 09:06:13,902 - INFO - ['bw 1 11', 'bw 2 9', 'm u_1 n', 'dst \'["bw 1 11", "bw 2 9", "m u_1 n"]\r\nafdfddsf\'']
2024-12-28 09:06:13,903 - INFO - 
2024-12-28 09:06:13,918 - INFO - 24
2024-12-28 09:06:13,919 - INFO - 24
2024-12-28 09:06:13,919 - INFO - ['bw 1 11', 'bw 1 9', 'bw 2 9', 'm u_3 w', 'm u_4 n', 'dst \'["bw 1 11", "bw 1 9", "bw 2 9", "m u_3 w", "m u_4 n"]\r\nafdfddsf\'']
2024-12-28 09:06:13,919 - INFO - 
2024-12-28 09:06:13,933 - INFO - 25
2024-12-28 09:06:13,934 - INFO - 25
2024-12-28 09:06:13,934 - INFO - ['bw 1 11', 'bw 1 9', 'bw 2 9', 'm u_1 e', 'dst \'["bw 1 11", "bw 1 9", "bw 2 9", "m u_1 e"]\r\nafdfddsf\'']
2024-12-28 09:06:13,934 - INFO - 
2024-12-28 09:06:13,949 - INFO - 26
2024-12-28 09:06:13,950 - INFO - 26
2024-12-28 09:06:13,950 - INFO - ['bw 1 11', 'bw 1 9', 'bw 2 9', 'm u_3 e', 'm u_4 e', 'dst \'["bw 1 11", "bw 1 9", "bw 2 9", "m u_3 e", "m u_4 e"]\r\nafdfddsf\'']
2024-12-28 09:06:13,950 - INFO - 
2024-12-28 09:06:13,967 - INFO - 27
2024-12-28 09:06:13,968 - INFO - 27
2024-12-28 09:06:13,968 - INFO - ['bw 1 11', 'bw 1 9', 'bw 2 9', 'm u_1 n', 'dst \'["bw 1 11", "bw 1 9", "bw 2 9", "m u_1 n"]\r\nafdfddsf\'']
2024-12-28 09:06:13,968 - INFO - 
2024-12-28 09:06:13,984 - INFO - 28
2024-12-28 09:06:13,984 - INFO - 28
2024-12-28 09:06:13,985 - INFO - ['bw 1 11', 'bw 1 9', 'bw 2 9', 'm u_3 w', 'm u_4 n', 'dst \'["bw 1 11", "bw 1 9", "bw 2 9", "m u_3 w", "m u_4 n"]\r\nafdfddsf\'']
2024-12-28 09:06:13,985 - INFO - 
2024-12-28 09:06:14,001 - INFO - 29
2024-12-28 09:06:14,002 - INFO - 29
2024-12-28 09:06:14,002 - INFO - ['bw 1 11', 'bw 1 9', 'bw 2 9', 'm u_1 w', 'dst \'["bw 1 11", "bw 1 9", "bw 2 9", "m u_1 w"]\r\nafdfddsf\'']
2024-12-28 09:06:14,002 - INFO - 
2024-12-28 09:06:14,019 - INFO - 30
2024-12-28 09:06:14,019 - INFO - 30
2024-12-28 09:06:14,019 - INFO - ['bw 1 11', 'bw 1 9', 'bw 2 9', 'm u_3 n', 'm u_4 e', 'dst \'["bw 1 11", "bw 1 9", "bw 2 9", "m u_3 n", "m u_4 e"]\r\nafdfddsf\'']
2024-12-28 09:06:14,020 - INFO - 
2024-12-28 09:06:14,036 - INFO - 31
2024-12-28 09:06:14,036 - INFO - 31
2024-12-28 09:06:14,036 - INFO - ['bw 1 9', 'bw 2 9', 'm u_1 e', 'dst \'["bw 1 9", "bw 2 9", "m u_1 e"]\r\nafdfddsf\'']
2024-12-28 09:06:14,036 - INFO - 
2024-12-28 09:06:14,052 - INFO - 32
2024-12-28 09:06:14,053 - INFO - 32
2024-12-28 09:06:14,053 - INFO - ['bw 1 9', 'bw 2 9', 'dst \'["bw 1 9", "bw 2 9"]\r\nafdfddsf\'']
2024-12-28 09:06:14,053 - INFO - 
2024-12-28 09:06:14,067 - INFO - 33
2024-12-28 09:06:14,068 - INFO - 33
2024-12-28 09:06:14,069 - INFO - ["dst '[]\r\nafdfddsf'"]
2024-12-28 09:06:14,069 - INFO - 
2024-12-28 09:06:14,110 - INFO - 34
2024-12-28 09:06:14,110 - INFO - 34
2024-12-28 09:06:14,111 - INFO - ['m u_4 c', 'dst \'["m u_4 c"]\r\nafdfddsf\'']
2024-12-28 09:06:14,111 - INFO - 
2024-12-28 09:06:14,126 - INFO - 35
2024-12-28 09:06:14,126 - INFO - 35
2024-12-28 09:06:14,127 - INFO - ['m u_1 n', 'm u_4 n', 'dst \'["m u_1 n", "m u_4 n"]\r\nafdfddsf\'']
2024-12-28 09:06:14,127 - INFO - 
2024-12-28 09:06:14,141 - INFO - 36
2024-12-28 09:06:14,141 - INFO - 36
2024-12-28 09:06:14,141 - INFO - ["dst '[]\r\nafdfddsf'"]
2024-12-28 09:06:14,141 - INFO - 
2024-12-28 09:06:14,152 - INFO - 37
2024-12-28 09:06:14,153 - INFO - 37
2024-12-28 09:06:14,153 - INFO - ["dst '[]\r\nafdfddsf'"]
2024-12-28 09:06:14,153 - INFO - 
2024-12-28 09:06:14,165 - INFO - 38
2024-12-28 09:06:14,166 - INFO - 38
2024-12-28 09:06:14,166 - INFO - ["dst '[]\r\nafdfddsf'"]
2024-12-28 09:06:14,166 - INFO - 
2024-12-28 09:06:14,179 - INFO - 39
2024-12-28 09:06:14,179 - INFO - 39
2024-12-28 09:06:14,179 - INFO - ['m u_1 c', 'm u_4 e', 'dst \'["m u_1 c", "m u_4 e"]\r\nafdfddsf\'']
2024-12-28 09:06:14,180 - INFO - 
2024-12-28 09:06:14,191 - INFO - 40
2024-12-28 09:06:14,192 - INFO - 40
2024-12-28 09:06:14,192 - INFO - ['m u_1 n', 'dst \'["m u_1 n"]\r\nafdfddsf\'']
2024-12-28 09:06:14,192 - INFO - 
2024-12-28 09:06:14,204 - INFO - 41
2024-12-28 09:06:14,205 - INFO - 41
2024-12-28 09:06:14,205 - INFO - ["dst '[]\r\nafdfddsf'"]
2024-12-28 09:06:14,205 - INFO - 
2024-12-28 09:06:14,218 - INFO - 42
2024-12-28 09:06:14,219 - INFO - 42
2024-12-28 09:06:14,219 - INFO - ['m u_1 c', 'dst \'["m u_1 c"]\r\nafdfddsf\'']
2024-12-28 09:06:14,219 - INFO - 
2024-12-28 09:06:14,234 - INFO - 43
2024-12-28 09:06:14,234 - INFO - 43
2024-12-28 09:06:14,234 - INFO - ['m u_1 n', 'm u_4 w', 'dst \'["m u_1 n", "m u_4 w"]\r\nafdfddsf\'']
2024-12-28 09:06:14,235 - INFO - 
2024-12-28 09:06:14,252 - INFO - 44
2024-12-28 09:06:14,252 - INFO - 44
2024-12-28 09:06:14,253 - INFO - ["dst '[]\r\nafdfddsf'"]
2024-12-28 09:06:14,253 - INFO - 
2024-12-28 09:06:14,270 - INFO - 45
2024-12-28 09:06:14,271 - INFO - 45
2024-12-28 09:06:14,271 - INFO - ['m u_1 e', 'bcity u_4', 'dst \'["m u_1 e", "bcity u_4"]\r\nafdfddsf\'']
2024-12-28 09:06:14,271 - INFO - 
2024-12-28 09:06:14,287 - INFO - 46
2024-12-28 09:06:14,287 - INFO - 46
2024-12-28 09:06:14,288 - INFO - ['bw 3 4', 'm u_4 w', 'dst \'["bw 3 4", "m u_4 w"]\r\nafdfddsf\'']
2024-12-28 09:06:14,288 - INFO - 
2024-12-28 09:06:14,303 - INFO - 47
2024-12-28 09:06:14,303 - INFO - 47
2024-12-28 09:06:14,303 - INFO - ['bw 3 4', 'm u_1 e', 'dst \'["bw 3 4", "m u_1 e"]\r\nafdfddsf\'']
2024-12-28 09:06:14,303 - INFO - 
2024-12-28 09:06:14,317 - INFO - 48
2024-12-28 09:06:14,317 - INFO - 48
2024-12-28 09:06:14,318 - INFO - ['bw 3 4', 'm u_4 c', 'dst \'["bw 3 4", "m u_4 c"]\r\nafdfddsf\'']
2024-12-28 09:06:14,318 - INFO - 
2024-12-28 09:06:14,333 - INFO - 49
2024-12-28 09:06:14,334 - INFO - 49
2024-12-28 09:06:14,334 - INFO - ['bw 3 4', 'm u_1 e', 'm u_4 e', 'dst \'["bw 3 4", "m u_1 e", "m u_4 e"]\r\nafdfddsf\'']
2024-12-28 09:06:14,334 - INFO - 
2024-12-28 09:06:14,348 - INFO - 50
2024-12-28 09:06:14,349 - INFO - 50
2024-12-28 09:06:14,349 - INFO - ['bw 3 4', 'm u_4 c', 'dst \'["bw 3 4", "m u_4 c"]\r\nafdfddsf\'']
2024-12-28 09:06:14,350 - INFO - 
2024-12-28 09:06:14,365 - INFO - 51
2024-12-28 09:06:14,366 - INFO - 51
2024-12-28 09:06:14,366 - INFO - ['bw 3 4', 'm u_1 e', 'm u_4 n', 'dst \'["bw 3 4", "m u_1 e", "m u_4 n"]\r\nafdfddsf\'']
2024-12-28 09:06:14,367 - INFO - 
2024-12-28 09:06:14,380 - INFO - 52
2024-12-28 09:06:14,381 - INFO - 52
2024-12-28 09:06:14,381 - INFO - ['bw 3 4', 'dst \'["bw 3 4"]\r\nafdfddsf\'']
2024-12-28 09:06:14,381 - INFO - 
2024-12-28 09:06:14,408 - INFO - 53
2024-12-28 09:06:14,408 - INFO - 53
2024-12-28 09:06:14,409 - INFO - ['bw 3 4', 'm u_1 c', 'm u_4 c', 'dst \'["bw 3 4", "m u_1 c", "m u_4 c"]\r\nafdfddsf\'']
2024-12-28 09:06:14,409 - INFO - 
2024-12-28 09:06:14,425 - INFO - 54
2024-12-28 09:06:14,426 - INFO - 54
2024-12-28 09:06:14,426 - INFO - ['bw 3 4', 'm u_1 c', 'm u_4 w', 'dst \'["bw 3 4", "m u_1 c", "m u_4 w"]\r\nafdfddsf\'']
2024-12-28 09:06:14,426 - INFO - 
2024-12-28 09:06:14,441 - INFO - 55
2024-12-28 09:06:14,441 - INFO - 55
2024-12-28 09:06:14,442 - INFO - ['bw 3 4', 'm u_1 w', 'dst \'["bw 3 4", "m u_1 w"]\r\nafdfddsf\'']
2024-12-28 09:06:14,442 - INFO - 
2024-12-28 09:06:14,456 - INFO - 56
2024-12-28 09:06:14,457 - INFO - 56
2024-12-28 09:06:14,457 - INFO - ['bw 3 4', 'bcity u_4', 'dst \'["bw 3 4", "bcity u_4"]\r\nafdfddsf\'']
2024-12-28 09:06:14,457 - INFO - 
2024-12-28 09:06:14,471 - INFO - 57
2024-12-28 09:06:14,472 - INFO - 57
2024-12-28 09:06:14,472 - INFO - ['bw 3 4', 'bw 2 3', 'm u_1 e', 'm u_4 c', 'dst \'["bw 3 4", "bw 2 3", "m u_1 e", "m u_4 c"]\r\nafdfddsf\'']
2024-12-28 09:06:14,472 - INFO - 
2024-12-28 09:06:14,487 - INFO - 58
2024-12-28 09:06:14,488 - INFO - 58
2024-12-28 09:06:14,488 - INFO - ['bw 3 4', 'bw 2 3', 'm u_4 e', 'dst \'["bw 3 4", "bw 2 3", "m u_4 e"]\r\nafdfddsf\'']
2024-12-28 09:06:14,488 - INFO - 
2024-12-28 09:06:14,505 - INFO - 59
2024-12-28 09:06:14,506 - INFO - 59
2024-12-28 09:06:14,506 - INFO - ['bw 3 4', 'bw 2 3', 'm u_1 n', 'dst \'["bw 3 4", "bw 2 3", "m u_1 n"]\r\nafdfddsf\'']
2024-12-28 09:06:14,506 - INFO - 
2024-12-28 09:06:14,522 - INFO - 60
2024-12-28 09:06:14,522 - INFO - 60
2024-12-28 09:06:14,522 - INFO - ['bw 3 4', 'bw 2 3', 'm u_1 c', 'm u_4 n', 'dst \'["bw 3 4", "bw 2 3", "m u_1 c", "m u_4 n"]\r\nafdfddsf\'']
2024-12-28 09:06:14,523 - INFO - 
2024-12-28 09:06:14,537 - INFO - 61
2024-12-28 09:06:14,537 - INFO - 61
2024-12-28 09:06:14,537 - INFO - ['bw 3 4', 'bw 2 3', 'm u_1 e', 'dst \'["bw 3 4", "bw 2 3", "m u_1 e"]\r\nafdfddsf\'']
2024-12-28 09:06:14,537 - INFO - 
2024-12-28 09:06:14,553 - INFO - 62
2024-12-28 09:06:14,553 - INFO - 62
2024-12-28 09:06:14,553 - INFO - ['bw 3 4', 'bw 2 3', 'm u_4 w', 'dst \'["bw 3 4", "bw 2 3", "m u_4 w"]\r\nafdfddsf\'']
2024-12-28 09:06:14,553 - INFO - 
2024-12-28 09:06:14,568 - INFO - 63
2024-12-28 09:06:14,568 - INFO - 63
2024-12-28 09:06:14,569 - INFO - ['bw 3 4', 'bw 2 3', 'm u_1 e', 'dst \'["bw 3 4", "bw 2 3", "m u_1 e"]\r\nafdfddsf\'']
2024-12-28 09:06:14,569 - INFO - 
2024-12-28 09:06:14,586 - INFO - 64
2024-12-28 09:06:14,587 - INFO - 64
2024-12-28 09:06:14,587 - INFO - ['bw 3 4', 'bw 2 3', 'bcity u_4', 'dst \'["bw 3 4", "bw 2 3", "bcity u_4"]\r\nafdfddsf\'']
2024-12-28 09:06:14,587 - INFO - 
2024-12-28 09:06:14,603 - INFO - 65
2024-12-28 09:06:14,604 - INFO - 65
2024-12-28 09:06:14,604 - INFO - ['bw 3 4', 'bw 2 3', 'bw 2 2', 'm u_1 n', 'm u_4 c', 'dst \'["bw 3 4", "bw 2 3", "bw 2 2", "m u_1 n", "m u_4 c"]\r\nafdfddsf\'']
2024-12-28 09:06:14,604 - INFO - 
2024-12-28 09:06:14,621 - INFO - 66
2024-12-28 09:06:14,621 - INFO - 66
2024-12-28 09:06:14,621 - INFO - ['bw 2 3', 'bw 2 2', 'm u_1 e', 'm u_4 c', 'm u_5 w', 'dst \'["bw 2 3", "bw 2 2", "m u_1 e", "m u_4 c", "m u_5 w"]\r\nafdfddsf\'']
2024-12-28 09:06:14,622 - INFO - 
2024-12-28 09:06:14,636 - INFO - 67
2024-12-28 09:06:14,636 - INFO - 67
2024-12-28 09:06:14,636 - INFO - ['bw 2 3', 'bw 2 2', 'm u_4 w', 'dst \'["bw 2 3", "bw 2 2", "m u_4 w"]\r\nafdfddsf\'']
2024-12-28 09:06:14,636 - INFO - 
2024-12-28 09:06:14,651 - INFO - 68
2024-12-28 09:06:14,651 - INFO - 68
2024-12-28 09:06:14,651 - INFO - ['bw 2 3', 'bw 2 2', 'm u_1 w', 'm u_5 c', 'dst \'["bw 2 3", "bw 2 2", "m u_1 w", "m u_5 c"]\r\nafdfddsf\'']
2024-12-28 09:06:14,651 - INFO - 
2024-12-28 09:06:14,669 - INFO - 69
2024-12-28 09:06:14,670 - INFO - 69
2024-12-28 09:06:14,670 - INFO - ['bw 2 3', 'bw 2 2', 'm u_4 e', 'm u_5 c', 'dst \'["bw 2 3", "bw 2 2", "m u_4 e", "m u_5 c"]\r\nafdfddsf\'']
2024-12-28 09:06:14,670 - INFO - 
2024-12-28 09:06:14,686 - INFO - 70
2024-12-28 09:06:14,687 - INFO - 70
2024-12-28 09:06:14,687 - INFO - ['bw 2 3', 'bw 2 2', 'm u_1 c', 'm u_4 e', 'm u_5 w', 'dst \'["bw 2 3", "bw 2 2", "m u_1 c", "m u_4 e", "m u_5 w"]\r\nafdfddsf\'']
2024-12-28 09:06:14,687 - INFO - 
2024-12-28 09:06:14,702 - INFO - 71
2024-12-28 09:06:14,703 - INFO - 71
2024-12-28 09:06:14,703 - INFO - ['bw 2 3', 'bw 2 2', 'dst \'["bw 2 3", "bw 2 2"]\r\nafdfddsf\'']
2024-12-28 09:06:14,703 - INFO - 
2024-12-28 09:06:14,719 - INFO - 72
2024-12-28 09:06:14,720 - INFO - 72
2024-12-28 09:06:14,720 - INFO - ['bw 2 2', 'm u_6 w', 'dst \'["bw 2 2", "m u_6 w"]\r\nafdfddsf\'']
2024-12-28 09:06:14,720 - INFO - 
2024-12-28 09:06:14,736 - INFO - 73
2024-12-28 09:06:14,737 - INFO - 73
2024-12-28 09:06:14,737 - INFO - ['bw 2 2', 'dst \'["bw 2 2"]\r\nafdfddsf\'']
2024-12-28 09:06:14,738 - INFO - 
2024-12-28 09:06:14,752 - INFO - 74
2024-12-28 09:06:14,752 - INFO - 74
2024-12-28 09:06:14,753 - INFO - ['m u_4 e', 'm u_5 c', 'm u_7 c', 'dst \'["m u_4 e", "m u_5 c", "m u_7 c"]\r\nafdfddsf\'']
2024-12-28 09:06:14,753 - INFO - 
2024-12-28 09:06:14,768 - INFO - 75
2024-12-28 09:06:14,768 - INFO - 75
2024-12-28 09:06:14,769 - INFO - ['bw 3 4', 'm u_5 w', 'm u_7 n', 'dst \'["bw 3 4", "m u_5 w", "m u_7 n"]\r\nafdfddsf\'']
2024-12-28 09:06:14,769 - INFO - 
2024-12-28 09:06:14,783 - INFO - 76
2024-12-28 09:06:14,783 - INFO - 76
2024-12-28 09:06:14,784 - INFO - ['bw 3 4', 'dst \'["bw 3 4"]\r\nafdfddsf\'']
2024-12-28 09:06:14,784 - INFO - 
2024-12-28 09:06:14,797 - INFO - 77
2024-12-28 09:06:14,798 - INFO - 77
2024-12-28 09:06:14,799 - INFO - ['m u_8 n', 'dst \'["m u_8 n"]\r\nafdfddsf\'']
2024-12-28 09:06:14,799 - INFO - 
2024-12-28 09:06:14,816 - INFO - 78
2024-12-28 09:06:14,816 - INFO - 78
2024-12-28 09:06:14,817 - INFO - ['m u_4 n', 'dst \'["m u_4 n"]\r\nafdfddsf\'']
2024-12-28 09:06:14,817 - INFO - 
2024-12-28 09:06:14,861 - INFO - 79
2024-12-28 09:06:14,862 - INFO - 79
2024-12-28 09:06:14,862 - INFO - ['m u_5 c', 'dst \'["m u_5 c"]\r\nafdfddsf\'']
2024-12-28 09:06:14,862 - INFO - 
2024-12-28 09:06:14,877 - INFO - 80
2024-12-28 09:06:14,878 - INFO - 80
2024-12-28 09:06:14,878 - INFO - ['m u_5 c', 'dst \'["m u_5 c"]\r\nafdfddsf\'']
2024-12-28 09:06:14,878 - INFO - 
2024-12-28 09:06:14,893 - INFO - 81
2024-12-28 09:06:14,893 - INFO - 81
2024-12-28 09:06:14,893 - INFO - ['m u_5 w', 'm u_8 n', 'dst \'["m u_5 w", "m u_8 n"]\r\nafdfddsf\'']
2024-12-28 09:06:14,894 - INFO - 
2024-12-28 09:06:14,908 - INFO - 82
2024-12-28 09:06:14,909 - INFO - 82
2024-12-28 09:06:14,909 - INFO - ['bcity u_4', 'm u_5 w', 'dst \'["bcity u_4", "m u_5 w"]\r\nafdfddsf\'']
2024-12-28 09:06:14,909 - INFO - 
2024-12-28 09:06:14,925 - INFO - 83
2024-12-28 09:06:14,926 - INFO - 83
2024-12-28 09:06:14,926 - INFO - ['bw 4 1', 'm u_4 w', 'm u_5 w', 'm u_8 e', 'dst \'["bw 4 1", "m u_4 w", "m u_5 w", "m u_8 e"]\r\nafdfddsf\'']
2024-12-28 09:06:14,926 - INFO - 
2024-12-28 09:06:14,942 - INFO - 84
2024-12-28 09:06:14,943 - INFO - 84
2024-12-28 09:06:14,943 - INFO - ['bw 4 1', 'm u_5 n', 'dst \'["bw 4 1", "m u_5 n"]\r\nafdfddsf\'']
2024-12-28 09:06:14,943 - INFO - 
2024-12-28 09:06:14,958 - INFO - 85
2024-12-28 09:06:14,959 - INFO - 85
2024-12-28 09:06:14,959 - INFO - ['bw 4 1', 'm u_4 n', 'm u_8 e', 'dst \'["bw 4 1", "m u_4 n", "m u_8 e"]\r\nafdfddsf\'']
2024-12-28 09:06:14,959 - INFO - 
2024-12-28 09:06:14,975 - INFO - 86
2024-12-28 09:06:14,976 - INFO - 86
2024-12-28 09:06:14,976 - INFO - ['bw 3 4', 'bw 4 1', 'm u_5 e', 'dst \'["bw 3 4", "bw 4 1", "m u_5 e"]\r\nafdfddsf\'']
2024-12-28 09:06:14,976 - INFO - 
2024-12-28 09:06:14,993 - INFO - 87
2024-12-28 09:06:14,994 - INFO - 87
2024-12-28 09:06:14,994 - INFO - ['bw 3 4', 'bw 4 1', 'm u_4 n', 'bcity u_8', 'dst \'["bw 3 4", "bw 4 1", "m u_4 n", "bcity u_8"]\r\nafdfddsf\'']
2024-12-28 09:06:14,994 - INFO - 
2024-12-28 09:06:15,011 - INFO - 88
2024-12-28 09:06:15,011 - INFO - 88
2024-12-28 09:06:15,012 - INFO - ['bw 3 4', 'bw 4 1', 'bw 5 2', 'm u_4 e', 'm u_5 w', 'm u_8 c', 'dst \'["bw 3 4", "bw 4 1", "bw 5 2", "m u_4 e", "m u_5 w", "m u_8 c"]\r\nafdfddsf\'']
2024-12-28 09:06:15,012 - INFO - 
2024-12-28 09:06:15,028 - INFO - 89
2024-12-28 09:06:15,028 - INFO - 89
2024-12-28 09:06:15,029 - INFO - ['bw 3 4', 'bw 4 1', 'bw 5 2', 'm u_8 w', 'dst \'["bw 3 4", "bw 4 1", "bw 5 2", "m u_8 w"]\r\nafdfddsf\'']
2024-12-28 09:06:15,029 - INFO - 
2024-12-28 09:06:15,043 - INFO - 90
2024-12-28 09:06:15,044 - INFO - 90
2024-12-28 09:06:15,044 - INFO - ['bw 3 4', 'bw 4 1', 'bw 5 2', 'm u_4 n', 'm u_5 e', 'dst \'["bw 3 4", "bw 4 1", "bw 5 2", "m u_4 n", "m u_5 e"]\r\nafdfddsf\'']
2024-12-28 09:06:15,044 - INFO - 
2024-12-28 09:06:15,062 - INFO - 91
2024-12-28 09:06:15,062 - INFO - 91
2024-12-28 09:06:15,063 - INFO - ['bw 3 4', 'bw 4 1', 'bw 5 2', 'm u_4 c', 'm u_8 n', 'dst \'["bw 3 4", "bw 4 1", "bw 5 2", "m u_4 c", "m u_8 n"]\r\nafdfddsf\'']
2024-12-28 09:06:15,063 - INFO - 
2024-12-28 09:06:15,084 - INFO - 92
2024-12-28 09:06:15,084 - INFO - 92
2024-12-28 09:06:15,085 - INFO - ['bw 3 4', 'bw 4 1', 'bw 5 2', 'm u_4 e', 'm u_5 c', 'm u_8 c', 'dst \'["bw 3 4", "bw 4 1", "bw 5 2", "m u_4 e", "m u_5 c", "m u_8 c"]\r\nafdfddsf\'']
2024-12-28 09:06:15,085 - INFO - 
2024-12-28 09:06:15,101 - INFO - 93
2024-12-28 09:06:15,102 - INFO - 93
2024-12-28 09:06:15,102 - INFO - ['bw 3 4', 'bw 4 1', 'bw 5 2', 'm u_5 e', 'm u_8 c', 'dst \'["bw 3 4", "bw 4 1", "bw 5 2", "m u_5 e", "m u_8 c"]\r\nafdfddsf\'']
2024-12-28 09:06:15,102 - INFO - 
2024-12-28 09:06:15,118 - INFO - 94
2024-12-28 09:06:15,119 - INFO - 94
2024-12-28 09:06:15,119 - INFO - ['bw 3 4', 'bw 4 1', 'bw 5 2', 'm u_4 n', 'm u_8 e', 'dst \'["bw 3 4", "bw 4 1", "bw 5 2", "m u_4 n", "m u_8 e"]\r\nafdfddsf\'']
2024-12-28 09:06:15,119 - INFO - 
2024-12-28 09:06:15,136 - INFO - 95
2024-12-28 09:06:15,137 - INFO - 95
2024-12-28 09:06:15,137 - INFO - ['bw 3 4', 'bw 4 1', 'bw 5 2', 'm u_4 w', 'bcity u_5', 'dst \'["bw 3 4", "bw 4 1", "bw 5 2", "m u_4 w", "bcity u_5"]\r\nafdfddsf\'']
2024-12-28 09:06:15,138 - INFO - 
2024-12-28 09:06:15,154 - INFO - 96
2024-12-28 09:06:15,154 - INFO - 96
2024-12-28 09:06:15,155 - INFO - ['bw 3 4', 'bw 4 1', 'bw 5 2', 'bw 2 3', 'm u_5 n', 'm u_8 n', 'dst \'["bw 3 4", "bw 4 1", "bw 5 2", "bw 2 3", "m u_5 n", "m u_8 n"]\r\nafdfddsf\'']
2024-12-28 09:06:15,155 - INFO - 
2024-12-28 09:06:15,175 - INFO - 97
2024-12-28 09:06:15,176 - INFO - 97
2024-12-28 09:06:15,176 - INFO - ['bw 4 1', 'bw 5 2', 'bw 2 3', 'm u_4 e', 'm u_9 e', 'dst \'["bw 4 1", "bw 5 2", "bw 2 3", "m u_4 e", "m u_9 e"]\r\nafdfddsf\'']
2024-12-28 09:06:15,176 - INFO - 
2024-12-28 09:06:15,195 - INFO - 98
2024-12-28 09:06:15,196 - INFO - 98
2024-12-28 09:06:15,196 - INFO - ['bw 4 1', 'bw 5 2', 'bw 2 3', 'm u_4 c', 'm u_5 n', 'm u_8 c', 'dst \'["bw 4 1", "bw 5 2", "bw 2 3", "m u_4 c", "m u_5 n", "m u_8 c"]\r\nafdfddsf\'']
2024-12-28 09:06:15,196 - INFO - 
2024-12-28 09:06:15,213 - INFO - 99
2024-12-28 09:06:15,214 - INFO - 99
2024-12-28 09:06:15,214 - INFO - ['bw 4 1', 'bw 5 2', 'bw 2 3', 'm u_4 n', 'm u_8 n', 'm u_9 w', 'dst \'["bw 4 1", "bw 5 2", "bw 2 3", "m u_4 n", "m u_8 n", "m u_9 w"]\r\nafdfddsf\'']
2024-12-28 09:06:15,214 - INFO - 
2024-12-28 09:06:15,229 - INFO - 100
2024-12-28 09:06:15,230 - INFO - 100
2024-12-28 09:06:15,230 - INFO - ['bw 4 1', 'bw 5 2', 'bw 2 3', 'm u_4 n', 'm u_5 c', 'm u_8 c', 'm u_9 w', 'dst \'["bw 4 1", "bw 5 2", "bw 2 3", "m u_4 n", "m u_5 c", "m u_8 c", "m u_9 w"]\r\nafdfddsf\'']
2024-12-28 09:06:15,230 - INFO - 
2024-12-28 09:06:15,248 - INFO - 101
2024-12-28 09:06:15,248 - INFO - 101
2024-12-28 09:06:15,248 - INFO - ['bw 4 1', 'bw 5 2', 'bw 2 3', 'm u_4 c', 'm u_5 e', 'm u_8 w', 'dst \'["bw 4 1", "bw 5 2", "bw 2 3", "m u_4 c", "m u_5 e", "m u_8 w"]\r\nafdfddsf\'']
2024-12-28 09:06:15,249 - INFO - 
2024-12-28 09:06:15,280 - INFO - 102
2024-12-28 09:06:15,281 - INFO - 102
2024-12-28 09:06:15,281 - INFO - ['bw 4 1', 'bw 5 2', 'bw 2 3', 'm u_4 c', 'm u_8 c', 'm u_9 e', 'dst \'["bw 4 1", "bw 5 2", "bw 2 3", "m u_4 c", "m u_8 c", "m u_9 e"]\r\nafdfddsf\'']
2024-12-28 09:06:15,281 - INFO - 
2024-12-28 09:06:15,303 - INFO - 103
2024-12-28 09:06:15,303 - INFO - 103
2024-12-28 09:06:15,304 - INFO - ['bw 4 1', 'bw 5 2', 'bw 2 3', 'm u_4 w', 'm u_5 e', 'm u_8 w', 'm u_9 w', 'dst \'["bw 4 1", "bw 5 2", "bw 2 3", "m u_4 w", "m u_5 e", "m u_8 w", "m u_9 w"]\r\nafdfddsf\'']
2024-12-28 09:06:15,304 - INFO - 
2024-12-28 09:06:15,320 - INFO - 104
2024-12-28 09:06:15,320 - INFO - 104
2024-12-28 09:06:15,321 - INFO - ['bw 4 1', 'bw 5 2', 'bw 2 3', 'm u_5 n', 'dst \'["bw 4 1", "bw 5 2", "bw 2 3", "m u_5 n"]\r\nafdfddsf\'']
2024-12-28 09:06:15,321 - INFO - 
2024-12-28 09:06:15,336 - INFO - 105
2024-12-28 09:06:15,337 - INFO - 105
2024-12-28 09:06:15,337 - INFO - ['bw 4 1', 'bw 5 2', 'bw 2 3', 'm u_4 c', 'm u_5 c', 'm u_8 n', 'm u_9 e', 'dst \'["bw 4 1", "bw 5 2", "bw 2 3", "m u_4 c", "m u_5 c", "m u_8 n", "m u_9 e"]\r\nafdfddsf\'']
2024-12-28 09:06:15,337 - INFO - 
2024-12-28 09:06:15,353 - INFO - 106
2024-12-28 09:06:15,353 - INFO - 106
2024-12-28 09:06:15,353 - INFO - ['bw 3 4', 'bw 4 1', 'bw 5 2', 'bw 2 3', 'm u_4 n', 'm u_5 c', 'm u_8 c', 'm u_9 n', 'dst \'["bw 3 4", "bw 4 1", "bw 5 2", "bw 2 3", "m u_4 n", "m u_5 c", "m u_8 c", "m u_9 n"]\r\nafdfddsf\'']
2024-12-28 09:06:15,354 - INFO - 
2024-12-28 09:06:15,370 - INFO - 107
2024-12-28 09:06:15,371 - INFO - 107
2024-12-28 09:06:15,371 - INFO - ['bw 3 4', 'bw 4 1', 'bw 5 2', 'bw 2 3', 'm u_4 n', 'm u_5 n', 'm u_8 c', 'dst \'["bw 3 4", "bw 4 1", "bw 5 2", "bw 2 3", "m u_4 n", "m u_5 n", "m u_8 c"]\r\nafdfddsf\'']
2024-12-28 09:06:15,371 - INFO - 
2024-12-28 09:06:15,388 - INFO - 108
2024-12-28 09:06:15,388 - INFO - 108
2024-12-28 09:06:15,388 - INFO - ['bw 3 4', 'bw 4 1', 'bw 5 2', 'bw 2 3', 'm u_4 n', 'm u_5 n', 'm u_8 e', 'm u_9 n', 'dst \'["bw 3 4", "bw 4 1", "bw 5 2", "bw 2 3", "m u_4 n", "m u_5 n", "m u_8 e", "m u_9 n"]\r\nafdfddsf\'']
2024-12-28 09:06:15,389 - INFO - 
2024-12-28 09:06:15,404 - INFO - 109
2024-12-28 09:06:15,405 - INFO - 109
2024-12-28 09:06:15,405 - INFO - ['bw 3 4', 'bw 4 1', 'bw 5 2', 'bw 2 3', 'm u_4 c', 'dst \'["bw 3 4", "bw 4 1", "bw 5 2", "bw 2 3", "m u_4 c"]\r\nafdfddsf\'']
2024-12-28 09:06:15,405 - INFO - 
2024-12-28 09:06:15,419 - INFO - 110
2024-12-28 09:06:15,419 - INFO - 110
2024-12-28 09:06:15,419 - INFO - ['bw 3 4', 'bw 4 1', 'bw 5 2', 'bw 2 3', 'm u_4 e', 'm u_5 w', 'm u_8 c', 'm u_9 c', 'dst \'["bw 3 4", "bw 4 1", "bw 5 2", "bw 2 3", "m u_4 e", "m u_5 w", "m u_8 c", "m u_9 c"]\r\nafdfddsf\'']
2024-12-28 09:06:15,420 - INFO - 
2024-12-28 09:06:15,435 - INFO - 111
2024-12-28 09:06:15,435 - INFO - 111
2024-12-28 09:06:15,435 - INFO - ['bw 3 4', 'bw 4 1', 'bw 5 2', 'bw 2 3', 'm u_9 w', 'dst \'["bw 3 4", "bw 4 1", "bw 5 2", "bw 2 3", "m u_9 w"]\r\nafdfddsf\'']
2024-12-28 09:06:15,436 - INFO - 
2024-12-28 09:06:15,450 - INFO - 112
2024-12-28 09:06:15,450 - INFO - 112
2024-12-28 09:06:15,450 - INFO - ['m u_10 c', 'm u_11 w', 'dst \'["m u_10 c", "m u_11 w"]\r\nafdfddsf\'']
2024-12-28 09:06:15,451 - INFO - 
2024-12-28 09:06:15,466 - INFO - 113
2024-12-28 09:06:15,467 - INFO - 113
2024-12-28 09:06:15,467 - INFO - ['m u_10 w', 'dst \'["m u_10 w"]\r\nafdfddsf\'']
2024-12-28 09:06:15,467 - INFO - 
2024-12-28 09:06:15,483 - INFO - 114
2024-12-28 09:06:15,484 - INFO - 114
2024-12-28 09:06:15,484 - INFO - ['m u_4 c', 'dst \'["m u_4 c"]\r\nafdfddsf\'']
2024-12-28 09:06:15,484 - INFO - 
2024-12-28 09:06:15,499 - INFO - 115
2024-12-28 09:06:15,499 - INFO - 115
2024-12-28 09:06:15,499 - INFO - ['m u_4 n', 'm u_9 n', 'dst \'["m u_4 n", "m u_9 n"]\r\nafdfddsf\'']
2024-12-28 09:06:15,499 - INFO - 
2024-12-28 09:06:15,514 - INFO - 116
2024-12-28 09:06:15,514 - INFO - 116
2024-12-28 09:06:15,514 - INFO - ['m u_4 w', 'm u_11 e', 'dst \'["m u_4 w", "m u_11 e"]\r\nafdfddsf\'']
2024-12-28 09:06:15,514 - INFO - 
2024-12-28 09:06:15,532 - INFO - 117
2024-12-28 09:06:15,532 - INFO - 117
2024-12-28 09:06:15,533 - INFO - ['m u_10 w', 'm u_11 w', 'dst \'["m u_10 w", "m u_11 w"]\r\nafdfddsf\'']
2024-12-28 09:06:15,533 - INFO - 
2024-12-28 09:06:15,550 - INFO - 118
2024-12-28 09:06:15,551 - INFO - 118
2024-12-28 09:06:15,551 - INFO - ["dst '[]\r\nafdfddsf'"]
2024-12-28 09:06:15,551 - INFO - 
2024-12-28 09:06:15,566 - INFO - 119
2024-12-28 09:06:15,567 - INFO - 119
2024-12-28 09:06:15,567 - INFO - ['m u_9 w', 'dst \'["m u_9 w"]\r\nafdfddsf\'']
2024-12-28 09:06:15,567 - INFO - 
2024-12-28 09:06:15,581 - INFO - 120
2024-12-28 09:06:15,582 - INFO - 120
2024-12-28 09:06:15,582 - INFO - ['m u_4 n', 'dst \'["m u_4 n"]\r\nafdfddsf\'']
2024-12-28 09:06:15,582 - INFO - 
2024-12-28 09:06:15,597 - INFO - 121
2024-12-28 09:06:15,597 - INFO - 121
2024-12-28 09:06:15,597 - INFO - ['bw 3 4', 'bw 4 1', 'm u_4 n', 'bcity u_10', 'm u_11 n', 'dst \'["bw 3 4", "bw 4 1", "m u_4 n", "bcity u_10", "m u_11 n"]\r\nafdfddsf\'']
2024-12-28 09:06:15,597 - INFO - 
2024-12-28 09:06:15,613 - INFO - 122
2024-12-28 09:06:15,614 - INFO - 122
2024-12-28 09:06:15,614 - INFO - ['bw 3 4', 'bw 4 1', 'bw 1 4', 'm u_4 w', 'm u_10 e', 'm u_11 n', 'dst \'["bw 3 4", "bw 4 1", "bw 1 4", "m u_4 w", "m u_10 e", "m u_11 n"]\r\nafdfddsf\'']
2024-12-28 09:06:15,614 - INFO - 
2024-12-28 09:06:15,666 - INFO - 123
2024-12-28 09:06:15,667 - INFO - 123
2024-12-28 09:06:15,667 - INFO - ['bw 3 4', 'bw 4 1', 'bw 1 4', 'm u_9 c', 'dst \'["bw 3 4", "bw 4 1", "bw 1 4", "m u_9 c"]\r\nafdfddsf\'']
2024-12-28 09:06:15,667 - INFO - 
2024-12-28 09:06:15,682 - INFO - 124
2024-12-28 09:06:15,683 - INFO - 124
2024-12-28 09:06:15,683 - INFO - ['bw 3 4', 'bw 4 1', 'bw 1 4', 'm u_4 c', 'm u_9 c', 'm u_10 w', 'm u_11 c', 'dst \'["bw 3 4", "bw 4 1", "bw 1 4", "m u_4 c", "m u_9 c", "m u_10 w", "m u_11 c"]\r\nafdfddsf\'']
2024-12-28 09:06:15,683 - INFO - 
2024-12-28 09:06:15,697 - INFO - 125
2024-12-28 09:06:15,698 - INFO - 125
2024-12-28 09:06:15,698 - INFO - ['bw 3 4', 'bw 4 1', 'bw 1 4', 'm u_4 w', 'm u_9 c', 'm u_10 e', 'm u_11 w', 'dst \'["bw 3 4", "bw 4 1", "bw 1 4", "m u_4 w", "m u_9 c", "m u_10 e", "m u_11 w"]\r\nafdfddsf\'']
2024-12-28 09:06:15,698 - INFO - 
2024-12-28 09:06:15,713 - INFO - 126
2024-12-28 09:06:15,714 - INFO - 126
2024-12-28 09:06:15,714 - INFO - ['bw 3 4', 'bw 4 1', 'bw 1 4', 'm u_9 c', 'dst \'["bw 3 4", "bw 4 1", "bw 1 4", "m u_9 c"]\r\nafdfddsf\'']
2024-12-28 09:06:15,714 - INFO - 
2024-12-28 09:06:15,728 - INFO - 127
2024-12-28 09:06:15,729 - INFO - 127
2024-12-28 09:06:15,729 - INFO - ['bw 3 4', 'bw 4 1', 'bw 1 4', 'm u_4 n', 'm u_9 w', 'm u_10 n', 'm u_11 n', 'dst \'["bw 3 4", "bw 4 1", "bw 1 4", "m u_4 n", "m u_9 w", "m u_10 n", "m u_11 n"]\r\nafdfddsf\'']
2024-12-28 09:06:15,729 - INFO - 
2024-12-28 09:06:15,744 - INFO - 128
2024-12-28 09:06:15,744 - INFO - 128
2024-12-28 09:06:15,744 - INFO - ['bw 3 4', 'bw 4 1', 'bw 1 4', 'm u_4 n', 'm u_11 n', 'dst \'["bw 3 4", "bw 4 1", "bw 1 4", "m u_4 n", "m u_11 n"]\r\nafdfddsf\'']
2024-12-28 09:06:15,745 - INFO - 
2024-12-28 09:06:15,760 - INFO - 129
2024-12-28 09:06:15,761 - INFO - 129
2024-12-28 09:06:15,761 - INFO - ['bw 3 4', 'bw 4 1', 'bw 1 4', 'm u_4 c', 'm u_9 c', 'bcity u_10', 'm u_11 w', 'dst \'["bw 3 4", "bw 4 1", "bw 1 4", "m u_4 c", "m u_9 c", "bcity u_10", "m u_11 w"]\r\nafdfddsf\'']
2024-12-28 09:06:15,761 - INFO - 
2024-12-28 09:06:15,776 - INFO - 130
2024-12-28 09:06:15,777 - INFO - 130
2024-12-28 09:06:15,777 - INFO - ['bw 3 4', 'bw 4 1', 'bw 1 4', 'bw 2 3', 'm u_4 w', 'm u_9 w', 'm u_10 c', 'm u_11 w', 'dst \'["bw 3 4", "bw 4 1", "bw 1 4", "bw 2 3", "m u_4 w", "m u_9 w", "m u_10 c", "m u_11 w"]\r\nafdfddsf\'']
2024-12-28 09:06:15,777 - INFO - 
2024-12-28 09:06:15,791 - INFO - 131
2024-12-28 09:06:15,791 - INFO - 131
2024-12-28 09:06:15,791 - INFO - ['bw 3 4', 'bw 4 1', 'bw 1 4', 'bw 2 3', 'm u_9 n', 'm u_10 c', 'dst \'["bw 3 4", "bw 4 1", "bw 1 4", "bw 2 3", "m u_9 n", "m u_10 c"]\r\nafdfddsf\'']
2024-12-28 09:06:15,791 - INFO - 
2024-12-28 09:06:15,805 - INFO - 132
2024-12-28 09:06:15,806 - INFO - 132
2024-12-28 09:06:15,806 - INFO - ['bw 3 4', 'bw 4 1', 'bw 1 4', 'bw 2 3', 'm u_4 w', 'm u_9 n', 'm u_10 w', 'm u_11 e', 'dst \'["bw 3 4", "bw 4 1", "bw 1 4", "bw 2 3", "m u_4 w", "m u_9 n", "m u_10 w", "m u_11 e"]\r\nafdfddsf\'']
2024-12-28 09:06:15,806 - INFO - 
2024-12-28 09:06:15,821 - INFO - 133
2024-12-28 09:06:15,821 - INFO - 133
2024-12-28 09:06:15,821 - INFO - ['bw 3 4', 'bw 4 1', 'bw 1 4', 'bw 2 3', 'm u_4 w', 'm u_9 e', 'dst \'["bw 3 4", "bw 4 1", "bw 1 4", "bw 2 3", "m u_4 w", "m u_9 e"]\r\nafdfddsf\'']
2024-12-28 09:06:15,821 - INFO - 
2024-12-28 09:06:15,837 - INFO - 134
2024-12-28 09:06:15,838 - INFO - 134
2024-12-28 09:06:15,838 - INFO - ['bw 3 4', 'bw 4 1', 'bw 1 4', 'bw 2 3', 'm u_4 w', 'm u_10 w', 'm u_11 c', 'dst \'["bw 3 4", "bw 4 1", "bw 1 4", "bw 2 3", "m u_4 w", "m u_10 w", "m u_11 c"]\r\nafdfddsf\'']
2024-12-28 09:06:15,838 - INFO - 
2024-12-28 09:06:15,854 - INFO - 135
2024-12-28 09:06:15,854 - INFO - 135
2024-12-28 09:06:15,854 - INFO - ['bw 3 4', 'bw 4 1', 'bw 1 4', 'bw 2 3', 'm u_4 c', 'm u_9 e', 'm u_11 c', 'dst \'["bw 3 4", "bw 4 1", "bw 1 4", "bw 2 3", "m u_4 c", "m u_9 e", "m u_11 c"]\r\nafdfddsf\'']
2024-12-28 09:06:15,855 - INFO - 
2024-12-28 09:06:15,869 - INFO - 136
2024-12-28 09:06:15,869 - INFO - 136
2024-12-28 09:06:15,869 - INFO - ['bw 3 4', 'bw 4 1', 'bw 1 4', 'bw 2 3', 'm u_4 n', 'm u_10 n', 'm u_11 e', 'dst \'["bw 3 4", "bw 4 1", "bw 1 4", "bw 2 3", "m u_4 n", "m u_10 n", "m u_11 e"]\r\nafdfddsf\'']
2024-12-28 09:06:15,870 - INFO - 
2024-12-28 09:06:15,884 - INFO - 137
2024-12-28 09:06:15,884 - INFO - 137
2024-12-28 09:06:15,884 - INFO - ['bw 3 4', 'bw 4 1', 'bw 1 4', 'bw 2 3', 'm u_4 n', 'm u_9 n', 'dst \'["bw 3 4", "bw 4 1", "bw 1 4", "bw 2 3", "m u_4 n", "m u_9 n"]\r\nafdfddsf\'']
2024-12-28 09:06:15,884 - INFO - 
2024-12-28 09:06:15,899 - INFO - 138
2024-12-28 09:06:15,899 - INFO - 138
2024-12-28 09:06:15,899 - INFO - ['bw 3 4', 'bw 4 1', 'bw 1 4', 'bw 2 3', 'm u_4 w', 'm u_10 c', 'm u_11 n', 'dst \'["bw 3 4", "bw 4 1", "bw 1 4", "bw 2 3", "m u_4 w", "m u_10 c", "m u_11 n"]\r\nafdfddsf\'']
2024-12-28 09:06:15,899 - INFO - 
2024-12-28 09:06:15,915 - INFO - 139
2024-12-28 09:06:15,916 - INFO - 139
2024-12-28 09:06:15,916 - INFO - ['bw 3 4', 'bw 4 1', 'bw 1 4', 'bw 2 3', 'm u_4 n', 'm u_9 c', 'm u_10 n', 'm u_11 n', 'dst \'["bw 3 4", "bw 4 1", "bw 1 4", "bw 2 3", "m u_4 n", "m u_9 c", "m u_10 n", "m u_11 n"]\r\nafdfddsf\'']
2024-12-28 09:06:15,916 - INFO - 
2024-12-28 09:06:15,932 - INFO - 140
2024-12-28 09:06:15,934 - INFO - 140
2024-12-28 09:06:15,934 - INFO - ['bw 3 4', 'bw 4 1', 'bw 1 4', 'bw 2 3', 'm u_4 c', 'm u_9 w', 'm u_11 n', 'dst \'["bw 3 4", "bw 4 1", "bw 1 4", "bw 2 3", "m u_4 c", "m u_9 w", "m u_11 n"]\r\nafdfddsf\'']
2024-12-28 09:06:15,935 - INFO - 
2024-12-28 09:06:15,949 - INFO - 141
2024-12-28 09:06:15,950 - INFO - 141
2024-12-28 09:06:15,950 - INFO - ['bw 3 4', 'bw 4 1', 'bw 1 4', 'bw 2 3', 'm u_4 c', 'm u_10 n', 'm u_11 n', 'dst \'["bw 3 4", "bw 4 1", "bw 1 4", "bw 2 3", "m u_4 c", "m u_10 n", "m u_11 n"]\r\nafdfddsf\'']
2024-12-28 09:06:15,950 - INFO - 
2024-12-28 09:06:15,964 - INFO - 142
2024-12-28 09:06:15,964 - INFO - 142
2024-12-28 09:06:15,964 - INFO - ['bw 3 4', 'bw 4 1', 'bw 1 4', 'bw 2 3', 'm u_4 w', 'm u_9 e', 'm u_10 e', 'm u_11 c', 'dst \'["bw 3 4", "bw 4 1", "bw 1 4", "bw 2 3", "m u_4 w", "m u_9 e", "m u_10 e", "m u_11 c"]\r\nafdfddsf\'']
2024-12-28 09:06:15,964 - INFO - 
2024-12-28 09:06:15,979 - INFO - 143
2024-12-28 09:06:15,980 - INFO - 143
2024-12-28 09:06:15,980 - INFO - ['bw 3 4', 'bw 4 1', 'bw 1 4', 'bw 2 3', 'm u_4 e', 'm u_11 c', 'dst \'["bw 3 4", "bw 4 1", "bw 1 4", "bw 2 3", "m u_4 e", "m u_11 c"]\r\nafdfddsf\'']
2024-12-28 09:06:15,980 - INFO - 
2024-12-28 09:06:15,995 - INFO - 144
2024-12-28 09:06:15,996 - INFO - 144
2024-12-28 09:06:15,996 - INFO - ['bw 3 4', 'bw 4 1', 'bw 1 4', 'bw 2 3', 'm u_9 e', 'm u_10 w', 'm u_11 c', 'dst \'["bw 3 4", "bw 4 1", "bw 1 4", "bw 2 3", "m u_9 e", "m u_10 w", "m u_11 c"]\r\nafdfddsf\'']
2024-12-28 09:06:15,996 - INFO - 
2024-12-28 09:06:16,013 - INFO - 145
2024-12-28 09:06:16,014 - INFO - 145
2024-12-28 09:06:16,014 - INFO - ['bw 3 4', 'bw 4 1', 'bw 1 4', 'bw 2 3', 'm u_4 e', 'm u_9 w', 'm u_11 e', 'dst \'["bw 3 4", "bw 4 1", "bw 1 4", "bw 2 3", "m u_4 e", "m u_9 w", "m u_11 e"]\r\nafdfddsf\'']
2024-12-28 09:06:16,014 - INFO - 
2024-12-28 09:06:16,030 - INFO - 146
2024-12-28 09:06:16,031 - INFO - 146
2024-12-28 09:06:16,031 - INFO - ['bw 3 4', 'bw 4 1', 'bw 1 4', 'bw 2 3', 'm u_10 n', 'dst \'["bw 3 4", "bw 4 1", "bw 1 4", "bw 2 3", "m u_10 n"]\r\nafdfddsf\'']
2024-12-28 09:06:16,031 - INFO - 
2024-12-28 09:06:16,048 - INFO - 147
2024-12-28 09:06:16,048 - INFO - 147
2024-12-28 09:06:16,049 - INFO - ['bw 3 4', 'bw 4 1', 'bw 1 4', 'bw 2 3', 'm u_4 n', 'm u_9 w', 'm u_11 n', 'dst \'["bw 3 4", "bw 4 1", "bw 1 4", "bw 2 3", "m u_4 n", "m u_9 w", "m u_11 n"]\r\nafdfddsf\'']
2024-12-28 09:06:16,049 - INFO - 
2024-12-28 09:06:16,067 - INFO - 148
2024-12-28 09:06:16,068 - INFO - 148
2024-12-28 09:06:16,068 - INFO - ['bw 3 4', 'bw 4 1', 'bw 1 4', 'bw 2 3', 'm u_4 n', 'm u_9 c', 'm u_10 e', 'm u_11 c', 'dst \'["bw 3 4", "bw 4 1", "bw 1 4", "bw 2 3", "m u_4 n", "m u_9 c", "m u_10 e", "m u_11 c"]\r\nafdfddsf\'']
2024-12-28 09:06:16,068 - INFO - 
2024-12-28 09:06:16,085 - INFO - 149
2024-12-28 09:06:16,086 - INFO - 149
2024-12-28 09:06:16,087 - INFO - ['bw 3 4', 'bw 4 1', 'bw 1 4', 'bw 2 3', 'm u_4 e', 'm u_9 n', 'm u_10 c', 'm u_11 e', 'dst \'["bw 3 4", "bw 4 1", "bw 1 4", "bw 2 3", "m u_4 e", "m u_9 n", "m u_10 c", "m u_11 e"]\r\nafdfddsf\'']
2024-12-28 09:06:16,087 - INFO - 
2024-12-28 09:06:16,103 - INFO - 150
2024-12-28 09:06:16,105 - INFO - 150
2024-12-28 09:06:16,105 - INFO - ['bw 3 4', 'bw 4 1', 'bw 1 4', 'bw 2 3', 'm u_9 e', 'm u_10 c', 'dst \'["bw 3 4", "bw 4 1", "bw 1 4", "bw 2 3", "m u_9 e", "m u_10 c"]\r\nafdfddsf\'']
2024-12-28 09:06:16,105 - INFO - 
2024-12-28 09:06:16,122 - INFO - 151
2024-12-28 09:06:16,123 - INFO - 151
2024-12-28 09:06:16,123 - INFO - ['bw 3 4', 'bw 4 1', 'bw 1 4', 'bw 2 3', 'm u_11 w', 'dst \'["bw 3 4", "bw 4 1", "bw 1 4", "bw 2 3", "m u_11 w"]\r\nafdfddsf\'']
2024-12-28 09:06:16,123 - INFO - 
2024-12-28 09:06:16,152 - INFO - 152
2024-12-28 09:06:16,152 - INFO - 152
2024-12-28 09:06:16,153 - INFO - ['bw 1 4', 'bw 2 3', 'm u_12 e', 'm u_13 n', 'dst \'["bw 1 4", "bw 2 3", "m u_12 e", "m u_13 n"]\r\nafdfddsf\'']
2024-12-28 09:06:16,153 - INFO - 
2024-12-28 09:06:16,170 - INFO - 153
2024-12-28 09:06:16,171 - INFO - 153
2024-12-28 09:06:16,171 - INFO - ['bw 1 4', 'bw 2 3', 'm u_13 e', 'dst \'["bw 1 4", "bw 2 3", "m u_13 e"]\r\nafdfddsf\'']
2024-12-28 09:06:16,171 - INFO - 
2024-12-28 09:06:16,193 - INFO - 154
2024-12-28 09:06:16,194 - INFO - 154
2024-12-28 09:06:16,194 - INFO - ['bw 2 3', 'm u_9 n', 'dst \'["bw 2 3", "m u_9 n"]\r\nafdfddsf\'']
2024-12-28 09:06:16,194 - INFO - 
2024-12-28 09:06:16,213 - INFO - 155
2024-12-28 09:06:16,214 - INFO - 155
2024-12-28 09:06:16,214 - INFO - ['bw 2 3', 'm u_9 c', 'm u_11 e', 'dst \'["bw 2 3", "m u_9 c", "m u_11 e"]\r\nafdfddsf\'']
2024-12-28 09:06:16,214 - INFO - 
2024-12-28 09:06:16,231 - INFO - 156
2024-12-28 09:06:16,232 - INFO - 156
2024-12-28 09:06:16,232 - INFO - ['m u_9 n', 'm u_12 n', 'dst \'["m u_9 n", "m u_12 n"]\r\nafdfddsf\'']
2024-12-28 09:06:16,232 - INFO - 
2024-12-28 09:06:16,248 - INFO - 157
2024-12-28 09:06:16,249 - INFO - 157
2024-12-28 09:06:16,249 - INFO - ['m u_9 c', 'dst \'["m u_9 c"]\r\nafdfddsf\'']
2024-12-28 09:06:16,249 - INFO - 
2024-12-28 09:06:16,265 - INFO - 158
2024-12-28 09:06:16,265 - INFO - 158
2024-12-28 09:06:16,266 - INFO - ['m u_9 e', 'dst \'["m u_9 e"]\r\nafdfddsf\'']
2024-12-28 09:06:16,266 - INFO - 
2024-12-28 09:06:16,282 - INFO - 159
2024-12-28 09:06:16,283 - INFO - 159
2024-12-28 09:06:16,283 - INFO - ['m u_11 e', 'dst \'["m u_11 e"]\r\nafdfddsf\'']
2024-12-28 09:06:16,283 - INFO - 
2024-12-28 09:06:16,301 - INFO - 160
2024-12-28 09:06:16,302 - INFO - 160
2024-12-28 09:06:16,302 - INFO - ['m u_12 c', 'dst \'["m u_12 c"]\r\nafdfddsf\'']
2024-12-28 09:06:16,302 - INFO - 
2024-12-28 09:06:16,317 - INFO - 161
2024-12-28 09:06:16,318 - INFO - 161
2024-12-28 09:06:16,318 - INFO - ['bw 3 4', 'bw 4 1', 'm u_12 e', 'dst \'["bw 3 4", "bw 4 1", "m u_12 e"]\r\nafdfddsf\'']
2024-12-28 09:06:16,318 - INFO - 
2024-12-28 09:06:16,336 - INFO - 162
2024-12-28 09:06:16,337 - INFO - 162
2024-12-28 09:06:16,337 - INFO - ['bw 3 4', 'bw 4 1', 'm u_9 c', 'dst \'["bw 3 4", "bw 4 1", "m u_9 c"]\r\nafdfddsf\'']
2024-12-28 09:06:16,337 - INFO - 
2024-12-28 09:06:16,352 - INFO - 163
2024-12-28 09:06:16,352 - INFO - 163
2024-12-28 09:06:16,352 - INFO - ['bw 3 4', 'bw 4 1', 'm u_9 e', 'm u_11 w', 'bcity u_12', 'dst \'["bw 3 4", "bw 4 1", "m u_9 e", "m u_11 w", "bcity u_12"]\r\nafdfddsf\'']
2024-12-28 09:06:16,352 - INFO - 
2024-12-28 09:06:16,369 - INFO - 164
2024-12-28 09:06:16,369 - INFO - 164
2024-12-28 09:06:16,369 - INFO - ['bw 3 4', 'bw 4 1', 'bw 5 3', 'm u_12 e', 'dst \'["bw 3 4", "bw 4 1", "bw 5 3", "m u_12 e"]\r\nafdfddsf\'']
2024-12-28 09:06:16,370 - INFO - 
2024-12-28 09:06:16,386 - INFO - 165
2024-12-28 09:06:16,387 - INFO - 165
2024-12-28 09:06:16,387 - INFO - ['bw 3 4', 'bw 4 1', 'bw 5 3', 'm u_9 n', 'm u_11 n', 'dst \'["bw 3 4", "bw 4 1", "bw 5 3", "m u_9 n", "m u_11 n"]\r\nafdfddsf\'']
2024-12-28 09:06:16,387 - INFO - 
2024-12-28 09:06:16,403 - INFO - 166
2024-12-28 09:06:16,404 - INFO - 166
2024-12-28 09:06:16,405 - INFO - ['bw 3 4', 'bw 4 1', 'bw 5 3', 'm u_9 w', 'm u_11 e', 'm u_12 n', 'dst \'["bw 3 4", "bw 4 1", "bw 5 3", "m u_9 w", "m u_11 e", "m u_12 n"]\r\nafdfddsf\'']
2024-12-28 09:06:16,405 - INFO - 
2024-12-28 09:06:16,455 - INFO - 167
2024-12-28 09:06:16,456 - INFO - 167
2024-12-28 09:06:16,456 - INFO - ['bw 3 4', 'bw 4 1', 'bw 5 3', 'dst \'["bw 3 4", "bw 4 1", "bw 5 3"]\r\nafdfddsf\'']
2024-12-28 09:06:16,456 - INFO - 
2024-12-28 09:06:16,471 - INFO - 168
2024-12-28 09:06:16,472 - INFO - 168
2024-12-28 09:06:16,472 - INFO - ['bw 3 4', 'bw 4 1', 'bw 5 3', 'm u_9 n', 'm u_11 e', 'm u_12 c', 'dst \'["bw 3 4", "bw 4 1", "bw 5 3", "m u_9 n", "m u_11 e", "m u_12 c"]\r\nafdfddsf\'']
2024-12-28 09:06:16,472 - INFO - 
2024-12-28 09:06:16,489 - INFO - 169
2024-12-28 09:06:16,490 - INFO - 169
2024-12-28 09:06:16,490 - INFO - ['bw 3 4', 'bw 4 1', 'bw 5 3', 'm u_9 e', 'm u_12 c', 'dst \'["bw 3 4", "bw 4 1", "bw 5 3", "m u_9 e", "m u_12 c"]\r\nafdfddsf\'']
2024-12-28 09:06:16,490 - INFO - 
2024-12-28 09:06:16,504 - INFO - 170
2024-12-28 09:06:16,505 - INFO - 170
2024-12-28 09:06:16,505 - INFO - ['bw 3 4', 'bw 4 1', 'bw 5 3', 'm u_11 w', 'm u_12 w', 'dst \'["bw 3 4", "bw 4 1", "bw 5 3", "m u_11 w", "m u_12 w"]\r\nafdfddsf\'']
2024-12-28 09:06:16,505 - INFO - 
2024-12-28 09:06:16,522 - INFO - 171
2024-12-28 09:06:16,523 - INFO - 171
2024-12-28 09:06:16,523 - INFO - ['bw 3 4', 'bw 4 1', 'bw 5 3', 'm u_9 n', 'dst \'["bw 3 4", "bw 4 1", "bw 5 3", "m u_9 n"]\r\nafdfddsf\'']
2024-12-28 09:06:16,523 - INFO - 
2024-12-28 09:06:16,537 - INFO - 172
2024-12-28 09:06:16,538 - INFO - 172
2024-12-28 09:06:16,538 - INFO - ['bw 3 4', 'bw 4 1', 'bw 5 3', 'm u_9 n', 'm u_11 n', 'm u_12 c', 'dst \'["bw 3 4", "bw 4 1", "bw 5 3", "m u_9 n", "m u_11 n", "m u_12 c"]\r\nafdfddsf\'']
2024-12-28 09:06:16,538 - INFO - 
2024-12-28 09:06:16,552 - INFO - 173
2024-12-28 09:06:16,553 - INFO - 173
2024-12-28 09:06:16,553 - INFO - ['bw 3 4', 'bw 4 1', 'bw 5 3', 'm u_9 n', 'm u_11 e', 'm u_12 c', 'dst \'["bw 3 4", "bw 4 1", "bw 5 3", "m u_9 n", "m u_11 e", "m u_12 c"]\r\nafdfddsf\'']
2024-12-28 09:06:16,553 - INFO - 
2024-12-28 09:06:16,572 - INFO - 174
2024-12-28 09:06:16,572 - INFO - 174
2024-12-28 09:06:16,573 - INFO - ['bw 3 4', 'bw 4 1', 'bw 5 3', 'm u_9 w', 'm u_12 c', 'dst \'["bw 3 4", "bw 4 1", "bw 5 3", "m u_9 w", "m u_12 c"]\r\nafdfddsf\'']
2024-12-28 09:06:16,573 - INFO - 
2024-12-28 09:06:16,590 - INFO - 175
2024-12-28 09:06:16,591 - INFO - 175
2024-12-28 09:06:16,591 - INFO - ['bw 3 4', 'bw 4 1', 'bw 5 3', 'm u_11 n', 'bcity u_12', 'dst \'["bw 3 4", "bw 4 1", "bw 5 3", "m u_11 n", "bcity u_12"]\r\nafdfddsf\'']
2024-12-28 09:06:16,592 - INFO - 
2024-12-28 09:06:16,611 - INFO - 176
2024-12-28 09:06:16,611 - INFO - 176
2024-12-28 09:06:16,612 - INFO - ['bw 3 4', 'bw 4 1', 'bw 5 3', 'bw 5 2', 'm u_9 e', 'm u_11 e', 'm u_12 n', 'dst \'["bw 3 4", "bw 4 1", "bw 5 3", "bw 5 2", "m u_9 e", "m u_11 e", "m u_12 n"]\r\nafdfddsf\'']
2024-12-28 09:06:16,612 - INFO - 
2024-12-28 09:06:16,627 - INFO - 177
2024-12-28 09:06:16,627 - INFO - 177
2024-12-28 09:06:16,628 - INFO - ['bw 4 1', 'bw 5 3', 'bw 5 2', 'm u_14 e', 'dst \'["bw 4 1", "bw 5 3", "bw 5 2", "m u_14 e"]\r\nafdfddsf\'']
2024-12-28 09:06:16,628 - INFO - 
2024-12-28 09:06:16,643 - INFO - 178
2024-12-28 09:06:16,643 - INFO - 178
2024-12-28 09:06:16,644 - INFO - ['bw 4 1', 'bw 5 3', 'bw 5 2', 'm u_9 c', 'm u_11 c', 'm u_12 n', 'dst \'["bw 4 1", "bw 5 3", "bw 5 2", "m u_9 c", "m u_11 c", "m u_12 n"]\r\nafdfddsf\'']
2024-12-28 09:06:16,644 - INFO - 
2024-12-28 09:06:16,660 - INFO - 179
2024-12-28 09:06:16,660 - INFO - 179
2024-12-28 09:06:16,660 - INFO - ['bw 4 1', 'bw 5 3', 'bw 5 2', 'm u_9 e', 'm u_11 w', 'm u_14 c', 'dst \'["bw 4 1", "bw 5 3", "bw 5 2", "m u_9 e", "m u_11 w", "m u_14 c"]\r\nafdfddsf\'']
2024-12-28 09:06:16,660 - INFO - 
2024-12-28 09:06:16,676 - INFO - 180
2024-12-28 09:06:16,676 - INFO - 180
2024-12-28 09:06:16,676 - INFO - ['bw 4 1', 'bw 5 3', 'bw 5 2', 'm u_9 c', 'm u_12 c', 'm u_14 c', 'dst \'["bw 4 1", "bw 5 3", "bw 5 2", "m u_9 c", "m u_12 c", "m u_14 c"]\r\nafdfddsf\'']
2024-12-28 09:06:16,677 - INFO - 
2024-12-28 09:06:16,692 - INFO - 181
2024-12-28 09:06:16,692 - INFO - 181
2024-12-28 09:06:16,692 - INFO - ['bw 4 1', 'bw 5 3', 'bw 5 2', 'm u_9 w', 'm u_11 n', 'm u_12 c', 'm u_14 e', 'dst \'["bw 4 1", "bw 5 3", "bw 5 2", "m u_9 w", "m u_11 n", "m u_12 c", "m u_14 e"]\r\nafdfddsf\'']
2024-12-28 09:06:16,692 - INFO - 
2024-12-28 09:06:16,707 - INFO - 182
2024-12-28 09:06:16,708 - INFO - 182
2024-12-28 09:06:16,708 - INFO - ['bw 4 1', 'bw 5 3', 'bw 5 2', 'm u_11 w', 'm u_12 c', 'dst \'["bw 4 1", "bw 5 3", "bw 5 2", "m u_11 w", "m u_12 c"]\r\nafdfddsf\'']
2024-12-28 09:06:16,708 - INFO - 
2024-12-28 09:06:16,722 - INFO - 183
2024-12-28 09:06:16,723 - INFO - 183
2024-12-28 09:06:16,723 - INFO - ['bw 4 1', 'bw 5 3', 'bw 5 2', 'm u_9 e', 'm u_12 c', 'bcity u_14', 'dst \'["bw 4 1", "bw 5 3", "bw 5 2", "m u_9 e", "m u_12 c", "bcity u_14"]\r\nafdfddsf\'']
2024-12-28 09:06:16,723 - INFO - 
2024-12-28 09:06:16,737 - INFO - 184
2024-12-28 09:06:16,738 - INFO - 184
2024-12-28 09:06:16,738 - INFO - ['bw 4 1', 'bw 5 3', 'bw 5 2', 'bw 5 4', 'm u_11 n', 'm u_12 w', 'm u_14 n', 'dst \'["bw 4 1", "bw 5 3", "bw 5 2", "bw 5 4", "m u_11 n", "m u_12 w", "m u_14 n"]\r\nafdfddsf\'']
2024-12-28 09:06:16,738 - INFO - 
2024-12-28 09:06:16,753 - INFO - 185
2024-12-28 09:06:16,754 - INFO - 185
2024-12-28 09:06:16,754 - INFO - ['bw 5 3', 'bw 5 2', 'bw 5 4', 'm u_9 w', 'm u_11 c', 'm u_12 c', 'm u_14 w', 'm u_15 e', 'dst \'["bw 5 3", "bw 5 2", "bw 5 4", "m u_9 w", "m u_11 c", "m u_12 c", "m u_14 w", "m u_15 e"]\r\nafdfddsf\'']
2024-12-28 09:06:16,754 - INFO - 
2024-12-28 09:06:16,768 - INFO - 186
2024-12-28 09:06:16,769 - INFO - 186
2024-12-28 09:06:16,769 - INFO - ['bw 3 4', 'bw 5 3', 'bw 5 2', 'bw 5 4', 'm u_11 e', 'm u_12 c', 'dst \'["bw 3 4", "bw 5 3", "bw 5 2", "bw 5 4", "m u_11 e", "m u_12 c"]\r\nafdfddsf\'']
2024-12-28 09:06:16,769 - INFO - 
2024-12-28 09:06:16,783 - INFO - 187
2024-12-28 09:06:16,784 - INFO - 187
2024-12-28 09:06:16,784 - INFO - ['bw 3 4', 'bw 5 3', 'bw 5 2', 'bw 5 4', 'm u_9 c', 'm u_12 n', 'm u_14 c', 'm u_15 w', 'dst \'["bw 3 4", "bw 5 3", "bw 5 2", "bw 5 4", "m u_9 c", "m u_12 n", "m u_14 c", "m u_15 w"]\r\nafdfddsf\'']
2024-12-28 09:06:16,784 - INFO - 
2024-12-28 09:06:16,798 - INFO - 188
2024-12-28 09:06:16,798 - INFO - 188
2024-12-28 09:06:16,799 - INFO - ['bw 3 4', 'bw 5 3', 'bw 5 2', 'bw 5 4', 'm u_9 e', 'm u_11 e', 'm u_12 n', 'm u_14 e', 'm u_15 e', 'dst \'["bw 3 4", "bw 5 3", "bw 5 2", "bw 5 4", "m u_9 e", "m u_11 e", "m u_12 n", "m u_14 e", "m u_15 e"]\r\nafdfddsf\'']
2024-12-28 09:06:16,799 - INFO - 
2024-12-28 09:06:16,812 - INFO - 189
2024-12-28 09:06:16,813 - INFO - 189
2024-12-28 09:06:16,813 - INFO - ['bw 3 4', 'bw 5 3', 'bw 5 2', 'bw 5 4', 'm u_12 w', 'm u_14 e', 'dst \'["bw 3 4", "bw 5 3", "bw 5 2", "bw 5 4", "m u_12 w", "m u_14 e"]\r\nafdfddsf\'']
2024-12-28 09:06:16,813 - INFO - 
2024-12-28 09:06:16,827 - INFO - 190
2024-12-28 09:06:16,828 - INFO - 190
2024-12-28 09:06:16,828 - INFO - ['bw 3 4', 'bw 5 3', 'bw 5 2', 'bw 5 4', 'm u_9 n', 'm u_11 n', 'm u_12 e', 'm u_15 c', 'dst \'["bw 3 4", "bw 5 3", "bw 5 2", "bw 5 4", "m u_9 n", "m u_11 n", "m u_12 e", "m u_15 c"]\r\nafdfddsf\'']
2024-12-28 09:06:16,828 - INFO - 
2024-12-28 09:06:16,844 - INFO - 191
2024-12-28 09:06:16,844 - INFO - 191
2024-12-28 09:06:16,844 - INFO - ['bw 3 4', 'bw 5 3', 'bw 5 2', 'bw 5 4', 'm u_9 e', 'm u_11 n', 'dst \'["bw 3 4", "bw 5 3", "bw 5 2", "bw 5 4", "m u_9 e", "m u_11 n"]\r\nafdfddsf\'']
2024-12-28 09:06:16,844 - INFO - 
2024-12-28 09:06:16,858 - INFO - 192
2024-12-28 09:06:16,858 - INFO - 192
2024-12-28 09:06:16,859 - INFO - ['bw 5 4', 'm u_11 n', 'm u_16 w', 'm u_17 e', 'm u_18 e', 'dst \'["bw 5 4", "m u_11 n", "m u_16 w", "m u_17 e", "m u_18 e"]\r\nafdfddsf\'']
2024-12-28 09:06:16,859 - INFO - 
2024-12-28 09:06:16,872 - INFO - 193
2024-12-28 09:06:16,873 - INFO - 193
2024-12-28 09:06:16,873 - INFO - ['bw 5 4', 'm u_11 w', 'dst \'["bw 5 4", "m u_11 w"]\r\nafdfddsf\'']
2024-12-28 09:06:16,873 - INFO - 
2024-12-28 09:06:16,887 - INFO - 194
2024-12-28 09:06:16,887 - INFO - 194
2024-12-28 09:06:16,888 - INFO - ['m u_19 n', 'dst \'["m u_19 n"]\r\nafdfddsf\'']
2024-12-28 09:06:16,888 - INFO - 
2024-12-28 09:06:16,903 - INFO - 195
2024-12-28 09:06:16,903 - INFO - 195
2024-12-28 09:06:16,904 - INFO - ['m u_9 w', 'm u_19 c', 'dst \'["m u_9 w", "m u_19 c"]\r\nafdfddsf\'']
2024-12-28 09:06:16,904 - INFO - 
2024-12-28 09:06:16,918 - INFO - 196
2024-12-28 09:06:16,918 - INFO - 196
2024-12-28 09:06:16,918 - INFO - ['m u_16 e', 'm u_19 n', 'dst \'["m u_16 e", "m u_19 n"]\r\nafdfddsf\'']
2024-12-28 09:06:16,918 - INFO - 
2024-12-28 09:06:16,932 - INFO - 197
2024-12-28 09:06:16,933 - INFO - 197
2024-12-28 09:06:16,933 - INFO - ['m u_11 w', 'm u_16 n', 'dst \'["m u_11 w", "m u_16 n"]\r\nafdfddsf\'']
2024-12-28 09:06:16,933 - INFO - 
2024-12-28 09:06:16,948 - INFO - 198
2024-12-28 09:06:16,948 - INFO - 198
2024-12-28 09:06:16,948 - INFO - ["dst '[]\r\nafdfddsf'"]
2024-12-28 09:06:16,948 - INFO - 
2024-12-28 09:06:16,963 - INFO - 199
2024-12-28 09:06:16,964 - INFO - 199
2024-12-28 09:06:16,964 - INFO - ['m u_9 c', 'dst \'["m u_9 c"]\r\nafdfddsf\'']
2024-12-28 09:06:16,964 - INFO - 
2024-12-28 09:06:16,978 - INFO - 200
2024-12-28 09:06:16,978 - INFO - 200
2024-12-28 09:06:16,979 - INFO - ["dst '[]\r\nafdfddsf'"]
2024-12-28 09:06:16,979 - INFO - 
2024-12-28 09:06:16,993 - INFO - 201
2024-12-28 09:06:16,994 - INFO - 201
2024-12-28 09:06:16,994 - INFO - ['bw 3 4', 'm u_11 e', 'm u_16 w', 'dst \'["bw 3 4", "m u_11 e", "m u_16 w"]\r\nafdfddsf\'']
2024-12-28 09:06:16,994 - INFO - 
2024-12-28 09:06:17,012 - INFO - 202
2024-12-28 09:06:17,012 - INFO - 202
2024-12-28 09:06:17,012 - INFO - ['bw 3 4', 'dst \'["bw 3 4"]\r\nafdfddsf\'']
2024-12-28 09:06:17,012 - INFO - 
2024-12-28 09:06:17,029 - INFO - 203
2024-12-28 09:06:17,029 - INFO - 203
2024-12-28 09:06:17,029 - INFO - ['bw 3 4', 'm u_11 n', 'bcity u_16', 'dst \'["bw 3 4", "m u_11 n", "bcity u_16"]\r\nafdfddsf\'']
2024-12-28 09:06:17,030 - INFO - 
2024-12-28 09:06:17,045 - INFO - 204
2024-12-28 09:06:17,045 - INFO - 204
2024-12-28 09:06:17,046 - INFO - ['bw 3 4', 'bw 2 3', 'm u_11 e', 'm u_16 e', 'dst \'["bw 3 4", "bw 2 3", "m u_11 e", "m u_16 e"]\r\nafdfddsf\'']
2024-12-28 09:06:17,046 - INFO - 
2024-12-28 09:06:17,061 - INFO - 205
2024-12-28 09:06:17,061 - INFO - 205
2024-12-28 09:06:17,061 - INFO - ['bw 3 4', 'bw 2 3', 'dst \'["bw 3 4", "bw 2 3"]\r\nafdfddsf\'']
2024-12-28 09:06:17,062 - INFO - 
2024-12-28 09:06:17,078 - INFO - 206
2024-12-28 09:06:17,078 - INFO - 206
2024-12-28 09:06:17,078 - INFO - ['bw 3 4', 'bw 2 3', 'm u_11 n', 'm u_16 e', 'dst \'["bw 3 4", "bw 2 3", "m u_11 n", "m u_16 e"]\r\nafdfddsf\'']
2024-12-28 09:06:17,079 - INFO - 
2024-12-28 09:06:17,096 - INFO - 207
2024-12-28 09:06:17,097 - INFO - 207
2024-12-28 09:06:17,097 - INFO - ['bw 3 4', 'bw 2 3', 'm u_11 e', 'dst \'["bw 3 4", "bw 2 3", "m u_11 e"]\r\nafdfddsf\'']
2024-12-28 09:06:17,097 - INFO - 
2024-12-28 09:06:17,121 - INFO - 208
2024-12-28 09:06:17,122 - INFO - 208
2024-12-28 09:06:17,123 - INFO - ['bw 3 4', 'bw 2 3', 'm u_16 w', 'dst \'["bw 3 4", "bw 2 3", "m u_16 w"]\r\nafdfddsf\'']
2024-12-28 09:06:17,123 - INFO - 
2024-12-28 09:06:17,136 - INFO - 209
2024-12-28 09:06:17,137 - INFO - 209
2024-12-28 09:06:17,138 - INFO - ['bw 3 4', 'bw 2 3', 'm u_11 e', 'dst \'["bw 3 4", "bw 2 3", "m u_11 e"]\r\nafdfddsf\'']
2024-12-28 09:06:17,138 - INFO - 
2024-12-28 09:06:17,151 - INFO - 210
2024-12-28 09:06:17,152 - INFO - 210
2024-12-28 09:06:17,152 - INFO - ['bw 3 4', 'bw 2 3', 'm u_16 w', 'dst \'["bw 3 4", "bw 2 3", "m u_16 w"]\r\nafdfddsf\'']
2024-12-28 09:06:17,152 - INFO - 
2024-12-28 09:06:17,167 - INFO - 211
2024-12-28 09:06:17,168 - INFO - 211
2024-12-28 09:06:17,168 - INFO - ['bw 3 4', 'bw 2 3', 'm u_11 e', 'm u_16 c', 'dst \'["bw 3 4", "bw 2 3", "m u_11 e", "m u_16 c"]\r\nafdfddsf\'']
2024-12-28 09:06:17,168 - INFO - 
2024-12-28 09:06:17,215 - INFO - 212
2024-12-28 09:06:17,215 - INFO - 212
2024-12-28 09:06:17,215 - INFO - ['bw 3 4', 'bw 2 3', 'm u_16 c', 'dst \'["bw 3 4", "bw 2 3", "m u_16 c"]\r\nafdfddsf\'']
2024-12-28 09:06:17,215 - INFO - 
2024-12-28 09:06:17,230 - INFO - 213
2024-12-28 09:06:17,231 - INFO - 213
2024-12-28 09:06:17,231 - INFO - ['bw 3 4', 'bw 2 3', 'm u_11 w', 'm u_16 w', 'dst \'["bw 3 4", "bw 2 3", "m u_11 w", "m u_16 w"]\r\nafdfddsf\'']
2024-12-28 09:06:17,231 - INFO - 
2024-12-28 09:06:17,246 - INFO - 214
2024-12-28 09:06:17,246 - INFO - 214
2024-12-28 09:06:17,247 - INFO - ['bw 3 4', 'bw 2 3', 'dst \'["bw 3 4", "bw 2 3"]\r\nafdfddsf\'']
2024-12-28 09:06:17,247 - INFO - 
2024-12-28 09:06:17,263 - INFO - 215
2024-12-28 09:06:17,264 - INFO - 215
2024-12-28 09:06:17,264 - INFO - ['bw 3 4', 'bw 2 3', 'm u_11 c', 'm u_16 e', 'dst \'["bw 3 4", "bw 2 3", "m u_11 c", "m u_16 e"]\r\nafdfddsf\'']
2024-12-28 09:06:17,264 - INFO - 
2024-12-28 09:06:17,280 - INFO - 216
2024-12-28 09:06:17,280 - INFO - 216
2024-12-28 09:06:17,280 - INFO - ['bw 3 4', 'bw 2 3', 'm u_11 w', 'm u_16 n', 'dst \'["bw 3 4", "bw 2 3", "m u_11 w", "m u_16 n"]\r\nafdfddsf\'']
2024-12-28 09:06:17,280 - INFO - 
2024-12-28 09:06:17,295 - INFO - 217
2024-12-28 09:06:17,296 - INFO - 217
2024-12-28 09:06:17,296 - INFO - ['bw 3 4', 'bw 2 3', 'dst \'["bw 3 4", "bw 2 3"]\r\nafdfddsf\'']
2024-12-28 09:06:17,296 - INFO - 
2024-12-28 09:06:17,309 - INFO - 218
2024-12-28 09:06:17,310 - INFO - 218
2024-12-28 09:06:17,310 - INFO - ['bw 3 4', 'bw 2 3', 'm u_11 e', 'm u_16 e', 'dst \'["bw 3 4", "bw 2 3", "m u_11 e", "m u_16 e"]\r\nafdfddsf\'']
2024-12-28 09:06:17,310 - INFO - 
2024-12-28 09:06:17,323 - INFO - 219
2024-12-28 09:06:17,324 - INFO - 219
2024-12-28 09:06:17,324 - INFO - ['bw 3 4', 'bw 2 3', 'dst \'["bw 3 4", "bw 2 3"]\r\nafdfddsf\'']
2024-12-28 09:06:17,324 - INFO - 
2024-12-28 09:06:17,339 - INFO - 220
2024-12-28 09:06:17,339 - INFO - 220
2024-12-28 09:06:17,340 - INFO - ['bw 3 4', 'bw 2 3', 'm u_11 c', 'm u_16 w', 'dst \'["bw 3 4", "bw 2 3", "m u_11 c", "m u_16 w"]\r\nafdfddsf\'']
2024-12-28 09:06:17,340 - INFO - 
2024-12-28 09:06:17,353 - INFO - 221
2024-12-28 09:06:17,354 - INFO - 221
2024-12-28 09:06:17,354 - INFO - ['bw 3 4', 'bw 2 3', 'm u_11 e', 'dst \'["bw 3 4", "bw 2 3", "m u_11 e"]\r\nafdfddsf\'']
2024-12-28 09:06:17,354 - INFO - 
2024-12-28 09:06:17,369 - INFO - 222
2024-12-28 09:06:17,369 - INFO - 222
2024-12-28 09:06:17,369 - INFO - ['bw 3 4', 'bw 2 3', 'bcity u_16', 'dst \'["bw 3 4", "bw 2 3", "bcity u_16"]\r\nafdfddsf\'']
2024-12-28 09:06:17,369 - INFO - 
2024-12-28 09:06:17,383 - INFO - 223
2024-12-28 09:06:17,383 - INFO - 223
2024-12-28 09:06:17,383 - INFO - ['bw 3 4', 'bw 2 3', 'bw 2 2', 'm u_11 w', 'm u_16 w', 'dst \'["bw 3 4", "bw 2 3", "bw 2 2", "m u_11 w", "m u_16 w"]\r\nafdfddsf\'']
2024-12-28 09:06:17,383 - INFO - 
2024-12-28 09:06:17,399 - INFO - 224
2024-12-28 09:06:17,400 - INFO - 224
2024-12-28 09:06:17,400 - INFO - ['bw 2 3', 'bw 2 2', 'm u_20 w', 'dst \'["bw 2 3", "bw 2 2", "m u_20 w"]\r\nafdfddsf\'']
2024-12-28 09:06:17,400 - INFO - 
2024-12-28 09:06:17,414 - INFO - 225
2024-12-28 09:06:17,414 - INFO - 225
2024-12-28 09:06:17,415 - INFO - ['bw 2 3', 'bw 2 2', 'm u_11 c', 'm u_16 w', 'dst \'["bw 2 3", "bw 2 2", "m u_11 c", "m u_16 w"]\r\nafdfddsf\'']
2024-12-28 09:06:17,415 - INFO - 
2024-12-28 09:06:17,429 - INFO - 226
2024-12-28 09:06:17,430 - INFO - 226
2024-12-28 09:06:17,430 - INFO - ['bw 2 3', 'bw 2 2', 'm u_11 c', 'm u_20 n', 'dst \'["bw 2 3", "bw 2 2", "m u_11 c", "m u_20 n"]\r\nafdfddsf\'']
2024-12-28 09:06:17,430 - INFO - 
2024-12-28 09:06:17,444 - INFO - 227
2024-12-28 09:06:17,444 - INFO - 227
2024-12-28 09:06:17,444 - INFO - ['bw 2 3', 'bw 2 2', 'm u_11 e', 'm u_16 e', 'm u_20 n', 'dst \'["bw 2 3", "bw 2 2", "m u_11 e", "m u_16 e", "m u_20 n"]\r\nafdfddsf\'']
2024-12-28 09:06:17,444 - INFO - 
2024-12-28 09:06:17,459 - INFO - 228
2024-12-28 09:06:17,459 - INFO - 228
2024-12-28 09:06:17,460 - INFO - ['bw 2 3', 'bw 2 2', 'm u_20 c', 'dst \'["bw 2 3", "bw 2 2", "m u_20 c"]\r\nafdfddsf\'']
2024-12-28 09:06:17,460 - INFO - 
2024-12-28 09:06:17,473 - INFO - 229
2024-12-28 09:06:17,474 - INFO - 229
2024-12-28 09:06:17,474 - INFO - ['bw 2 3', 'bw 2 2', 'm u_11 e', 'm u_16 c', 'm u_20 c', 'dst \'["bw 2 3", "bw 2 2", "m u_11 e", "m u_16 c", "m u_20 c"]\r\nafdfddsf\'']
2024-12-28 09:06:17,474 - INFO - 
2024-12-28 09:06:17,489 - INFO - 230
2024-12-28 09:06:17,490 - INFO - 230
2024-12-28 09:06:17,490 - INFO - ['bw 2 3', 'bw 2 2', 'm u_16 c', 'm u_20 n', 'dst \'["bw 2 3", "bw 2 2", "m u_16 c", "m u_20 n"]\r\nafdfddsf\'']
2024-12-28 09:06:17,490 - INFO - 
2024-12-28 09:06:17,504 - INFO - 231
2024-12-28 09:06:17,504 - INFO - 231
2024-12-28 09:06:17,505 - INFO - ['bw 2 3', 'bw 2 2', 'm u_11 n', 'dst \'["bw 2 3", "bw 2 2", "m u_11 n"]\r\nafdfddsf\'']
2024-12-28 09:06:17,505 - INFO - 
2024-12-28 09:06:17,520 - INFO - 232
2024-12-28 09:06:17,521 - INFO - 232
2024-12-28 09:06:17,521 - INFO - ['m u_11 c', 'm u_21 w', 'm u_22 n', 'dst \'["m u_11 c", "m u_21 w", "m u_22 n"]\r\nafdfddsf\'']
2024-12-28 09:06:17,521 - INFO - 
2024-12-28 09:06:17,533 - INFO - 233
2024-12-28 09:06:17,534 - INFO - 233
2024-12-28 09:06:17,534 - INFO - ['bw 3 4', 'dst \'["bw 3 4"]\r\nafdfddsf\'']
2024-12-28 09:06:17,534 - INFO - 
2024-12-28 09:06:17,547 - INFO - 234
2024-12-28 09:06:17,548 - INFO - 234
2024-12-28 09:06:17,548 - INFO - ['m u_23 w', 'dst \'["m u_23 w"]\r\nafdfddsf\'']
2024-12-28 09:06:17,548 - INFO - 
2024-12-28 09:06:17,561 - INFO - 235
2024-12-28 09:06:17,562 - INFO - 235
2024-12-28 09:06:17,562 - INFO - ["dst '[]\r\nafdfddsf'"]
2024-12-28 09:06:17,562 - INFO - 
2024-12-28 09:06:17,577 - INFO - 236
2024-12-28 09:06:17,577 - INFO - 236
2024-12-28 09:06:17,577 - INFO - ["dst '[]\r\nafdfddsf'"]
2024-12-28 09:06:17,577 - INFO - 
2024-12-28 09:06:17,592 - INFO - 237
2024-12-28 09:06:17,593 - INFO - 237
2024-12-28 09:06:17,593 - INFO - ["dst '[]\r\nafdfddsf'"]
2024-12-28 09:06:17,593 - INFO - 
2024-12-28 09:06:17,605 - INFO - 238
2024-12-28 09:06:17,606 - INFO - 238
2024-12-28 09:06:17,606 - INFO - ['m u_23 w', 'dst \'["m u_23 w"]\r\nafdfddsf\'']
2024-12-28 09:06:17,606 - INFO - 
2024-12-28 09:06:17,620 - INFO - 239
2024-12-28 09:06:17,620 - INFO - 239
2024-12-28 09:06:17,620 - INFO - ["dst '[]\r\nafdfddsf'"]
2024-12-28 09:06:17,621 - INFO - 
2024-12-28 09:06:17,634 - INFO - 240
2024-12-28 09:06:17,635 - INFO - 240
2024-12-28 09:06:17,635 - INFO - ["dst '[]\r\nafdfddsf'"]
2024-12-28 09:06:17,635 - INFO - 
2024-12-28 09:06:17,650 - INFO - 241
2024-12-28 09:06:17,650 - INFO - 241
2024-12-28 09:06:17,650 - INFO - ['bw 2 3', 'bw 2 2', 'dst \'["bw 2 3", "bw 2 2"]\r\nafdfddsf\'']
2024-12-28 09:06:17,650 - INFO - 
2024-12-28 09:06:17,664 - INFO - 242
2024-12-28 09:06:17,665 - INFO - 242
2024-12-28 09:06:17,665 - INFO - ['bcity u_23', 'm u_24 c', 'm u_25 w', 'dst \'["bcity u_23", "m u_24 c", "m u_25 w"]\r\nafdfddsf\'']
2024-12-28 09:06:17,666 - INFO - 
2024-12-28 09:06:17,679 - INFO - 243
2024-12-28 09:06:17,679 - INFO - 243
2024-12-28 09:06:17,679 - INFO - ['bw 3 4', 'bw 1 4', 'm u_23 w', 'm u_24 w', 'dst \'["bw 3 4", "bw 1 4", "m u_23 w", "m u_24 w"]\r\nafdfddsf\'']
2024-12-28 09:06:17,679 - INFO - 
2024-12-28 09:06:17,693 - INFO - 244
2024-12-28 09:06:17,693 - INFO - 244
2024-12-28 09:06:17,694 - INFO - ['bw 1 4', 'm u_25 c', 'm u_26 c', 'dst \'["bw 1 4", "m u_25 c", "m u_26 c"]\r\nafdfddsf\'']
2024-12-28 09:06:17,694 - INFO - 
2024-12-28 09:06:17,708 - INFO - 245
2024-12-28 09:06:17,710 - INFO - 245
2024-12-28 09:06:17,710 - INFO - ['bw 1 4', 'm u_23 n', 'm u_24 n', 'm u_25 w', 'm u_26 c', 'dst \'["bw 1 4", "m u_23 n", "m u_24 n", "m u_25 w", "m u_26 c"]\r\nafdfddsf\'']
2024-12-28 09:06:17,710 - INFO - 
2024-12-28 09:06:17,724 - INFO - 246
2024-12-28 09:06:17,725 - INFO - 246
2024-12-28 09:06:17,725 - INFO - ['bw 1 4', 'm u_26 c', 'dst \'["bw 1 4", "m u_26 c"]\r\nafdfddsf\'']
2024-12-28 09:06:17,725 - INFO - 
2024-12-28 09:06:17,739 - INFO - 247
2024-12-28 09:06:17,740 - INFO - 247
2024-12-28 09:06:17,740 - INFO - ['bw 1 4', 'm u_23 w', 'm u_24 n', 'm u_25 c', 'm u_26 n', 'dst \'["bw 1 4", "m u_23 w", "m u_24 n", "m u_25 c", "m u_26 n"]\r\nafdfddsf\'']
2024-12-28 09:06:17,740 - INFO - 
2024-12-28 09:06:17,756 - INFO - 248
2024-12-28 09:06:17,757 - INFO - 248
2024-12-28 09:06:17,757 - INFO - ['bw 1 4', 'm u_23 w', 'm u_25 c', 'dst \'["bw 1 4", "m u_23 w", "m u_25 c"]\r\nafdfddsf\'']
2024-12-28 09:06:17,757 - INFO - 
2024-12-28 09:06:17,771 - INFO - 249
2024-12-28 09:06:17,772 - INFO - 249
2024-12-28 09:06:17,772 - INFO - ['bw 1 4', 'm u_23 w', 'm u_24 e', 'm u_25 w', 'm u_26 w', 'dst \'["bw 1 4", "m u_23 w", "m u_24 e", "m u_25 w", "m u_26 w"]\r\nafdfddsf\'']
2024-12-28 09:06:17,772 - INFO - 
2024-12-28 09:06:17,787 - INFO - 250
2024-12-28 09:06:17,788 - INFO - 250
2024-12-28 09:06:17,788 - INFO - ['bw 1 4', 'm u_23 w', 'm u_25 c', 'm u_26 w', 'dst \'["bw 1 4", "m u_23 w", "m u_25 c", "m u_26 w"]\r\nafdfddsf\'']
2024-12-28 09:06:17,788 - INFO - 
2024-12-28 09:06:17,803 - INFO - 251
2024-12-28 09:06:17,804 - INFO - 251
2024-12-28 09:06:17,804 - INFO - ['bw 2 3', 'bw 2 2', 'bw 1 4', 'm u_23 w', 'm u_24 e', 'm u_25 c', 'dst \'["bw 2 3", "bw 2 2", "bw 1 4", "m u_23 w", "m u_24 e", "m u_25 c"]\r\nafdfddsf\'']
2024-12-28 09:06:17,804 - INFO - 
2024-12-28 09:06:17,820 - INFO - 252
2024-12-28 09:06:17,821 - INFO - 252
2024-12-28 09:06:17,821 - INFO - ['bw 2 3', 'bw 2 2', 'bw 1 4', 'm u_23 e', 'm u_25 w', 'm u_26 c', 'dst \'["bw 2 3", "bw 2 2", "bw 1 4", "m u_23 e", "m u_25 w", "m u_26 c"]\r\nafdfddsf\'']
2024-12-28 09:06:17,821 - INFO - 
2024-12-28 09:06:17,836 - INFO - 253
2024-12-28 09:06:17,836 - INFO - 253
2024-12-28 09:06:17,836 - INFO - ['bw 3 4', 'bw 2 3', 'bw 2 2', 'bw 1 4', 'm u_23 e', 'm u_24 w', 'm u_25 n', 'm u_26 e', 'dst \'["bw 3 4", "bw 2 3", "bw 2 2", "bw 1 4", "m u_23 e", "m u_24 w", "m u_25 n", "m u_26 e"]\r\nafdfddsf\'']
2024-12-28 09:06:17,837 - INFO - 
2024-12-28 09:06:17,851 - INFO - 254
2024-12-28 09:06:17,852 - INFO - 254
2024-12-28 09:06:17,852 - INFO - ['bw 3 4', 'bw 2 3', 'bw 2 2', 'bw 1 4', 'm u_26 c', 'dst \'["bw 3 4", "bw 2 3", "bw 2 2", "bw 1 4", "m u_26 c"]\r\nafdfddsf\'']
2024-12-28 09:06:17,852 - INFO - 
2024-12-28 09:06:17,868 - INFO - 255
2024-12-28 09:06:17,868 - INFO - 255
2024-12-28 09:06:17,868 - INFO - ['bw 3 4', 'bw 2 3', 'bw 2 2', 'bw 1 4', 'm u_23 e', 'm u_24 e', 'm u_25 e', 'm u_26 n', 'dst \'["bw 3 4", "bw 2 3", "bw 2 2", "bw 1 4", "m u_23 e", "m u_24 e", "m u_25 e", "m u_26 n"]\r\nafdfddsf\'']
2024-12-28 09:06:17,868 - INFO - 
2024-12-28 09:06:17,916 - INFO - 256
2024-12-28 09:06:17,916 - INFO - 256
2024-12-28 09:06:17,916 - INFO - ['bw 3 4', 'bw 2 3', 'bw 2 2', 'bw 1 4', 'm u_23 c', 'm u_26 c', 'dst \'["bw 3 4", "bw 2 3", "bw 2 2", "bw 1 4", "m u_23 c", "m u_26 c"]\r\nafdfddsf\'']
2024-12-28 09:06:17,917 - INFO - 
2024-12-28 09:06:17,930 - INFO - 257
2024-12-28 09:06:17,931 - INFO - 257
2024-12-28 09:06:17,931 - INFO - ['bw 3 4', 'bw 2 3', 'bw 2 2', 'bw 1 4', 'm u_23 c', 'm u_24 w', 'm u_25 c', 'm u_26 c', 'dst \'["bw 3 4", "bw 2 3", "bw 2 2", "bw 1 4", "m u_23 c", "m u_24 w", "m u_25 c", "m u_26 c"]\r\nafdfddsf\'']
2024-12-28 09:06:17,931 - INFO - 
2024-12-28 09:06:17,945 - INFO - 258
2024-12-28 09:06:17,945 - INFO - 258
2024-12-28 09:06:17,946 - INFO - ['bw 3 4', 'bw 2 3', 'bw 2 2', 'bw 1 4', 'm u_23 n', 'm u_25 w', 'm u_26 w', 'dst \'["bw 3 4", "bw 2 3", "bw 2 2", "bw 1 4", "m u_23 n", "m u_25 w", "m u_26 w"]\r\nafdfddsf\'']
2024-12-28 09:06:17,946 - INFO - 
2024-12-28 09:06:17,959 - INFO - 259
2024-12-28 09:06:17,960 - INFO - 259
2024-12-28 09:06:17,960 - INFO - ['bw 3 4', 'bw 2 3', 'bw 2 2', 'bw 1 4', 'm u_23 e', 'm u_24 w', 'dst \'["bw 3 4", "bw 2 3", "bw 2 2", "bw 1 4", "m u_23 e", "m u_24 w"]\r\nafdfddsf\'']
2024-12-28 09:06:17,960 - INFO - 
2024-12-28 09:06:17,976 - INFO - 260
2024-12-28 09:06:17,976 - INFO - 260
2024-12-28 09:06:17,977 - INFO - ['bw 3 4', 'bw 2 3', 'bw 2 2', 'bw 1 4', 'm u_25 w', 'm u_26 n', 'dst \'["bw 3 4", "bw 2 3", "bw 2 2", "bw 1 4", "m u_25 w", "m u_26 n"]\r\nafdfddsf\'']
2024-12-28 09:06:17,977 - INFO - 
2024-12-28 09:06:17,990 - INFO - 261
2024-12-28 09:06:17,991 - INFO - 261
2024-12-28 09:06:17,991 - INFO - ['bw 3 4', 'bw 2 3', 'bw 2 2', 'bw 1 4', 'm u_23 c', 'm u_24 w', 'm u_25 w', 'm u_26 n', 'dst \'["bw 3 4", "bw 2 3", "bw 2 2", "bw 1 4", "m u_23 c", "m u_24 w", "m u_25 w", "m u_26 n"]\r\nafdfddsf\'']
2024-12-28 09:06:17,991 - INFO - 
2024-12-28 09:06:18,004 - INFO - 262
2024-12-28 09:06:18,004 - INFO - 262
2024-12-28 09:06:18,005 - INFO - ['bw 3 4', 'bw 2 3', 'bw 2 2', 'bw 1 4', 'm u_23 w', 'm u_24 w', 'm u_25 n', 'm u_26 e', 'dst \'["bw 3 4", "bw 2 3", "bw 2 2", "bw 1 4", "m u_23 w", "m u_24 w", "m u_25 n", "m u_26 e"]\r\nafdfddsf\'']
2024-12-28 09:06:18,005 - INFO - 
2024-12-28 09:06:18,019 - INFO - 263
2024-12-28 09:06:18,020 - INFO - 263
2024-12-28 09:06:18,020 - INFO - ['bw 3 4', 'bw 2 3', 'bw 2 2', 'bw 1 4', 'm u_23 e', 'm u_26 w', 'dst \'["bw 3 4", "bw 2 3", "bw 2 2", "bw 1 4", "m u_23 e", "m u_26 w"]\r\nafdfddsf\'']
2024-12-28 09:06:18,020 - INFO - 
2024-12-28 09:06:18,036 - INFO - 264
2024-12-28 09:06:18,036 - INFO - 264
2024-12-28 09:06:18,037 - INFO - ['bw 3 4', 'bw 2 3', 'bw 2 2', 'bw 1 4', 'm u_24 w', 'm u_25 c', 'dst \'["bw 3 4", "bw 2 3", "bw 2 2", "bw 1 4", "m u_24 w", "m u_25 c"]\r\nafdfddsf\'']
2024-12-28 09:06:18,037 - INFO - 
2024-12-28 09:06:18,051 - INFO - 265
2024-12-28 09:06:18,051 - INFO - 265
2024-12-28 09:06:18,051 - INFO - ['bw 3 4', 'bw 2 3', 'bw 2 2', 'bw 1 4', 'm u_23 w', 'm u_24 c', 'm u_25 e', 'm u_26 w', 'dst \'["bw 3 4", "bw 2 3", "bw 2 2", "bw 1 4", "m u_23 w", "m u_24 c", "m u_25 e", "m u_26 w"]\r\nafdfddsf\'']
2024-12-28 09:06:18,051 - INFO - 
2024-12-28 09:06:18,067 - INFO - 266
2024-12-28 09:06:18,067 - INFO - 266
2024-12-28 09:06:18,068 - INFO - ['bw 3 4', 'bw 2 3', 'bw 2 2', 'bw 1 4', 'm u_23 w', 'm u_24 n', 'dst \'["bw 3 4", "bw 2 3", "bw 2 2", "bw 1 4", "m u_23 w", "m u_24 n"]\r\nafdfddsf\'']
2024-12-28 09:06:18,068 - INFO - 
2024-12-28 09:06:18,085 - INFO - 267
2024-12-28 09:06:18,086 - INFO - 267
2024-12-28 09:06:18,086 - INFO - ['bw 3 4', 'bw 2 3', 'bw 2 2', 'bw 1 4', 'm u_25 w', 'm u_26 e', 'dst \'["bw 3 4", "bw 2 3", "bw 2 2", "bw 1 4", "m u_25 w", "m u_26 e"]\r\nafdfddsf\'']
2024-12-28 09:06:18,086 - INFO - 
2024-12-28 09:06:18,102 - INFO - 268
2024-12-28 09:06:18,103 - INFO - 268
2024-12-28 09:06:18,103 - INFO - ['bw 3 4', 'bw 2 3', 'bw 2 2', 'bw 1 4', 'm u_23 w', 'm u_24 c', 'm u_25 w', 'm u_26 c', 'dst \'["bw 3 4", "bw 2 3", "bw 2 2", "bw 1 4", "m u_23 w", "m u_24 c", "m u_25 w", "m u_26 c"]\r\nafdfddsf\'']
2024-12-28 09:06:18,103 - INFO - 
2024-12-28 09:06:18,120 - INFO - 269
2024-12-28 09:06:18,120 - INFO - 269
2024-12-28 09:06:18,120 - INFO - ['bw 3 4', 'bw 2 3', 'bw 2 2', 'bw 1 4', 'm u_23 n', 'm u_24 w', 'm u_25 n', 'm u_26 n', 'dst \'["bw 3 4", "bw 2 3", "bw 2 2", "bw 1 4", "m u_23 n", "m u_24 w", "m u_25 n", "m u_26 n"]\r\nafdfddsf\'']
2024-12-28 09:06:18,120 - INFO - 
2024-12-28 09:06:18,134 - INFO - 270
2024-12-28 09:06:18,134 - INFO - 270
2024-12-28 09:06:18,134 - INFO - ['bw 3 4', 'bw 2 3', 'bw 2 2', 'bw 1 4', 'm u_24 w', 'm u_25 c', 'dst \'["bw 3 4", "bw 2 3", "bw 2 2", "bw 1 4", "m u_24 w", "m u_25 c"]\r\nafdfddsf\'']
2024-12-28 09:06:18,135 - INFO - 
2024-12-28 09:06:18,147 - INFO - 271
2024-12-28 09:06:18,147 - INFO - 271
2024-12-28 09:06:18,148 - INFO - ['bw 3 4', 'bw 2 3', 'bw 2 2', 'm u_24 w', 'dst \'["bw 3 4", "bw 2 3", "bw 2 2", "m u_24 w"]\r\nafdfddsf\'']
2024-12-28 09:06:18,148 - INFO - 
2024-12-28 09:06:18,161 - INFO - 272
2024-12-28 09:06:18,162 - INFO - 272
2024-12-28 09:06:18,162 - INFO - ['bw 2 2', 'm u_24 c', 'm u_27 n', 'm u_28 e', 'dst \'["bw 2 2", "m u_24 c", "m u_27 n", "m u_28 e"]\r\nafdfddsf\'']
2024-12-28 09:06:18,162 - INFO - 
2024-12-28 09:06:18,175 - INFO - 273
2024-12-28 09:06:18,176 - INFO - 273
2024-12-28 09:06:18,176 - INFO - ['bw 2 2', 'm u_24 w', 'm u_27 e', 'm u_28 c', 'dst \'["bw 2 2", "m u_24 w", "m u_27 e", "m u_28 c"]\r\nafdfddsf\'']
2024-12-28 09:06:18,176 - INFO - 
2024-12-28 09:06:18,190 - INFO - 274
2024-12-28 09:06:18,191 - INFO - 274
2024-12-28 09:06:18,191 - INFO - ['bw 2 2', 'm u_24 w', 'm u_28 e', 'dst \'["bw 2 2", "m u_24 w", "m u_28 e"]\r\nafdfddsf\'']
2024-12-28 09:06:18,191 - INFO - 
2024-12-28 09:06:18,204 - INFO - 275
2024-12-28 09:06:18,205 - INFO - 275
2024-12-28 09:06:18,205 - INFO - ['bw 2 2', 'm u_24 e', 'dst \'["bw 2 2", "m u_24 e"]\r\nafdfddsf\'']
2024-12-28 09:06:18,205 - INFO - 
2024-12-28 09:06:18,219 - INFO - 276
2024-12-28 09:06:18,220 - INFO - 276
2024-12-28 09:06:18,220 - INFO - ['bw 2 2', 'dst \'["bw 2 2"]\r\nafdfddsf\'']
2024-12-28 09:06:18,220 - INFO - 
2024-12-28 09:06:18,232 - INFO - 277
2024-12-28 09:06:18,233 - INFO - 277
2024-12-28 09:06:18,233 - INFO - ['bw 2 2', 'm u_27 w', 'dst \'["bw 2 2", "m u_27 w"]\r\nafdfddsf\'']
2024-12-28 09:06:18,233 - INFO - 
2024-12-28 09:06:18,247 - INFO - 278
2024-12-28 09:06:18,248 - INFO - 278
2024-12-28 09:06:18,248 - INFO - ['bw 2 2', 'm u_27 e', 'm u_28 w', 'dst \'["bw 2 2", "m u_27 e", "m u_28 w"]\r\nafdfddsf\'']
2024-12-28 09:06:18,248 - INFO - 
2024-12-28 09:06:18,262 - INFO - 279
2024-12-28 09:06:18,264 - INFO - 279
2024-12-28 09:06:18,264 - INFO - ['bw 2 2', 'm u_24 e', 'm u_28 n', 'dst \'["bw 2 2", "m u_24 e", "m u_28 n"]\r\nafdfddsf\'']
2024-12-28 09:06:18,264 - INFO - 
2024-12-28 09:06:18,285 - INFO - 280
2024-12-28 09:06:18,285 - INFO - 280
2024-12-28 09:06:18,286 - INFO - ['bw 2 2', 'm u_28 w', 'dst \'["bw 2 2", "m u_28 w"]\r\nafdfddsf\'']
2024-12-28 09:06:18,286 - INFO - 
2024-12-28 09:06:18,300 - INFO - 281
2024-12-28 09:06:18,301 - INFO - 281
2024-12-28 09:06:18,301 - INFO - ['bw 3 4', 'bw 2 3', 'bw 2 2', 'dst \'["bw 3 4", "bw 2 3", "bw 2 2"]\r\nafdfddsf\'']
2024-12-28 09:06:18,301 - INFO - 
2024-12-28 09:06:18,318 - INFO - 282
2024-12-28 09:06:18,318 - INFO - 282
2024-12-28 09:06:18,319 - INFO - ['bw 3 4', 'bw 2 3', 'bw 2 2', 'm u_27 n', 'm u_28 n', 'dst \'["bw 3 4", "bw 2 3", "bw 2 2", "m u_27 n", "m u_28 n"]\r\nafdfddsf\'']
2024-12-28 09:06:18,319 - INFO - 
2024-12-28 09:06:18,333 - INFO - 283
2024-12-28 09:06:18,334 - INFO - 283
2024-12-28 09:06:18,334 - INFO - ['bw 3 4', 'bw 2 3', 'bw 2 2', 'm u_24 e', 'dst \'["bw 3 4", "bw 2 3", "bw 2 2", "m u_24 e"]\r\nafdfddsf\'']
2024-12-28 09:06:18,334 - INFO - 
2024-12-28 09:06:18,349 - INFO - 284
2024-12-28 09:06:18,350 - INFO - 284
2024-12-28 09:06:18,350 - INFO - ['bw 3 4', 'bw 2 3', 'bw 2 2', 'm u_27 c', 'm u_28 n', 'dst \'["bw 3 4", "bw 2 3", "bw 2 2", "m u_27 c", "m u_28 n"]\r\nafdfddsf\'']
2024-12-28 09:06:18,350 - INFO - 
2024-12-28 09:06:18,364 - INFO - 285
2024-12-28 09:06:18,364 - INFO - 285
2024-12-28 09:06:18,364 - INFO - ['bw 3 4', 'bw 2 3', 'bw 2 2', 'm u_24 n', 'm u_27 n', 'dst \'["bw 3 4", "bw 2 3", "bw 2 2", "m u_24 n", "m u_27 n"]\r\nafdfddsf\'']
2024-12-28 09:06:18,365 - INFO - 
2024-12-28 09:06:18,378 - INFO - 286
2024-12-28 09:06:18,378 - INFO - 286
2024-12-28 09:06:18,379 - INFO - ['bw 3 4', 'bw 2 3', 'bw 2 2', 'm u_24 c', 'm u_28 c', 'dst \'["bw 3 4", "bw 2 3", "bw 2 2", "m u_24 c", "m u_28 c"]\r\nafdfddsf\'']
2024-12-28 09:06:18,379 - INFO - 
2024-12-28 09:06:18,393 - INFO - 287
2024-12-28 09:06:18,395 - INFO - 287
2024-12-28 09:06:18,395 - INFO - ['bw 3 4', 'bw 2 3', 'bw 2 2', 'm u_24 n', 'm u_27 c', 'm u_28 c', 'dst \'["bw 3 4", "bw 2 3", "bw 2 2", "m u_24 n", "m u_27 c", "m u_28 c"]\r\nafdfddsf\'']
2024-12-28 09:06:18,395 - INFO - 
2024-12-28 09:06:18,410 - INFO - 288
2024-12-28 09:06:18,410 - INFO - 288
2024-12-28 09:06:18,410 - INFO - ['bw 3 4', 'bw 2 3', 'bw 2 2', 'm u_24 c', 'm u_27 w', 'm u_28 n', 'dst \'["bw 3 4", "bw 2 3", "bw 2 2", "m u_24 c", "m u_27 w", "m u_28 n"]\r\nafdfddsf\'']
2024-12-28 09:06:18,411 - INFO - 
2024-12-28 09:06:18,424 - INFO - 289
2024-12-28 09:06:18,425 - INFO - 289
2024-12-28 09:06:18,425 - INFO - ['bw 3 4', 'bw 2 3', 'bw 2 2', 'm u_24 c', 'm u_28 w', 'dst \'["bw 3 4", "bw 2 3", "bw 2 2", "m u_24 c", "m u_28 w"]\r\nafdfddsf\'']
2024-12-28 09:06:18,425 - INFO - 
2024-12-28 09:06:18,437 - INFO - 290
2024-12-28 09:06:18,438 - INFO - 290
2024-12-28 09:06:18,438 - INFO - ['bw 3 4', 'bw 2 3', 'bw 2 2', 'm u_24 e', 'm u_27 e', 'dst \'["bw 3 4", "bw 2 3", "bw 2 2", "m u_24 e", "m u_27 e"]\r\nafdfddsf\'']
2024-12-28 09:06:18,438 - INFO - 
2024-12-28 09:06:18,453 - INFO - 291
2024-12-28 09:06:18,454 - INFO - 291
2024-12-28 09:06:18,454 - INFO - ['bw 3 4', 'bw 2 3', 'bw 2 2', 'm u_28 c', 'dst \'["bw 3 4", "bw 2 3", "bw 2 2", "m u_28 c"]\r\nafdfddsf\'']
2024-12-28 09:06:18,454 - INFO - 
2024-12-28 09:06:18,469 - INFO - 292
2024-12-28 09:06:18,470 - INFO - 292
2024-12-28 09:06:18,470 - INFO - ['bw 3 4', 'bw 2 3', 'bw 2 2', 'm u_24 n', 'm u_27 c', 'm u_28 e', 'dst \'["bw 3 4", "bw 2 3", "bw 2 2", "m u_24 n", "m u_27 c", "m u_28 e"]\r\nafdfddsf\'']
2024-12-28 09:06:18,470 - INFO - 
2024-12-28 09:06:18,484 - INFO - 293
2024-12-28 09:06:18,484 - INFO - 293
2024-12-28 09:06:18,484 - INFO - ['bw 3 4', 'bw 2 3', 'bw 2 2', 'm u_24 n', 'm u_27 n', 'dst \'["bw 3 4", "bw 2 3", "bw 2 2", "m u_24 n", "m u_27 n"]\r\nafdfddsf\'']
2024-12-28 09:06:18,485 - INFO - 
2024-12-28 09:06:18,498 - INFO - 294
2024-12-28 09:06:18,499 - INFO - 294
2024-12-28 09:06:18,499 - INFO - ['bw 3 4', 'bw 2 3', 'bw 2 2', 'm u_24 e', 'm u_28 w', 'dst \'["bw 3 4", "bw 2 3", "bw 2 2", "m u_24 e", "m u_28 w"]\r\nafdfddsf\'']
2024-12-28 09:06:18,499 - INFO - 
2024-12-28 09:06:18,514 - INFO - 295
2024-12-28 09:06:18,514 - INFO - 295
2024-12-28 09:06:18,515 - INFO - ['bw 3 4', 'bw 2 3', 'bw 2 2', 'bcity u_27', 'dst \'["bw 3 4", "bw 2 3", "bw 2 2", "bcity u_27"]\r\nafdfddsf\'']
2024-12-28 09:06:18,515 - INFO - 
2024-12-28 09:06:18,530 - INFO - 296
2024-12-28 09:06:18,530 - INFO - 296
2024-12-28 09:06:18,531 - INFO - ['bw 3 4', 'bw 2 3', 'bw 2 2', 'bw 4 1', 'm u_24 w', 'm u_27 c', 'm u_28 n', 'dst \'["bw 3 4", "bw 2 3", "bw 2 2", "bw 4 1", "m u_24 w", "m u_27 c", "m u_28 n"]\r\nafdfddsf\'']
2024-12-28 09:06:18,531 - INFO - 
2024-12-28 09:06:18,545 - INFO - 297
2024-12-28 09:06:18,545 - INFO - 297
2024-12-28 09:06:18,546 - INFO - ['bw 2 3', 'bw 2 2', 'bw 4 1', 'm u_27 c', 'm u_28 n', 'm u_29 e', 'dst \'["bw 2 3", "bw 2 2", "bw 4 1", "m u_27 c", "m u_28 n", "m u_29 e"]\r\nafdfddsf\'']
2024-12-28 09:06:18,546 - INFO - 
2024-12-28 09:06:18,560 - INFO - 298
2024-12-28 09:06:18,560 - INFO - 298
2024-12-28 09:06:18,560 - INFO - ['bw 2 3', 'bw 2 2', 'bw 4 1', 'm u_24 n', 'm u_27 n', 'm u_28 e', 'dst \'["bw 2 3", "bw 2 2", "bw 4 1", "m u_24 n", "m u_27 n", "m u_28 e"]\r\nafdfddsf\'']
2024-12-28 09:06:18,560 - INFO - 
2024-12-28 09:06:18,575 - INFO - 299
2024-12-28 09:06:18,575 - INFO - 299
2024-12-28 09:06:18,576 - INFO - ['bw 2 3', 'bw 2 2', 'bw 4 1', 'm u_24 w', 'm u_27 e', 'm u_29 n', 'dst \'["bw 2 3", "bw 2 2", "bw 4 1", "m u_24 w", "m u_27 e", "m u_29 n"]\r\nafdfddsf\'']
2024-12-28 09:06:18,576 - INFO - 
2024-12-28 09:06:18,625 - INFO - 300
2024-12-28 09:06:18,625 - INFO - 300
2024-12-28 09:06:18,625 - INFO - ['bw 2 3', 'bw 2 2', 'bw 4 1', 'm u_28 e', 'dst \'["bw 2 3", "bw 2 2", "bw 4 1", "m u_28 e"]\r\nafdfddsf\'']
2024-12-28 09:06:18,625 - INFO - 
2024-12-28 09:06:18,639 - INFO - 301
2024-12-28 09:06:18,641 - INFO - 301
2024-12-28 09:06:18,641 - INFO - ['bw 2 3', 'bw 2 2', 'bw 4 1', 'm u_24 n', 'm u_27 w', 'm u_29 w', 'dst \'["bw 2 3", "bw 2 2", "bw 4 1", "m u_24 n", "m u_27 w", "m u_29 w"]\r\nafdfddsf\'']
2024-12-28 09:06:18,641 - INFO - 
2024-12-28 09:06:18,655 - INFO - 302
2024-12-28 09:06:18,656 - INFO - 302
2024-12-28 09:06:18,656 - INFO - ['bw 2 3', 'bw 2 2', 'bw 4 1', 'm u_24 n', 'm u_27 w', 'm u_28 e', 'dst \'["bw 2 3", "bw 2 2", "bw 4 1", "m u_24 n", "m u_27 w", "m u_28 e"]\r\nafdfddsf\'']
2024-12-28 09:06:18,656 - INFO - 
2024-12-28 09:06:18,668 - INFO - 303
2024-12-28 09:06:18,668 - INFO - 303
2024-12-28 09:06:18,668 - INFO - ['bw 2 3', 'bw 2 2', 'bw 4 1', 'm u_24 w', 'm u_28 c', 'm u_29 w', 'dst \'["bw 2 3", "bw 2 2", "bw 4 1", "m u_24 w", "m u_28 c", "m u_29 w"]\r\nafdfddsf\'']
2024-12-28 09:06:18,668 - INFO - 
2024-12-28 09:06:18,682 - INFO - 304
2024-12-28 09:06:18,683 - INFO - 304
2024-12-28 09:06:18,683 - INFO - ['bw 2 3', 'bw 2 2', 'bw 4 1', 'm u_24 c', 'm u_27 e', 'm u_28 w', 'm u_29 w', 'dst \'["bw 2 3", "bw 2 2", "bw 4 1", "m u_24 c", "m u_27 e", "m u_28 w", "m u_29 w"]\r\nafdfddsf\'']
2024-12-28 09:06:18,683 - INFO - 
2024-12-28 09:06:18,697 - INFO - 305
2024-12-28 09:06:18,697 - INFO - 305
2024-12-28 09:06:18,697 - INFO - ['bw 2 3', 'bw 2 2', 'bw 4 1', 'm u_24 w', 'm u_27 e', 'dst \'["bw 2 3", "bw 2 2", "bw 4 1", "m u_24 w", "m u_27 e"]\r\nafdfddsf\'']
2024-12-28 09:06:18,697 - INFO - 
2024-12-28 09:06:18,712 - INFO - 306
2024-12-28 09:06:18,713 - INFO - 306
2024-12-28 09:06:18,713 - INFO - ['bw 3 4', 'bw 2 3', 'bw 2 2', 'bw 4 1', 'm u_28 e', 'm u_29 c', 'dst \'["bw 3 4", "bw 2 3", "bw 2 2", "bw 4 1", "m u_28 e", "m u_29 c"]\r\nafdfddsf\'']
2024-12-28 09:06:18,713 - INFO - 
2024-12-28 09:06:18,729 - INFO - 307
2024-12-28 09:06:18,729 - INFO - 307
2024-12-28 09:06:18,729 - INFO - ['bw 3 4', 'bw 2 3', 'bw 2 2', 'bw 4 1', 'm u_24 n', 'm u_27 e', 'm u_28 w', 'm u_29 c', 'dst \'["bw 3 4", "bw 2 3", "bw 2 2", "bw 4 1", "m u_24 n", "m u_27 e", "m u_28 w", "m u_29 c"]\r\nafdfddsf\'']
2024-12-28 09:06:18,729 - INFO - 
2024-12-28 09:06:18,745 - INFO - 308
2024-12-28 09:06:18,746 - INFO - 308
2024-12-28 09:06:18,746 - INFO - ['bw 3 4', 'bw 2 3', 'bw 2 2', 'bw 4 1', 'm u_24 w', 'm u_29 w', 'dst \'["bw 3 4", "bw 2 3", "bw 2 2", "bw 4 1", "m u_24 w", "m u_29 w"]\r\nafdfddsf\'']
2024-12-28 09:06:18,746 - INFO - 
2024-12-28 09:06:18,760 - INFO - 309
2024-12-28 09:06:18,761 - INFO - 309
2024-12-28 09:06:18,761 - INFO - ['bw 3 4', 'bw 2 3', 'bw 2 2', 'bw 4 1', 'm u_27 e', 'm u_28 n', 'dst \'["bw 3 4", "bw 2 3", "bw 2 2", "bw 4 1", "m u_27 e", "m u_28 n"]\r\nafdfddsf\'']
2024-12-28 09:06:18,762 - INFO - 
2024-12-28 09:06:18,775 - INFO - 310
2024-12-28 09:06:18,776 - INFO - 310
2024-12-28 09:06:18,776 - INFO - ['bw 3 4', 'bw 2 3', 'bw 2 2', 'bw 4 1', 'm u_24 w', 'm u_28 e', 'm u_29 c', 'dst \'["bw 3 4", "bw 2 3", "bw 2 2", "bw 4 1", "m u_24 w", "m u_28 e", "m u_29 c"]\r\nafdfddsf\'']
2024-12-28 09:06:18,777 - INFO - 
2024-12-28 09:06:18,791 - INFO - 311
2024-12-28 09:06:18,791 - INFO - 311
2024-12-28 09:06:18,792 - INFO - ['bw 3 4', 'bw 2 3', 'bw 2 2', 'bw 4 1', 'dst \'["bw 3 4", "bw 2 3", "bw 2 2", "bw 4 1"]\r\nafdfddsf\'']
2024-12-28 09:06:18,792 - INFO - 
2024-12-28 09:06:18,808 - INFO - 312
2024-12-28 09:06:18,808 - INFO - 312
2024-12-28 09:06:18,809 - INFO - ['bw 4 1', 'm u_30 w', 'm u_31 c', 'm u_32 e', 'dst \'["bw 4 1", "m u_30 w", "m u_31 c", "m u_32 e"]\r\nafdfddsf\'']
2024-12-28 09:06:18,809 - INFO - 
2024-12-28 09:06:18,825 - INFO - 313
2024-12-28 09:06:18,825 - INFO - 313
2024-12-28 09:06:18,826 - INFO - ['bw 4 1', 'm u_31 e', 'dst \'["bw 4 1", "m u_31 e"]\r\nafdfddsf\'']
2024-12-28 09:06:18,826 - INFO - 
2024-12-28 09:06:18,841 - INFO - 314
2024-12-28 09:06:18,841 - INFO - 314
2024-12-28 09:06:18,842 - INFO - ['bw 4 1', 'm u_24 e', 'dst \'["bw 4 1", "m u_24 e"]\r\nafdfddsf\'']
2024-12-28 09:06:18,842 - INFO - 
2024-12-28 09:06:18,855 - INFO - 315
2024-12-28 09:06:18,855 - INFO - 315
2024-12-28 09:06:18,855 - INFO - ['bw 4 1', 'dst \'["bw 4 1"]\r\nafdfddsf\'']
2024-12-28 09:06:18,856 - INFO - 
2024-12-28 09:06:18,870 - INFO - 316
2024-12-28 09:06:18,871 - INFO - 316
2024-12-28 09:06:18,871 - INFO - ['bw 4 1', 'm u_30 e', 'm u_32 e', 'dst \'["bw 4 1", "m u_30 e", "m u_32 e"]\r\nafdfddsf\'']
2024-12-28 09:06:18,871 - INFO - 
2024-12-28 09:06:18,884 - INFO - 317
2024-12-28 09:06:18,884 - INFO - 317
2024-12-28 09:06:18,885 - INFO - ['m u_30 n', 'm u_31 c', 'dst \'["m u_30 n", "m u_31 c"]\r\nafdfddsf\'']
2024-12-28 09:06:18,885 - INFO - 
2024-12-28 09:06:18,901 - INFO - 318
2024-12-28 09:06:18,902 - INFO - 318
2024-12-28 09:06:18,902 - INFO - ['m u_24 n', 'm u_30 c', 'm u_31 w', 'dst \'["m u_24 n", "m u_30 c", "m u_31 w"]\r\nafdfddsf\'']
2024-12-28 09:06:18,902 - INFO - 
2024-12-28 09:06:18,917 - INFO - 319
2024-12-28 09:06:18,917 - INFO - 319
2024-12-28 09:06:18,917 - INFO - ['m u_24 w', 'm u_30 c', 'm u_31 w', 'dst \'["m u_24 w", "m u_30 c", "m u_31 w"]\r\nafdfddsf\'']
2024-12-28 09:06:18,917 - INFO - 
2024-12-28 09:06:18,932 - INFO - 320
2024-12-28 09:06:18,933 - INFO - 320
2024-12-28 09:06:18,933 - INFO - ['m u_30 w', 'm u_32 w', 'dst \'["m u_30 w", "m u_32 w"]\r\nafdfddsf\'']
2024-12-28 09:06:18,934 - INFO - 
2024-12-28 09:06:18,948 - INFO - 321
2024-12-28 09:06:18,948 - INFO - 321
2024-12-28 09:06:18,949 - INFO - ['bw 3 4', 'bw 2 3', 'bw 2 2', 'dst \'["bw 3 4", "bw 2 3", "bw 2 2"]\r\nafdfddsf\'']
2024-12-28 09:06:18,949 - INFO - 
2024-12-28 09:06:18,963 - INFO - 322
2024-12-28 09:06:18,964 - INFO - 322
2024-12-28 09:06:18,964 - INFO - ['bw 3 4', 'bw 2 3', 'bw 2 2', 'm u_30 n', 'm u_32 n', 'dst \'["bw 3 4", "bw 2 3", "bw 2 2", "m u_30 n", "m u_32 n"]\r\nafdfddsf\'']
2024-12-28 09:06:18,964 - INFO - 
2024-12-28 09:06:18,979 - INFO - 323
2024-12-28 09:06:18,979 - INFO - 323
2024-12-28 09:06:18,979 - INFO - ['bw 3 4', 'bw 2 3', 'bw 2 2', 'm u_24 e', 'm u_30 c', 'dst \'["bw 3 4", "bw 2 3", "bw 2 2", "m u_24 e", "m u_30 c"]\r\nafdfddsf\'']
2024-12-28 09:06:18,980 - INFO - 
2024-12-28 09:06:18,995 - INFO - 324
2024-12-28 09:06:18,995 - INFO - 324
2024-12-28 09:06:18,995 - INFO - ['bw 3 4', 'bw 2 3', 'bw 2 2', 'm u_30 w', 'bcity u_32', 'dst \'["bw 3 4", "bw 2 3", "bw 2 2", "m u_30 w", "bcity u_32"]\r\nafdfddsf\'']
2024-12-28 09:06:18,996 - INFO - 
2024-12-28 09:06:19,010 - INFO - 325
2024-12-28 09:06:19,011 - INFO - 325
2024-12-28 09:06:19,011 - INFO - ['bw 3 4', 'bw 2 3', 'bw 2 2', 'bw 3 1', 'm u_24 c', 'm u_32 e', 'dst \'["bw 3 4", "bw 2 3", "bw 2 2", "bw 3 1", "m u_24 c", "m u_32 e"]\r\nafdfddsf\'']
2024-12-28 09:06:19,011 - INFO - 
2024-12-28 09:06:19,026 - INFO - 326
2024-12-28 09:06:19,027 - INFO - 326
2024-12-28 09:06:19,027 - INFO - ['bw 2 3', 'bw 2 2', 'bw 3 1', 'm u_24 e', 'm u_30 w', 'm u_33 e', 'dst \'["bw 2 3", "bw 2 2", "bw 3 1", "m u_24 e", "m u_30 w", "m u_33 e"]\r\nafdfddsf\'']
2024-12-28 09:06:19,027 - INFO - 
2024-12-28 09:06:19,041 - INFO - 327
2024-12-28 09:06:19,042 - INFO - 327
2024-12-28 09:06:19,042 - INFO - ['bw 2 3', 'bw 2 2', 'bw 3 1', 'm u_32 w', 'dst \'["bw 2 3", "bw 2 2", "bw 3 1", "m u_32 w"]\r\nafdfddsf\'']
2024-12-28 09:06:19,042 - INFO - 
2024-12-28 09:06:19,057 - INFO - 328
2024-12-28 09:06:19,058 - INFO - 328
2024-12-28 09:06:19,058 - INFO - ['bw 2 3', 'bw 2 2', 'bw 3 1', 'm u_24 e', 'm u_30 e', 'm u_32 w', 'm u_33 e', 'dst \'["bw 2 3", "bw 2 2", "bw 3 1", "m u_24 e", "m u_30 e", "m u_32 w", "m u_33 e"]\r\nafdfddsf\'']
2024-12-28 09:06:19,059 - INFO - 
2024-12-28 09:06:19,075 - INFO - 329
2024-12-28 09:06:19,076 - INFO - 329
2024-12-28 09:06:19,076 - INFO - ['bw 2 3', 'bw 2 2', 'bw 3 1', 'dst \'["bw 2 3", "bw 2 2", "bw 3 1"]\r\nafdfddsf\'']
2024-12-28 09:06:19,076 - INFO - 
2024-12-28 09:06:19,093 - INFO - 330
2024-12-28 09:06:19,093 - INFO - 330
2024-12-28 09:06:19,094 - INFO - ['bw 2 3', 'bw 2 2', 'bw 3 1', 'm u_24 e', 'm u_30 e', 'm u_32 c', 'bcity u_33', 'dst \'["bw 2 3", "bw 2 2", "bw 3 1", "m u_24 e", "m u_30 e", "m u_32 c", "bcity u_33"]\r\nafdfddsf\'']
2024-12-28 09:06:19,094 - INFO - 
2024-12-28 09:06:19,108 - INFO - 331
2024-12-28 09:06:19,109 - INFO - 331
2024-12-28 09:06:19,109 - INFO - ['bw 2 3', 'bw 2 2', 'bw 3 1', 'bw 5 4', 'm u_30 n', 'm u_32 c', 'm u_33 e', 'dst \'["bw 2 3", "bw 2 2", "bw 3 1", "bw 5 4", "m u_30 n", "m u_32 c", "m u_33 e"]\r\nafdfddsf\'']
2024-12-28 09:06:19,109 - INFO - 
2024-12-28 09:06:19,125 - INFO - 332
2024-12-28 09:06:19,126 - INFO - 332
2024-12-28 09:06:19,126 - INFO - ['bw 2 2', 'bw 3 1', 'bw 5 4', 'm u_24 n', 'm u_30 c', 'm u_32 c', 'm u_34 c', 'dst \'["bw 2 2", "bw 3 1", "bw 5 4", "m u_24 n", "m u_30 c", "m u_32 c", "m u_34 c"]\r\nafdfddsf\'']
2024-12-28 09:06:19,126 - INFO - 
2024-12-28 09:06:19,141 - INFO - 333
2024-12-28 09:06:19,141 - INFO - 333
2024-12-28 09:06:19,141 - INFO - ['bw 2 2', 'bw 3 1', 'bw 5 4', 'm u_24 w', 'm u_30 e', 'm u_32 e', 'm u_33 n', 'm u_34 c', 'dst \'["bw 2 2", "bw 3 1", "bw 5 4", "m u_24 w", "m u_30 e", "m u_32 e", "m u_33 n", "m u_34 c"]\r\nafdfddsf\'']
2024-12-28 09:06:19,141 - INFO - 
2024-12-28 09:06:19,155 - INFO - 334
2024-12-28 09:06:19,155 - INFO - 334
2024-12-28 09:06:19,156 - INFO - ['bw 2 2', 'bw 3 1', 'bw 5 4', 'm u_32 e', 'm u_34 c', 'dst \'["bw 2 2", "bw 3 1", "bw 5 4", "m u_32 e", "m u_34 c"]\r\nafdfddsf\'']
2024-12-28 09:06:19,156 - INFO - 
2024-12-28 09:06:19,170 - INFO - 335
2024-12-28 09:06:19,171 - INFO - 335
2024-12-28 09:06:19,171 - INFO - ['bw 3 4', 'bw 2 2', 'bw 3 1', 'bw 5 4', 'm u_24 e', 'm u_30 c', 'm u_33 e', 'm u_34 n', 'dst \'["bw 3 4", "bw 2 2", "bw 3 1", "bw 5 4", "m u_24 e", "m u_30 c", "m u_33 e", "m u_34 n"]\r\nafdfddsf\'']
2024-12-28 09:06:19,171 - INFO - 
2024-12-28 09:06:19,186 - INFO - 336
2024-12-28 09:06:19,187 - INFO - 336
2024-12-28 09:06:19,187 - INFO - ['bw 3 4', 'bw 2 2', 'bw 3 1', 'bw 5 4', 'm u_30 c', 'm u_32 e', 'm u_34 n', 'dst \'["bw 3 4", "bw 2 2", "bw 3 1", "bw 5 4", "m u_30 c", "m u_32 e", "m u_34 n"]\r\nafdfddsf\'']
2024-12-28 09:06:19,187 - INFO - 
2024-12-28 09:06:19,203 - INFO - 337
2024-12-28 09:06:19,204 - INFO - 337
2024-12-28 09:06:19,204 - INFO - ['bw 3 4', 'bw 2 2', 'bw 3 1', 'bw 5 4', 'm u_24 n', 'm u_30 e', 'm u_33 c', 'dst \'["bw 3 4", "bw 2 2", "bw 3 1", "bw 5 4", "m u_24 n", "m u_30 e", "m u_33 c"]\r\nafdfddsf\'']
2024-12-28 09:06:19,204 - INFO - 
2024-12-28 09:06:19,222 - INFO - 338
2024-12-28 09:06:19,222 - INFO - 338
2024-12-28 09:06:19,223 - INFO - ['bw 3 4', 'bw 2 2', 'bw 3 1', 'bw 5 4', 'm u_24 w', 'm u_32 n', 'm u_33 n', 'm u_34 e', 'dst \'["bw 3 4", "bw 2 2", "bw 3 1", "bw 5 4", "m u_24 w", "m u_32 n", "m u_33 n", "m u_34 e"]\r\nafdfddsf\'']
2024-12-28 09:06:19,223 - INFO - 
2024-12-28 09:06:19,239 - INFO - 339
2024-12-28 09:06:19,239 - INFO - 339
2024-12-28 09:06:19,239 - INFO - ['bw 3 4', 'bw 2 2', 'bw 3 1', 'bw 5 4', 'm u_30 w', 'm u_34 w', 'dst \'["bw 3 4", "bw 2 2", "bw 3 1", "bw 5 4", "m u_30 w", "m u_34 w"]\r\nafdfddsf\'']
2024-12-28 09:06:19,240 - INFO - 
2024-12-28 09:06:19,259 - INFO - 340
2024-12-28 09:06:19,260 - INFO - 340
2024-12-28 09:06:19,260 - INFO - ['bw 3 4', 'bw 2 2', 'bw 3 1', 'bw 5 4', 'm u_24 w', 'm u_32 e', 'm u_33 c', 'dst \'["bw 3 4", "bw 2 2", "bw 3 1", "bw 5 4", "m u_24 w", "m u_32 e", "m u_33 c"]\r\nafdfddsf\'']
2024-12-28 09:06:19,260 - INFO - 
2024-12-28 09:06:19,279 - INFO - 341
2024-12-28 09:06:19,279 - INFO - 341
2024-12-28 09:06:19,280 - INFO - ['bw 3 4', 'bw 2 3', 'bw 2 2', 'bw 3 1', 'bw 5 4', 'm u_30 n', 'm u_33 e', 'm u_34 w', 'dst \'["bw 3 4", "bw 2 3", "bw 2 2", "bw 3 1", "bw 5 4", "m u_30 n", "m u_33 e", "m u_34 w"]\r\nafdfddsf\'']
2024-12-28 09:06:19,280 - INFO - 
2024-12-28 09:06:19,296 - INFO - 342
2024-12-28 09:06:19,297 - INFO - 342
2024-12-28 09:06:19,297 - INFO - ['bw 3 4', 'bw 2 3', 'bw 2 2', 'bw 3 1', 'bw 5 4', 'm u_24 n', 'm u_30 n', 'm u_32 w', 'dst \'["bw 3 4", "bw 2 3", "bw 2 2", "bw 3 1", "bw 5 4", "m u_24 n", "m u_30 n", "m u_32 w"]\r\nafdfddsf\'']
2024-12-28 09:06:19,297 - INFO - 
2024-12-28 09:06:19,313 - INFO - 343
2024-12-28 09:06:19,314 - INFO - 343
2024-12-28 09:06:19,314 - INFO - ['bw 3 4', 'bw 2 3', 'bw 2 2', 'bw 3 1', 'bw 5 4', 'm u_24 w', 'm u_33 n', 'm u_34 n', 'dst \'["bw 3 4", "bw 2 3", "bw 2 2", "bw 3 1", "bw 5 4", "m u_24 w", "m u_33 n", "m u_34 n"]\r\nafdfddsf\'']
2024-12-28 09:06:19,314 - INFO - 
2024-12-28 09:06:19,332 - INFO - 344
2024-12-28 09:06:19,333 - INFO - 344
2024-12-28 09:06:19,333 - INFO - ['bw 3 4', 'bw 2 3', 'bw 2 2', 'bw 3 1', 'bw 5 4', 'm u_24 c', 'm u_30 c', 'm u_32 e', 'm u_34 n', 'dst \'["bw 3 4", "bw 2 3", "bw 2 2", "bw 3 1", "bw 5 4", "m u_24 c", "m u_30 c", "m u_32 e", "m u_34 n"]\r\nafdfddsf\'']
2024-12-28 09:06:19,333 - INFO - 
2024-12-28 09:06:19,386 - INFO - 345
2024-12-28 09:06:19,387 - INFO - 345
2024-12-28 09:06:19,387 - INFO - ['bw 3 4', 'bw 2 3', 'bw 2 2', 'bw 3 1', 'bw 5 4', 'm u_24 c', 'm u_30 n', 'm u_33 w', 'dst \'["bw 3 4", "bw 2 3", "bw 2 2", "bw 3 1", "bw 5 4", "m u_24 c", "m u_30 n", "m u_33 w"]\r\nafdfddsf\'']
2024-12-28 09:06:19,387 - INFO - 
2024-12-28 09:06:19,406 - INFO - 346
2024-12-28 09:06:19,407 - INFO - 346
2024-12-28 09:06:19,407 - INFO - ['bw 3 4', 'bw 2 3', 'bw 2 2', 'bw 3 1', 'bw 5 4', 'm u_24 c', 'm u_30 w', 'm u_32 w', 'm u_34 w', 'dst \'["bw 3 4", "bw 2 3", "bw 2 2", "bw 3 1", "bw 5 4", "m u_24 c", "m u_30 w", "m u_32 w", "m u_34 w"]\r\nafdfddsf\'']
2024-12-28 09:06:19,408 - INFO - 
2024-12-28 09:06:19,426 - INFO - 347
2024-12-28 09:06:19,426 - INFO - 347
2024-12-28 09:06:19,426 - INFO - ['bw 3 4', 'bw 2 3', 'bw 2 2', 'bw 3 1', 'bw 5 4', 'm u_24 e', 'm u_30 w', 'm u_33 e', 'dst \'["bw 3 4", "bw 2 3", "bw 2 2", "bw 3 1", "bw 5 4", "m u_24 e", "m u_30 w", "m u_33 e"]\r\nafdfddsf\'']
2024-12-28 09:06:19,426 - INFO - 
2024-12-28 09:06:19,442 - INFO - 348
2024-12-28 09:06:19,443 - INFO - 348
2024-12-28 09:06:19,443 - INFO - ['bw 3 4', 'bw 2 3', 'bw 2 2', 'bw 3 1', 'bw 5 4', 'm u_32 n', 'm u_34 n', 'dst \'["bw 3 4", "bw 2 3", "bw 2 2", "bw 3 1", "bw 5 4", "m u_32 n", "m u_34 n"]\r\nafdfddsf\'']
2024-12-28 09:06:19,443 - INFO - 
2024-12-28 09:06:19,459 - INFO - 349
2024-12-28 09:06:19,460 - INFO - 349
2024-12-28 09:06:19,460 - INFO - ['bw 3 4', 'bw 2 3', 'bw 2 2', 'bw 3 1', 'bw 5 4', 'm u_24 c', 'm u_30 c', 'm u_32 e', 'm u_33 n', 'm u_34 c', 'dst \'["bw 3 4", "bw 2 3", "bw 2 2", "bw 3 1", "bw 5 4", "m u_24 c", "m u_30 c", "m u_32 e", "m u_33 n", "m u_34 c"]\r\nafdfddsf\'']
2024-12-28 09:06:19,461 - INFO - 
2024-12-28 09:06:19,479 - INFO - 350
2024-12-28 09:06:19,480 - INFO - 350
2024-12-28 09:06:19,480 - INFO - ['bw 3 4', 'bw 2 3', 'bw 2 2', 'bw 3 1', 'bw 5 4', 'm u_24 c', 'm u_30 c', 'm u_34 n', 'dst \'["bw 3 4", "bw 2 3", "bw 2 2", "bw 3 1", "bw 5 4", "m u_24 c", "m u_30 c", "m u_34 n"]\r\nafdfddsf\'']
2024-12-28 09:06:19,480 - INFO - 
2024-12-28 09:06:19,497 - INFO - 351
2024-12-28 09:06:19,497 - INFO - 351
2024-12-28 09:06:19,498 - INFO - ['bw 3 4', 'bw 2 3', 'bw 2 2', 'bw 3 1', 'bw 5 4', 'm u_32 c', 'dst \'["bw 3 4", "bw 2 3", "bw 2 2", "bw 3 1", "bw 5 4", "m u_32 c"]\r\nafdfddsf\'']
2024-12-28 09:06:19,498 - INFO - 
2024-12-28 09:06:19,516 - INFO - 352
2024-12-28 09:06:19,517 - INFO - 352
2024-12-28 09:06:19,517 - INFO - ['m u_32 n', 'm u_35 w', 'm u_36 w', 'm u_37 w', 'm u_38 e', 'dst \'["m u_32 n", "m u_35 w", "m u_36 w", "m u_37 w", "m u_38 e"]\r\nafdfddsf\'']
2024-12-28 09:06:19,517 - INFO - 
2024-12-28 09:06:19,534 - INFO - 353
2024-12-28 09:06:19,535 - INFO - 353
2024-12-28 09:06:19,535 - INFO - ['m u_32 n', 'dst \'["m u_32 n"]\r\nafdfddsf\'']
2024-12-28 09:06:19,535 - INFO - 
2024-12-28 09:06:19,551 - INFO - 354
2024-12-28 09:06:19,552 - INFO - 354
2024-12-28 09:06:19,552 - INFO - ['m u_32 c', 'dst \'["m u_32 c"]\r\nafdfddsf\'']
2024-12-28 09:06:19,552 - INFO - 
2024-12-28 09:06:19,567 - INFO - 355
2024-12-28 09:06:19,568 - INFO - 355
2024-12-28 09:06:19,568 - INFO - ['m u_32 e', 'dst \'["m u_32 e"]\r\nafdfddsf\'']
2024-12-28 09:06:19,569 - INFO - 
2024-12-28 09:06:19,584 - INFO - 356
2024-12-28 09:06:19,584 - INFO - 356
2024-12-28 09:06:19,584 - INFO - ['m u_35 e', 'm u_38 w', 'dst \'["m u_35 e", "m u_38 w"]\r\nafdfddsf\'']
2024-12-28 09:06:19,584 - INFO - 
2024-12-28 09:06:19,601 - INFO - 357
2024-12-28 09:06:19,601 - INFO - 357
2024-12-28 09:06:19,602 - INFO - ['m u_35 n', 'm u_38 c', 'dst \'["m u_35 n", "m u_38 c"]\r\nafdfddsf\'']
2024-12-28 09:06:19,602 - INFO - 
2024-12-28 09:06:19,615 - INFO - 358
2024-12-28 09:06:19,617 - INFO - 358
2024-12-28 09:06:19,617 - INFO - ['m u_38 e', 'dst \'["m u_38 e"]\r\nafdfddsf\'']
2024-12-28 09:06:19,617 - INFO - 
2024-12-28 09:06:19,630 - INFO - 359
2024-12-28 09:06:19,630 - INFO - 359
2024-12-28 09:06:19,631 - INFO - ['m u_32 c', 'dst \'["m u_32 c"]\r\nafdfddsf\'']
2024-12-28 09:06:19,631 - INFO - 
