2024-12-31 16:50:26,837 - INFO - 1
2024-12-31 16:50:26,837 - INFO - 1
2024-12-31 16:50:26,837 - INFO - ['bc 4 8', 'm u_1 e ', 'dst \'["bc 4 8", "m u_1 e"]\'']
2024-12-31 16:50:26,837 - INFO - num_cities:1
2024-12-31 16:50:26,837 - INFO - num_workers:1
2024-12-31 16:50:26,837 - INFO - num_carts:0
2024-12-31 16:50:26,837 - INFO - 
2024-12-31 16:50:26,840 - INFO - 1
2024-12-31 16:50:26,841 - INFO - 1
2024-12-31 16:50:26,841 - INFO - ['bc 7 8', 'm u_2 w ', 'dst \'["bc 7 8", "m u_2 w"]\'']
2024-12-31 16:50:26,841 - INFO - num_cities:1
2024-12-31 16:50:26,841 - INFO - num_workers:1
2024-12-31 16:50:26,841 - INFO - num_carts:0
2024-12-31 16:50:26,841 - INFO - 
2024-12-31 16:50:26,853 - INFO - 2
2024-12-31 16:50:26,853 - INFO - 2
2024-12-31 16:50:26,853 - INFO - ['bc 4 8', 'dst \'["bc 4 8"]\'']
2024-12-31 16:50:26,853 - INFO - num_cities:1
2024-12-31 16:50:26,853 - INFO - num_workers:1
2024-12-31 16:50:26,853 - INFO - num_carts:0
2024-12-31 16:50:26,853 - INFO - 
2024-12-31 16:50:26,854 - INFO - 2
2024-12-31 16:50:26,854 - INFO - 2
2024-12-31 16:50:26,854 - INFO - ['bc 7 8', 'dst \'["bc 7 8"]\'']
2024-12-31 16:50:26,854 - INFO - num_cities:1
2024-12-31 16:50:26,855 - INFO - num_workers:1
2024-12-31 16:50:26,855 - INFO - num_carts:0
2024-12-31 16:50:26,855 - INFO - 
2024-12-31 16:50:26,863 - INFO - 3
2024-12-31 16:50:26,863 - INFO - 3
2024-12-31 16:50:26,863 - INFO - ['bc 4 8', 'm u_1 e ', 'dst \'["bc 4 8", "m u_1 e"]\'']
2024-12-31 16:50:26,863 - INFO - num_cities:1
2024-12-31 16:50:26,863 - INFO - num_workers:1
2024-12-31 16:50:26,863 - INFO - num_carts:0
2024-12-31 16:50:26,863 - INFO - 
2024-12-31 16:50:26,864 - INFO - 3
2024-12-31 16:50:26,864 - INFO - 3
2024-12-31 16:50:26,864 - INFO - ['bc 7 8', 'm u_2 w ', 'dst \'["bc 7 8", "m u_2 w"]\'']
2024-12-31 16:50:26,864 - INFO - num_cities:1
2024-12-31 16:50:26,864 - INFO - num_workers:1
2024-12-31 16:50:26,864 - INFO - num_carts:0
2024-12-31 16:50:26,864 - INFO - 
2024-12-31 16:50:26,876 - INFO - 4
2024-12-31 16:50:26,876 - INFO - 4
2024-12-31 16:50:26,876 - INFO - ['bc 4 8', 'dst \'["bc 4 8"]\'']
2024-12-31 16:50:26,876 - INFO - num_cities:1
2024-12-31 16:50:26,876 - INFO - num_workers:1
2024-12-31 16:50:26,876 - INFO - num_carts:0
2024-12-31 16:50:26,876 - INFO - 
2024-12-31 16:50:26,877 - INFO - 4
2024-12-31 16:50:26,877 - INFO - 4
2024-12-31 16:50:26,877 - INFO - ['bc 7 8', 'dst \'["bc 7 8"]\'']
2024-12-31 16:50:26,877 - INFO - num_cities:1
2024-12-31 16:50:26,877 - INFO - num_workers:1
2024-12-31 16:50:26,877 - INFO - num_carts:0
2024-12-31 16:50:26,877 - INFO - 
2024-12-31 16:50:26,889 - INFO - 5
2024-12-31 16:50:26,890 - INFO - 5
2024-12-31 16:50:26,890 - INFO - ['bc 4 8', 'm u_1 c ', 'dst \'["bc 4 8", "m u_1 c"]\'']
2024-12-31 16:50:26,890 - INFO - num_cities:1
2024-12-31 16:50:26,891 - INFO - num_workers:1
2024-12-31 16:50:26,891 - INFO - num_carts:0
2024-12-31 16:50:26,891 - INFO - 
2024-12-31 16:50:26,891 - INFO - 5
2024-12-31 16:50:26,891 - INFO - 5
2024-12-31 16:50:26,891 - INFO - ['bc 7 8', 'm u_2 c ', 'dst \'["bc 7 8", "m u_2 c"]\'']
2024-12-31 16:50:26,891 - INFO - num_cities:1
2024-12-31 16:50:26,891 - INFO - num_workers:1
2024-12-31 16:50:26,892 - INFO - num_carts:0
2024-12-31 16:50:26,892 - INFO - 
2024-12-31 16:50:26,900 - INFO - 6
2024-12-31 16:50:26,900 - INFO - 6
2024-12-31 16:50:26,900 - INFO - ['bc 4 8', 'bcity u_1', 'dst \'["bc 4 8", "bcity u_1"]\'']
2024-12-31 16:50:26,900 - INFO - num_cities:1
2024-12-31 16:50:26,900 - INFO - num_workers:1
2024-12-31 16:50:26,900 - INFO - num_carts:0
2024-12-31 16:50:26,900 - INFO - 
2024-12-31 16:50:26,901 - INFO - 6
2024-12-31 16:50:26,901 - INFO - 6
2024-12-31 16:50:26,901 - INFO - ['bc 7 8', 'bcity u_2', 'dst \'["bc 7 8", "bcity u_2"]\'']
2024-12-31 16:50:26,901 - INFO - num_cities:1
2024-12-31 16:50:26,901 - INFO - num_workers:1
2024-12-31 16:50:26,901 - INFO - num_carts:0
2024-12-31 16:50:26,901 - INFO - 
2024-12-31 16:50:26,909 - INFO - 7
2024-12-31 16:50:26,909 - INFO - 7
2024-12-31 16:50:26,909 - INFO - ['bc 4 8', 'bc 6 8', 'm u_1 c ', 'dst \'["bc 4 8", "bc 6 8", "m u_1 c"]\'']
2024-12-31 16:50:26,909 - INFO - num_cities:2
2024-12-31 16:50:26,909 - INFO - num_workers:1
2024-12-31 16:50:26,909 - INFO - num_carts:0
2024-12-31 16:50:26,909 - INFO - 
2024-12-31 16:50:26,910 - INFO - 7
2024-12-31 16:50:26,910 - INFO - 7
2024-12-31 16:50:26,910 - INFO - ['bc 7 8', 'bc 5 8', 'm u_2 c ', 'dst \'["bc 7 8", "bc 5 8", "m u_2 c"]\'']
2024-12-31 16:50:26,910 - INFO - num_cities:2
2024-12-31 16:50:26,910 - INFO - num_workers:1
2024-12-31 16:50:26,910 - INFO - num_carts:0
2024-12-31 16:50:26,910 - INFO - 
2024-12-31 16:50:26,919 - INFO - 8
2024-12-31 16:50:26,919 - INFO - 8
2024-12-31 16:50:26,919 - INFO - ['bw 4 8  ', 'bw 6 8  ', 'm u_1 c ', 'm u_3 n ', 'dst \'["bw 4 8", "bw 6 8", "m u_1 c", "m u_3 n"]\'']
2024-12-31 16:50:26,919 - INFO - num_cities:2
2024-12-31 16:50:26,919 - INFO - num_workers:1
2024-12-31 16:50:26,919 - INFO - num_carts:1
2024-12-31 16:50:26,919 - INFO - 
2024-12-31 16:50:26,920 - INFO - 8
2024-12-31 16:50:26,920 - INFO - 8
2024-12-31 16:50:26,920 - INFO - ['bc 7 8', 'bc 5 8', 'm u_2 c ', 'm u_4 n ', 'dst \'["bc 7 8", "bc 5 8", "m u_2 c", "m u_4 n"]\'']
2024-12-31 16:50:26,920 - INFO - num_cities:2
2024-12-31 16:50:26,920 - INFO - num_workers:1
2024-12-31 16:50:26,920 - INFO - num_carts:1
2024-12-31 16:50:26,920 - INFO - 
2024-12-31 16:50:26,929 - INFO - 9
2024-12-31 16:50:26,929 - INFO - 9
2024-12-31 16:50:26,929 - INFO - ['bw 4 8  ', 'bw 6 8  ', 'm u_1 e ', 'dst \'["bw 4 8", "bw 6 8", "m u_1 e"]\'']
2024-12-31 16:50:26,929 - INFO - num_cities:2
2024-12-31 16:50:26,929 - INFO - num_workers:1
2024-12-31 16:50:26,929 - INFO - num_carts:1
2024-12-31 16:50:26,930 - INFO - 
2024-12-31 16:50:26,930 - INFO - 9
2024-12-31 16:50:26,930 - INFO - 9
2024-12-31 16:50:26,930 - INFO - ['bc 7 8', 'bc 5 8', 'm u_2 w ', 'dst \'["bc 7 8", "bc 5 8", "m u_2 w"]\'']
2024-12-31 16:50:26,930 - INFO - num_cities:2
2024-12-31 16:50:26,930 - INFO - num_workers:1
2024-12-31 16:50:26,930 - INFO - num_carts:1
2024-12-31 16:50:26,930 - INFO - 
2024-12-31 16:50:26,939 - INFO - 10
2024-12-31 16:50:26,939 - INFO - 10
2024-12-31 16:50:26,939 - INFO - ['bw 4 8  ', 'bw 6 8  ', 'm u_1 w ', 'm u_3 s ', 'dst \'["bw 4 8", "bw 6 8", "m u_1 w", "m u_3 s"]\'']
2024-12-31 16:50:26,939 - INFO - num_cities:2
2024-12-31 16:50:26,939 - INFO - num_workers:1
2024-12-31 16:50:26,940 - INFO - num_carts:1
2024-12-31 16:50:26,940 - INFO - 
2024-12-31 16:50:26,940 - INFO - 10
2024-12-31 16:50:26,940 - INFO - 10
2024-12-31 16:50:26,940 - INFO - ['bc 7 8', 'bc 5 8', 'm u_2 e ', 'm u_4 s ', 'dst \'["bc 7 8", "bc 5 8", "m u_2 e", "m u_4 s"]\'']
2024-12-31 16:50:26,940 - INFO - num_cities:2
2024-12-31 16:50:26,940 - INFO - num_workers:1
2024-12-31 16:50:26,940 - INFO - num_carts:1
2024-12-31 16:50:26,940 - INFO - 
2024-12-31 16:50:26,948 - INFO - 11
2024-12-31 16:50:26,948 - INFO - 11
2024-12-31 16:50:26,948 - INFO - ['bw 4 8  ', 'bw 6 8  ', 'm u_1 s ', 'm u_3 c ', 'dst \'["bw 4 8", "bw 6 8", "m u_1 s", "m u_3 c"]\'']
2024-12-31 16:50:26,949 - INFO - num_cities:2
2024-12-31 16:50:26,949 - INFO - num_workers:1
2024-12-31 16:50:26,949 - INFO - num_carts:1
2024-12-31 16:50:26,949 - INFO - 
2024-12-31 16:50:26,949 - INFO - 11
2024-12-31 16:50:26,949 - INFO - 11
2024-12-31 16:50:26,949 - INFO - ['bc 7 8', 'bc 5 8', 'm u_2 s ', 'm u_4 c ', 'dst \'["bc 7 8", "bc 5 8", "m u_2 s", "m u_4 c"]\'']
2024-12-31 16:50:26,949 - INFO - num_cities:2
2024-12-31 16:50:26,949 - INFO - num_workers:1
2024-12-31 16:50:26,949 - INFO - num_carts:1
2024-12-31 16:50:26,950 - INFO - 
2024-12-31 16:50:26,957 - INFO - 12
2024-12-31 16:50:26,958 - INFO - 12
2024-12-31 16:50:26,958 - INFO - ['bw 4 8  ', 'bw 6 8  ', 'm u_3 c ', 'dst \'["bw 4 8", "bw 6 8", "m u_3 c"]\'']
2024-12-31 16:50:26,958 - INFO - num_cities:2
2024-12-31 16:50:26,958 - INFO - num_workers:1
2024-12-31 16:50:26,958 - INFO - num_carts:1
2024-12-31 16:50:26,958 - INFO - 
2024-12-31 16:50:26,958 - INFO - 12
2024-12-31 16:50:26,958 - INFO - 12
2024-12-31 16:50:26,958 - INFO - ['bc 7 8', 'bc 5 8', 'm u_4 c ', 'dst \'["bc 7 8", "bc 5 8", "m u_4 c"]\'']
2024-12-31 16:50:26,959 - INFO - num_cities:2
2024-12-31 16:50:26,959 - INFO - num_workers:1
2024-12-31 16:50:26,959 - INFO - num_carts:1
2024-12-31 16:50:26,959 - INFO - 
2024-12-31 16:50:26,966 - INFO - 13
2024-12-31 16:50:26,966 - INFO - 13
2024-12-31 16:50:26,966 - INFO - ['bw 4 8  ', 'bw 6 8  ', 'm u_1 s ', 'm u_3 s ', 'dst \'["bw 4 8", "bw 6 8", "m u_1 s", "m u_3 s"]\'']
2024-12-31 16:50:26,967 - INFO - num_cities:2
2024-12-31 16:50:26,967 - INFO - num_workers:1
2024-12-31 16:50:26,967 - INFO - num_carts:1
2024-12-31 16:50:26,967 - INFO - 
2024-12-31 16:50:26,967 - INFO - 13
2024-12-31 16:50:26,967 - INFO - 13
2024-12-31 16:50:26,967 - INFO - ['bc 7 8', 'bc 5 8', 'm u_2 s ', 'm u_4 s ', 'dst \'["bc 7 8", "bc 5 8", "m u_2 s", "m u_4 s"]\'']
2024-12-31 16:50:26,967 - INFO - num_cities:2
2024-12-31 16:50:26,967 - INFO - num_workers:1
2024-12-31 16:50:26,967 - INFO - num_carts:1
2024-12-31 16:50:26,967 - INFO - 
2024-12-31 16:50:26,975 - INFO - 14
2024-12-31 16:50:26,976 - INFO - 14
2024-12-31 16:50:26,976 - INFO - ['bw 4 8  ', 'bw 6 8  ', 'dst \'["bw 4 8", "bw 6 8"]\'']
2024-12-31 16:50:26,976 - INFO - num_cities:2
2024-12-31 16:50:26,976 - INFO - num_workers:1
2024-12-31 16:50:26,976 - INFO - num_carts:1
2024-12-31 16:50:26,976 - INFO - 
2024-12-31 16:50:26,976 - INFO - 14
2024-12-31 16:50:26,977 - INFO - 14
2024-12-31 16:50:26,977 - INFO - ['bc 7 8', 'bc 5 8', 'dst \'["bc 7 8", "bc 5 8"]\'']
2024-12-31 16:50:26,977 - INFO - num_cities:2
2024-12-31 16:50:26,977 - INFO - num_workers:1
2024-12-31 16:50:26,977 - INFO - num_carts:1
2024-12-31 16:50:26,977 - INFO - 
2024-12-31 16:50:26,985 - INFO - 15
2024-12-31 16:50:26,985 - INFO - 15
2024-12-31 16:50:26,985 - INFO - ['bw 4 8  ', 'bw 6 8  ', 'm u_1 n ', 'm u_3 e ', 'dst \'["bw 4 8", "bw 6 8", "m u_1 n", "m u_3 e"]\'']
2024-12-31 16:50:26,985 - INFO - num_cities:2
2024-12-31 16:50:26,985 - INFO - num_workers:1
2024-12-31 16:50:26,986 - INFO - num_carts:1
2024-12-31 16:50:26,986 - INFO - 
2024-12-31 16:50:26,986 - INFO - 15
2024-12-31 16:50:26,986 - INFO - 15
2024-12-31 16:50:26,986 - INFO - ['bc 7 8', 'bc 5 8', 'm u_2 n ', 'm u_4 w ', 'dst \'["bc 7 8", "bc 5 8", "m u_2 n", "m u_4 w"]\'']
2024-12-31 16:50:26,987 - INFO - num_cities:2
2024-12-31 16:50:26,987 - INFO - num_workers:1
2024-12-31 16:50:26,987 - INFO - num_carts:1
2024-12-31 16:50:26,987 - INFO - 
2024-12-31 16:50:26,996 - INFO - 16
2024-12-31 16:50:26,996 - INFO - 16
2024-12-31 16:50:26,996 - INFO - ['bw 4 8  ', 'bw 6 8  ', 'm u_1 n ', 'm u_3 w ', 'dst \'["bw 4 8", "bw 6 8", "m u_1 n", "m u_3 w"]\'']
2024-12-31 16:50:26,996 - INFO - num_cities:2
2024-12-31 16:50:26,996 - INFO - num_workers:1
2024-12-31 16:50:26,996 - INFO - num_carts:1
2024-12-31 16:50:26,996 - INFO - 
2024-12-31 16:50:26,997 - INFO - 16
2024-12-31 16:50:26,997 - INFO - 16
2024-12-31 16:50:26,997 - INFO - ['bc 7 8', 'bc 5 8', 'm u_2 n ', 'm u_4 e ', 'dst \'["bc 7 8", "bc 5 8", "m u_2 n", "m u_4 e"]\'']
2024-12-31 16:50:26,997 - INFO - num_cities:2
2024-12-31 16:50:26,997 - INFO - num_workers:1
2024-12-31 16:50:26,997 - INFO - num_carts:1
2024-12-31 16:50:26,997 - INFO - 
2024-12-31 16:50:27,005 - INFO - 17
2024-12-31 16:50:27,005 - INFO - 17
2024-12-31 16:50:27,006 - INFO - ['bw 4 8  ', 'bw 6 8  ', 'dst \'["bw 4 8", "bw 6 8"]\'']
2024-12-31 16:50:27,006 - INFO - num_cities:2
2024-12-31 16:50:27,006 - INFO - num_workers:1
2024-12-31 16:50:27,006 - INFO - num_carts:1
2024-12-31 16:50:27,006 - INFO - 
2024-12-31 16:50:27,006 - INFO - 17
2024-12-31 16:50:27,006 - INFO - 17
2024-12-31 16:50:27,006 - INFO - ['bc 7 8', 'bc 5 8', 'dst \'["bc 7 8", "bc 5 8"]\'']
2024-12-31 16:50:27,006 - INFO - num_cities:2
2024-12-31 16:50:27,007 - INFO - num_workers:1
2024-12-31 16:50:27,007 - INFO - num_carts:1
2024-12-31 16:50:27,007 - INFO - 
2024-12-31 16:50:27,014 - INFO - 18
2024-12-31 16:50:27,014 - INFO - 18
2024-12-31 16:50:27,014 - INFO - ['bw 4 8  ', 'bw 6 8  ', 'm u_1 c ', 'm u_3 c ', 'dst \'["bw 4 8", "bw 6 8", "m u_1 c", "m u_3 c"]\'']
2024-12-31 16:50:27,014 - INFO - num_cities:2
2024-12-31 16:50:27,014 - INFO - num_workers:1
2024-12-31 16:50:27,014 - INFO - num_carts:1
2024-12-31 16:50:27,014 - INFO - 
2024-12-31 16:50:27,014 - INFO - 18
2024-12-31 16:50:27,015 - INFO - 18
2024-12-31 16:50:27,015 - INFO - ['bc 7 8', 'bc 5 8', 'm u_2 c ', 'm u_4 c ', 'dst \'["bc 7 8", "bc 5 8", "m u_2 c", "m u_4 c"]\'']
2024-12-31 16:50:27,015 - INFO - num_cities:2
2024-12-31 16:50:27,015 - INFO - num_workers:1
2024-12-31 16:50:27,015 - INFO - num_carts:1
2024-12-31 16:50:27,015 - INFO - 
2024-12-31 16:50:27,022 - INFO - 19
2024-12-31 16:50:27,022 - INFO - 19
2024-12-31 16:50:27,022 - INFO - ['bw 4 8  ', 'bw 6 8  ', 'm u_1 s ', 'm u_3 w ', 'dst \'["bw 4 8", "bw 6 8", "m u_1 s", "m u_3 w"]\'']
2024-12-31 16:50:27,022 - INFO - num_cities:2
2024-12-31 16:50:27,022 - INFO - num_workers:1
2024-12-31 16:50:27,024 - INFO - num_carts:1
2024-12-31 16:50:27,024 - INFO - 
2024-12-31 16:50:27,024 - INFO - 19
2024-12-31 16:50:27,024 - INFO - 19
2024-12-31 16:50:27,024 - INFO - ['bc 7 8', 'bc 5 8', 'm u_2 s ', 'm u_4 e ', 'dst \'["bc 7 8", "bc 5 8", "m u_2 s", "m u_4 e"]\'']
2024-12-31 16:50:27,024 - INFO - num_cities:2
2024-12-31 16:50:27,024 - INFO - num_workers:1
2024-12-31 16:50:27,024 - INFO - num_carts:1
2024-12-31 16:50:27,024 - INFO - 
2024-12-31 16:50:27,032 - INFO - 20
2024-12-31 16:50:27,032 - INFO - 20
2024-12-31 16:50:27,032 - INFO - ['bw 4 8  ', 'bw 6 8  ', 'dst \'["bw 4 8", "bw 6 8"]\'']
2024-12-31 16:50:27,032 - INFO - num_cities:2
2024-12-31 16:50:27,032 - INFO - num_workers:1
2024-12-31 16:50:27,032 - INFO - num_carts:1
2024-12-31 16:50:27,032 - INFO - 
2024-12-31 16:50:27,033 - INFO - 20
2024-12-31 16:50:27,033 - INFO - 20
2024-12-31 16:50:27,033 - INFO - ['bc 7 8', 'bc 5 8', 'dst \'["bc 7 8", "bc 5 8"]\'']
2024-12-31 16:50:27,033 - INFO - num_cities:2
2024-12-31 16:50:27,033 - INFO - num_workers:1
2024-12-31 16:50:27,033 - INFO - num_carts:1
2024-12-31 16:50:27,033 - INFO - 
2024-12-31 16:50:27,041 - INFO - 21
2024-12-31 16:50:27,042 - INFO - 21
2024-12-31 16:50:27,042 - INFO - ['bw 4 8  ', 'bw 6 8  ', 'm u_1 c ', 'm u_3 e ', 'dst \'["bw 4 8", "bw 6 8", "m u_1 c", "m u_3 e"]\'']
2024-12-31 16:50:27,043 - INFO - num_cities:2
2024-12-31 16:50:27,043 - INFO - num_workers:1
2024-12-31 16:50:27,043 - INFO - num_carts:1
2024-12-31 16:50:27,043 - INFO - 
2024-12-31 16:50:27,043 - INFO - 21
2024-12-31 16:50:27,044 - INFO - 21
2024-12-31 16:50:27,044 - INFO - ['bc 7 8', 'bc 5 8', 'm u_2 c ', 'm u_4 w ', 'dst \'["bc 7 8", "bc 5 8", "m u_2 c", "m u_4 w"]\'']
2024-12-31 16:50:27,044 - INFO - num_cities:2
2024-12-31 16:50:27,044 - INFO - num_workers:1
2024-12-31 16:50:27,044 - INFO - num_carts:1
2024-12-31 16:50:27,044 - INFO - 
2024-12-31 16:50:27,052 - INFO - 22
2024-12-31 16:50:27,053 - INFO - 22
2024-12-31 16:50:27,053 - INFO - ['bw 4 8  ', 'bw 6 8  ', 'm u_1 e ', 'm u_3 n ', 'dst \'["bw 4 8", "bw 6 8", "m u_1 e", "m u_3 n"]\'']
2024-12-31 16:50:27,053 - INFO - num_cities:2
2024-12-31 16:50:27,053 - INFO - num_workers:1
2024-12-31 16:50:27,053 - INFO - num_carts:1
2024-12-31 16:50:27,053 - INFO - 
2024-12-31 16:50:27,054 - INFO - 22
2024-12-31 16:50:27,054 - INFO - 22
2024-12-31 16:50:27,054 - INFO - ['bc 7 8', 'bc 5 8', 'm u_2 w ', 'm u_4 n ', 'dst \'["bc 7 8", "bc 5 8", "m u_2 w", "m u_4 n"]\'']
2024-12-31 16:50:27,054 - INFO - num_cities:2
2024-12-31 16:50:27,054 - INFO - num_workers:1
2024-12-31 16:50:27,054 - INFO - num_carts:1
2024-12-31 16:50:27,054 - INFO - 
2024-12-31 16:50:27,063 - INFO - 23
2024-12-31 16:50:27,063 - INFO - 23
2024-12-31 16:50:27,063 - INFO - ['bw 4 8  ', 'bw 6 8  ', 'dst \'["bw 4 8", "bw 6 8"]\'']
2024-12-31 16:50:27,063 - INFO - num_cities:2
2024-12-31 16:50:27,063 - INFO - num_workers:1
2024-12-31 16:50:27,063 - INFO - num_carts:1
2024-12-31 16:50:27,063 - INFO - 
2024-12-31 16:50:27,064 - INFO - 23
2024-12-31 16:50:27,064 - INFO - 23
2024-12-31 16:50:27,064 - INFO - ['bc 7 8', 'bc 5 8', 'dst \'["bc 7 8", "bc 5 8"]\'']
2024-12-31 16:50:27,064 - INFO - num_cities:2
2024-12-31 16:50:27,064 - INFO - num_workers:1
2024-12-31 16:50:27,064 - INFO - num_carts:1
2024-12-31 16:50:27,064 - INFO - 
2024-12-31 16:50:27,072 - INFO - 24
2024-12-31 16:50:27,072 - INFO - 24
2024-12-31 16:50:27,072 - INFO - ['bw 4 8  ', 'bw 6 8  ', 'm u_1 n ', 'm u_3 s ', 'dst \'["bw 4 8", "bw 6 8", "m u_1 n", "m u_3 s"]\'']
2024-12-31 16:50:27,072 - INFO - num_cities:2
2024-12-31 16:50:27,072 - INFO - num_workers:1
2024-12-31 16:50:27,072 - INFO - num_carts:1
2024-12-31 16:50:27,073 - INFO - 
2024-12-31 16:50:27,073 - INFO - 24
2024-12-31 16:50:27,073 - INFO - 24
2024-12-31 16:50:27,073 - INFO - ['bc 7 8', 'bc 5 8', 'm u_2 n ', 'm u_4 s ', 'dst \'["bc 7 8", "bc 5 8", "m u_2 n", "m u_4 s"]\'']
2024-12-31 16:50:27,073 - INFO - num_cities:2
2024-12-31 16:50:27,073 - INFO - num_workers:1
2024-12-31 16:50:27,073 - INFO - num_carts:1
2024-12-31 16:50:27,073 - INFO - 
2024-12-31 16:50:27,082 - INFO - 25
2024-12-31 16:50:27,082 - INFO - 25
2024-12-31 16:50:27,082 - INFO - ['bw 4 8  ', 'bw 6 8  ', 'm u_1 e ', 'm u_3 s ', 'dst \'["bw 4 8", "bw 6 8", "m u_1 e", "m u_3 s"]\'']
2024-12-31 16:50:27,082 - INFO - num_cities:2
2024-12-31 16:50:27,082 - INFO - num_workers:1
2024-12-31 16:50:27,082 - INFO - num_carts:1
2024-12-31 16:50:27,082 - INFO - 
2024-12-31 16:50:27,082 - INFO - 25
2024-12-31 16:50:27,083 - INFO - 25
2024-12-31 16:50:27,083 - INFO - ['bc 7 8', 'bc 5 8', 'm u_2 w ', 'm u_4 s ', 'dst \'["bc 7 8", "bc 5 8", "m u_2 w", "m u_4 s"]\'']
2024-12-31 16:50:27,083 - INFO - num_cities:2
2024-12-31 16:50:27,083 - INFO - num_workers:1
2024-12-31 16:50:27,083 - INFO - num_carts:1
2024-12-31 16:50:27,083 - INFO - 
2024-12-31 16:50:27,091 - INFO - 26
2024-12-31 16:50:27,091 - INFO - 26
2024-12-31 16:50:27,092 - INFO - ['bw 4 8  ', 'bw 6 8  ', 'm u_1 w ', 'dst \'["bw 4 8", "bw 6 8", "m u_1 w"]\'']
2024-12-31 16:50:27,092 - INFO - num_cities:2
2024-12-31 16:50:27,092 - INFO - num_workers:1
2024-12-31 16:50:27,092 - INFO - num_carts:1
2024-12-31 16:50:27,092 - INFO - 
2024-12-31 16:50:27,092 - INFO - 26
2024-12-31 16:50:27,092 - INFO - 26
2024-12-31 16:50:27,093 - INFO - ['bc 7 8', 'bc 5 8', 'm u_2 e ', 'dst \'["bc 7 8", "bc 5 8", "m u_2 e"]\'']
2024-12-31 16:50:27,093 - INFO - num_cities:2
2024-12-31 16:50:27,093 - INFO - num_workers:1
2024-12-31 16:50:27,093 - INFO - num_carts:1
2024-12-31 16:50:27,093 - INFO - 
2024-12-31 16:50:27,100 - INFO - 27
2024-12-31 16:50:27,101 - INFO - 27
2024-12-31 16:50:27,101 - INFO - ['bw 4 8  ', 'bw 6 8  ', 'm u_1 c ', 'm u_3 c ', 'dst \'["bw 4 8", "bw 6 8", "m u_1 c", "m u_3 c"]\'']
2024-12-31 16:50:27,101 - INFO - num_cities:2
2024-12-31 16:50:27,101 - INFO - num_workers:1
2024-12-31 16:50:27,101 - INFO - num_carts:1
2024-12-31 16:50:27,101 - INFO - 
2024-12-31 16:50:27,102 - INFO - 27
2024-12-31 16:50:27,102 - INFO - 27
2024-12-31 16:50:27,102 - INFO - ['bc 7 8', 'bc 5 8', 'm u_2 c ', 'm u_4 c ', 'dst \'["bc 7 8", "bc 5 8", "m u_2 c", "m u_4 c"]\'']
2024-12-31 16:50:27,102 - INFO - num_cities:2
2024-12-31 16:50:27,102 - INFO - num_workers:1
2024-12-31 16:50:27,102 - INFO - num_carts:1
2024-12-31 16:50:27,102 - INFO - 
2024-12-31 16:50:27,111 - INFO - 28
2024-12-31 16:50:27,111 - INFO - 28
2024-12-31 16:50:27,111 - INFO - ['bw 4 8  ', 'bw 6 8  ', 'm u_1 c ', 'm u_3 n ', 'dst \'["bw 4 8", "bw 6 8", "m u_1 c", "m u_3 n"]\'']
2024-12-31 16:50:27,111 - INFO - num_cities:2
2024-12-31 16:50:27,112 - INFO - num_workers:1
2024-12-31 16:50:27,112 - INFO - num_carts:1
2024-12-31 16:50:27,112 - INFO - 
2024-12-31 16:50:27,112 - INFO - 28
2024-12-31 16:50:27,112 - INFO - 28
2024-12-31 16:50:27,112 - INFO - ['bc 7 8', 'bc 5 8', 'm u_2 c ', 'm u_4 n ', 'dst \'["bc 7 8", "bc 5 8", "m u_2 c", "m u_4 n"]\'']
2024-12-31 16:50:27,112 - INFO - num_cities:2
2024-12-31 16:50:27,112 - INFO - num_workers:1
2024-12-31 16:50:27,112 - INFO - num_carts:1
2024-12-31 16:50:27,113 - INFO - 
2024-12-31 16:50:27,123 - INFO - 29
2024-12-31 16:50:27,123 - INFO - 29
2024-12-31 16:50:27,123 - INFO - ['bw 4 8  ', 'bw 6 8  ', 'm u_1 n ', 'm u_3 c ', 'dst \'["bw 4 8", "bw 6 8", "m u_1 n", "m u_3 c"]\'']
2024-12-31 16:50:27,123 - INFO - num_cities:2
2024-12-31 16:50:27,123 - INFO - num_workers:1
2024-12-31 16:50:27,123 - INFO - num_carts:1
2024-12-31 16:50:27,123 - INFO - 
2024-12-31 16:50:27,124 - INFO - 29
2024-12-31 16:50:27,124 - INFO - 29
2024-12-31 16:50:27,124 - INFO - ['bc 7 8', 'bc 5 8', 'm u_2 n ', 'm u_4 c ', 'dst \'["bc 7 8", "bc 5 8", "m u_2 n", "m u_4 c"]\'']
2024-12-31 16:50:27,125 - INFO - num_cities:2
2024-12-31 16:50:27,125 - INFO - num_workers:1
2024-12-31 16:50:27,125 - INFO - num_carts:1
2024-12-31 16:50:27,125 - INFO - 
2024-12-31 16:50:27,133 - INFO - 30
2024-12-31 16:50:27,133 - INFO - 30
2024-12-31 16:50:27,133 - INFO - ['bw 4 8  ', 'bw 6 8  ', 'm u_1 s ', 'm u_3 w ', 'dst \'["bw 4 8", "bw 6 8", "m u_1 s", "m u_3 w"]\'']
2024-12-31 16:50:27,134 - INFO - num_cities:2
2024-12-31 16:50:27,134 - INFO - num_workers:1
2024-12-31 16:50:27,134 - INFO - num_carts:1
2024-12-31 16:50:27,134 - INFO - 
2024-12-31 16:50:27,134 - INFO - 30
2024-12-31 16:50:27,134 - INFO - 30
2024-12-31 16:50:27,134 - INFO - ['bc 7 8', 'bc 5 8', 'm u_2 s ', 'm u_4 e ', 'dst \'["bc 7 8", "bc 5 8", "m u_2 s", "m u_4 e"]\'']
2024-12-31 16:50:27,135 - INFO - num_cities:2
2024-12-31 16:50:27,135 - INFO - num_workers:1
2024-12-31 16:50:27,135 - INFO - num_carts:1
2024-12-31 16:50:27,135 - INFO - 
2024-12-31 16:50:27,143 - INFO - 31
2024-12-31 16:50:27,143 - INFO - 31
2024-12-31 16:50:27,143 - INFO - ['bw 4 8  ', 'bw 6 8  ', 'm u_3 s ', 'dst \'["bw 4 8", "bw 6 8", "m u_3 s"]\'']
2024-12-31 16:50:27,143 - INFO - num_cities:2
2024-12-31 16:50:27,143 - INFO - num_workers:1
2024-12-31 16:50:27,143 - INFO - num_carts:1
2024-12-31 16:50:27,143 - INFO - 
2024-12-31 16:50:27,144 - INFO - 31
2024-12-31 16:50:27,144 - INFO - 31
2024-12-31 16:50:27,144 - INFO - ['bc 7 8', 'bc 5 8', 'm u_4 s ', 'dst \'["bc 7 8", "bc 5 8", "m u_4 s"]\'']
2024-12-31 16:50:27,144 - INFO - num_cities:2
2024-12-31 16:50:27,145 - INFO - num_workers:1
2024-12-31 16:50:27,145 - INFO - num_carts:1
2024-12-31 16:50:27,145 - INFO - 
2024-12-31 16:50:27,153 - INFO - 32
2024-12-31 16:50:27,153 - INFO - 32
2024-12-31 16:50:27,153 - INFO - ['bw 6 8  ', 'dst \'["bw 6 8"]\'']
2024-12-31 16:50:27,153 - INFO - num_cities:1
2024-12-31 16:50:27,153 - INFO - num_workers:0
2024-12-31 16:50:27,153 - INFO - num_carts:0
2024-12-31 16:50:27,153 - INFO - 
2024-12-31 16:50:27,154 - INFO - 32
2024-12-31 16:50:27,154 - INFO - 32
2024-12-31 16:50:27,154 - INFO - ['bc 5 8', 'dst \'["bc 5 8"]\'']
2024-12-31 16:50:27,154 - INFO - num_cities:1
2024-12-31 16:50:27,154 - INFO - num_workers:0
2024-12-31 16:50:27,154 - INFO - num_carts:0
2024-12-31 16:50:27,154 - INFO - 
2024-12-31 16:50:27,161 - INFO - 33
2024-12-31 16:50:27,161 - INFO - 33
2024-12-31 16:50:27,161 - INFO - ['bw 6 8  ', 'm u_5 s ', 'dst \'["bw 6 8", "m u_5 s"]\'']
2024-12-31 16:50:27,161 - INFO - num_cities:1
2024-12-31 16:50:27,161 - INFO - num_workers:1
2024-12-31 16:50:27,161 - INFO - num_carts:0
2024-12-31 16:50:27,161 - INFO - 
2024-12-31 16:50:27,162 - INFO - 33
2024-12-31 16:50:27,162 - INFO - 33
2024-12-31 16:50:27,163 - INFO - ['bc 5 8', 'm u_6 s ', 'dst \'["bc 5 8", "m u_6 s"]\'']
2024-12-31 16:50:27,163 - INFO - num_cities:1
2024-12-31 16:50:27,163 - INFO - num_workers:0
2024-12-31 16:50:27,163 - INFO - num_carts:1
2024-12-31 16:50:27,163 - INFO - 
2024-12-31 16:50:27,170 - INFO - 34
2024-12-31 16:50:27,170 - INFO - 34
2024-12-31 16:50:27,170 - INFO - ['bw 6 8  ', 'dst \'["bw 6 8"]\'']
2024-12-31 16:50:27,170 - INFO - num_cities:1
2024-12-31 16:50:27,170 - INFO - num_workers:0
2024-12-31 16:50:27,170 - INFO - num_carts:0
2024-12-31 16:50:27,170 - INFO - 
2024-12-31 16:50:27,171 - INFO - 34
2024-12-31 16:50:27,171 - INFO - 34
2024-12-31 16:50:27,171 - INFO - ['bc 5 8', 'dst \'["bc 5 8"]\'']
2024-12-31 16:50:27,171 - INFO - num_cities:1
2024-12-31 16:50:27,171 - INFO - num_workers:0
2024-12-31 16:50:27,171 - INFO - num_carts:0
2024-12-31 16:50:27,171 - INFO - 
2024-12-31 16:50:27,178 - INFO - 35
2024-12-31 16:50:27,178 - INFO - 35
2024-12-31 16:50:27,178 - INFO - ['bw 6 8  ', 'dst \'["bw 6 8"]\'']
2024-12-31 16:50:27,178 - INFO - num_cities:1
2024-12-31 16:50:27,178 - INFO - num_workers:0
2024-12-31 16:50:27,178 - INFO - num_carts:0
2024-12-31 16:50:27,178 - INFO - 
2024-12-31 16:50:27,178 - INFO - 35
2024-12-31 16:50:27,178 - INFO - 35
2024-12-31 16:50:27,179 - INFO - ['bc 5 8', 'dst \'["bc 5 8"]\'']
2024-12-31 16:50:27,179 - INFO - num_cities:1
2024-12-31 16:50:27,179 - INFO - num_workers:0
2024-12-31 16:50:27,179 - INFO - num_carts:0
2024-12-31 16:50:27,179 - INFO - 
