2024-12-31 16:35:20,310 - INFO - 1
2024-12-31 16:35:20,310 - INFO - 1
2024-12-31 16:35:20,310 - INFO - ['bc 4 8', 'bc 4 8', 'm u_1 c ', 'dst \'["bc 4 8", "bc 4 8", "m u_1 c"]\'']
2024-12-31 16:35:20,310 - INFO - num_cities:1
2024-12-31 16:35:20,310 - INFO - num_workers:1
2024-12-31 16:35:20,310 - INFO - num_carts:0
2024-12-31 16:35:20,310 - INFO - 
2024-12-31 16:35:20,313 - INFO - 1
2024-12-31 16:35:20,314 - INFO - 1
2024-12-31 16:35:20,314 - INFO - ['bc 7 8', 'bc 7 8', 'm u_2 c ', 'dst \'["bc 7 8", "bc 7 8", "m u_2 c"]\'']
2024-12-31 16:35:20,314 - INFO - num_cities:1
2024-12-31 16:35:20,314 - INFO - num_workers:1
2024-12-31 16:35:20,314 - INFO - num_carts:0
2024-12-31 16:35:20,314 - INFO - 
2024-12-31 16:35:20,326 - INFO - 2
2024-12-31 16:35:20,326 - INFO - 2
2024-12-31 16:35:20,327 - INFO - ['bc 4 8', 'bc 4 8', 'm u_1 e ', 'dst \'["bc 4 8", "bc 4 8", "m u_1 e"]\'']
2024-12-31 16:35:20,327 - INFO - num_cities:1
2024-12-31 16:35:20,327 - INFO - num_workers:1
2024-12-31 16:35:20,327 - INFO - num_carts:0
2024-12-31 16:35:20,327 - INFO - 
2024-12-31 16:35:20,327 - INFO - 2
2024-12-31 16:35:20,328 - INFO - 2
2024-12-31 16:35:20,328 - INFO - ['bc 7 8', 'bc 7 8', 'm u_2 w ', 'dst \'["bc 7 8", "bc 7 8", "m u_2 w"]\'']
2024-12-31 16:35:20,328 - INFO - num_cities:1
2024-12-31 16:35:20,328 - INFO - num_workers:1
2024-12-31 16:35:20,328 - INFO - num_carts:0
2024-12-31 16:35:20,328 - INFO - 
2024-12-31 16:35:20,336 - INFO - 3
2024-12-31 16:35:20,336 - INFO - 3
2024-12-31 16:35:20,336 - INFO - ['bc 4 8', 'bc 4 8', 'dst \'["bc 4 8", "bc 4 8"]\'']
2024-12-31 16:35:20,336 - INFO - num_cities:1
2024-12-31 16:35:20,336 - INFO - num_workers:1
2024-12-31 16:35:20,337 - INFO - num_carts:0
2024-12-31 16:35:20,337 - INFO - 
2024-12-31 16:35:20,337 - INFO - 3
2024-12-31 16:35:20,338 - INFO - 3
2024-12-31 16:35:20,338 - INFO - ['bc 7 8', 'bc 7 8', 'dst \'["bc 7 8", "bc 7 8"]\'']
2024-12-31 16:35:20,338 - INFO - num_cities:1
2024-12-31 16:35:20,338 - INFO - num_workers:1
2024-12-31 16:35:20,338 - INFO - num_carts:0
2024-12-31 16:35:20,338 - INFO - 
2024-12-31 16:35:20,353 - INFO - 4
2024-12-31 16:35:20,353 - INFO - 4
2024-12-31 16:35:20,353 - INFO - ['bc 4 8', 'bc 4 8', 'm u_1 w ', 'dst \'["bc 4 8", "bc 4 8", "m u_1 w"]\'']
2024-12-31 16:35:20,353 - INFO - num_cities:1
2024-12-31 16:35:20,353 - INFO - num_workers:1
2024-12-31 16:35:20,353 - INFO - num_carts:0
2024-12-31 16:35:20,353 - INFO - 
2024-12-31 16:35:20,354 - INFO - 4
2024-12-31 16:35:20,354 - INFO - 4
2024-12-31 16:35:20,354 - INFO - ['bc 7 8', 'bc 7 8', 'm u_2 e ', 'dst \'["bc 7 8", "bc 7 8", "m u_2 e"]\'']
2024-12-31 16:35:20,354 - INFO - num_cities:1
2024-12-31 16:35:20,354 - INFO - num_workers:1
2024-12-31 16:35:20,354 - INFO - num_carts:0
2024-12-31 16:35:20,354 - INFO - 
2024-12-31 16:35:20,362 - INFO - 5
2024-12-31 16:35:20,362 - INFO - 5
2024-12-31 16:35:20,362 - INFO - ['bc 4 8', 'bc 4 8', 'm u_1 n ', 'dst \'["bc 4 8", "bc 4 8", "m u_1 n"]\'']
2024-12-31 16:35:20,362 - INFO - num_cities:1
2024-12-31 16:35:20,362 - INFO - num_workers:1
2024-12-31 16:35:20,362 - INFO - num_carts:0
2024-12-31 16:35:20,362 - INFO - 
2024-12-31 16:35:20,363 - INFO - 5
2024-12-31 16:35:20,363 - INFO - 5
2024-12-31 16:35:20,363 - INFO - ['bc 7 8', 'bc 7 8', 'm u_2 n ', 'dst \'["bc 7 8", "bc 7 8", "m u_2 n"]\'']
2024-12-31 16:35:20,364 - INFO - num_cities:1
2024-12-31 16:35:20,364 - INFO - num_workers:1
2024-12-31 16:35:20,364 - INFO - num_carts:0
2024-12-31 16:35:20,364 - INFO - 
2024-12-31 16:35:20,372 - INFO - 6
2024-12-31 16:35:20,372 - INFO - 6
2024-12-31 16:35:20,372 - INFO - ['bc 4 8', 'bc 4 8', 'dst \'["bc 4 8", "bc 4 8"]\'']
2024-12-31 16:35:20,372 - INFO - num_cities:1
2024-12-31 16:35:20,372 - INFO - num_workers:1
2024-12-31 16:35:20,372 - INFO - num_carts:0
2024-12-31 16:35:20,373 - INFO - 
2024-12-31 16:35:20,373 - INFO - 6
2024-12-31 16:35:20,373 - INFO - 6
2024-12-31 16:35:20,373 - INFO - ['bc 7 8', 'bc 7 8', 'dst \'["bc 7 8", "bc 7 8"]\'']
2024-12-31 16:35:20,373 - INFO - num_cities:1
2024-12-31 16:35:20,373 - INFO - num_workers:1
2024-12-31 16:35:20,373 - INFO - num_carts:0
2024-12-31 16:35:20,373 - INFO - 
2024-12-31 16:35:20,381 - INFO - 7
2024-12-31 16:35:20,381 - INFO - 7
2024-12-31 16:35:20,381 - INFO - ['bc 4 8', 'bc 4 8', 'm u_1 c ', 'dst \'["bc 4 8", "bc 4 8", "m u_1 c"]\'']
2024-12-31 16:35:20,381 - INFO - num_cities:1
2024-12-31 16:35:20,382 - INFO - num_workers:1
2024-12-31 16:35:20,382 - INFO - num_carts:0
2024-12-31 16:35:20,382 - INFO - 
2024-12-31 16:35:20,382 - INFO - 7
2024-12-31 16:35:20,382 - INFO - 7
2024-12-31 16:35:20,382 - INFO - ['bc 7 8', 'bc 7 8', 'm u_2 c ', 'dst \'["bc 7 8", "bc 7 8", "m u_2 c"]\'']
2024-12-31 16:35:20,382 - INFO - num_cities:1
2024-12-31 16:35:20,383 - INFO - num_workers:1
2024-12-31 16:35:20,383 - INFO - num_carts:0
2024-12-31 16:35:20,383 - INFO - 
2024-12-31 16:35:20,391 - INFO - 8
2024-12-31 16:35:20,391 - INFO - 8
2024-12-31 16:35:20,391 - INFO - ['bc 4 8', 'bc 4 8', 'm u_1 c ', 'dst \'["bc 4 8", "bc 4 8", "m u_1 c"]\'']
2024-12-31 16:35:20,391 - INFO - num_cities:1
2024-12-31 16:35:20,391 - INFO - num_workers:1
2024-12-31 16:35:20,391 - INFO - num_carts:0
2024-12-31 16:35:20,391 - INFO - 
2024-12-31 16:35:20,392 - INFO - 8
2024-12-31 16:35:20,392 - INFO - 8
2024-12-31 16:35:20,392 - INFO - ['bc 7 8', 'bc 7 8', 'm u_2 c ', 'dst \'["bc 7 8", "bc 7 8", "m u_2 c"]\'']
2024-12-31 16:35:20,392 - INFO - num_cities:1
2024-12-31 16:35:20,392 - INFO - num_workers:1
2024-12-31 16:35:20,392 - INFO - num_carts:0
2024-12-31 16:35:20,392 - INFO - 
2024-12-31 16:35:20,401 - INFO - 9
2024-12-31 16:35:20,401 - INFO - 9
2024-12-31 16:35:20,401 - INFO - ['bc 4 8', 'bc 4 8', 'm u_1 w ', 'dst \'["bc 4 8", "bc 4 8", "m u_1 w"]\'']
2024-12-31 16:35:20,401 - INFO - num_cities:1
2024-12-31 16:35:20,401 - INFO - num_workers:1
2024-12-31 16:35:20,401 - INFO - num_carts:0
2024-12-31 16:35:20,401 - INFO - 
2024-12-31 16:35:20,401 - INFO - 9
2024-12-31 16:35:20,402 - INFO - 9
2024-12-31 16:35:20,402 - INFO - ['bc 7 8', 'bc 7 8', 'm u_2 e ', 'dst \'["bc 7 8", "bc 7 8", "m u_2 e"]\'']
2024-12-31 16:35:20,402 - INFO - num_cities:1
2024-12-31 16:35:20,402 - INFO - num_workers:1
2024-12-31 16:35:20,402 - INFO - num_carts:0
2024-12-31 16:35:20,402 - INFO - 
2024-12-31 16:35:20,409 - INFO - 10
2024-12-31 16:35:20,409 - INFO - 10
2024-12-31 16:35:20,409 - INFO - ['bc 4 8', 'bc 4 8', 'dst \'["bc 4 8", "bc 4 8"]\'']
2024-12-31 16:35:20,409 - INFO - num_cities:1
2024-12-31 16:35:20,409 - INFO - num_workers:1
2024-12-31 16:35:20,409 - INFO - num_carts:0
2024-12-31 16:35:20,409 - INFO - 
2024-12-31 16:35:20,410 - INFO - 10
2024-12-31 16:35:20,410 - INFO - 10
2024-12-31 16:35:20,410 - INFO - ['bc 7 8', 'bc 7 8', 'dst \'["bc 7 8", "bc 7 8"]\'']
2024-12-31 16:35:20,410 - INFO - num_cities:1
2024-12-31 16:35:20,410 - INFO - num_workers:1
2024-12-31 16:35:20,410 - INFO - num_carts:0
2024-12-31 16:35:20,410 - INFO - 
2024-12-31 16:35:20,417 - INFO - 11
2024-12-31 16:35:20,417 - INFO - 11
2024-12-31 16:35:20,418 - INFO - ['bc 4 8', 'bc 4 8', 'm u_1 s ', 'dst \'["bc 4 8", "bc 4 8", "m u_1 s"]\'']
2024-12-31 16:35:20,418 - INFO - num_cities:1
2024-12-31 16:35:20,418 - INFO - num_workers:1
2024-12-31 16:35:20,418 - INFO - num_carts:0
2024-12-31 16:35:20,418 - INFO - 
2024-12-31 16:35:20,418 - INFO - 11
2024-12-31 16:35:20,418 - INFO - 11
2024-12-31 16:35:20,418 - INFO - ['bc 7 8', 'bc 7 8', 'm u_2 s ', 'dst \'["bc 7 8", "bc 7 8", "m u_2 s"]\'']
2024-12-31 16:35:20,419 - INFO - num_cities:1
2024-12-31 16:35:20,419 - INFO - num_workers:1
2024-12-31 16:35:20,419 - INFO - num_carts:0
2024-12-31 16:35:20,419 - INFO - 
2024-12-31 16:35:20,426 - INFO - 12
2024-12-31 16:35:20,426 - INFO - 12
2024-12-31 16:35:20,426 - INFO - ['bc 4 8', 'bc 4 8', 'dst \'["bc 4 8", "bc 4 8"]\'']
2024-12-31 16:35:20,427 - INFO - num_cities:1
2024-12-31 16:35:20,427 - INFO - num_workers:1
2024-12-31 16:35:20,427 - INFO - num_carts:0
2024-12-31 16:35:20,427 - INFO - 
2024-12-31 16:35:20,427 - INFO - 12
2024-12-31 16:35:20,427 - INFO - 12
2024-12-31 16:35:20,427 - INFO - ['bc 7 8', 'bc 7 8', 'dst \'["bc 7 8", "bc 7 8"]\'']
2024-12-31 16:35:20,427 - INFO - num_cities:1
2024-12-31 16:35:20,427 - INFO - num_workers:1
2024-12-31 16:35:20,427 - INFO - num_carts:0
2024-12-31 16:35:20,428 - INFO - 
2024-12-31 16:35:20,435 - INFO - 13
2024-12-31 16:35:20,435 - INFO - 13
2024-12-31 16:35:20,435 - INFO - ['bc 4 8', 'bc 4 8', 'bcity u_1', 'dst \'["bc 4 8", "bc 4 8", "bcity u_1"]\'']
2024-12-31 16:35:20,435 - INFO - num_cities:1
2024-12-31 16:35:20,435 - INFO - num_workers:1
2024-12-31 16:35:20,435 - INFO - num_carts:0
2024-12-31 16:35:20,436 - INFO - 
2024-12-31 16:35:20,436 - INFO - 13
2024-12-31 16:35:20,436 - INFO - 13
2024-12-31 16:35:20,436 - INFO - ['bc 7 8', 'bc 7 8', 'bcity u_2', 'dst \'["bc 7 8", "bc 7 8", "bcity u_2"]\'']
2024-12-31 16:35:20,436 - INFO - num_cities:1
2024-12-31 16:35:20,436 - INFO - num_workers:1
2024-12-31 16:35:20,436 - INFO - num_carts:0
2024-12-31 16:35:20,436 - INFO - 
2024-12-31 16:35:20,444 - INFO - 14
2024-12-31 16:35:20,444 - INFO - 14
2024-12-31 16:35:20,444 - INFO - ['bc 4 8', 'bc 3 8', 'bc 3 8', 'bc 4 8', 'm u_1 n ', 'dst \'["bc 4 8", "bc 3 8", "bc 3 8", "bc 4 8", "m u_1 n"]\'']
2024-12-31 16:35:20,444 - INFO - num_cities:1
2024-12-31 16:35:20,444 - INFO - num_workers:1
2024-12-31 16:35:20,445 - INFO - num_carts:0
2024-12-31 16:35:20,445 - INFO - 
2024-12-31 16:35:20,445 - INFO - 14
2024-12-31 16:35:20,445 - INFO - 14
2024-12-31 16:35:20,445 - INFO - ['bc 7 8', 'bc 8 8', 'bc 8 8', 'bc 7 8', 'm u_2 n ', 'dst \'["bc 7 8", "bc 8 8", "bc 8 8", "bc 7 8", "m u_2 n"]\'']
2024-12-31 16:35:20,445 - INFO - num_cities:1
2024-12-31 16:35:20,445 - INFO - num_workers:1
2024-12-31 16:35:20,445 - INFO - num_carts:0
2024-12-31 16:35:20,445 - INFO - 
2024-12-31 16:35:20,454 - INFO - 15
2024-12-31 16:35:20,454 - INFO - 15
2024-12-31 16:35:20,454 - INFO - ['bw 3 8  ', 'bc 3 8', 'bc 4 8', 'm u_3 e ', 'dst \'["bw 3 8", "bc 3 8", "bc 4 8", "m u_3 e"]\'']
2024-12-31 16:35:20,455 - INFO - num_cities:1
2024-12-31 16:35:20,455 - INFO - num_workers:1
2024-12-31 16:35:20,455 - INFO - num_carts:1
2024-12-31 16:35:20,455 - INFO - 
2024-12-31 16:35:20,455 - INFO - 15
2024-12-31 16:35:20,455 - INFO - 15
2024-12-31 16:35:20,455 - INFO - ['bw 8 8  ', 'bc 8 8', 'bc 7 8', 'm u_4 w ', 'dst \'["bw 8 8", "bc 8 8", "bc 7 8", "m u_4 w"]\'']
2024-12-31 16:35:20,456 - INFO - num_cities:1
2024-12-31 16:35:20,456 - INFO - num_workers:1
2024-12-31 16:35:20,456 - INFO - num_carts:1
2024-12-31 16:35:20,456 - INFO - 
2024-12-31 16:35:20,465 - INFO - 16
2024-12-31 16:35:20,465 - INFO - 16
2024-12-31 16:35:20,465 - INFO - ['bw 3 8  ', 'bc 3 8', 'bc 4 8', 'm u_1 e ', 'dst \'["bw 3 8", "bc 3 8", "bc 4 8", "m u_1 e"]\'']
2024-12-31 16:35:20,465 - INFO - num_cities:1
2024-12-31 16:35:20,465 - INFO - num_workers:1
2024-12-31 16:35:20,465 - INFO - num_carts:1
2024-12-31 16:35:20,466 - INFO - 
2024-12-31 16:35:20,466 - INFO - 16
2024-12-31 16:35:20,466 - INFO - 16
2024-12-31 16:35:20,467 - INFO - ['bw 8 8  ', 'bc 8 8', 'bc 7 8', 'm u_2 w ', 'dst \'["bw 8 8", "bc 8 8", "bc 7 8", "m u_2 w"]\'']
2024-12-31 16:35:20,467 - INFO - num_cities:1
2024-12-31 16:35:20,467 - INFO - num_workers:1
2024-12-31 16:35:20,467 - INFO - num_carts:1
2024-12-31 16:35:20,467 - INFO - 
2024-12-31 16:35:20,474 - INFO - 17
2024-12-31 16:35:20,474 - INFO - 17
2024-12-31 16:35:20,475 - INFO - ['bw 3 8  ', 'bc 3 8', 'bc 4 8', 'm u_3 c ', 'dst \'["bw 3 8", "bc 3 8", "bc 4 8", "m u_3 c"]\'']
2024-12-31 16:35:20,475 - INFO - num_cities:1
2024-12-31 16:35:20,475 - INFO - num_workers:1
2024-12-31 16:35:20,475 - INFO - num_carts:1
2024-12-31 16:35:20,475 - INFO - 
2024-12-31 16:35:20,475 - INFO - 17
2024-12-31 16:35:20,475 - INFO - 17
2024-12-31 16:35:20,475 - INFO - ['bw 8 8  ', 'bc 8 8', 'bc 7 8', 'm u_4 c ', 'dst \'["bw 8 8", "bc 8 8", "bc 7 8", "m u_4 c"]\'']
2024-12-31 16:35:20,475 - INFO - num_cities:1
2024-12-31 16:35:20,476 - INFO - num_workers:1
2024-12-31 16:35:20,476 - INFO - num_carts:1
2024-12-31 16:35:20,476 - INFO - 
2024-12-31 16:35:20,483 - INFO - 18
2024-12-31 16:35:20,484 - INFO - 18
2024-12-31 16:35:20,484 - INFO - ['bw 3 8  ', 'bc 3 8', 'bc 4 8', 'm u_1 n ', 'm u_3 e ', 'dst \'["bw 3 8", "bc 3 8", "bc 4 8", "m u_1 n", "m u_3 e"]\'']
2024-12-31 16:35:20,484 - INFO - num_cities:1
2024-12-31 16:35:20,484 - INFO - num_workers:1
2024-12-31 16:35:20,484 - INFO - num_carts:1
2024-12-31 16:35:20,484 - INFO - 
2024-12-31 16:35:20,484 - INFO - 18
2024-12-31 16:35:20,484 - INFO - 18
2024-12-31 16:35:20,485 - INFO - ['bw 8 8  ', 'bc 8 8', 'bc 7 8', 'm u_2 n ', 'm u_4 w ', 'dst \'["bw 8 8", "bc 8 8", "bc 7 8", "m u_2 n", "m u_4 w"]\'']
2024-12-31 16:35:20,485 - INFO - num_cities:1
2024-12-31 16:35:20,485 - INFO - num_workers:1
2024-12-31 16:35:20,485 - INFO - num_carts:1
2024-12-31 16:35:20,485 - INFO - 
2024-12-31 16:35:20,493 - INFO - 19
2024-12-31 16:35:20,493 - INFO - 19
2024-12-31 16:35:20,493 - INFO - ['bw 3 8  ', 'bc 3 8', 'bc 4 8', 'm u_3 n ', 'dst \'["bw 3 8", "bc 3 8", "bc 4 8", "m u_3 n"]\'']
2024-12-31 16:35:20,493 - INFO - num_cities:1
2024-12-31 16:35:20,493 - INFO - num_workers:1
2024-12-31 16:35:20,493 - INFO - num_carts:1
2024-12-31 16:35:20,494 - INFO - 
2024-12-31 16:35:20,494 - INFO - 19
2024-12-31 16:35:20,494 - INFO - 19
2024-12-31 16:35:20,494 - INFO - ['bw 8 8  ', 'bc 8 8', 'bc 7 8', 'm u_4 n ', 'dst \'["bw 8 8", "bc 8 8", "bc 7 8", "m u_4 n"]\'']
2024-12-31 16:35:20,494 - INFO - num_cities:1
2024-12-31 16:35:20,494 - INFO - num_workers:1
2024-12-31 16:35:20,494 - INFO - num_carts:1
2024-12-31 16:35:20,494 - INFO - 
2024-12-31 16:35:20,502 - INFO - 20
2024-12-31 16:35:20,502 - INFO - 20
2024-12-31 16:35:20,502 - INFO - ['bw 3 8  ', 'bc 3 8', 'bc 4 8', 'm u_1 e ', 'dst \'["bw 3 8", "bc 3 8", "bc 4 8", "m u_1 e"]\'']
2024-12-31 16:35:20,503 - INFO - num_cities:1
2024-12-31 16:35:20,503 - INFO - num_workers:1
2024-12-31 16:35:20,503 - INFO - num_carts:1
2024-12-31 16:35:20,503 - INFO - 
2024-12-31 16:35:20,503 - INFO - 20
2024-12-31 16:35:20,503 - INFO - 20
2024-12-31 16:35:20,503 - INFO - ['bw 8 8  ', 'bc 8 8', 'bc 7 8', 'm u_2 w ', 'dst \'["bw 8 8", "bc 8 8", "bc 7 8", "m u_2 w"]\'']
2024-12-31 16:35:20,503 - INFO - num_cities:1
2024-12-31 16:35:20,504 - INFO - num_workers:1
2024-12-31 16:35:20,504 - INFO - num_carts:1
2024-12-31 16:35:20,504 - INFO - 
2024-12-31 16:35:20,512 - INFO - 21
2024-12-31 16:35:20,512 - INFO - 21
2024-12-31 16:35:20,512 - INFO - ['bw 3 8  ', 'bc 3 8', 'bc 4 8', 'm u_3 n ', 'dst \'["bw 3 8", "bc 3 8", "bc 4 8", "m u_3 n"]\'']
2024-12-31 16:35:20,512 - INFO - num_cities:1
2024-12-31 16:35:20,512 - INFO - num_workers:1
2024-12-31 16:35:20,512 - INFO - num_carts:1
2024-12-31 16:35:20,512 - INFO - 
2024-12-31 16:35:20,513 - INFO - 21
2024-12-31 16:35:20,513 - INFO - 21
2024-12-31 16:35:20,513 - INFO - ['bw 8 8  ', 'bc 8 8', 'bc 7 8', 'm u_4 n ', 'dst \'["bw 8 8", "bc 8 8", "bc 7 8", "m u_4 n"]\'']
2024-12-31 16:35:20,513 - INFO - num_cities:1
2024-12-31 16:35:20,513 - INFO - num_workers:1
2024-12-31 16:35:20,513 - INFO - num_carts:1
2024-12-31 16:35:20,513 - INFO - 
2024-12-31 16:35:20,521 - INFO - 22
2024-12-31 16:35:20,521 - INFO - 22
2024-12-31 16:35:20,521 - INFO - ['bw 3 8  ', 'bc 3 8', 'bc 4 8', 'bcity u_1', 'm u_3 n ', 'dst \'["bw 3 8", "bc 3 8", "bc 4 8", "bcity u_1", "m u_3 n"]\'']
2024-12-31 16:35:20,521 - INFO - num_cities:1
2024-12-31 16:35:20,521 - INFO - num_workers:1
2024-12-31 16:35:20,521 - INFO - num_carts:1
2024-12-31 16:35:20,521 - INFO - 
2024-12-31 16:35:20,522 - INFO - 22
2024-12-31 16:35:20,522 - INFO - 22
2024-12-31 16:35:20,522 - INFO - ['bw 8 8  ', 'bc 8 8', 'bc 7 8', 'bcity u_2', 'm u_4 n ', 'dst \'["bw 8 8", "bc 8 8", "bc 7 8", "bcity u_2", "m u_4 n"]\'']
2024-12-31 16:35:20,522 - INFO - num_cities:1
2024-12-31 16:35:20,522 - INFO - num_workers:1
2024-12-31 16:35:20,522 - INFO - num_carts:1
2024-12-31 16:35:20,522 - INFO - 
2024-12-31 16:35:20,531 - INFO - 23
2024-12-31 16:35:20,532 - INFO - 23
2024-12-31 16:35:20,532 - INFO - ['bw 3 8  ', 'bw 5 6  ', 'bc 3 8', 'bc 4 8', 'bc 5 6', 'm u_1 w ', 'm u_3 e ', 'dst \'["bw 3 8", "bw 5 6", "bc 3 8", "bc 4 8", "bc 5 6", "m u_1 w", "m u_3 e"]\'']
2024-12-31 16:35:20,532 - INFO - num_cities:2
2024-12-31 16:35:20,532 - INFO - num_workers:1
2024-12-31 16:35:20,532 - INFO - num_carts:1
2024-12-31 16:35:20,532 - INFO - 
2024-12-31 16:35:20,533 - INFO - 23
2024-12-31 16:35:20,533 - INFO - 23
2024-12-31 16:35:20,533 - INFO - ['bw 8 8  ', 'bw 6 6  ', 'bc 8 8', 'bc 7 8', 'bc 6 6', 'm u_2 e ', 'm u_4 w ', 'dst \'["bw 8 8", "bw 6 6", "bc 8 8", "bc 7 8", "bc 6 6", "m u_2 e", "m u_4 w"]\'']
2024-12-31 16:35:20,534 - INFO - num_cities:2
2024-12-31 16:35:20,534 - INFO - num_workers:1
2024-12-31 16:35:20,534 - INFO - num_carts:1
2024-12-31 16:35:20,534 - INFO - 
2024-12-31 16:35:20,543 - INFO - 24
2024-12-31 16:35:20,543 - INFO - 24
2024-12-31 16:35:20,543 - INFO - ['bc 4 8', 'bc 5 6', 'bc 3 8', 'bc 4 8', 'bc 5 6', 'm u_5 w ', 'dst \'["bc 4 8", "bc 5 6", "bc 3 8", "bc 4 8", "bc 5 6", "m u_5 w"]\'']
2024-12-31 16:35:20,543 - INFO - num_cities:2
2024-12-31 16:35:20,543 - INFO - num_workers:2
2024-12-31 16:35:20,543 - INFO - num_carts:1
2024-12-31 16:35:20,543 - INFO - 
2024-12-31 16:35:20,544 - INFO - 24
2024-12-31 16:35:20,544 - INFO - 24
2024-12-31 16:35:20,544 - INFO - ['bc 7 8', 'bc 6 6', 'bc 8 8', 'bc 7 8', 'bc 6 6', 'm u_6 e ', 'dst \'["bc 7 8", "bc 6 6", "bc 8 8", "bc 7 8", "bc 6 6", "m u_6 e"]\'']
2024-12-31 16:35:20,544 - INFO - num_cities:2
2024-12-31 16:35:20,544 - INFO - num_workers:2
2024-12-31 16:35:20,544 - INFO - num_carts:1
2024-12-31 16:35:20,544 - INFO - 
2024-12-31 16:35:20,553 - INFO - 25
2024-12-31 16:35:20,553 - INFO - 25
2024-12-31 16:35:20,553 - INFO - ['bc 4 8', 'bc 5 6', 'bc 3 8', 'bc 4 8', 'bc 5 6', 'm u_1 n ', 'm u_3 w ', 'dst \'["bc 4 8", "bc 5 6", "bc 3 8", "bc 4 8", "bc 5 6", "m u_1 n", "m u_3 w"]\'']
2024-12-31 16:35:20,553 - INFO - num_cities:2
2024-12-31 16:35:20,553 - INFO - num_workers:2
2024-12-31 16:35:20,553 - INFO - num_carts:1
2024-12-31 16:35:20,553 - INFO - 
2024-12-31 16:35:20,554 - INFO - 25
2024-12-31 16:35:20,554 - INFO - 25
2024-12-31 16:35:20,554 - INFO - ['bc 7 8', 'bc 6 6', 'bc 8 8', 'bc 7 8', 'bc 6 6', 'm u_2 n ', 'm u_4 e ', 'dst \'["bc 7 8", "bc 6 6", "bc 8 8", "bc 7 8", "bc 6 6", "m u_2 n", "m u_4 e"]\'']
2024-12-31 16:35:20,554 - INFO - num_cities:2
2024-12-31 16:35:20,554 - INFO - num_workers:2
2024-12-31 16:35:20,554 - INFO - num_carts:1
2024-12-31 16:35:20,554 - INFO - 
2024-12-31 16:35:20,562 - INFO - 26
2024-12-31 16:35:20,562 - INFO - 26
2024-12-31 16:35:20,562 - INFO - ['bc 4 8', 'bc 5 6', 'bc 3 8', 'bc 4 8', 'bc 5 6', 'm u_5 s ', 'm u_3 s ', 'dst \'["bc 4 8", "bc 5 6", "bc 3 8", "bc 4 8", "bc 5 6", "m u_5 s", "m u_3 s"]\'']
2024-12-31 16:35:20,562 - INFO - num_cities:2
2024-12-31 16:35:20,562 - INFO - num_workers:2
2024-12-31 16:35:20,563 - INFO - num_carts:1
2024-12-31 16:35:20,563 - INFO - 
2024-12-31 16:35:20,563 - INFO - 26
2024-12-31 16:35:20,563 - INFO - 26
2024-12-31 16:35:20,563 - INFO - ['bc 7 8', 'bc 6 6', 'bc 8 8', 'bc 7 8', 'bc 6 6', 'm u_6 s ', 'm u_4 s ', 'dst \'["bc 7 8", "bc 6 6", "bc 8 8", "bc 7 8", "bc 6 6", "m u_6 s", "m u_4 s"]\'']
2024-12-31 16:35:20,563 - INFO - num_cities:2
2024-12-31 16:35:20,564 - INFO - num_workers:2
2024-12-31 16:35:20,564 - INFO - num_carts:1
2024-12-31 16:35:20,564 - INFO - 
2024-12-31 16:35:20,572 - INFO - 27
2024-12-31 16:35:20,572 - INFO - 27
2024-12-31 16:35:20,572 - INFO - ['bc 4 8', 'bc 5 6', 'bc 3 8', 'bc 4 8', 'bc 5 6', 'm u_1 e ', 'm u_3 e ', 'dst \'["bc 4 8", "bc 5 6", "bc 3 8", "bc 4 8", "bc 5 6", "m u_1 e", "m u_3 e"]\'']
2024-12-31 16:35:20,572 - INFO - num_cities:2
2024-12-31 16:35:20,572 - INFO - num_workers:2
2024-12-31 16:35:20,572 - INFO - num_carts:1
2024-12-31 16:35:20,572 - INFO - 
2024-12-31 16:35:20,573 - INFO - 27
2024-12-31 16:35:20,573 - INFO - 27
2024-12-31 16:35:20,573 - INFO - ['bc 7 8', 'bc 6 6', 'bc 8 8', 'bc 7 8', 'bc 6 6', 'm u_2 w ', 'm u_4 w ', 'dst \'["bc 7 8", "bc 6 6", "bc 8 8", "bc 7 8", "bc 6 6", "m u_2 w", "m u_4 w"]\'']
2024-12-31 16:35:20,573 - INFO - num_cities:2
2024-12-31 16:35:20,573 - INFO - num_workers:2
2024-12-31 16:35:20,573 - INFO - num_carts:1
2024-12-31 16:35:20,573 - INFO - 
2024-12-31 16:35:20,583 - INFO - 28
2024-12-31 16:35:20,583 - INFO - 28
2024-12-31 16:35:20,583 - INFO - ['bc 4 8', 'bc 5 6', 'bc 3 8', 'bc 4 8', 'bc 5 6', 'm u_5 n ', 'm u_3 w ', 'dst \'["bc 4 8", "bc 5 6", "bc 3 8", "bc 4 8", "bc 5 6", "m u_5 n", "m u_3 w"]\'']
2024-12-31 16:35:20,583 - INFO - num_cities:2
2024-12-31 16:35:20,583 - INFO - num_workers:2
2024-12-31 16:35:20,583 - INFO - num_carts:1
2024-12-31 16:35:20,583 - INFO - 
2024-12-31 16:35:20,584 - INFO - 28
2024-12-31 16:35:20,584 - INFO - 28
2024-12-31 16:35:20,584 - INFO - ['bc 7 8', 'bc 6 6', 'bc 8 8', 'bc 7 8', 'bc 6 6', 'm u_6 n ', 'm u_4 e ', 'dst \'["bc 7 8", "bc 6 6", "bc 8 8", "bc 7 8", "bc 6 6", "m u_6 n", "m u_4 e"]\'']
2024-12-31 16:35:20,584 - INFO - num_cities:2
2024-12-31 16:35:20,584 - INFO - num_workers:2
2024-12-31 16:35:20,584 - INFO - num_carts:1
2024-12-31 16:35:20,584 - INFO - 
2024-12-31 16:35:20,591 - INFO - 29
2024-12-31 16:35:20,592 - INFO - 29
2024-12-31 16:35:20,592 - INFO - ['bc 4 8', 'bc 5 6', 'bc 3 8', 'bc 4 8', 'bc 5 6', 'm u_1 w ', 'm u_3 e ', 'dst \'["bc 4 8", "bc 5 6", "bc 3 8", "bc 4 8", "bc 5 6", "m u_1 w", "m u_3 e"]\'']
2024-12-31 16:35:20,592 - INFO - num_cities:2
2024-12-31 16:35:20,592 - INFO - num_workers:2
2024-12-31 16:35:20,592 - INFO - num_carts:1
2024-12-31 16:35:20,592 - INFO - 
2024-12-31 16:35:20,592 - INFO - 29
2024-12-31 16:35:20,592 - INFO - 29
2024-12-31 16:35:20,592 - INFO - ['bc 7 8', 'bc 6 6', 'bc 8 8', 'bc 7 8', 'bc 6 6', 'm u_2 e ', 'm u_4 w ', 'dst \'["bc 7 8", "bc 6 6", "bc 8 8", "bc 7 8", "bc 6 6", "m u_2 e", "m u_4 w"]\'']
2024-12-31 16:35:20,593 - INFO - num_cities:2
2024-12-31 16:35:20,593 - INFO - num_workers:2
2024-12-31 16:35:20,593 - INFO - num_carts:1
2024-12-31 16:35:20,593 - INFO - 
2024-12-31 16:35:20,602 - INFO - 30
2024-12-31 16:35:20,603 - INFO - 30
2024-12-31 16:35:20,603 - INFO - ['bc 4 8', 'bc 5 6', 'bc 3 8', 'bc 4 8', 'bc 5 6', 'm u_5 s ', 'm u_3 e ', 'dst \'["bc 4 8", "bc 5 6", "bc 3 8", "bc 4 8", "bc 5 6", "m u_5 s", "m u_3 e"]\'']
2024-12-31 16:35:20,603 - INFO - num_cities:2
2024-12-31 16:35:20,603 - INFO - num_workers:2
2024-12-31 16:35:20,603 - INFO - num_carts:1
2024-12-31 16:35:20,603 - INFO - 
2024-12-31 16:35:20,604 - INFO - 30
2024-12-31 16:35:20,604 - INFO - 30
2024-12-31 16:35:20,604 - INFO - ['bc 7 8', 'bc 6 6', 'bc 8 8', 'bc 7 8', 'bc 6 6', 'm u_6 s ', 'm u_4 w ', 'dst \'["bc 7 8", "bc 6 6", "bc 8 8", "bc 7 8", "bc 6 6", "m u_6 s", "m u_4 w"]\'']
2024-12-31 16:35:20,604 - INFO - num_cities:2
2024-12-31 16:35:20,604 - INFO - num_workers:2
2024-12-31 16:35:20,604 - INFO - num_carts:1
2024-12-31 16:35:20,604 - INFO - 
2024-12-31 16:35:20,615 - INFO - 31
2024-12-31 16:35:20,616 - INFO - 31
2024-12-31 16:35:20,616 - INFO - ['bc 4 8', 'bc 5 6', 'bc 3 8', 'bc 4 8', 'bc 5 6', 'm u_1 s ', 'm u_3 n ', 'dst \'["bc 4 8", "bc 5 6", "bc 3 8", "bc 4 8", "bc 5 6", "m u_1 s", "m u_3 n"]\'']
2024-12-31 16:35:20,616 - INFO - num_cities:2
2024-12-31 16:35:20,616 - INFO - num_workers:2
2024-12-31 16:35:20,616 - INFO - num_carts:1
2024-12-31 16:35:20,616 - INFO - 
2024-12-31 16:35:20,617 - INFO - 31
2024-12-31 16:35:20,617 - INFO - 31
2024-12-31 16:35:20,617 - INFO - ['bc 7 8', 'bc 6 6', 'bc 8 8', 'bc 7 8', 'bc 6 6', 'm u_2 s ', 'm u_4 n ', 'dst \'["bc 7 8", "bc 6 6", "bc 8 8", "bc 7 8", "bc 6 6", "m u_2 s", "m u_4 n"]\'']
2024-12-31 16:35:20,617 - INFO - num_cities:2
2024-12-31 16:35:20,617 - INFO - num_workers:2
2024-12-31 16:35:20,617 - INFO - num_carts:1
2024-12-31 16:35:20,618 - INFO - 
2024-12-31 16:35:20,628 - INFO - 32
2024-12-31 16:35:20,628 - INFO - 32
2024-12-31 16:35:20,628 - INFO - ['bc 4 8', 'bc 5 6', 'bc 3 8', 'bc 4 8', 'bc 5 6', 'dst \'["bc 4 8", "bc 5 6", "bc 3 8", "bc 4 8", "bc 5 6"]\'']
2024-12-31 16:35:20,628 - INFO - num_cities:2
2024-12-31 16:35:20,628 - INFO - num_workers:1
2024-12-31 16:35:20,628 - INFO - num_carts:0
2024-12-31 16:35:20,628 - INFO - 
2024-12-31 16:35:20,629 - INFO - 32
2024-12-31 16:35:20,629 - INFO - 32
2024-12-31 16:35:20,629 - INFO - ['bc 7 8', 'bc 6 6', 'bc 8 8', 'bc 7 8', 'bc 6 6', 'dst \'["bc 7 8", "bc 6 6", "bc 8 8", "bc 7 8", "bc 6 6"]\'']
2024-12-31 16:35:20,629 - INFO - num_cities:2
2024-12-31 16:35:20,629 - INFO - num_workers:1
2024-12-31 16:35:20,629 - INFO - num_carts:0
2024-12-31 16:35:20,629 - INFO - 
2024-12-31 16:35:20,640 - INFO - 33
2024-12-31 16:35:20,640 - INFO - 33
2024-12-31 16:35:20,640 - INFO - ['bw 3 8  ', 'bc 3 8', 'bc 4 8', 'bc 5 6', 'm u_7 n ', 'm u_9 c ', 'dst \'["bw 3 8", "bc 3 8", "bc 4 8", "bc 5 6", "m u_7 n", "m u_9 c"]\'']
2024-12-31 16:35:20,640 - INFO - num_cities:2
2024-12-31 16:35:20,640 - INFO - num_workers:1
2024-12-31 16:35:20,640 - INFO - num_carts:2
2024-12-31 16:35:20,640 - INFO - 
2024-12-31 16:35:20,641 - INFO - 33
2024-12-31 16:35:20,641 - INFO - 33
2024-12-31 16:35:20,641 - INFO - ['bw 8 8  ', 'bc 8 8', 'bc 7 8', 'bc 6 6', 'm u_8 n ', 'm u_10 c', 'dst \'["bw 8 8", "bc 8 8", "bc 7 8", "bc 6 6", "m u_8 n", "m u_10 c"]\'']
2024-12-31 16:35:20,641 - INFO - num_cities:2
2024-12-31 16:35:20,641 - INFO - num_workers:1
2024-12-31 16:35:20,642 - INFO - num_carts:2
2024-12-31 16:35:20,642 - INFO - 
2024-12-31 16:35:20,650 - INFO - 34
2024-12-31 16:35:20,651 - INFO - 34
2024-12-31 16:35:20,651 - INFO - ['bc 3 8', 'bc 3 8', 'bc 4 8', 'dst \'["bc 3 8", "bc 3 8", "bc 4 8"]\'']
2024-12-31 16:35:20,651 - INFO - num_cities:1
2024-12-31 16:35:20,651 - INFO - num_workers:1
2024-12-31 16:35:20,651 - INFO - num_carts:0
2024-12-31 16:35:20,651 - INFO - 
2024-12-31 16:35:20,651 - INFO - 34
2024-12-31 16:35:20,651 - INFO - 34
2024-12-31 16:35:20,652 - INFO - ['bc 8 8', 'bc 8 8', 'bc 7 8', 'dst \'["bc 8 8", "bc 8 8", "bc 7 8"]\'']
2024-12-31 16:35:20,652 - INFO - num_cities:1
2024-12-31 16:35:20,652 - INFO - num_workers:1
2024-12-31 16:35:20,652 - INFO - num_carts:0
2024-12-31 16:35:20,652 - INFO - 
2024-12-31 16:35:20,659 - INFO - 35
2024-12-31 16:35:20,659 - INFO - 35
2024-12-31 16:35:20,659 - INFO - ['m u_1 s ', 'dst \'["m u_1 s"]\'']
2024-12-31 16:35:20,659 - INFO - num_cities:0
2024-12-31 16:35:20,659 - INFO - num_workers:1
2024-12-31 16:35:20,659 - INFO - num_carts:0
2024-12-31 16:35:20,659 - INFO - 
2024-12-31 16:35:20,660 - INFO - 35
2024-12-31 16:35:20,660 - INFO - 35
2024-12-31 16:35:20,660 - INFO - ['m u_2 s ', 'dst \'["m u_2 s"]\'']
2024-12-31 16:35:20,660 - INFO - num_cities:0
2024-12-31 16:35:20,660 - INFO - num_workers:1
2024-12-31 16:35:20,660 - INFO - num_carts:0
2024-12-31 16:35:20,661 - INFO - 
2024-12-31 16:35:20,667 - INFO - 36
2024-12-31 16:35:20,668 - INFO - 36
2024-12-31 16:35:20,668 - INFO - ['m u_1 s ', 'dst \'["m u_1 s"]\'']
2024-12-31 16:35:20,668 - INFO - num_cities:0
2024-12-31 16:35:20,668 - INFO - num_workers:1
2024-12-31 16:35:20,668 - INFO - num_carts:0
2024-12-31 16:35:20,668 - INFO - 
2024-12-31 16:35:20,668 - INFO - 36
2024-12-31 16:35:20,668 - INFO - 36
2024-12-31 16:35:20,668 - INFO - ['m u_2 s ', 'dst \'["m u_2 s"]\'']
2024-12-31 16:35:20,668 - INFO - num_cities:0
2024-12-31 16:35:20,669 - INFO - num_workers:1
2024-12-31 16:35:20,669 - INFO - num_carts:0
2024-12-31 16:35:20,669 - INFO - 
2024-12-31 16:35:20,675 - INFO - 37
2024-12-31 16:35:20,675 - INFO - 37
2024-12-31 16:35:20,676 - INFO - ["dst '[]'"]
2024-12-31 16:35:20,676 - INFO - num_cities:0
2024-12-31 16:35:20,676 - INFO - num_workers:1
2024-12-31 16:35:20,676 - INFO - num_carts:0
2024-12-31 16:35:20,676 - INFO - 
2024-12-31 16:35:20,676 - INFO - 37
2024-12-31 16:35:20,676 - INFO - 37
2024-12-31 16:35:20,676 - INFO - ["dst '[]'"]
2024-12-31 16:35:20,676 - INFO - num_cities:0
2024-12-31 16:35:20,676 - INFO - num_workers:1
2024-12-31 16:35:20,676 - INFO - num_carts:0
2024-12-31 16:35:20,676 - INFO - 
2024-12-31 16:35:20,683 - INFO - 38
2024-12-31 16:35:20,683 - INFO - 38
2024-12-31 16:35:20,683 - INFO - ["dst '[]'"]
2024-12-31 16:35:20,683 - INFO - num_cities:0
2024-12-31 16:35:20,684 - INFO - num_workers:1
2024-12-31 16:35:20,684 - INFO - num_carts:0
2024-12-31 16:35:20,684 - INFO - 
2024-12-31 16:35:20,684 - INFO - 38
2024-12-31 16:35:20,685 - INFO - 38
2024-12-31 16:35:20,685 - INFO - ["dst '[]'"]
2024-12-31 16:35:20,685 - INFO - num_cities:0
2024-12-31 16:35:20,685 - INFO - num_workers:1
2024-12-31 16:35:20,685 - INFO - num_carts:0
2024-12-31 16:35:20,685 - INFO - 
2024-12-31 16:35:20,692 - INFO - 39
2024-12-31 16:35:20,692 - INFO - 39
2024-12-31 16:35:20,692 - INFO - ["dst '[]'"]
2024-12-31 16:35:20,692 - INFO - num_cities:0
2024-12-31 16:35:20,692 - INFO - num_workers:1
2024-12-31 16:35:20,692 - INFO - num_carts:0
2024-12-31 16:35:20,692 - INFO - 
2024-12-31 16:35:20,693 - INFO - 39
2024-12-31 16:35:20,693 - INFO - 39
2024-12-31 16:35:20,693 - INFO - ["dst '[]'"]
2024-12-31 16:35:20,693 - INFO - num_cities:0
2024-12-31 16:35:20,693 - INFO - num_workers:1
2024-12-31 16:35:20,693 - INFO - num_carts:0
2024-12-31 16:35:20,693 - INFO - 
2024-12-31 16:35:20,700 - INFO - 40
2024-12-31 16:35:20,700 - INFO - 40
2024-12-31 16:35:20,700 - INFO - ['m u_1 w ', 'dst \'["m u_1 w"]\'']
2024-12-31 16:35:20,700 - INFO - num_cities:0
2024-12-31 16:35:20,700 - INFO - num_workers:1
2024-12-31 16:35:20,700 - INFO - num_carts:0
2024-12-31 16:35:20,700 - INFO - 
2024-12-31 16:35:20,701 - INFO - 40
2024-12-31 16:35:20,701 - INFO - 40
2024-12-31 16:35:20,701 - INFO - ['m u_2 e ', 'dst \'["m u_2 e"]\'']
2024-12-31 16:35:20,701 - INFO - num_cities:0
2024-12-31 16:35:20,701 - INFO - num_workers:1
2024-12-31 16:35:20,701 - INFO - num_carts:0
2024-12-31 16:35:20,701 - INFO - 
2024-12-31 16:35:20,708 - INFO - 41
2024-12-31 16:35:20,708 - INFO - 41
2024-12-31 16:35:20,708 - INFO - ["dst '[]'"]
2024-12-31 16:35:20,708 - INFO - num_cities:0
2024-12-31 16:35:20,708 - INFO - num_workers:1
2024-12-31 16:35:20,708 - INFO - num_carts:0
2024-12-31 16:35:20,708 - INFO - 
2024-12-31 16:35:20,709 - INFO - 41
2024-12-31 16:35:20,709 - INFO - 41
2024-12-31 16:35:20,709 - INFO - ["dst '[]'"]
2024-12-31 16:35:20,710 - INFO - num_cities:0
2024-12-31 16:35:20,710 - INFO - num_workers:1
2024-12-31 16:35:20,710 - INFO - num_carts:0
2024-12-31 16:35:20,710 - INFO - 
2024-12-31 16:35:20,717 - INFO - 42
2024-12-31 16:35:20,717 - INFO - 42
2024-12-31 16:35:20,717 - INFO - ["dst '[]'"]
2024-12-31 16:35:20,717 - INFO - num_cities:0
2024-12-31 16:35:20,717 - INFO - num_workers:1
2024-12-31 16:35:20,717 - INFO - num_carts:0
2024-12-31 16:35:20,717 - INFO - 
2024-12-31 16:35:20,718 - INFO - 42
2024-12-31 16:35:20,718 - INFO - 42
2024-12-31 16:35:20,718 - INFO - ["dst '[]'"]
2024-12-31 16:35:20,718 - INFO - num_cities:0
2024-12-31 16:35:20,718 - INFO - num_workers:1
2024-12-31 16:35:20,718 - INFO - num_carts:0
2024-12-31 16:35:20,718 - INFO - 
2024-12-31 16:35:20,724 - INFO - 43
2024-12-31 16:35:20,724 - INFO - 43
2024-12-31 16:35:20,725 - INFO - ["dst '[]'"]
2024-12-31 16:35:20,725 - INFO - num_cities:0
2024-12-31 16:35:20,725 - INFO - num_workers:1
2024-12-31 16:35:20,725 - INFO - num_carts:0
2024-12-31 16:35:20,725 - INFO - 
2024-12-31 16:35:20,725 - INFO - 43
2024-12-31 16:35:20,725 - INFO - 43
2024-12-31 16:35:20,725 - INFO - ["dst '[]'"]
2024-12-31 16:35:20,725 - INFO - num_cities:0
2024-12-31 16:35:20,725 - INFO - num_workers:1
2024-12-31 16:35:20,725 - INFO - num_carts:0
2024-12-31 16:35:20,725 - INFO - 
2024-12-31 16:35:20,733 - INFO - 44
2024-12-31 16:35:20,733 - INFO - 44
2024-12-31 16:35:20,733 - INFO - ['bcity u_1', 'dst \'["bcity u_1"]\'']
2024-12-31 16:35:20,733 - INFO - num_cities:0
2024-12-31 16:35:20,733 - INFO - num_workers:1
2024-12-31 16:35:20,733 - INFO - num_carts:0
2024-12-31 16:35:20,733 - INFO - 
2024-12-31 16:35:20,734 - INFO - 44
2024-12-31 16:35:20,734 - INFO - 44
2024-12-31 16:35:20,734 - INFO - ['bcity u_2', 'dst \'["bcity u_2"]\'']
2024-12-31 16:35:20,734 - INFO - num_cities:0
2024-12-31 16:35:20,734 - INFO - num_workers:1
2024-12-31 16:35:20,734 - INFO - num_carts:0
2024-12-31 16:35:20,734 - INFO - 
2024-12-31 16:35:20,742 - INFO - 45
2024-12-31 16:35:20,742 - INFO - 45
2024-12-31 16:35:20,742 - INFO - ['bc 3 8', 'bc 3 8', 'm u_1 s ', 'dst \'["bc 3 8", "bc 3 8", "m u_1 s"]\'']
2024-12-31 16:35:20,742 - INFO - num_cities:1
2024-12-31 16:35:20,743 - INFO - num_workers:1
2024-12-31 16:35:20,743 - INFO - num_carts:0
2024-12-31 16:35:20,743 - INFO - 
2024-12-31 16:35:20,743 - INFO - 45
2024-12-31 16:35:20,743 - INFO - 45
2024-12-31 16:35:20,743 - INFO - ['bc 8 8', 'bc 8 8', 'm u_2 s ', 'dst \'["bc 8 8", "bc 8 8", "m u_2 s"]\'']
2024-12-31 16:35:20,743 - INFO - num_cities:1
2024-12-31 16:35:20,743 - INFO - num_workers:1
2024-12-31 16:35:20,743 - INFO - num_carts:0
2024-12-31 16:35:20,743 - INFO - 
2024-12-31 16:35:20,750 - INFO - 46
2024-12-31 16:35:20,750 - INFO - 46
2024-12-31 16:35:20,750 - INFO - ['bc 3 8', 'bc 3 8', 'dst \'["bc 3 8", "bc 3 8"]\'']
2024-12-31 16:35:20,750 - INFO - num_cities:1
2024-12-31 16:35:20,750 - INFO - num_workers:1
2024-12-31 16:35:20,750 - INFO - num_carts:0
2024-12-31 16:35:20,750 - INFO - 
2024-12-31 16:35:20,751 - INFO - 46
2024-12-31 16:35:20,751 - INFO - 46
2024-12-31 16:35:20,751 - INFO - ['bc 8 8', 'bc 8 8', 'dst \'["bc 8 8", "bc 8 8"]\'']
2024-12-31 16:35:20,752 - INFO - num_cities:1
2024-12-31 16:35:20,752 - INFO - num_workers:1
2024-12-31 16:35:20,752 - INFO - num_carts:0
2024-12-31 16:35:20,752 - INFO - 
2024-12-31 16:35:20,759 - INFO - 47
2024-12-31 16:35:20,759 - INFO - 47
2024-12-31 16:35:20,759 - INFO - ['bc 3 8', 'bc 3 8', 'm u_1 w ', 'dst \'["bc 3 8", "bc 3 8", "m u_1 w"]\'']
2024-12-31 16:35:20,759 - INFO - num_cities:1
2024-12-31 16:35:20,759 - INFO - num_workers:1
2024-12-31 16:35:20,759 - INFO - num_carts:0
2024-12-31 16:35:20,759 - INFO - 
2024-12-31 16:35:20,760 - INFO - 47
2024-12-31 16:35:20,760 - INFO - 47
2024-12-31 16:35:20,760 - INFO - ['bc 8 8', 'bc 8 8', 'm u_2 e ', 'dst \'["bc 8 8", "bc 8 8", "m u_2 e"]\'']
2024-12-31 16:35:20,760 - INFO - num_cities:1
2024-12-31 16:35:20,760 - INFO - num_workers:1
2024-12-31 16:35:20,760 - INFO - num_carts:0
2024-12-31 16:35:20,760 - INFO - 
2024-12-31 16:35:20,767 - INFO - 48
2024-12-31 16:35:20,767 - INFO - 48
2024-12-31 16:35:20,767 - INFO - ['bc 3 8', 'bc 3 8', 'dst \'["bc 3 8", "bc 3 8"]\'']
2024-12-31 16:35:20,767 - INFO - num_cities:1
2024-12-31 16:35:20,767 - INFO - num_workers:1
2024-12-31 16:35:20,767 - INFO - num_carts:0
2024-12-31 16:35:20,767 - INFO - 
2024-12-31 16:35:20,768 - INFO - 48
2024-12-31 16:35:20,768 - INFO - 48
2024-12-31 16:35:20,768 - INFO - ['bc 8 8', 'bc 8 8', 'dst \'["bc 8 8", "bc 8 8"]\'']
2024-12-31 16:35:20,768 - INFO - num_cities:1
2024-12-31 16:35:20,768 - INFO - num_workers:1
2024-12-31 16:35:20,768 - INFO - num_carts:0
2024-12-31 16:35:20,768 - INFO - 
2024-12-31 16:35:20,774 - INFO - 49
2024-12-31 16:35:20,775 - INFO - 49
2024-12-31 16:35:20,775 - INFO - ['bc 3 8', 'bc 3 8', 'm u_1 e ', 'dst \'["bc 3 8", "bc 3 8", "m u_1 e"]\'']
2024-12-31 16:35:20,775 - INFO - num_cities:1
2024-12-31 16:35:20,775 - INFO - num_workers:1
2024-12-31 16:35:20,775 - INFO - num_carts:0
2024-12-31 16:35:20,775 - INFO - 
2024-12-31 16:35:20,775 - INFO - 49
2024-12-31 16:35:20,776 - INFO - 49
2024-12-31 16:35:20,776 - INFO - ['bc 8 8', 'bc 8 8', 'm u_2 w ', 'dst \'["bc 8 8", "bc 8 8", "m u_2 w"]\'']
2024-12-31 16:35:20,776 - INFO - num_cities:1
2024-12-31 16:35:20,776 - INFO - num_workers:1
2024-12-31 16:35:20,776 - INFO - num_carts:0
2024-12-31 16:35:20,776 - INFO - 
2024-12-31 16:35:20,783 - INFO - 50
2024-12-31 16:35:20,783 - INFO - 50
2024-12-31 16:35:20,783 - INFO - ['bc 3 8', 'bc 3 8', 'dst \'["bc 3 8", "bc 3 8"]\'']
2024-12-31 16:35:20,783 - INFO - num_cities:1
2024-12-31 16:35:20,783 - INFO - num_workers:1
2024-12-31 16:35:20,783 - INFO - num_carts:0
2024-12-31 16:35:20,783 - INFO - 
2024-12-31 16:35:20,784 - INFO - 50
2024-12-31 16:35:20,784 - INFO - 50
2024-12-31 16:35:20,784 - INFO - ['bc 8 8', 'bc 8 8', 'dst \'["bc 8 8", "bc 8 8"]\'']
2024-12-31 16:35:20,784 - INFO - num_cities:1
2024-12-31 16:35:20,784 - INFO - num_workers:1
2024-12-31 16:35:20,784 - INFO - num_carts:0
2024-12-31 16:35:20,784 - INFO - 
2024-12-31 16:35:20,790 - INFO - 51
2024-12-31 16:35:20,791 - INFO - 51
2024-12-31 16:35:20,791 - INFO - ['bc 3 8', 'bc 3 8', 'm u_1 e ', 'dst \'["bc 3 8", "bc 3 8", "m u_1 e"]\'']
2024-12-31 16:35:20,791 - INFO - num_cities:1
2024-12-31 16:35:20,791 - INFO - num_workers:1
2024-12-31 16:35:20,791 - INFO - num_carts:0
2024-12-31 16:35:20,791 - INFO - 
2024-12-31 16:35:20,791 - INFO - 51
2024-12-31 16:35:20,791 - INFO - 51
2024-12-31 16:35:20,792 - INFO - ['bc 8 8', 'bc 8 8', 'm u_2 w ', 'dst \'["bc 8 8", "bc 8 8", "m u_2 w"]\'']
2024-12-31 16:35:20,792 - INFO - num_cities:1
2024-12-31 16:35:20,792 - INFO - num_workers:1
2024-12-31 16:35:20,792 - INFO - num_carts:0
2024-12-31 16:35:20,792 - INFO - 
2024-12-31 16:35:20,799 - INFO - 52
2024-12-31 16:35:20,799 - INFO - 52
2024-12-31 16:35:20,799 - INFO - ['bc 3 8', 'bc 3 8', 'dst \'["bc 3 8", "bc 3 8"]\'']
2024-12-31 16:35:20,799 - INFO - num_cities:1
2024-12-31 16:35:20,799 - INFO - num_workers:1
2024-12-31 16:35:20,799 - INFO - num_carts:0
2024-12-31 16:35:20,799 - INFO - 
2024-12-31 16:35:20,800 - INFO - 52
2024-12-31 16:35:20,801 - INFO - 52
2024-12-31 16:35:20,801 - INFO - ['bc 8 8', 'bc 8 8', 'dst \'["bc 8 8", "bc 8 8"]\'']
2024-12-31 16:35:20,801 - INFO - num_cities:1
2024-12-31 16:35:20,801 - INFO - num_workers:1
2024-12-31 16:35:20,801 - INFO - num_carts:0
2024-12-31 16:35:20,801 - INFO - 
2024-12-31 16:35:20,808 - INFO - 53
2024-12-31 16:35:20,808 - INFO - 53
2024-12-31 16:35:20,808 - INFO - ['bc 3 8', 'bc 3 8', 'm u_1 w ', 'dst \'["bc 3 8", "bc 3 8", "m u_1 w"]\'']
2024-12-31 16:35:20,808 - INFO - num_cities:1
2024-12-31 16:35:20,808 - INFO - num_workers:1
2024-12-31 16:35:20,809 - INFO - num_carts:0
2024-12-31 16:35:20,809 - INFO - 
2024-12-31 16:35:20,809 - INFO - 53
2024-12-31 16:35:20,809 - INFO - 53
2024-12-31 16:35:20,809 - INFO - ['bc 8 8', 'bc 8 8', 'm u_2 e ', 'dst \'["bc 8 8", "bc 8 8", "m u_2 e"]\'']
2024-12-31 16:35:20,809 - INFO - num_cities:1
2024-12-31 16:35:20,809 - INFO - num_workers:1
2024-12-31 16:35:20,809 - INFO - num_carts:0
2024-12-31 16:35:20,809 - INFO - 
2024-12-31 16:35:20,816 - INFO - 54
2024-12-31 16:35:20,816 - INFO - 54
2024-12-31 16:35:20,816 - INFO - ['bc 3 8', 'bc 3 8', 'dst \'["bc 3 8", "bc 3 8"]\'']
2024-12-31 16:35:20,816 - INFO - num_cities:1
2024-12-31 16:35:20,816 - INFO - num_workers:1
2024-12-31 16:35:20,817 - INFO - num_carts:0
2024-12-31 16:35:20,817 - INFO - 
2024-12-31 16:35:20,817 - INFO - 54
2024-12-31 16:35:20,817 - INFO - 54
2024-12-31 16:35:20,817 - INFO - ['bc 8 8', 'bc 8 8', 'dst \'["bc 8 8", "bc 8 8"]\'']
2024-12-31 16:35:20,817 - INFO - num_cities:1
2024-12-31 16:35:20,817 - INFO - num_workers:1
2024-12-31 16:35:20,818 - INFO - num_carts:0
2024-12-31 16:35:20,818 - INFO - 
2024-12-31 16:35:20,825 - INFO - 55
2024-12-31 16:35:20,825 - INFO - 55
2024-12-31 16:35:20,825 - INFO - ['bc 3 8', 'bc 3 8', 'm u_1 e ', 'dst \'["bc 3 8", "bc 3 8", "m u_1 e"]\'']
2024-12-31 16:35:20,825 - INFO - num_cities:1
2024-12-31 16:35:20,825 - INFO - num_workers:1
2024-12-31 16:35:20,826 - INFO - num_carts:0
2024-12-31 16:35:20,826 - INFO - 
2024-12-31 16:35:20,826 - INFO - 55
2024-12-31 16:35:20,826 - INFO - 55
2024-12-31 16:35:20,826 - INFO - ['bc 8 8', 'bc 8 8', 'm u_2 w ', 'dst \'["bc 8 8", "bc 8 8", "m u_2 w"]\'']
2024-12-31 16:35:20,826 - INFO - num_cities:1
2024-12-31 16:35:20,826 - INFO - num_workers:1
2024-12-31 16:35:20,826 - INFO - num_carts:0
2024-12-31 16:35:20,826 - INFO - 
2024-12-31 16:35:20,833 - INFO - 56
2024-12-31 16:35:20,833 - INFO - 56
2024-12-31 16:35:20,833 - INFO - ['bc 3 8', 'bc 3 8', 'dst \'["bc 3 8", "bc 3 8"]\'']
2024-12-31 16:35:20,833 - INFO - num_cities:1
2024-12-31 16:35:20,834 - INFO - num_workers:1
2024-12-31 16:35:20,834 - INFO - num_carts:0
2024-12-31 16:35:20,834 - INFO - 
2024-12-31 16:35:20,834 - INFO - 56
2024-12-31 16:35:20,834 - INFO - 56
2024-12-31 16:35:20,834 - INFO - ['bc 8 8', 'bc 8 8', 'dst \'["bc 8 8", "bc 8 8"]\'']
2024-12-31 16:35:20,834 - INFO - num_cities:1
2024-12-31 16:35:20,834 - INFO - num_workers:1
2024-12-31 16:35:20,834 - INFO - num_carts:0
2024-12-31 16:35:20,834 - INFO - 
2024-12-31 16:35:20,841 - INFO - 57
2024-12-31 16:35:20,841 - INFO - 57
2024-12-31 16:35:20,841 - INFO - ['bc 3 8', 'bc 3 8', 'm u_1 w ', 'dst \'["bc 3 8", "bc 3 8", "m u_1 w"]\'']
2024-12-31 16:35:20,841 - INFO - num_cities:1
2024-12-31 16:35:20,841 - INFO - num_workers:1
2024-12-31 16:35:20,841 - INFO - num_carts:0
2024-12-31 16:35:20,841 - INFO - 
2024-12-31 16:35:20,842 - INFO - 57
2024-12-31 16:35:20,843 - INFO - 57
2024-12-31 16:35:20,843 - INFO - ['bc 8 8', 'bc 8 8', 'm u_2 e ', 'dst \'["bc 8 8", "bc 8 8", "m u_2 e"]\'']
2024-12-31 16:35:20,843 - INFO - num_cities:1
2024-12-31 16:35:20,843 - INFO - num_workers:1
2024-12-31 16:35:20,843 - INFO - num_carts:0
2024-12-31 16:35:20,843 - INFO - 
2024-12-31 16:35:20,851 - INFO - 58
2024-12-31 16:35:20,851 - INFO - 58
2024-12-31 16:35:20,851 - INFO - ['bc 3 8', 'bc 3 8', 'dst \'["bc 3 8", "bc 3 8"]\'']
2024-12-31 16:35:20,851 - INFO - num_cities:1
2024-12-31 16:35:20,851 - INFO - num_workers:1
2024-12-31 16:35:20,851 - INFO - num_carts:0
2024-12-31 16:35:20,851 - INFO - 
2024-12-31 16:35:20,852 - INFO - 58
2024-12-31 16:35:20,852 - INFO - 58
2024-12-31 16:35:20,852 - INFO - ['bc 8 8', 'bc 8 8', 'dst \'["bc 8 8", "bc 8 8"]\'']
2024-12-31 16:35:20,852 - INFO - num_cities:1
2024-12-31 16:35:20,852 - INFO - num_workers:1
2024-12-31 16:35:20,852 - INFO - num_carts:0
2024-12-31 16:35:20,852 - INFO - 
2024-12-31 16:35:20,858 - INFO - 59
2024-12-31 16:35:20,859 - INFO - 59
2024-12-31 16:35:20,859 - INFO - ['bc 3 8', 'bc 3 8', 'm u_1 c ', 'dst \'["bc 3 8", "bc 3 8", "m u_1 c"]\'']
2024-12-31 16:35:20,859 - INFO - num_cities:1
2024-12-31 16:35:20,859 - INFO - num_workers:1
2024-12-31 16:35:20,859 - INFO - num_carts:0
2024-12-31 16:35:20,859 - INFO - 
2024-12-31 16:35:20,859 - INFO - 59
2024-12-31 16:35:20,859 - INFO - 59
2024-12-31 16:35:20,860 - INFO - ['bc 8 8', 'bc 8 8', 'm u_2 c ', 'dst \'["bc 8 8", "bc 8 8", "m u_2 c"]\'']
2024-12-31 16:35:20,860 - INFO - num_cities:1
2024-12-31 16:35:20,860 - INFO - num_workers:1
2024-12-31 16:35:20,860 - INFO - num_carts:0
2024-12-31 16:35:20,860 - INFO - 
2024-12-31 16:35:20,867 - INFO - 60
2024-12-31 16:35:20,867 - INFO - 60
2024-12-31 16:35:20,867 - INFO - ['bc 3 8', 'bc 3 8', 'm u_1 s ', 'dst \'["bc 3 8", "bc 3 8", "m u_1 s"]\'']
2024-12-31 16:35:20,867 - INFO - num_cities:1
2024-12-31 16:35:20,867 - INFO - num_workers:1
2024-12-31 16:35:20,867 - INFO - num_carts:0
2024-12-31 16:35:20,867 - INFO - 
2024-12-31 16:35:20,868 - INFO - 60
2024-12-31 16:35:20,868 - INFO - 60
2024-12-31 16:35:20,868 - INFO - ['bc 8 8', 'bc 8 8', 'm u_2 s ', 'dst \'["bc 8 8", "bc 8 8", "m u_2 s"]\'']
2024-12-31 16:35:20,868 - INFO - num_cities:1
2024-12-31 16:35:20,868 - INFO - num_workers:1
2024-12-31 16:35:20,868 - INFO - num_carts:0
2024-12-31 16:35:20,868 - INFO - 
2024-12-31 16:35:20,875 - INFO - 61
2024-12-31 16:35:20,875 - INFO - 61
2024-12-31 16:35:20,875 - INFO - ['bc 3 8', 'bc 3 8', 'dst \'["bc 3 8", "bc 3 8"]\'']
2024-12-31 16:35:20,875 - INFO - num_cities:1
2024-12-31 16:35:20,875 - INFO - num_workers:1
2024-12-31 16:35:20,875 - INFO - num_carts:0
2024-12-31 16:35:20,875 - INFO - 
2024-12-31 16:35:20,876 - INFO - 61
2024-12-31 16:35:20,876 - INFO - 61
2024-12-31 16:35:20,876 - INFO - ['bc 8 8', 'bc 8 8', 'dst \'["bc 8 8", "bc 8 8"]\'']
2024-12-31 16:35:20,876 - INFO - num_cities:1
2024-12-31 16:35:20,876 - INFO - num_workers:1
2024-12-31 16:35:20,876 - INFO - num_carts:0
2024-12-31 16:35:20,876 - INFO - 
2024-12-31 16:35:20,883 - INFO - 62
2024-12-31 16:35:20,883 - INFO - 62
2024-12-31 16:35:20,883 - INFO - ['bc 3 8', 'bc 3 8', 'm u_1 w ', 'dst \'["bc 3 8", "bc 3 8", "m u_1 w"]\'']
2024-12-31 16:35:20,883 - INFO - num_cities:1
2024-12-31 16:35:20,883 - INFO - num_workers:1
2024-12-31 16:35:20,883 - INFO - num_carts:0
2024-12-31 16:35:20,883 - INFO - 
2024-12-31 16:35:20,884 - INFO - 62
2024-12-31 16:35:20,884 - INFO - 62
2024-12-31 16:35:20,884 - INFO - ['bc 8 8', 'bc 8 8', 'm u_2 e ', 'dst \'["bc 8 8", "bc 8 8", "m u_2 e"]\'']
2024-12-31 16:35:20,884 - INFO - num_cities:1
2024-12-31 16:35:20,885 - INFO - num_workers:1
2024-12-31 16:35:20,885 - INFO - num_carts:0
2024-12-31 16:35:20,885 - INFO - 
2024-12-31 16:35:20,891 - INFO - 63
2024-12-31 16:35:20,892 - INFO - 63
2024-12-31 16:35:20,892 - INFO - ['bc 3 8', 'bc 3 8', 'dst \'["bc 3 8", "bc 3 8"]\'']
2024-12-31 16:35:20,892 - INFO - num_cities:1
2024-12-31 16:35:20,892 - INFO - num_workers:1
2024-12-31 16:35:20,892 - INFO - num_carts:0
2024-12-31 16:35:20,892 - INFO - 
2024-12-31 16:35:20,892 - INFO - 63
2024-12-31 16:35:20,892 - INFO - 63
2024-12-31 16:35:20,892 - INFO - ['bc 8 8', 'bc 8 8', 'dst \'["bc 8 8", "bc 8 8"]\'']
2024-12-31 16:35:20,893 - INFO - num_cities:1
2024-12-31 16:35:20,893 - INFO - num_workers:1
2024-12-31 16:35:20,893 - INFO - num_carts:0
2024-12-31 16:35:20,893 - INFO - 
2024-12-31 16:35:20,903 - INFO - 64
2024-12-31 16:35:20,903 - INFO - 64
2024-12-31 16:35:20,904 - INFO - ['bc 3 8', 'bc 3 8', 'm u_1 n ', 'dst \'["bc 3 8", "bc 3 8", "m u_1 n"]\'']
2024-12-31 16:35:20,904 - INFO - num_cities:1
2024-12-31 16:35:20,904 - INFO - num_workers:1
2024-12-31 16:35:20,904 - INFO - num_carts:0
2024-12-31 16:35:20,904 - INFO - 
2024-12-31 16:35:20,904 - INFO - 64
2024-12-31 16:35:20,904 - INFO - 64
2024-12-31 16:35:20,904 - INFO - ['bc 8 8', 'bc 8 8', 'm u_2 n ', 'dst \'["bc 8 8", "bc 8 8", "m u_2 n"]\'']
2024-12-31 16:35:20,904 - INFO - num_cities:1
2024-12-31 16:35:20,905 - INFO - num_workers:1
2024-12-31 16:35:20,905 - INFO - num_carts:0
2024-12-31 16:35:20,905 - INFO - 
2024-12-31 16:35:20,912 - INFO - 65
2024-12-31 16:35:20,913 - INFO - 65
2024-12-31 16:35:20,913 - INFO - ['bc 3 8', 'bc 3 8', 'dst \'["bc 3 8", "bc 3 8"]\'']
2024-12-31 16:35:20,913 - INFO - num_cities:1
2024-12-31 16:35:20,913 - INFO - num_workers:1
2024-12-31 16:35:20,913 - INFO - num_carts:0
2024-12-31 16:35:20,913 - INFO - 
2024-12-31 16:35:20,913 - INFO - 65
2024-12-31 16:35:20,913 - INFO - 65
2024-12-31 16:35:20,913 - INFO - ['bc 8 8', 'bc 8 8', 'dst \'["bc 8 8", "bc 8 8"]\'']
2024-12-31 16:35:20,913 - INFO - num_cities:1
2024-12-31 16:35:20,913 - INFO - num_workers:1
2024-12-31 16:35:20,914 - INFO - num_carts:0
2024-12-31 16:35:20,914 - INFO - 
2024-12-31 16:35:20,920 - INFO - 66
2024-12-31 16:35:20,920 - INFO - 66
2024-12-31 16:35:20,921 - INFO - ['bc 3 8', 'bc 3 8', 'm u_1 c ', 'dst \'["bc 3 8", "bc 3 8", "m u_1 c"]\'']
2024-12-31 16:35:20,921 - INFO - num_cities:1
2024-12-31 16:35:20,921 - INFO - num_workers:1
2024-12-31 16:35:20,921 - INFO - num_carts:0
2024-12-31 16:35:20,921 - INFO - 
2024-12-31 16:35:20,921 - INFO - 66
2024-12-31 16:35:20,922 - INFO - 66
2024-12-31 16:35:20,922 - INFO - ['bc 8 8', 'bc 8 8', 'm u_2 c ', 'dst \'["bc 8 8", "bc 8 8", "m u_2 c"]\'']
2024-12-31 16:35:20,922 - INFO - num_cities:1
2024-12-31 16:35:20,922 - INFO - num_workers:1
2024-12-31 16:35:20,922 - INFO - num_carts:0
2024-12-31 16:35:20,922 - INFO - 
2024-12-31 16:35:20,929 - INFO - 67
2024-12-31 16:35:20,930 - INFO - 67
2024-12-31 16:35:20,930 - INFO - ['bc 3 8', 'bc 3 8', 'm u_1 e ', 'dst \'["bc 3 8", "bc 3 8", "m u_1 e"]\'']
2024-12-31 16:35:20,930 - INFO - num_cities:1
2024-12-31 16:35:20,930 - INFO - num_workers:1
2024-12-31 16:35:20,930 - INFO - num_carts:0
2024-12-31 16:35:20,930 - INFO - 
2024-12-31 16:35:20,930 - INFO - 67
2024-12-31 16:35:20,930 - INFO - 67
2024-12-31 16:35:20,931 - INFO - ['bc 8 8', 'bc 8 8', 'm u_2 w ', 'dst \'["bc 8 8", "bc 8 8", "m u_2 w"]\'']
2024-12-31 16:35:20,931 - INFO - num_cities:1
2024-12-31 16:35:20,931 - INFO - num_workers:1
2024-12-31 16:35:20,931 - INFO - num_carts:0
2024-12-31 16:35:20,931 - INFO - 
2024-12-31 16:35:20,938 - INFO - 68
2024-12-31 16:35:20,938 - INFO - 68
2024-12-31 16:35:20,938 - INFO - ['bc 3 8', 'bc 3 8', 'dst \'["bc 3 8", "bc 3 8"]\'']
2024-12-31 16:35:20,938 - INFO - num_cities:1
2024-12-31 16:35:20,938 - INFO - num_workers:1
2024-12-31 16:35:20,938 - INFO - num_carts:0
2024-12-31 16:35:20,938 - INFO - 
2024-12-31 16:35:20,939 - INFO - 68
2024-12-31 16:35:20,939 - INFO - 68
2024-12-31 16:35:20,939 - INFO - ['bc 8 8', 'bc 8 8', 'dst \'["bc 8 8", "bc 8 8"]\'']
2024-12-31 16:35:20,940 - INFO - num_cities:1
2024-12-31 16:35:20,940 - INFO - num_workers:1
2024-12-31 16:35:20,940 - INFO - num_carts:0
2024-12-31 16:35:20,940 - INFO - 
2024-12-31 16:35:20,947 - INFO - 69
2024-12-31 16:35:20,947 - INFO - 69
2024-12-31 16:35:20,947 - INFO - ['bc 3 8', 'bc 3 8', 'm u_1 e ', 'dst \'["bc 3 8", "bc 3 8", "m u_1 e"]\'']
2024-12-31 16:35:20,947 - INFO - num_cities:1
2024-12-31 16:35:20,947 - INFO - num_workers:1
2024-12-31 16:35:20,948 - INFO - num_carts:0
2024-12-31 16:35:20,948 - INFO - 
2024-12-31 16:35:20,948 - INFO - 69
2024-12-31 16:35:20,948 - INFO - 69
2024-12-31 16:35:20,948 - INFO - ['bc 8 8', 'bc 8 8', 'm u_2 w ', 'dst \'["bc 8 8", "bc 8 8", "m u_2 w"]\'']
2024-12-31 16:35:20,948 - INFO - num_cities:1
2024-12-31 16:35:20,948 - INFO - num_workers:1
2024-12-31 16:35:20,948 - INFO - num_carts:0
2024-12-31 16:35:20,948 - INFO - 
2024-12-31 16:35:20,955 - INFO - 70
2024-12-31 16:35:20,955 - INFO - 70
2024-12-31 16:35:20,956 - INFO - ['bc 3 8', 'bc 3 8', 'dst \'["bc 3 8", "bc 3 8"]\'']
2024-12-31 16:35:20,956 - INFO - num_cities:1
2024-12-31 16:35:20,956 - INFO - num_workers:1
2024-12-31 16:35:20,956 - INFO - num_carts:0
2024-12-31 16:35:20,956 - INFO - 
2024-12-31 16:35:20,956 - INFO - 70
2024-12-31 16:35:20,956 - INFO - 70
2024-12-31 16:35:20,956 - INFO - ['bc 8 8', 'bc 8 8', 'dst \'["bc 8 8", "bc 8 8"]\'']
2024-12-31 16:35:20,956 - INFO - num_cities:1
2024-12-31 16:35:20,956 - INFO - num_workers:1
2024-12-31 16:35:20,956 - INFO - num_carts:0
2024-12-31 16:35:20,956 - INFO - 
2024-12-31 16:35:20,963 - INFO - 71
2024-12-31 16:35:20,964 - INFO - 71
2024-12-31 16:35:20,964 - INFO - ['bc 3 8', 'bc 3 8', 'm u_1 c ', 'dst \'["bc 3 8", "bc 3 8", "m u_1 c"]\'']
2024-12-31 16:35:20,964 - INFO - num_cities:1
2024-12-31 16:35:20,964 - INFO - num_workers:1
2024-12-31 16:35:20,964 - INFO - num_carts:0
2024-12-31 16:35:20,964 - INFO - 
2024-12-31 16:35:20,965 - INFO - 71
2024-12-31 16:35:20,965 - INFO - 71
2024-12-31 16:35:20,965 - INFO - ['bc 8 8', 'bc 8 8', 'm u_2 c ', 'dst \'["bc 8 8", "bc 8 8", "m u_2 c"]\'']
2024-12-31 16:35:20,965 - INFO - num_cities:1
2024-12-31 16:35:20,965 - INFO - num_workers:1
2024-12-31 16:35:20,965 - INFO - num_carts:0
2024-12-31 16:35:20,965 - INFO - 
