2024-12-31 16:46:36,490 - INFO - 1
2024-12-31 16:46:36,491 - INFO - 1
2024-12-31 16:46:36,491 - INFO - ['bc 4 8', 'bc 4 8', 'm u_1 e ', 'dst \'["bc 4 8", "bc 4 8", "m u_1 e"]\'']
2024-12-31 16:46:36,491 - INFO - num_cities:1
2024-12-31 16:46:36,491 - INFO - num_workers:1
2024-12-31 16:46:36,491 - INFO - num_carts:0
2024-12-31 16:46:36,491 - INFO - 
2024-12-31 16:46:36,496 - INFO - 1
2024-12-31 16:46:36,497 - INFO - 1
2024-12-31 16:46:36,497 - INFO - ['bc 7 8', 'bc 7 8', 'm u_2 w ', 'dst \'["bc 7 8", "bc 7 8", "m u_2 w"]\'']
2024-12-31 16:46:36,497 - INFO - num_cities:1
2024-12-31 16:46:36,498 - INFO - num_workers:1
2024-12-31 16:46:36,498 - INFO - num_carts:0
2024-12-31 16:46:36,498 - INFO - 
2024-12-31 16:46:36,526 - INFO - 2
2024-12-31 16:46:36,526 - INFO - 2
2024-12-31 16:46:36,526 - INFO - ['bc 4 8', 'bc 4 8', 'dst \'["bc 4 8", "bc 4 8"]\'']
2024-12-31 16:46:36,526 - INFO - num_cities:1
2024-12-31 16:46:36,526 - INFO - num_workers:1
2024-12-31 16:46:36,526 - INFO - num_carts:0
2024-12-31 16:46:36,526 - INFO - 
2024-12-31 16:46:36,527 - INFO - 2
2024-12-31 16:46:36,528 - INFO - 2
2024-12-31 16:46:36,528 - INFO - ['bc 7 8', 'bc 7 8', 'dst \'["bc 7 8", "bc 7 8"]\'']
2024-12-31 16:46:36,528 - INFO - num_cities:1
2024-12-31 16:46:36,528 - INFO - num_workers:1
2024-12-31 16:46:36,528 - INFO - num_carts:0
2024-12-31 16:46:36,528 - INFO - 
2024-12-31 16:46:36,539 - INFO - 3
2024-12-31 16:46:36,539 - INFO - 3
2024-12-31 16:46:36,539 - INFO - ['bc 4 8', 'bc 4 8', 'm u_1 e ', 'dst \'["bc 4 8", "bc 4 8", "m u_1 e"]\'']
2024-12-31 16:46:36,539 - INFO - num_cities:1
2024-12-31 16:46:36,539 - INFO - num_workers:1
2024-12-31 16:46:36,539 - INFO - num_carts:0
2024-12-31 16:46:36,539 - INFO - 
2024-12-31 16:46:36,540 - INFO - 3
2024-12-31 16:46:36,541 - INFO - 3
2024-12-31 16:46:36,541 - INFO - ['bc 7 8', 'bc 7 8', 'm u_2 w ', 'dst \'["bc 7 8", "bc 7 8", "m u_2 w"]\'']
2024-12-31 16:46:36,541 - INFO - num_cities:1
2024-12-31 16:46:36,541 - INFO - num_workers:1
2024-12-31 16:46:36,541 - INFO - num_carts:0
2024-12-31 16:46:36,541 - INFO - 
2024-12-31 16:46:36,555 - INFO - 4
2024-12-31 16:46:36,556 - INFO - 4
2024-12-31 16:46:36,556 - INFO - ['bc 4 8', 'bc 4 8', 'dst \'["bc 4 8", "bc 4 8"]\'']
2024-12-31 16:46:36,556 - INFO - num_cities:1
2024-12-31 16:46:36,557 - INFO - num_workers:1
2024-12-31 16:46:36,557 - INFO - num_carts:0
2024-12-31 16:46:36,557 - INFO - 
2024-12-31 16:46:36,558 - INFO - 4
2024-12-31 16:46:36,558 - INFO - 4
2024-12-31 16:46:36,558 - INFO - ['bc 7 8', 'bc 7 8', 'dst \'["bc 7 8", "bc 7 8"]\'']
2024-12-31 16:46:36,558 - INFO - num_cities:1
2024-12-31 16:46:36,558 - INFO - num_workers:1
2024-12-31 16:46:36,558 - INFO - num_carts:0
2024-12-31 16:46:36,558 - INFO - 
2024-12-31 16:46:36,572 - INFO - 5
2024-12-31 16:46:36,572 - INFO - 5
2024-12-31 16:46:36,572 - INFO - ['bc 4 8', 'bc 4 8', 'm u_1 c ', 'dst \'["bc 4 8", "bc 4 8", "m u_1 c"]\'']
2024-12-31 16:46:36,573 - INFO - num_cities:1
2024-12-31 16:46:36,573 - INFO - num_workers:1
2024-12-31 16:46:36,573 - INFO - num_carts:0
2024-12-31 16:46:36,573 - INFO - 
2024-12-31 16:46:36,573 - INFO - 5
2024-12-31 16:46:36,574 - INFO - 5
2024-12-31 16:46:36,574 - INFO - ['bc 7 8', 'bc 7 8', 'm u_2 c ', 'dst \'["bc 7 8", "bc 7 8", "m u_2 c"]\'']
2024-12-31 16:46:36,574 - INFO - num_cities:1
2024-12-31 16:46:36,574 - INFO - num_workers:1
2024-12-31 16:46:36,574 - INFO - num_carts:0
2024-12-31 16:46:36,574 - INFO - 
2024-12-31 16:46:36,589 - INFO - 6
2024-12-31 16:46:36,590 - INFO - 6
2024-12-31 16:46:36,590 - INFO - ['bc 4 8', 'bc 4 8', 'bcity u_1', 'dst \'["bc 4 8", "bc 4 8", "bcity u_1"]\'']
2024-12-31 16:46:36,590 - INFO - num_cities:1
2024-12-31 16:46:36,590 - INFO - num_workers:1
2024-12-31 16:46:36,590 - INFO - num_carts:0
2024-12-31 16:46:36,590 - INFO - 
2024-12-31 16:46:36,592 - INFO - 6
2024-12-31 16:46:36,592 - INFO - 6
2024-12-31 16:46:36,592 - INFO - ['bc 7 8', 'bc 7 8', 'bcity u_2', 'dst \'["bc 7 8", "bc 7 8", "bcity u_2"]\'']
2024-12-31 16:46:36,592 - INFO - num_cities:1
2024-12-31 16:46:36,592 - INFO - num_workers:1
2024-12-31 16:46:36,593 - INFO - num_carts:0
2024-12-31 16:46:36,593 - INFO - 
2024-12-31 16:46:36,613 - INFO - 7
2024-12-31 16:46:36,613 - INFO - 7
2024-12-31 16:46:36,613 - INFO - ['bc 4 8', 'bc 6 8', 'bc 4 8', 'bc 6 8', 'm u_1 c ', 'dst \'["bc 4 8", "bc 6 8", "bc 4 8", "bc 6 8", "m u_1 c"]\'']
2024-12-31 16:46:36,613 - INFO - num_cities:2
2024-12-31 16:46:36,613 - INFO - num_workers:1
2024-12-31 16:46:36,613 - INFO - num_carts:0
2024-12-31 16:46:36,613 - INFO - 
2024-12-31 16:46:36,614 - INFO - 7
2024-12-31 16:46:36,614 - INFO - 7
2024-12-31 16:46:36,614 - INFO - ['bc 7 8', 'bc 5 8', 'bc 7 8', 'bc 5 8', 'm u_2 c ', 'dst \'["bc 7 8", "bc 5 8", "bc 7 8", "bc 5 8", "m u_2 c"]\'']
2024-12-31 16:46:36,615 - INFO - num_cities:2
2024-12-31 16:46:36,615 - INFO - num_workers:1
2024-12-31 16:46:36,615 - INFO - num_carts:0
2024-12-31 16:46:36,615 - INFO - 
2024-12-31 16:46:36,627 - INFO - 8
2024-12-31 16:46:36,628 - INFO - 8
2024-12-31 16:46:36,628 - INFO - ['bw 6 8  ', 'bc 4 8', 'bc 6 8', 'm u_1 c ', 'm u_3 n ', 'dst \'["bw 6 8", "bc 4 8", "bc 6 8", "m u_1 c", "m u_3 n"]\'']
2024-12-31 16:46:36,628 - INFO - num_cities:2
2024-12-31 16:46:36,628 - INFO - num_workers:1
2024-12-31 16:46:36,628 - INFO - num_carts:1
2024-12-31 16:46:36,628 - INFO - 
2024-12-31 16:46:36,629 - INFO - 8
2024-12-31 16:46:36,630 - INFO - 8
2024-12-31 16:46:36,630 - INFO - ['bw 5 8  ', 'bc 7 8', 'bc 5 8', 'm u_2 c ', 'm u_4 n ', 'dst \'["bw 5 8", "bc 7 8", "bc 5 8", "m u_2 c", "m u_4 n"]\'']
2024-12-31 16:46:36,630 - INFO - num_cities:2
2024-12-31 16:46:36,630 - INFO - num_workers:1
2024-12-31 16:46:36,630 - INFO - num_carts:1
2024-12-31 16:46:36,630 - INFO - 
2024-12-31 16:46:36,651 - INFO - 9
2024-12-31 16:46:36,651 - INFO - 9
2024-12-31 16:46:36,651 - INFO - ['bw 6 8  ', 'bc 4 8', 'bc 6 8', 'm u_1 e ', 'dst \'["bw 6 8", "bc 4 8", "bc 6 8", "m u_1 e"]\'']
2024-12-31 16:46:36,651 - INFO - num_cities:2
2024-12-31 16:46:36,651 - INFO - num_workers:1
2024-12-31 16:46:36,652 - INFO - num_carts:1
2024-12-31 16:46:36,652 - INFO - 
2024-12-31 16:46:36,653 - INFO - 9
2024-12-31 16:46:36,653 - INFO - 9
2024-12-31 16:46:36,653 - INFO - ['bw 5 8  ', 'bc 7 8', 'bc 5 8', 'm u_2 w ', 'dst \'["bw 5 8", "bc 7 8", "bc 5 8", "m u_2 w"]\'']
2024-12-31 16:46:36,653 - INFO - num_cities:2
2024-12-31 16:46:36,653 - INFO - num_workers:1
2024-12-31 16:46:36,653 - INFO - num_carts:1
2024-12-31 16:46:36,653 - INFO - 
2024-12-31 16:46:36,678 - INFO - 10
2024-12-31 16:46:36,678 - INFO - 10
2024-12-31 16:46:36,678 - INFO - ['bw 6 8  ', 'bc 4 8', 'bc 6 8', 'm u_1 w ', 'm u_3 s ', 'dst \'["bw 6 8", "bc 4 8", "bc 6 8", "m u_1 w", "m u_3 s"]\'']
2024-12-31 16:46:36,679 - INFO - num_cities:2
2024-12-31 16:46:36,679 - INFO - num_workers:1
2024-12-31 16:46:36,679 - INFO - num_carts:1
2024-12-31 16:46:36,679 - INFO - 
2024-12-31 16:46:36,680 - INFO - 10
2024-12-31 16:46:36,680 - INFO - 10
2024-12-31 16:46:36,680 - INFO - ['bw 5 8  ', 'bc 7 8', 'bc 5 8', 'm u_2 e ', 'm u_4 s ', 'dst \'["bw 5 8", "bc 7 8", "bc 5 8", "m u_2 e", "m u_4 s"]\'']
2024-12-31 16:46:36,680 - INFO - num_cities:2
2024-12-31 16:46:36,680 - INFO - num_workers:1
2024-12-31 16:46:36,680 - INFO - num_carts:1
2024-12-31 16:46:36,680 - INFO - 
2024-12-31 16:46:36,762 - INFO - 11
2024-12-31 16:46:36,763 - INFO - 11
2024-12-31 16:46:36,764 - INFO - ['bw 6 8  ', 'bc 4 8', 'bc 6 8', 'm u_1 s ', 'm u_3 c ', 'dst \'["bw 6 8", "bc 4 8", "bc 6 8", "m u_1 s", "m u_3 c"]\'']
2024-12-31 16:46:36,764 - INFO - num_cities:2
2024-12-31 16:46:36,764 - INFO - num_workers:1
2024-12-31 16:46:36,764 - INFO - num_carts:1
2024-12-31 16:46:36,764 - INFO - 
2024-12-31 16:46:36,765 - INFO - 11
2024-12-31 16:46:36,765 - INFO - 11
2024-12-31 16:46:36,765 - INFO - ['bw 5 8  ', 'bc 7 8', 'bc 5 8', 'm u_2 s ', 'm u_4 c ', 'dst \'["bw 5 8", "bc 7 8", "bc 5 8", "m u_2 s", "m u_4 c"]\'']
2024-12-31 16:46:36,765 - INFO - num_cities:2
2024-12-31 16:46:36,765 - INFO - num_workers:1
2024-12-31 16:46:36,765 - INFO - num_carts:1
2024-12-31 16:46:36,765 - INFO - 
2024-12-31 16:46:36,820 - INFO - 12
2024-12-31 16:46:36,820 - INFO - 12
2024-12-31 16:46:36,820 - INFO - ['bw 6 8  ', 'bc 4 8', 'bc 6 8', 'm u_3 c ', 'dst \'["bw 6 8", "bc 4 8", "bc 6 8", "m u_3 c"]\'']
2024-12-31 16:46:36,820 - INFO - num_cities:2
2024-12-31 16:46:36,820 - INFO - num_workers:1
2024-12-31 16:46:36,820 - INFO - num_carts:1
2024-12-31 16:46:36,821 - INFO - 
2024-12-31 16:46:36,821 - INFO - 12
2024-12-31 16:46:36,822 - INFO - 12
2024-12-31 16:46:36,822 - INFO - ['bw 5 8  ', 'bc 7 8', 'bc 5 8', 'm u_4 c ', 'dst \'["bw 5 8", "bc 7 8", "bc 5 8", "m u_4 c"]\'']
2024-12-31 16:46:36,822 - INFO - num_cities:2
2024-12-31 16:46:36,822 - INFO - num_workers:1
2024-12-31 16:46:36,822 - INFO - num_carts:1
2024-12-31 16:46:36,822 - INFO - 
2024-12-31 16:46:36,868 - INFO - 13
2024-12-31 16:46:36,868 - INFO - 13
2024-12-31 16:46:36,868 - INFO - ['bw 6 8  ', 'bc 4 8', 'bc 6 8', 'm u_1 s ', 'm u_3 s ', 'dst \'["bw 6 8", "bc 4 8", "bc 6 8", "m u_1 s", "m u_3 s"]\'']
2024-12-31 16:46:36,868 - INFO - num_cities:2
2024-12-31 16:46:36,869 - INFO - num_workers:1
2024-12-31 16:46:36,869 - INFO - num_carts:1
2024-12-31 16:46:36,869 - INFO - 
2024-12-31 16:46:36,870 - INFO - 13
2024-12-31 16:46:36,870 - INFO - 13
2024-12-31 16:46:36,870 - INFO - ['bw 5 8  ', 'bc 7 8', 'bc 5 8', 'm u_2 s ', 'm u_4 s ', 'dst \'["bw 5 8", "bc 7 8", "bc 5 8", "m u_2 s", "m u_4 s"]\'']
2024-12-31 16:46:36,870 - INFO - num_cities:2
2024-12-31 16:46:36,870 - INFO - num_workers:1
2024-12-31 16:46:36,870 - INFO - num_carts:1
2024-12-31 16:46:36,870 - INFO - 
2024-12-31 16:46:36,909 - INFO - 14
2024-12-31 16:46:36,909 - INFO - 14
2024-12-31 16:46:36,909 - INFO - ['bw 6 8  ', 'bc 4 8', 'bc 6 8', 'dst \'["bw 6 8", "bc 4 8", "bc 6 8"]\'']
2024-12-31 16:46:36,910 - INFO - num_cities:2
2024-12-31 16:46:36,910 - INFO - num_workers:1
2024-12-31 16:46:36,910 - INFO - num_carts:1
2024-12-31 16:46:36,910 - INFO - 
2024-12-31 16:46:36,911 - INFO - 14
2024-12-31 16:46:36,911 - INFO - 14
2024-12-31 16:46:36,911 - INFO - ['bw 5 8  ', 'bc 7 8', 'bc 5 8', 'dst \'["bw 5 8", "bc 7 8", "bc 5 8"]\'']
2024-12-31 16:46:36,911 - INFO - num_cities:2
2024-12-31 16:46:36,911 - INFO - num_workers:1
2024-12-31 16:46:36,911 - INFO - num_carts:1
2024-12-31 16:46:36,911 - INFO - 
2024-12-31 16:46:36,952 - INFO - 15
2024-12-31 16:46:36,952 - INFO - 15
2024-12-31 16:46:36,952 - INFO - ['bw 6 8  ', 'bc 4 8', 'bc 6 8', 'm u_1 n ', 'm u_3 e ', 'dst \'["bw 6 8", "bc 4 8", "bc 6 8", "m u_1 n", "m u_3 e"]\'']
2024-12-31 16:46:36,952 - INFO - num_cities:2
2024-12-31 16:46:36,953 - INFO - num_workers:1
2024-12-31 16:46:36,953 - INFO - num_carts:1
2024-12-31 16:46:36,953 - INFO - 
2024-12-31 16:46:36,954 - INFO - 15
2024-12-31 16:46:36,954 - INFO - 15
2024-12-31 16:46:36,954 - INFO - ['bw 5 8  ', 'bc 7 8', 'bc 5 8', 'm u_2 n ', 'm u_4 w ', 'dst \'["bw 5 8", "bc 7 8", "bc 5 8", "m u_2 n", "m u_4 w"]\'']
2024-12-31 16:46:36,954 - INFO - num_cities:2
2024-12-31 16:46:36,954 - INFO - num_workers:1
2024-12-31 16:46:36,955 - INFO - num_carts:1
2024-12-31 16:46:36,955 - INFO - 
2024-12-31 16:46:36,982 - INFO - 16
2024-12-31 16:46:36,982 - INFO - 16
2024-12-31 16:46:36,982 - INFO - ['bw 6 8  ', 'bc 4 8', 'bc 6 8', 'm u_1 n ', 'm u_3 w ', 'dst \'["bw 6 8", "bc 4 8", "bc 6 8", "m u_1 n", "m u_3 w"]\'']
2024-12-31 16:46:36,982 - INFO - num_cities:2
2024-12-31 16:46:36,982 - INFO - num_workers:1
2024-12-31 16:46:36,982 - INFO - num_carts:1
2024-12-31 16:46:36,982 - INFO - 
2024-12-31 16:46:36,983 - INFO - 16
2024-12-31 16:46:36,984 - INFO - 16
2024-12-31 16:46:36,984 - INFO - ['bw 5 8  ', 'bc 7 8', 'bc 5 8', 'm u_2 n ', 'm u_4 e ', 'dst \'["bw 5 8", "bc 7 8", "bc 5 8", "m u_2 n", "m u_4 e"]\'']
2024-12-31 16:46:36,984 - INFO - num_cities:2
2024-12-31 16:46:36,984 - INFO - num_workers:1
2024-12-31 16:46:36,984 - INFO - num_carts:1
2024-12-31 16:46:36,984 - INFO - 
2024-12-31 16:46:37,011 - INFO - 17
2024-12-31 16:46:37,011 - INFO - 17
2024-12-31 16:46:37,011 - INFO - ['bw 4 8  ', 'bw 6 8  ', 'bc 4 8', 'bc 6 8', 'dst \'["bw 4 8", "bw 6 8", "bc 4 8", "bc 6 8"]\'']
2024-12-31 16:46:37,012 - INFO - num_cities:2
2024-12-31 16:46:37,012 - INFO - num_workers:1
2024-12-31 16:46:37,012 - INFO - num_carts:1
2024-12-31 16:46:37,012 - INFO - 
2024-12-31 16:46:37,013 - INFO - 17
2024-12-31 16:46:37,013 - INFO - 17
2024-12-31 16:46:37,013 - INFO - ['bw 7 8  ', 'bw 5 8  ', 'bc 7 8', 'bc 5 8', 'dst \'["bw 7 8", "bw 5 8", "bc 7 8", "bc 5 8"]\'']
2024-12-31 16:46:37,013 - INFO - num_cities:2
2024-12-31 16:46:37,013 - INFO - num_workers:1
2024-12-31 16:46:37,013 - INFO - num_carts:1
2024-12-31 16:46:37,013 - INFO - 
2024-12-31 16:46:37,036 - INFO - 18
2024-12-31 16:46:37,037 - INFO - 18
2024-12-31 16:46:37,037 - INFO - ['bw 4 8  ', 'bw 6 8  ', 'bc 4 8', 'bc 6 8', 'm u_1 c ', 'm u_3 c ', 'dst \'["bw 4 8", "bw 6 8", "bc 4 8", "bc 6 8", "m u_1 c", "m u_3 c"]\'']
2024-12-31 16:46:37,037 - INFO - num_cities:2
2024-12-31 16:46:37,037 - INFO - num_workers:1
2024-12-31 16:46:37,037 - INFO - num_carts:1
2024-12-31 16:46:37,037 - INFO - 
2024-12-31 16:46:37,037 - INFO - 18
2024-12-31 16:46:37,039 - INFO - 18
2024-12-31 16:46:37,039 - INFO - ['bw 7 8  ', 'bw 5 8  ', 'bc 7 8', 'bc 5 8', 'm u_2 c ', 'm u_4 c ', 'dst \'["bw 7 8", "bw 5 8", "bc 7 8", "bc 5 8", "m u_2 c", "m u_4 c"]\'']
2024-12-31 16:46:37,039 - INFO - num_cities:2
2024-12-31 16:46:37,039 - INFO - num_workers:1
2024-12-31 16:46:37,039 - INFO - num_carts:1
2024-12-31 16:46:37,039 - INFO - 
2024-12-31 16:46:37,055 - INFO - 19
2024-12-31 16:46:37,055 - INFO - 19
2024-12-31 16:46:37,056 - INFO - ['bw 4 8  ', 'bw 6 8  ', 'bc 4 8', 'bc 6 8', 'm u_1 s ', 'm u_3 w ', 'dst \'["bw 4 8", "bw 6 8", "bc 4 8", "bc 6 8", "m u_1 s", "m u_3 w"]\'']
2024-12-31 16:46:37,056 - INFO - num_cities:2
2024-12-31 16:46:37,056 - INFO - num_workers:1
2024-12-31 16:46:37,056 - INFO - num_carts:1
2024-12-31 16:46:37,056 - INFO - 
2024-12-31 16:46:37,057 - INFO - 19
2024-12-31 16:46:37,057 - INFO - 19
2024-12-31 16:46:37,057 - INFO - ['bw 7 8  ', 'bw 5 8  ', 'bc 7 8', 'bc 5 8', 'm u_2 s ', 'm u_4 e ', 'dst \'["bw 7 8", "bw 5 8", "bc 7 8", "bc 5 8", "m u_2 s", "m u_4 e"]\'']
2024-12-31 16:46:37,057 - INFO - num_cities:2
2024-12-31 16:46:37,057 - INFO - num_workers:1
2024-12-31 16:46:37,057 - INFO - num_carts:1
2024-12-31 16:46:37,057 - INFO - 
2024-12-31 16:46:37,075 - INFO - 20
2024-12-31 16:46:37,075 - INFO - 20
2024-12-31 16:46:37,076 - INFO - ['bw 4 8  ', 'bw 6 8  ', 'bc 4 8', 'bc 6 8', 'dst \'["bw 4 8", "bw 6 8", "bc 4 8", "bc 6 8"]\'']
2024-12-31 16:46:37,076 - INFO - num_cities:2
2024-12-31 16:46:37,076 - INFO - num_workers:1
2024-12-31 16:46:37,076 - INFO - num_carts:1
2024-12-31 16:46:37,076 - INFO - 
2024-12-31 16:46:37,077 - INFO - 20
2024-12-31 16:46:37,077 - INFO - 20
2024-12-31 16:46:37,077 - INFO - ['bw 7 8  ', 'bw 5 8  ', 'bc 7 8', 'bc 5 8', 'dst \'["bw 7 8", "bw 5 8", "bc 7 8", "bc 5 8"]\'']
2024-12-31 16:46:37,077 - INFO - num_cities:2
2024-12-31 16:46:37,077 - INFO - num_workers:1
2024-12-31 16:46:37,077 - INFO - num_carts:1
2024-12-31 16:46:37,077 - INFO - 
2024-12-31 16:46:37,099 - INFO - 21
2024-12-31 16:46:37,099 - INFO - 21
2024-12-31 16:46:37,099 - INFO - ['bw 4 8  ', 'bw 6 8  ', 'bc 4 8', 'bc 6 8', 'm u_1 c ', 'm u_3 e ', 'dst \'["bw 4 8", "bw 6 8", "bc 4 8", "bc 6 8", "m u_1 c", "m u_3 e"]\'']
2024-12-31 16:46:37,100 - INFO - num_cities:2
2024-12-31 16:46:37,100 - INFO - num_workers:1
2024-12-31 16:46:37,100 - INFO - num_carts:1
2024-12-31 16:46:37,100 - INFO - 
2024-12-31 16:46:37,101 - INFO - 21
2024-12-31 16:46:37,101 - INFO - 21
2024-12-31 16:46:37,101 - INFO - ['bw 7 8  ', 'bw 5 8  ', 'bc 7 8', 'bc 5 8', 'm u_2 c ', 'm u_4 w ', 'dst \'["bw 7 8", "bw 5 8", "bc 7 8", "bc 5 8", "m u_2 c", "m u_4 w"]\'']
2024-12-31 16:46:37,102 - INFO - num_cities:2
2024-12-31 16:46:37,102 - INFO - num_workers:1
2024-12-31 16:46:37,102 - INFO - num_carts:1
2024-12-31 16:46:37,102 - INFO - 
2024-12-31 16:46:37,128 - INFO - 22
2024-12-31 16:46:37,128 - INFO - 22
2024-12-31 16:46:37,128 - INFO - ['bw 4 8  ', 'bw 6 8  ', 'bc 4 8', 'bc 6 8', 'm u_1 e ', 'm u_3 n ', 'dst \'["bw 4 8", "bw 6 8", "bc 4 8", "bc 6 8", "m u_1 e", "m u_3 n"]\'']
2024-12-31 16:46:37,128 - INFO - num_cities:2
2024-12-31 16:46:37,128 - INFO - num_workers:1
2024-12-31 16:46:37,128 - INFO - num_carts:1
2024-12-31 16:46:37,128 - INFO - 
2024-12-31 16:46:37,130 - INFO - 22
2024-12-31 16:46:37,130 - INFO - 22
2024-12-31 16:46:37,130 - INFO - ['bw 7 8  ', 'bw 5 8  ', 'bc 7 8', 'bc 5 8', 'm u_2 w ', 'm u_4 n ', 'dst \'["bw 7 8", "bw 5 8", "bc 7 8", "bc 5 8", "m u_2 w", "m u_4 n"]\'']
2024-12-31 16:46:37,131 - INFO - num_cities:2
2024-12-31 16:46:37,131 - INFO - num_workers:1
2024-12-31 16:46:37,131 - INFO - num_carts:1
2024-12-31 16:46:37,131 - INFO - 
2024-12-31 16:46:37,153 - INFO - 23
2024-12-31 16:46:37,154 - INFO - 23
2024-12-31 16:46:37,154 - INFO - ['bw 4 8  ', 'bw 6 8  ', 'bc 4 8', 'bc 6 8', 'dst \'["bw 4 8", "bw 6 8", "bc 4 8", "bc 6 8"]\'']
2024-12-31 16:46:37,154 - INFO - num_cities:2
2024-12-31 16:46:37,154 - INFO - num_workers:1
2024-12-31 16:46:37,154 - INFO - num_carts:1
2024-12-31 16:46:37,154 - INFO - 
2024-12-31 16:46:37,155 - INFO - 23
2024-12-31 16:46:37,155 - INFO - 23
2024-12-31 16:46:37,155 - INFO - ['bw 7 8  ', 'bw 5 8  ', 'bc 7 8', 'bc 5 8', 'dst \'["bw 7 8", "bw 5 8", "bc 7 8", "bc 5 8"]\'']
2024-12-31 16:46:37,155 - INFO - num_cities:2
2024-12-31 16:46:37,155 - INFO - num_workers:1
2024-12-31 16:46:37,155 - INFO - num_carts:1
2024-12-31 16:46:37,155 - INFO - 
2024-12-31 16:46:37,178 - INFO - 24
2024-12-31 16:46:37,179 - INFO - 24
2024-12-31 16:46:37,179 - INFO - ['bw 4 8  ', 'bw 6 8  ', 'bc 4 8', 'bc 6 8', 'm u_1 n ', 'm u_3 s ', 'dst \'["bw 4 8", "bw 6 8", "bc 4 8", "bc 6 8", "m u_1 n", "m u_3 s"]\'']
2024-12-31 16:46:37,179 - INFO - num_cities:2
2024-12-31 16:46:37,179 - INFO - num_workers:1
2024-12-31 16:46:37,179 - INFO - num_carts:1
2024-12-31 16:46:37,179 - INFO - 
2024-12-31 16:46:37,181 - INFO - 24
2024-12-31 16:46:37,181 - INFO - 24
2024-12-31 16:46:37,181 - INFO - ['bw 7 8  ', 'bw 5 8  ', 'bc 7 8', 'bc 5 8', 'm u_2 n ', 'm u_4 s ', 'dst \'["bw 7 8", "bw 5 8", "bc 7 8", "bc 5 8", "m u_2 n", "m u_4 s"]\'']
2024-12-31 16:46:37,181 - INFO - num_cities:2
2024-12-31 16:46:37,181 - INFO - num_workers:1
2024-12-31 16:46:37,181 - INFO - num_carts:1
2024-12-31 16:46:37,181 - INFO - 
2024-12-31 16:46:37,210 - INFO - 25
2024-12-31 16:46:37,210 - INFO - 25
2024-12-31 16:46:37,210 - INFO - ['bw 4 8  ', 'bw 6 8  ', 'bc 4 8', 'bc 6 8', 'm u_1 e ', 'm u_3 s ', 'dst \'["bw 4 8", "bw 6 8", "bc 4 8", "bc 6 8", "m u_1 e", "m u_3 s"]\'']
2024-12-31 16:46:37,210 - INFO - num_cities:2
2024-12-31 16:46:37,210 - INFO - num_workers:1
2024-12-31 16:46:37,210 - INFO - num_carts:1
2024-12-31 16:46:37,210 - INFO - 
2024-12-31 16:46:37,211 - INFO - 25
2024-12-31 16:46:37,212 - INFO - 25
2024-12-31 16:46:37,212 - INFO - ['bw 7 8  ', 'bw 5 8  ', 'bc 7 8', 'bc 5 8', 'm u_2 w ', 'm u_4 s ', 'dst \'["bw 7 8", "bw 5 8", "bc 7 8", "bc 5 8", "m u_2 w", "m u_4 s"]\'']
2024-12-31 16:46:37,212 - INFO - num_cities:2
2024-12-31 16:46:37,212 - INFO - num_workers:1
2024-12-31 16:46:37,212 - INFO - num_carts:1
2024-12-31 16:46:37,212 - INFO - 
2024-12-31 16:46:37,243 - INFO - 26
2024-12-31 16:46:37,244 - INFO - 26
2024-12-31 16:46:37,244 - INFO - ['bw 4 8  ', 'bw 6 8  ', 'bc 4 8', 'bc 6 8', 'm u_1 w ', 'dst \'["bw 4 8", "bw 6 8", "bc 4 8", "bc 6 8", "m u_1 w"]\'']
2024-12-31 16:46:37,244 - INFO - num_cities:2
2024-12-31 16:46:37,244 - INFO - num_workers:1
2024-12-31 16:46:37,244 - INFO - num_carts:1
2024-12-31 16:46:37,244 - INFO - 
2024-12-31 16:46:37,245 - INFO - 26
2024-12-31 16:46:37,245 - INFO - 26
2024-12-31 16:46:37,245 - INFO - ['bw 7 8  ', 'bw 5 8  ', 'bc 7 8', 'bc 5 8', 'm u_2 e ', 'dst \'["bw 7 8", "bw 5 8", "bc 7 8", "bc 5 8", "m u_2 e"]\'']
2024-12-31 16:46:37,246 - INFO - num_cities:2
2024-12-31 16:46:37,246 - INFO - num_workers:1
2024-12-31 16:46:37,246 - INFO - num_carts:1
2024-12-31 16:46:37,246 - INFO - 
2024-12-31 16:46:37,262 - INFO - 27
2024-12-31 16:46:37,263 - INFO - 27
2024-12-31 16:46:37,263 - INFO - ['bw 4 8  ', 'bw 6 8  ', 'bc 4 8', 'bc 6 8', 'm u_1 c ', 'm u_3 c ', 'dst \'["bw 4 8", "bw 6 8", "bc 4 8", "bc 6 8", "m u_1 c", "m u_3 c"]\'']
2024-12-31 16:46:37,263 - INFO - num_cities:2
2024-12-31 16:46:37,263 - INFO - num_workers:1
2024-12-31 16:46:37,263 - INFO - num_carts:1
2024-12-31 16:46:37,263 - INFO - 
2024-12-31 16:46:37,264 - INFO - 27
2024-12-31 16:46:37,264 - INFO - 27
2024-12-31 16:46:37,264 - INFO - ['bw 7 8  ', 'bw 5 8  ', 'bc 7 8', 'bc 5 8', 'm u_2 c ', 'm u_4 c ', 'dst \'["bw 7 8", "bw 5 8", "bc 7 8", "bc 5 8", "m u_2 c", "m u_4 c"]\'']
2024-12-31 16:46:37,264 - INFO - num_cities:2
2024-12-31 16:46:37,264 - INFO - num_workers:1
2024-12-31 16:46:37,264 - INFO - num_carts:1
2024-12-31 16:46:37,265 - INFO - 
2024-12-31 16:46:37,293 - INFO - 28
2024-12-31 16:46:37,293 - INFO - 28
2024-12-31 16:46:37,293 - INFO - ['bw 4 8  ', 'bw 6 8  ', 'bc 4 8', 'bc 6 8', 'm u_1 c ', 'm u_3 n ', 'dst \'["bw 4 8", "bw 6 8", "bc 4 8", "bc 6 8", "m u_1 c", "m u_3 n"]\'']
2024-12-31 16:46:37,293 - INFO - num_cities:2
2024-12-31 16:46:37,293 - INFO - num_workers:1
2024-12-31 16:46:37,294 - INFO - num_carts:1
2024-12-31 16:46:37,294 - INFO - 
2024-12-31 16:46:37,295 - INFO - 28
2024-12-31 16:46:37,296 - INFO - 28
2024-12-31 16:46:37,296 - INFO - ['bw 7 8  ', 'bw 5 8  ', 'bc 7 8', 'bc 5 8', 'm u_2 c ', 'm u_4 n ', 'dst \'["bw 7 8", "bw 5 8", "bc 7 8", "bc 5 8", "m u_2 c", "m u_4 n"]\'']
2024-12-31 16:46:37,296 - INFO - num_cities:2
2024-12-31 16:46:37,296 - INFO - num_workers:1
2024-12-31 16:46:37,296 - INFO - num_carts:1
2024-12-31 16:46:37,296 - INFO - 
2024-12-31 16:46:37,322 - INFO - 29
2024-12-31 16:46:37,323 - INFO - 29
2024-12-31 16:46:37,323 - INFO - ['bw 4 8  ', 'bw 6 8  ', 'bc 4 8', 'bc 6 8', 'm u_1 n ', 'm u_3 c ', 'dst \'["bw 4 8", "bw 6 8", "bc 4 8", "bc 6 8", "m u_1 n", "m u_3 c"]\'']
2024-12-31 16:46:37,323 - INFO - num_cities:2
2024-12-31 16:46:37,323 - INFO - num_workers:1
2024-12-31 16:46:37,323 - INFO - num_carts:1
2024-12-31 16:46:37,323 - INFO - 
2024-12-31 16:46:37,325 - INFO - 29
2024-12-31 16:46:37,325 - INFO - 29
2024-12-31 16:46:37,325 - INFO - ['bw 7 8  ', 'bw 5 8  ', 'bc 7 8', 'bc 5 8', 'm u_2 n ', 'm u_4 c ', 'dst \'["bw 7 8", "bw 5 8", "bc 7 8", "bc 5 8", "m u_2 n", "m u_4 c"]\'']
2024-12-31 16:46:37,325 - INFO - num_cities:2
2024-12-31 16:46:37,326 - INFO - num_workers:1
2024-12-31 16:46:37,326 - INFO - num_carts:1
2024-12-31 16:46:37,326 - INFO - 
2024-12-31 16:46:37,347 - INFO - 30
2024-12-31 16:46:37,347 - INFO - 30
2024-12-31 16:46:37,347 - INFO - ['bw 4 8  ', 'bw 6 8  ', 'bc 4 8', 'bc 6 8', 'm u_1 s ', 'm u_3 w ', 'dst \'["bw 4 8", "bw 6 8", "bc 4 8", "bc 6 8", "m u_1 s", "m u_3 w"]\'']
2024-12-31 16:46:37,347 - INFO - num_cities:2
2024-12-31 16:46:37,347 - INFO - num_workers:1
2024-12-31 16:46:37,347 - INFO - num_carts:1
2024-12-31 16:46:37,347 - INFO - 
2024-12-31 16:46:37,348 - INFO - 30
2024-12-31 16:46:37,349 - INFO - 30
2024-12-31 16:46:37,349 - INFO - ['bw 7 8  ', 'bw 5 8  ', 'bc 7 8', 'bc 5 8', 'm u_2 s ', 'm u_4 e ', 'dst \'["bw 7 8", "bw 5 8", "bc 7 8", "bc 5 8", "m u_2 s", "m u_4 e"]\'']
2024-12-31 16:46:37,349 - INFO - num_cities:2
2024-12-31 16:46:37,349 - INFO - num_workers:1
2024-12-31 16:46:37,350 - INFO - num_carts:1
2024-12-31 16:46:37,350 - INFO - 
2024-12-31 16:46:37,365 - INFO - 31
2024-12-31 16:46:37,365 - INFO - 31
2024-12-31 16:46:37,365 - INFO - ['bw 4 8  ', 'bw 6 8  ', 'bc 4 8', 'bc 6 8', 'm u_3 s ', 'dst \'["bw 4 8", "bw 6 8", "bc 4 8", "bc 6 8", "m u_3 s"]\'']
2024-12-31 16:46:37,366 - INFO - num_cities:2
2024-12-31 16:46:37,366 - INFO - num_workers:1
2024-12-31 16:46:37,366 - INFO - num_carts:1
2024-12-31 16:46:37,366 - INFO - 
2024-12-31 16:46:37,367 - INFO - 31
2024-12-31 16:46:37,367 - INFO - 31
2024-12-31 16:46:37,368 - INFO - ['bw 7 8  ', 'bw 5 8  ', 'bc 7 8', 'bc 5 8', 'm u_4 s ', 'dst \'["bw 7 8", "bw 5 8", "bc 7 8", "bc 5 8", "m u_4 s"]\'']
2024-12-31 16:46:37,368 - INFO - num_cities:2
2024-12-31 16:46:37,368 - INFO - num_workers:1
2024-12-31 16:46:37,368 - INFO - num_carts:1
2024-12-31 16:46:37,368 - INFO - 
2024-12-31 16:46:37,384 - INFO - 32
2024-12-31 16:46:37,384 - INFO - 32
2024-12-31 16:46:37,384 - INFO - ['bw 6 8  ', 'bc 6 8', 'dst \'["bw 6 8", "bc 6 8"]\'']
2024-12-31 16:46:37,384 - INFO - num_cities:1
2024-12-31 16:46:37,384 - INFO - num_workers:0
2024-12-31 16:46:37,385 - INFO - num_carts:0
2024-12-31 16:46:37,385 - INFO - 
2024-12-31 16:46:37,386 - INFO - 32
2024-12-31 16:46:37,386 - INFO - 32
2024-12-31 16:46:37,387 - INFO - ['bw 5 8  ', 'bc 5 8', 'dst \'["bw 5 8", "bc 5 8"]\'']
2024-12-31 16:46:37,388 - INFO - num_cities:1
2024-12-31 16:46:37,388 - INFO - num_workers:0
2024-12-31 16:46:37,388 - INFO - num_carts:0
2024-12-31 16:46:37,388 - INFO - 
2024-12-31 16:46:37,406 - INFO - 33
2024-12-31 16:46:37,406 - INFO - 33
2024-12-31 16:46:37,406 - INFO - ['bc 6 8', 'm u_5 s ', 'dst \'["bc 6 8", "m u_5 s"]\'']
2024-12-31 16:46:37,406 - INFO - num_cities:1
2024-12-31 16:46:37,406 - INFO - num_workers:1
2024-12-31 16:46:37,406 - INFO - num_carts:0
2024-12-31 16:46:37,406 - INFO - 
2024-12-31 16:46:37,407 - INFO - 33
2024-12-31 16:46:37,407 - INFO - 33
2024-12-31 16:46:37,408 - INFO - ['bc 5 8', 'm u_6 s ', 'dst \'["bc 5 8", "m u_6 s"]\'']
2024-12-31 16:46:37,408 - INFO - num_cities:1
2024-12-31 16:46:37,408 - INFO - num_workers:1
2024-12-31 16:46:37,408 - INFO - num_carts:0
2024-12-31 16:46:37,408 - INFO - 
2024-12-31 16:46:37,424 - INFO - 34
2024-12-31 16:46:37,425 - INFO - 34
2024-12-31 16:46:37,425 - INFO - ['bc 6 8', 'dst \'["bc 6 8"]\'']
2024-12-31 16:46:37,425 - INFO - num_cities:1
2024-12-31 16:46:37,425 - INFO - num_workers:0
2024-12-31 16:46:37,425 - INFO - num_carts:0
2024-12-31 16:46:37,425 - INFO - 
2024-12-31 16:46:37,427 - INFO - 34
2024-12-31 16:46:37,427 - INFO - 34
2024-12-31 16:46:37,427 - INFO - ['bc 5 8', 'dst \'["bc 5 8"]\'']
2024-12-31 16:46:37,427 - INFO - num_cities:1
2024-12-31 16:46:37,427 - INFO - num_workers:0
2024-12-31 16:46:37,427 - INFO - num_carts:0
2024-12-31 16:46:37,428 - INFO - 
2024-12-31 16:46:37,442 - INFO - 35
2024-12-31 16:46:37,442 - INFO - 35
2024-12-31 16:46:37,442 - INFO - ['bc 6 8', 'dst \'["bc 6 8"]\'']
2024-12-31 16:46:37,442 - INFO - num_cities:1
2024-12-31 16:46:37,442 - INFO - num_workers:0
2024-12-31 16:46:37,442 - INFO - num_carts:0
2024-12-31 16:46:37,443 - INFO - 
2024-12-31 16:46:37,444 - INFO - 35
2024-12-31 16:46:37,444 - INFO - 35
2024-12-31 16:46:37,444 - INFO - ['bc 5 8', 'dst \'["bc 5 8"]\'']
2024-12-31 16:46:37,445 - INFO - num_cities:1
2024-12-31 16:46:37,445 - INFO - num_workers:0
2024-12-31 16:46:37,445 - INFO - num_carts:0
2024-12-31 16:46:37,445 - INFO - 
2024-12-31 16:46:37,462 - INFO - 36
2024-12-31 16:46:37,462 - INFO - 36
2024-12-31 16:46:37,463 - INFO - ['bc 6 8', 'dst \'["bc 6 8"]\'']
2024-12-31 16:46:37,463 - INFO - num_cities:1
2024-12-31 16:46:37,463 - INFO - num_workers:0
2024-12-31 16:46:37,463 - INFO - num_carts:0
2024-12-31 16:46:37,463 - INFO - 
2024-12-31 16:46:37,465 - INFO - 36
2024-12-31 16:46:37,465 - INFO - 36
2024-12-31 16:46:37,465 - INFO - ['bc 5 8', 'dst \'["bc 5 8"]\'']
2024-12-31 16:46:37,465 - INFO - num_cities:1
2024-12-31 16:46:37,465 - INFO - num_workers:0
2024-12-31 16:46:37,465 - INFO - num_carts:0
2024-12-31 16:46:37,465 - INFO - 
