2024-12-31 16:37:32,598 - INFO - 1
2024-12-31 16:37:32,599 - INFO - 1
2024-12-31 16:37:32,599 - INFO - ['bc 4 8', 'bc 4 8', 'm u_1 e ', 'dst \'["bc 4 8", "bc 4 8", "m u_1 e"]\'']
2024-12-31 16:37:32,599 - INFO - num_cities:1
2024-12-31 16:37:32,599 - INFO - num_workers:1
2024-12-31 16:37:32,599 - INFO - num_carts:0
2024-12-31 16:37:32,599 - INFO - 
2024-12-31 16:37:32,602 - INFO - 1
2024-12-31 16:37:32,603 - INFO - 1
2024-12-31 16:37:32,603 - INFO - ['bc 7 8', 'bc 7 8', 'm u_2 w ', 'dst \'["bc 7 8", "bc 7 8", "m u_2 w"]\'']
2024-12-31 16:37:32,603 - INFO - num_cities:1
2024-12-31 16:37:32,603 - INFO - num_workers:1
2024-12-31 16:37:32,603 - INFO - num_carts:0
2024-12-31 16:37:32,603 - INFO - 
2024-12-31 16:37:32,617 - INFO - 2
2024-12-31 16:37:32,618 - INFO - 2
2024-12-31 16:37:32,618 - INFO - ['bc 4 8', 'bc 4 8', 'dst \'["bc 4 8", "bc 4 8"]\'']
2024-12-31 16:37:32,618 - INFO - num_cities:1
2024-12-31 16:37:32,618 - INFO - num_workers:1
2024-12-31 16:37:32,618 - INFO - num_carts:0
2024-12-31 16:37:32,618 - INFO - 
2024-12-31 16:37:32,619 - INFO - 2
2024-12-31 16:37:32,619 - INFO - 2
2024-12-31 16:37:32,619 - INFO - ['bc 7 8', 'bc 7 8', 'dst \'["bc 7 8", "bc 7 8"]\'']
2024-12-31 16:37:32,619 - INFO - num_cities:1
2024-12-31 16:37:32,619 - INFO - num_workers:1
2024-12-31 16:37:32,619 - INFO - num_carts:0
2024-12-31 16:37:32,619 - INFO - 
2024-12-31 16:37:32,628 - INFO - 3
2024-12-31 16:37:32,628 - INFO - 3
2024-12-31 16:37:32,628 - INFO - ['bc 4 8', 'bc 4 8', 'm u_1 e ', 'dst \'["bc 4 8", "bc 4 8", "m u_1 e"]\'']
2024-12-31 16:37:32,628 - INFO - num_cities:1
2024-12-31 16:37:32,628 - INFO - num_workers:1
2024-12-31 16:37:32,629 - INFO - num_carts:0
2024-12-31 16:37:32,629 - INFO - 
2024-12-31 16:37:32,630 - INFO - 3
2024-12-31 16:37:32,630 - INFO - 3
2024-12-31 16:37:32,630 - INFO - ['bc 7 8', 'bc 7 8', 'm u_2 w ', 'dst \'["bc 7 8", "bc 7 8", "m u_2 w"]\'']
2024-12-31 16:37:32,630 - INFO - num_cities:1
2024-12-31 16:37:32,630 - INFO - num_workers:1
2024-12-31 16:37:32,630 - INFO - num_carts:0
2024-12-31 16:37:32,630 - INFO - 
2024-12-31 16:37:32,646 - INFO - 4
2024-12-31 16:37:32,647 - INFO - 4
2024-12-31 16:37:32,647 - INFO - ['bc 4 8', 'bc 4 8', 'dst \'["bc 4 8", "bc 4 8"]\'']
2024-12-31 16:37:32,647 - INFO - num_cities:1
2024-12-31 16:37:32,647 - INFO - num_workers:1
2024-12-31 16:37:32,647 - INFO - num_carts:0
2024-12-31 16:37:32,647 - INFO - 
2024-12-31 16:37:32,648 - INFO - 4
2024-12-31 16:37:32,648 - INFO - 4
2024-12-31 16:37:32,648 - INFO - ['bc 7 8', 'bc 7 8', 'dst \'["bc 7 8", "bc 7 8"]\'']
2024-12-31 16:37:32,648 - INFO - num_cities:1
2024-12-31 16:37:32,648 - INFO - num_workers:1
2024-12-31 16:37:32,648 - INFO - num_carts:0
2024-12-31 16:37:32,648 - INFO - 
2024-12-31 16:37:32,657 - INFO - 5
2024-12-31 16:37:32,657 - INFO - 5
2024-12-31 16:37:32,657 - INFO - ['bc 4 8', 'bc 4 8', 'm u_1 c ', 'dst \'["bc 4 8", "bc 4 8", "m u_1 c"]\'']
2024-12-31 16:37:32,657 - INFO - num_cities:1
2024-12-31 16:37:32,657 - INFO - num_workers:1
2024-12-31 16:37:32,657 - INFO - num_carts:0
2024-12-31 16:37:32,657 - INFO - 
2024-12-31 16:37:32,658 - INFO - 5
2024-12-31 16:37:32,658 - INFO - 5
2024-12-31 16:37:32,658 - INFO - ['bc 7 8', 'bc 7 8', 'm u_2 c ', 'dst \'["bc 7 8", "bc 7 8", "m u_2 c"]\'']
2024-12-31 16:37:32,659 - INFO - num_cities:1
2024-12-31 16:37:32,659 - INFO - num_workers:1
2024-12-31 16:37:32,659 - INFO - num_carts:0
2024-12-31 16:37:32,659 - INFO - 
2024-12-31 16:37:32,669 - INFO - 6
2024-12-31 16:37:32,669 - INFO - 6
2024-12-31 16:37:32,669 - INFO - ['bc 4 8', 'bc 4 8', 'bcity u_1', 'dst \'["bc 4 8", "bc 4 8", "bcity u_1"]\'']
2024-12-31 16:37:32,669 - INFO - num_cities:1
2024-12-31 16:37:32,670 - INFO - num_workers:1
2024-12-31 16:37:32,670 - INFO - num_carts:0
2024-12-31 16:37:32,670 - INFO - 
2024-12-31 16:37:32,670 - INFO - 6
2024-12-31 16:37:32,670 - INFO - 6
2024-12-31 16:37:32,670 - INFO - ['bc 7 8', 'bc 7 8', 'bcity u_2', 'dst \'["bc 7 8", "bc 7 8", "bcity u_2"]\'']
2024-12-31 16:37:32,670 - INFO - num_cities:1
2024-12-31 16:37:32,670 - INFO - num_workers:1
2024-12-31 16:37:32,670 - INFO - num_carts:0
2024-12-31 16:37:32,671 - INFO - 
2024-12-31 16:37:32,680 - INFO - 7
2024-12-31 16:37:32,680 - INFO - 7
2024-12-31 16:37:32,680 - INFO - ['bc 4 8', 'bc 6 8', 'bc 4 8', 'bc 6 8', 'm u_1 c ', 'dst \'["bc 4 8", "bc 6 8", "bc 4 8", "bc 6 8", "m u_1 c"]\'']
2024-12-31 16:37:32,680 - INFO - num_cities:2
2024-12-31 16:37:32,680 - INFO - num_workers:1
2024-12-31 16:37:32,681 - INFO - num_carts:0
2024-12-31 16:37:32,681 - INFO - 
2024-12-31 16:37:32,681 - INFO - 7
2024-12-31 16:37:32,681 - INFO - 7
2024-12-31 16:37:32,681 - INFO - ['bc 7 8', 'bc 5 8', 'bc 7 8', 'bc 5 8', 'm u_2 c ', 'dst \'["bc 7 8", "bc 5 8", "bc 7 8", "bc 5 8", "m u_2 c"]\'']
2024-12-31 16:37:32,681 - INFO - num_cities:2
2024-12-31 16:37:32,681 - INFO - num_workers:1
2024-12-31 16:37:32,681 - INFO - num_carts:0
2024-12-31 16:37:32,681 - INFO - 
2024-12-31 16:37:32,691 - INFO - 8
2024-12-31 16:37:32,691 - INFO - 8
2024-12-31 16:37:32,691 - INFO - ['bw 6 8  ', 'bc 4 8', 'bc 6 8', 'm u_1 c ', 'm u_3 n ', 'dst \'["bw 6 8", "bc 4 8", "bc 6 8", "m u_1 c", "m u_3 n"]\'']
2024-12-31 16:37:32,691 - INFO - num_cities:2
2024-12-31 16:37:32,691 - INFO - num_workers:1
2024-12-31 16:37:32,691 - INFO - num_carts:1
2024-12-31 16:37:32,691 - INFO - 
2024-12-31 16:37:32,692 - INFO - 8
2024-12-31 16:37:32,692 - INFO - 8
2024-12-31 16:37:32,692 - INFO - ['bw 5 8  ', 'bc 7 8', 'bc 5 8', 'm u_2 c ', 'm u_4 n ', 'dst \'["bw 5 8", "bc 7 8", "bc 5 8", "m u_2 c", "m u_4 n"]\'']
2024-12-31 16:37:32,692 - INFO - num_cities:2
2024-12-31 16:37:32,692 - INFO - num_workers:1
2024-12-31 16:37:32,692 - INFO - num_carts:1
2024-12-31 16:37:32,692 - INFO - 
2024-12-31 16:37:32,704 - INFO - 9
2024-12-31 16:37:32,704 - INFO - 9
2024-12-31 16:37:32,704 - INFO - ['bw 6 8  ', 'bc 4 8', 'bc 6 8', 'm u_1 e ', 'dst \'["bw 6 8", "bc 4 8", "bc 6 8", "m u_1 e"]\'']
2024-12-31 16:37:32,704 - INFO - num_cities:2
2024-12-31 16:37:32,704 - INFO - num_workers:1
2024-12-31 16:37:32,705 - INFO - num_carts:1
2024-12-31 16:37:32,705 - INFO - 
2024-12-31 16:37:32,705 - INFO - 9
2024-12-31 16:37:32,705 - INFO - 9
2024-12-31 16:37:32,705 - INFO - ['bw 5 8  ', 'bc 7 8', 'bc 5 8', 'm u_2 w ', 'dst \'["bw 5 8", "bc 7 8", "bc 5 8", "m u_2 w"]\'']
2024-12-31 16:37:32,705 - INFO - num_cities:2
2024-12-31 16:37:32,705 - INFO - num_workers:1
2024-12-31 16:37:32,705 - INFO - num_carts:1
2024-12-31 16:37:32,706 - INFO - 
2024-12-31 16:37:32,716 - INFO - 10
2024-12-31 16:37:32,716 - INFO - 10
2024-12-31 16:37:32,716 - INFO - ['bw 6 8  ', 'bc 4 8', 'bc 6 8', 'm u_1 w ', 'm u_3 s ', 'dst \'["bw 6 8", "bc 4 8", "bc 6 8", "m u_1 w", "m u_3 s"]\'']
2024-12-31 16:37:32,716 - INFO - num_cities:2
2024-12-31 16:37:32,716 - INFO - num_workers:1
2024-12-31 16:37:32,716 - INFO - num_carts:1
2024-12-31 16:37:32,716 - INFO - 
2024-12-31 16:37:32,716 - INFO - 10
2024-12-31 16:37:32,717 - INFO - 10
2024-12-31 16:37:32,717 - INFO - ['bw 5 8  ', 'bc 7 8', 'bc 5 8', 'm u_2 e ', 'm u_4 s ', 'dst \'["bw 5 8", "bc 7 8", "bc 5 8", "m u_2 e", "m u_4 s"]\'']
2024-12-31 16:37:32,717 - INFO - num_cities:2
2024-12-31 16:37:32,717 - INFO - num_workers:1
2024-12-31 16:37:32,717 - INFO - num_carts:1
2024-12-31 16:37:32,717 - INFO - 
2024-12-31 16:37:32,725 - INFO - 11
2024-12-31 16:37:32,725 - INFO - 11
2024-12-31 16:37:32,725 - INFO - ['bw 6 8  ', 'bc 4 8', 'bc 6 8', 'm u_1 s ', 'm u_3 c ', 'dst \'["bw 6 8", "bc 4 8", "bc 6 8", "m u_1 s", "m u_3 c"]\'']
2024-12-31 16:37:32,725 - INFO - num_cities:2
2024-12-31 16:37:32,725 - INFO - num_workers:1
2024-12-31 16:37:32,726 - INFO - num_carts:1
2024-12-31 16:37:32,726 - INFO - 
2024-12-31 16:37:32,726 - INFO - 11
2024-12-31 16:37:32,726 - INFO - 11
2024-12-31 16:37:32,726 - INFO - ['bw 5 8  ', 'bc 7 8', 'bc 5 8', 'm u_2 s ', 'm u_4 c ', 'dst \'["bw 5 8", "bc 7 8", "bc 5 8", "m u_2 s", "m u_4 c"]\'']
2024-12-31 16:37:32,726 - INFO - num_cities:2
2024-12-31 16:37:32,727 - INFO - num_workers:1
2024-12-31 16:37:32,727 - INFO - num_carts:1
2024-12-31 16:37:32,727 - INFO - 
2024-12-31 16:37:32,736 - INFO - 12
2024-12-31 16:37:32,737 - INFO - 12
2024-12-31 16:37:32,737 - INFO - ['bw 6 8  ', 'bc 4 8', 'bc 6 8', 'm u_3 c ', 'dst \'["bw 6 8", "bc 4 8", "bc 6 8", "m u_3 c"]\'']
2024-12-31 16:37:32,737 - INFO - num_cities:2
2024-12-31 16:37:32,737 - INFO - num_workers:1
2024-12-31 16:37:32,737 - INFO - num_carts:1
2024-12-31 16:37:32,737 - INFO - 
2024-12-31 16:37:32,738 - INFO - 12
2024-12-31 16:37:32,738 - INFO - 12
2024-12-31 16:37:32,738 - INFO - ['bw 5 8  ', 'bc 7 8', 'bc 5 8', 'm u_4 c ', 'dst \'["bw 5 8", "bc 7 8", "bc 5 8", "m u_4 c"]\'']
2024-12-31 16:37:32,738 - INFO - num_cities:2
2024-12-31 16:37:32,738 - INFO - num_workers:1
2024-12-31 16:37:32,739 - INFO - num_carts:1
2024-12-31 16:37:32,739 - INFO - 
2024-12-31 16:37:32,748 - INFO - 13
2024-12-31 16:37:32,748 - INFO - 13
2024-12-31 16:37:32,749 - INFO - ['bw 6 8  ', 'bc 4 8', 'bc 6 8', 'm u_1 s ', 'm u_3 s ', 'dst \'["bw 6 8", "bc 4 8", "bc 6 8", "m u_1 s", "m u_3 s"]\'']
2024-12-31 16:37:32,749 - INFO - num_cities:2
2024-12-31 16:37:32,749 - INFO - num_workers:1
2024-12-31 16:37:32,749 - INFO - num_carts:1
2024-12-31 16:37:32,749 - INFO - 
2024-12-31 16:37:32,750 - INFO - 13
2024-12-31 16:37:32,750 - INFO - 13
2024-12-31 16:37:32,750 - INFO - ['bw 5 8  ', 'bc 7 8', 'bc 5 8', 'm u_2 s ', 'm u_4 s ', 'dst \'["bw 5 8", "bc 7 8", "bc 5 8", "m u_2 s", "m u_4 s"]\'']
2024-12-31 16:37:32,750 - INFO - num_cities:2
2024-12-31 16:37:32,750 - INFO - num_workers:1
2024-12-31 16:37:32,750 - INFO - num_carts:1
2024-12-31 16:37:32,751 - INFO - 
2024-12-31 16:37:32,761 - INFO - 14
2024-12-31 16:37:32,761 - INFO - 14
2024-12-31 16:37:32,761 - INFO - ['bw 6 8  ', 'bc 4 8', 'bc 6 8', 'dst \'["bw 6 8", "bc 4 8", "bc 6 8"]\'']
2024-12-31 16:37:32,761 - INFO - num_cities:2
2024-12-31 16:37:32,761 - INFO - num_workers:1
2024-12-31 16:37:32,761 - INFO - num_carts:1
2024-12-31 16:37:32,761 - INFO - 
2024-12-31 16:37:32,762 - INFO - 14
2024-12-31 16:37:32,762 - INFO - 14
2024-12-31 16:37:32,762 - INFO - ['bw 5 8  ', 'bc 7 8', 'bc 5 8', 'dst \'["bw 5 8", "bc 7 8", "bc 5 8"]\'']
2024-12-31 16:37:32,763 - INFO - num_cities:2
2024-12-31 16:37:32,763 - INFO - num_workers:1
2024-12-31 16:37:32,763 - INFO - num_carts:1
2024-12-31 16:37:32,763 - INFO - 
2024-12-31 16:37:32,772 - INFO - 15
2024-12-31 16:37:32,772 - INFO - 15
2024-12-31 16:37:32,772 - INFO - ['bw 6 8  ', 'bc 4 8', 'bc 6 8', 'm u_1 n ', 'm u_3 e ', 'dst \'["bw 6 8", "bc 4 8", "bc 6 8", "m u_1 n", "m u_3 e"]\'']
2024-12-31 16:37:32,772 - INFO - num_cities:2
2024-12-31 16:37:32,773 - INFO - num_workers:1
2024-12-31 16:37:32,773 - INFO - num_carts:1
2024-12-31 16:37:32,773 - INFO - 
2024-12-31 16:37:32,773 - INFO - 15
2024-12-31 16:37:32,773 - INFO - 15
2024-12-31 16:37:32,774 - INFO - ['bw 5 8  ', 'bc 7 8', 'bc 5 8', 'm u_2 n ', 'm u_4 w ', 'dst \'["bw 5 8", "bc 7 8", "bc 5 8", "m u_2 n", "m u_4 w"]\'']
2024-12-31 16:37:32,774 - INFO - num_cities:2
2024-12-31 16:37:32,774 - INFO - num_workers:1
2024-12-31 16:37:32,774 - INFO - num_carts:1
2024-12-31 16:37:32,774 - INFO - 
2024-12-31 16:37:32,783 - INFO - 16
2024-12-31 16:37:32,783 - INFO - 16
2024-12-31 16:37:32,783 - INFO - ['bw 6 8  ', 'bc 4 8', 'bc 6 8', 'm u_1 n ', 'm u_3 w ', 'dst \'["bw 6 8", "bc 4 8", "bc 6 8", "m u_1 n", "m u_3 w"]\'']
2024-12-31 16:37:32,783 - INFO - num_cities:2
2024-12-31 16:37:32,783 - INFO - num_workers:1
2024-12-31 16:37:32,783 - INFO - num_carts:1
2024-12-31 16:37:32,783 - INFO - 
2024-12-31 16:37:32,784 - INFO - 16
2024-12-31 16:37:32,784 - INFO - 16
2024-12-31 16:37:32,784 - INFO - ['bw 5 8  ', 'bc 7 8', 'bc 5 8', 'm u_2 n ', 'm u_4 e ', 'dst \'["bw 5 8", "bc 7 8", "bc 5 8", "m u_2 n", "m u_4 e"]\'']
2024-12-31 16:37:32,784 - INFO - num_cities:2
2024-12-31 16:37:32,784 - INFO - num_workers:1
2024-12-31 16:37:32,784 - INFO - num_carts:1
2024-12-31 16:37:32,784 - INFO - 
2024-12-31 16:37:32,792 - INFO - 17
2024-12-31 16:37:32,792 - INFO - 17
2024-12-31 16:37:32,792 - INFO - ['bw 4 8  ', 'bw 6 8  ', 'bc 4 8', 'bc 6 8', 'dst \'["bw 4 8", "bw 6 8", "bc 4 8", "bc 6 8"]\'']
2024-12-31 16:37:32,792 - INFO - num_cities:2
2024-12-31 16:37:32,792 - INFO - num_workers:1
2024-12-31 16:37:32,792 - INFO - num_carts:1
2024-12-31 16:37:32,793 - INFO - 
2024-12-31 16:37:32,793 - INFO - 17
2024-12-31 16:37:32,793 - INFO - 17
2024-12-31 16:37:32,794 - INFO - ['bw 7 8  ', 'bw 5 8  ', 'bc 7 8', 'bc 5 8', 'dst \'["bw 7 8", "bw 5 8", "bc 7 8", "bc 5 8"]\'']
2024-12-31 16:37:32,794 - INFO - num_cities:2
2024-12-31 16:37:32,794 - INFO - num_workers:1
2024-12-31 16:37:32,794 - INFO - num_carts:1
2024-12-31 16:37:32,794 - INFO - 
2024-12-31 16:37:32,802 - INFO - 18
2024-12-31 16:37:32,802 - INFO - 18
2024-12-31 16:37:32,803 - INFO - ['bw 4 8  ', 'bw 6 8  ', 'bc 4 8', 'bc 6 8', 'm u_1 c ', 'm u_3 c ', 'dst \'["bw 4 8", "bw 6 8", "bc 4 8", "bc 6 8", "m u_1 c", "m u_3 c"]\'']
2024-12-31 16:37:32,803 - INFO - num_cities:2
2024-12-31 16:37:32,803 - INFO - num_workers:1
2024-12-31 16:37:32,803 - INFO - num_carts:1
2024-12-31 16:37:32,803 - INFO - 
2024-12-31 16:37:32,803 - INFO - 18
2024-12-31 16:37:32,804 - INFO - 18
2024-12-31 16:37:32,804 - INFO - ['bw 7 8  ', 'bw 5 8  ', 'bc 7 8', 'bc 5 8', 'm u_2 c ', 'm u_4 c ', 'dst \'["bw 7 8", "bw 5 8", "bc 7 8", "bc 5 8", "m u_2 c", "m u_4 c"]\'']
2024-12-31 16:37:32,804 - INFO - num_cities:2
2024-12-31 16:37:32,804 - INFO - num_workers:1
2024-12-31 16:37:32,805 - INFO - num_carts:1
2024-12-31 16:37:32,805 - INFO - 
2024-12-31 16:37:32,815 - INFO - 19
2024-12-31 16:37:32,815 - INFO - 19
2024-12-31 16:37:32,815 - INFO - ['bw 4 8  ', 'bw 6 8  ', 'bc 4 8', 'bc 6 8', 'm u_1 s ', 'm u_3 w ', 'dst \'["bw 4 8", "bw 6 8", "bc 4 8", "bc 6 8", "m u_1 s", "m u_3 w"]\'']
2024-12-31 16:37:32,816 - INFO - num_cities:2
2024-12-31 16:37:32,816 - INFO - num_workers:1
2024-12-31 16:37:32,816 - INFO - num_carts:1
2024-12-31 16:37:32,816 - INFO - 
2024-12-31 16:37:32,816 - INFO - 19
2024-12-31 16:37:32,817 - INFO - 19
2024-12-31 16:37:32,817 - INFO - ['bw 7 8  ', 'bw 5 8  ', 'bc 7 8', 'bc 5 8', 'm u_2 s ', 'm u_4 e ', 'dst \'["bw 7 8", "bw 5 8", "bc 7 8", "bc 5 8", "m u_2 s", "m u_4 e"]\'']
2024-12-31 16:37:32,817 - INFO - num_cities:2
2024-12-31 16:37:32,817 - INFO - num_workers:1
2024-12-31 16:37:32,817 - INFO - num_carts:1
2024-12-31 16:37:32,817 - INFO - 
2024-12-31 16:37:32,826 - INFO - 20
2024-12-31 16:37:32,826 - INFO - 20
2024-12-31 16:37:32,826 - INFO - ['bw 4 8  ', 'bw 6 8  ', 'bc 4 8', 'bc 6 8', 'dst \'["bw 4 8", "bw 6 8", "bc 4 8", "bc 6 8"]\'']
2024-12-31 16:37:32,826 - INFO - num_cities:2
2024-12-31 16:37:32,826 - INFO - num_workers:1
2024-12-31 16:37:32,826 - INFO - num_carts:1
2024-12-31 16:37:32,826 - INFO - 
2024-12-31 16:37:32,827 - INFO - 20
2024-12-31 16:37:32,827 - INFO - 20
2024-12-31 16:37:32,827 - INFO - ['bw 7 8  ', 'bw 5 8  ', 'bc 7 8', 'bc 5 8', 'dst \'["bw 7 8", "bw 5 8", "bc 7 8", "bc 5 8"]\'']
2024-12-31 16:37:32,827 - INFO - num_cities:2
2024-12-31 16:37:32,827 - INFO - num_workers:1
2024-12-31 16:37:32,827 - INFO - num_carts:1
2024-12-31 16:37:32,827 - INFO - 
2024-12-31 16:37:32,836 - INFO - 21
2024-12-31 16:37:32,836 - INFO - 21
2024-12-31 16:37:32,836 - INFO - ['bw 4 8  ', 'bw 6 8  ', 'bc 4 8', 'bc 6 8', 'm u_1 c ', 'm u_3 e ', 'dst \'["bw 4 8", "bw 6 8", "bc 4 8", "bc 6 8", "m u_1 c", "m u_3 e"]\'']
2024-12-31 16:37:32,836 - INFO - num_cities:2
2024-12-31 16:37:32,836 - INFO - num_workers:1
2024-12-31 16:37:32,836 - INFO - num_carts:1
2024-12-31 16:37:32,836 - INFO - 
2024-12-31 16:37:32,837 - INFO - 21
2024-12-31 16:37:32,837 - INFO - 21
2024-12-31 16:37:32,837 - INFO - ['bw 7 8  ', 'bw 5 8  ', 'bc 7 8', 'bc 5 8', 'm u_2 c ', 'm u_4 w ', 'dst \'["bw 7 8", "bw 5 8", "bc 7 8", "bc 5 8", "m u_2 c", "m u_4 w"]\'']
2024-12-31 16:37:32,837 - INFO - num_cities:2
2024-12-31 16:37:32,837 - INFO - num_workers:1
2024-12-31 16:37:32,837 - INFO - num_carts:1
2024-12-31 16:37:32,837 - INFO - 
2024-12-31 16:37:32,845 - INFO - 22
2024-12-31 16:37:32,846 - INFO - 22
2024-12-31 16:37:32,846 - INFO - ['bw 4 8  ', 'bw 6 8  ', 'bc 4 8', 'bc 6 8', 'm u_1 e ', 'm u_3 n ', 'dst \'["bw 4 8", "bw 6 8", "bc 4 8", "bc 6 8", "m u_1 e", "m u_3 n"]\'']
2024-12-31 16:37:32,846 - INFO - num_cities:2
2024-12-31 16:37:32,846 - INFO - num_workers:1
2024-12-31 16:37:32,846 - INFO - num_carts:1
2024-12-31 16:37:32,846 - INFO - 
2024-12-31 16:37:32,847 - INFO - 22
2024-12-31 16:37:32,848 - INFO - 22
2024-12-31 16:37:32,848 - INFO - ['bw 7 8  ', 'bw 5 8  ', 'bc 7 8', 'bc 5 8', 'm u_2 w ', 'm u_4 n ', 'dst \'["bw 7 8", "bw 5 8", "bc 7 8", "bc 5 8", "m u_2 w", "m u_4 n"]\'']
2024-12-31 16:37:32,848 - INFO - num_cities:2
2024-12-31 16:37:32,848 - INFO - num_workers:1
2024-12-31 16:37:32,848 - INFO - num_carts:1
2024-12-31 16:37:32,848 - INFO - 
2024-12-31 16:37:32,857 - INFO - 23
2024-12-31 16:37:32,857 - INFO - 23
2024-12-31 16:37:32,857 - INFO - ['bw 4 8  ', 'bw 6 8  ', 'bc 4 8', 'bc 6 8', 'dst \'["bw 4 8", "bw 6 8", "bc 4 8", "bc 6 8"]\'']
2024-12-31 16:37:32,857 - INFO - num_cities:2
2024-12-31 16:37:32,858 - INFO - num_workers:1
2024-12-31 16:37:32,858 - INFO - num_carts:1
2024-12-31 16:37:32,858 - INFO - 
2024-12-31 16:37:32,859 - INFO - 23
2024-12-31 16:37:32,859 - INFO - 23
2024-12-31 16:37:32,859 - INFO - ['bw 7 8  ', 'bw 5 8  ', 'bc 7 8', 'bc 5 8', 'dst \'["bw 7 8", "bw 5 8", "bc 7 8", "bc 5 8"]\'']
2024-12-31 16:37:32,859 - INFO - num_cities:2
2024-12-31 16:37:32,859 - INFO - num_workers:1
2024-12-31 16:37:32,859 - INFO - num_carts:1
2024-12-31 16:37:32,859 - INFO - 
2024-12-31 16:37:32,868 - INFO - 24
2024-12-31 16:37:32,868 - INFO - 24
2024-12-31 16:37:32,868 - INFO - ['bw 4 8  ', 'bw 6 8  ', 'bc 4 8', 'bc 6 8', 'm u_1 n ', 'm u_3 s ', 'dst \'["bw 4 8", "bw 6 8", "bc 4 8", "bc 6 8", "m u_1 n", "m u_3 s"]\'']
2024-12-31 16:37:32,868 - INFO - num_cities:2
2024-12-31 16:37:32,869 - INFO - num_workers:1
2024-12-31 16:37:32,869 - INFO - num_carts:1
2024-12-31 16:37:32,869 - INFO - 
2024-12-31 16:37:32,869 - INFO - 24
2024-12-31 16:37:32,869 - INFO - 24
2024-12-31 16:37:32,869 - INFO - ['bw 7 8  ', 'bw 5 8  ', 'bc 7 8', 'bc 5 8', 'm u_2 n ', 'm u_4 s ', 'dst \'["bw 7 8", "bw 5 8", "bc 7 8", "bc 5 8", "m u_2 n", "m u_4 s"]\'']
2024-12-31 16:37:32,869 - INFO - num_cities:2
2024-12-31 16:37:32,869 - INFO - num_workers:1
2024-12-31 16:37:32,870 - INFO - num_carts:1
2024-12-31 16:37:32,870 - INFO - 
2024-12-31 16:37:32,879 - INFO - 25
2024-12-31 16:37:32,879 - INFO - 25
2024-12-31 16:37:32,879 - INFO - ['bw 4 8  ', 'bw 6 8  ', 'bc 4 8', 'bc 6 8', 'm u_1 e ', 'm u_3 s ', 'dst \'["bw 4 8", "bw 6 8", "bc 4 8", "bc 6 8", "m u_1 e", "m u_3 s"]\'']
2024-12-31 16:37:32,879 - INFO - num_cities:2
2024-12-31 16:37:32,879 - INFO - num_workers:1
2024-12-31 16:37:32,879 - INFO - num_carts:1
2024-12-31 16:37:32,879 - INFO - 
2024-12-31 16:37:32,880 - INFO - 25
2024-12-31 16:37:32,880 - INFO - 25
2024-12-31 16:37:32,880 - INFO - ['bw 7 8  ', 'bw 5 8  ', 'bc 7 8', 'bc 5 8', 'm u_2 w ', 'm u_4 s ', 'dst \'["bw 7 8", "bw 5 8", "bc 7 8", "bc 5 8", "m u_2 w", "m u_4 s"]\'']
2024-12-31 16:37:32,880 - INFO - num_cities:2
2024-12-31 16:37:32,880 - INFO - num_workers:1
2024-12-31 16:37:32,880 - INFO - num_carts:1
2024-12-31 16:37:32,880 - INFO - 
2024-12-31 16:37:32,889 - INFO - 26
2024-12-31 16:37:32,890 - INFO - 26
2024-12-31 16:37:32,890 - INFO - ['bw 4 8  ', 'bw 6 8  ', 'bc 4 8', 'bc 6 8', 'm u_1 w ', 'dst \'["bw 4 8", "bw 6 8", "bc 4 8", "bc 6 8", "m u_1 w"]\'']
2024-12-31 16:37:32,890 - INFO - num_cities:2
2024-12-31 16:37:32,890 - INFO - num_workers:1
2024-12-31 16:37:32,890 - INFO - num_carts:1
2024-12-31 16:37:32,890 - INFO - 
2024-12-31 16:37:32,891 - INFO - 26
2024-12-31 16:37:32,891 - INFO - 26
2024-12-31 16:37:32,891 - INFO - ['bw 7 8  ', 'bw 5 8  ', 'bc 7 8', 'bc 5 8', 'm u_2 e ', 'dst \'["bw 7 8", "bw 5 8", "bc 7 8", "bc 5 8", "m u_2 e"]\'']
2024-12-31 16:37:32,891 - INFO - num_cities:2
2024-12-31 16:37:32,891 - INFO - num_workers:1
2024-12-31 16:37:32,891 - INFO - num_carts:1
2024-12-31 16:37:32,891 - INFO - 
2024-12-31 16:37:32,900 - INFO - 27
2024-12-31 16:37:32,900 - INFO - 27
2024-12-31 16:37:32,901 - INFO - ['bw 4 8  ', 'bw 6 8  ', 'bc 4 8', 'bc 6 8', 'm u_1 c ', 'm u_3 c ', 'dst \'["bw 4 8", "bw 6 8", "bc 4 8", "bc 6 8", "m u_1 c", "m u_3 c"]\'']
2024-12-31 16:37:32,901 - INFO - num_cities:2
2024-12-31 16:37:32,901 - INFO - num_workers:1
2024-12-31 16:37:32,901 - INFO - num_carts:1
2024-12-31 16:37:32,901 - INFO - 
2024-12-31 16:37:32,901 - INFO - 27
2024-12-31 16:37:32,902 - INFO - 27
2024-12-31 16:37:32,902 - INFO - ['bw 7 8  ', 'bw 5 8  ', 'bc 7 8', 'bc 5 8', 'm u_2 c ', 'm u_4 c ', 'dst \'["bw 7 8", "bw 5 8", "bc 7 8", "bc 5 8", "m u_2 c", "m u_4 c"]\'']
2024-12-31 16:37:32,902 - INFO - num_cities:2
2024-12-31 16:37:32,902 - INFO - num_workers:1
2024-12-31 16:37:32,902 - INFO - num_carts:1
2024-12-31 16:37:32,902 - INFO - 
2024-12-31 16:37:32,911 - INFO - 28
2024-12-31 16:37:32,911 - INFO - 28
2024-12-31 16:37:32,911 - INFO - ['bw 4 8  ', 'bw 6 8  ', 'bc 4 8', 'bc 6 8', 'm u_1 c ', 'm u_3 n ', 'dst \'["bw 4 8", "bw 6 8", "bc 4 8", "bc 6 8", "m u_1 c", "m u_3 n"]\'']
2024-12-31 16:37:32,911 - INFO - num_cities:2
2024-12-31 16:37:32,911 - INFO - num_workers:1
2024-12-31 16:37:32,912 - INFO - num_carts:1
2024-12-31 16:37:32,912 - INFO - 
2024-12-31 16:37:32,913 - INFO - 28
2024-12-31 16:37:32,913 - INFO - 28
2024-12-31 16:37:32,913 - INFO - ['bw 7 8  ', 'bw 5 8  ', 'bc 7 8', 'bc 5 8', 'm u_2 c ', 'm u_4 n ', 'dst \'["bw 7 8", "bw 5 8", "bc 7 8", "bc 5 8", "m u_2 c", "m u_4 n"]\'']
2024-12-31 16:37:32,913 - INFO - num_cities:2
2024-12-31 16:37:32,913 - INFO - num_workers:1
2024-12-31 16:37:32,913 - INFO - num_carts:1
2024-12-31 16:37:32,913 - INFO - 
2024-12-31 16:37:32,926 - INFO - 29
2024-12-31 16:37:32,927 - INFO - 29
2024-12-31 16:37:32,927 - INFO - ['bw 4 8  ', 'bw 6 8  ', 'bc 4 8', 'bc 6 8', 'm u_1 n ', 'm u_3 c ', 'dst \'["bw 4 8", "bw 6 8", "bc 4 8", "bc 6 8", "m u_1 n", "m u_3 c"]\'']
2024-12-31 16:37:32,928 - INFO - num_cities:2
2024-12-31 16:37:32,928 - INFO - num_workers:1
2024-12-31 16:37:32,928 - INFO - num_carts:1
2024-12-31 16:37:32,928 - INFO - 
2024-12-31 16:37:32,929 - INFO - 29
2024-12-31 16:37:32,929 - INFO - 29
2024-12-31 16:37:32,929 - INFO - ['bw 7 8  ', 'bw 5 8  ', 'bc 7 8', 'bc 5 8', 'm u_2 n ', 'm u_4 c ', 'dst \'["bw 7 8", "bw 5 8", "bc 7 8", "bc 5 8", "m u_2 n", "m u_4 c"]\'']
2024-12-31 16:37:32,929 - INFO - num_cities:2
2024-12-31 16:37:32,930 - INFO - num_workers:1
2024-12-31 16:37:32,930 - INFO - num_carts:1
2024-12-31 16:37:32,930 - INFO - 
2024-12-31 16:37:32,940 - INFO - 30
2024-12-31 16:37:32,940 - INFO - 30
2024-12-31 16:37:32,940 - INFO - ['bw 4 8  ', 'bw 6 8  ', 'bc 4 8', 'bc 6 8', 'm u_1 s ', 'm u_3 w ', 'dst \'["bw 4 8", "bw 6 8", "bc 4 8", "bc 6 8", "m u_1 s", "m u_3 w"]\'']
2024-12-31 16:37:32,940 - INFO - num_cities:2
2024-12-31 16:37:32,940 - INFO - num_workers:1
2024-12-31 16:37:32,940 - INFO - num_carts:1
2024-12-31 16:37:32,941 - INFO - 
2024-12-31 16:37:32,941 - INFO - 30
2024-12-31 16:37:32,942 - INFO - 30
2024-12-31 16:37:32,942 - INFO - ['bw 7 8  ', 'bw 5 8  ', 'bc 7 8', 'bc 5 8', 'm u_2 s ', 'm u_4 e ', 'dst \'["bw 7 8", "bw 5 8", "bc 7 8", "bc 5 8", "m u_2 s", "m u_4 e"]\'']
2024-12-31 16:37:32,942 - INFO - num_cities:2
2024-12-31 16:37:32,942 - INFO - num_workers:1
2024-12-31 16:37:32,942 - INFO - num_carts:1
2024-12-31 16:37:32,942 - INFO - 
2024-12-31 16:37:32,950 - INFO - 31
2024-12-31 16:37:32,951 - INFO - 31
2024-12-31 16:37:32,951 - INFO - ['bw 4 8  ', 'bw 6 8  ', 'bc 4 8', 'bc 6 8', 'm u_3 s ', 'dst \'["bw 4 8", "bw 6 8", "bc 4 8", "bc 6 8", "m u_3 s"]\'']
2024-12-31 16:37:32,951 - INFO - num_cities:2
2024-12-31 16:37:32,951 - INFO - num_workers:1
2024-12-31 16:37:32,951 - INFO - num_carts:1
2024-12-31 16:37:32,951 - INFO - 
2024-12-31 16:37:32,952 - INFO - 31
2024-12-31 16:37:32,952 - INFO - 31
2024-12-31 16:37:32,952 - INFO - ['bw 7 8  ', 'bw 5 8  ', 'bc 7 8', 'bc 5 8', 'm u_4 s ', 'dst \'["bw 7 8", "bw 5 8", "bc 7 8", "bc 5 8", "m u_4 s"]\'']
2024-12-31 16:37:32,952 - INFO - num_cities:2
2024-12-31 16:37:32,952 - INFO - num_workers:1
2024-12-31 16:37:32,952 - INFO - num_carts:1
2024-12-31 16:37:32,952 - INFO - 
2024-12-31 16:37:32,960 - INFO - 32
2024-12-31 16:37:32,961 - INFO - 32
2024-12-31 16:37:32,961 - INFO - ['bw 6 8  ', 'bc 6 8', 'dst \'["bw 6 8", "bc 6 8"]\'']
2024-12-31 16:37:32,961 - INFO - num_cities:1
2024-12-31 16:37:32,961 - INFO - num_workers:0
2024-12-31 16:37:32,961 - INFO - num_carts:0
2024-12-31 16:37:32,961 - INFO - 
2024-12-31 16:37:32,962 - INFO - 32
2024-12-31 16:37:32,962 - INFO - 32
2024-12-31 16:37:32,962 - INFO - ['bw 5 8  ', 'bc 5 8', 'dst \'["bw 5 8", "bc 5 8"]\'']
2024-12-31 16:37:32,962 - INFO - num_cities:1
2024-12-31 16:37:32,962 - INFO - num_workers:0
2024-12-31 16:37:32,962 - INFO - num_carts:0
2024-12-31 16:37:32,962 - INFO - 
2024-12-31 16:37:32,971 - INFO - 33
2024-12-31 16:37:32,971 - INFO - 33
2024-12-31 16:37:32,971 - INFO - ['bc 6 8', 'm u_5 s ', 'dst \'["bc 6 8", "m u_5 s"]\'']
2024-12-31 16:37:32,971 - INFO - num_cities:1
2024-12-31 16:37:32,971 - INFO - num_workers:1
2024-12-31 16:37:32,971 - INFO - num_carts:0
2024-12-31 16:37:32,971 - INFO - 
2024-12-31 16:37:32,972 - INFO - 33
2024-12-31 16:37:32,972 - INFO - 33
2024-12-31 16:37:32,972 - INFO - ['bc 5 8', 'm u_6 s ', 'dst \'["bc 5 8", "m u_6 s"]\'']
2024-12-31 16:37:32,972 - INFO - num_cities:1
2024-12-31 16:37:32,972 - INFO - num_workers:1
2024-12-31 16:37:32,972 - INFO - num_carts:0
2024-12-31 16:37:32,972 - INFO - 
2024-12-31 16:37:32,980 - INFO - 34
2024-12-31 16:37:32,981 - INFO - 34
2024-12-31 16:37:32,981 - INFO - ['bc 6 8', 'dst \'["bc 6 8"]\'']
2024-12-31 16:37:32,981 - INFO - num_cities:1
2024-12-31 16:37:32,981 - INFO - num_workers:0
2024-12-31 16:37:32,981 - INFO - num_carts:0
2024-12-31 16:37:32,981 - INFO - 
2024-12-31 16:37:32,982 - INFO - 34
2024-12-31 16:37:32,982 - INFO - 34
2024-12-31 16:37:32,982 - INFO - ['bc 5 8', 'dst \'["bc 5 8"]\'']
2024-12-31 16:37:32,982 - INFO - num_cities:1
2024-12-31 16:37:32,982 - INFO - num_workers:0
2024-12-31 16:37:32,982 - INFO - num_carts:0
2024-12-31 16:37:32,982 - INFO - 
2024-12-31 16:37:32,990 - INFO - 35
2024-12-31 16:37:32,990 - INFO - 35
2024-12-31 16:37:32,990 - INFO - ['bc 6 8', 'dst \'["bc 6 8"]\'']
2024-12-31 16:37:32,990 - INFO - num_cities:1
2024-12-31 16:37:32,990 - INFO - num_workers:0
2024-12-31 16:37:32,990 - INFO - num_carts:0
2024-12-31 16:37:32,990 - INFO - 
2024-12-31 16:37:32,991 - INFO - 35
2024-12-31 16:37:32,991 - INFO - 35
2024-12-31 16:37:32,991 - INFO - ['bc 5 8', 'dst \'["bc 5 8"]\'']
2024-12-31 16:37:32,991 - INFO - num_cities:1
2024-12-31 16:37:32,991 - INFO - num_workers:0
2024-12-31 16:37:32,991 - INFO - num_carts:0
2024-12-31 16:37:32,991 - INFO - 
2024-12-31 16:37:32,999 - INFO - 36
2024-12-31 16:37:33,000 - INFO - 36
2024-12-31 16:37:33,000 - INFO - ['bc 6 8', 'dst \'["bc 6 8"]\'']
2024-12-31 16:37:33,000 - INFO - num_cities:1
2024-12-31 16:37:33,000 - INFO - num_workers:0
2024-12-31 16:37:33,000 - INFO - num_carts:0
2024-12-31 16:37:33,000 - INFO - 
2024-12-31 16:37:33,001 - INFO - 36
2024-12-31 16:37:33,001 - INFO - 36
2024-12-31 16:37:33,001 - INFO - ['bc 5 8', 'dst \'["bc 5 8"]\'']
2024-12-31 16:37:33,001 - INFO - num_cities:1
2024-12-31 16:37:33,001 - INFO - num_workers:0
2024-12-31 16:37:33,001 - INFO - num_carts:0
2024-12-31 16:37:33,001 - INFO - 
