2024-12-31 16:54:30,312 - INFO - 1
2024-12-31 16:54:30,312 - INFO - 1
2024-12-31 16:54:30,312 - INFO - ['bc 1 11', 'm u_1 n ', 'dst \'["bc 1 11", "m u_1 n"]\'']
2024-12-31 16:54:30,312 - INFO - num_cities:1
2024-12-31 16:54:30,312 - INFO - num_workers:1
2024-12-31 16:54:30,312 - INFO - num_carts:0
2024-12-31 16:54:30,313 - INFO - 
2024-12-31 16:54:30,317 - INFO - 1
2024-12-31 16:54:30,317 - INFO - 1
2024-12-31 16:54:30,317 - INFO - ['bw 14 11', 'm u_2 n ', 'dst \'["bw 14 11", "m u_2 n"]\'']
2024-12-31 16:54:30,317 - INFO - num_cities:1
2024-12-31 16:54:30,317 - INFO - num_workers:1
2024-12-31 16:54:30,317 - INFO - num_carts:0
2024-12-31 16:54:30,317 - INFO - 
2024-12-31 16:54:30,334 - INFO - 2
2024-12-31 16:54:30,334 - INFO - 2
2024-12-31 16:54:30,334 - INFO - ['bc 1 11', 'dst \'["bc 1 11"]\'']
2024-12-31 16:54:30,334 - INFO - num_cities:1
2024-12-31 16:54:30,334 - INFO - num_workers:1
2024-12-31 16:54:30,334 - INFO - num_carts:0
2024-12-31 16:54:30,334 - INFO - 
2024-12-31 16:54:30,335 - INFO - 2
2024-12-31 16:54:30,335 - INFO - 2
2024-12-31 16:54:30,335 - INFO - ['bw 14 11', 'dst \'["bw 14 11"]\'']
2024-12-31 16:54:30,335 - INFO - num_cities:1
2024-12-31 16:54:30,335 - INFO - num_workers:1
2024-12-31 16:54:30,335 - INFO - num_carts:0
2024-12-31 16:54:30,335 - INFO - 
2024-12-31 16:54:30,346 - INFO - 3
2024-12-31 16:54:30,346 - INFO - 3
2024-12-31 16:54:30,346 - INFO - ['bc 1 11', 'm u_1 e ', 'dst \'["bc 1 11", "m u_1 e"]\'']
2024-12-31 16:54:30,346 - INFO - num_cities:1
2024-12-31 16:54:30,346 - INFO - num_workers:1
2024-12-31 16:54:30,346 - INFO - num_carts:0
2024-12-31 16:54:30,346 - INFO - 
2024-12-31 16:54:30,347 - INFO - 3
2024-12-31 16:54:30,347 - INFO - 3
2024-12-31 16:54:30,347 - INFO - ['bw 14 11', 'm u_2 w ', 'dst \'["bw 14 11", "m u_2 w"]\'']
2024-12-31 16:54:30,347 - INFO - num_cities:1
2024-12-31 16:54:30,347 - INFO - num_workers:1
2024-12-31 16:54:30,347 - INFO - num_carts:0
2024-12-31 16:54:30,347 - INFO - 
2024-12-31 16:54:30,360 - INFO - 4
2024-12-31 16:54:30,360 - INFO - 4
2024-12-31 16:54:30,360 - INFO - ['bc 1 11', 'dst \'["bc 1 11"]\'']
2024-12-31 16:54:30,360 - INFO - num_cities:1
2024-12-31 16:54:30,360 - INFO - num_workers:1
2024-12-31 16:54:30,360 - INFO - num_carts:0
2024-12-31 16:54:30,360 - INFO - 
2024-12-31 16:54:30,361 - INFO - 4
2024-12-31 16:54:30,361 - INFO - 4
2024-12-31 16:54:30,361 - INFO - ['bw 14 11', 'dst \'["bw 14 11"]\'']
2024-12-31 16:54:30,361 - INFO - num_cities:1
2024-12-31 16:54:30,362 - INFO - num_workers:1
2024-12-31 16:54:30,362 - INFO - num_carts:0
2024-12-31 16:54:30,362 - INFO - 
2024-12-31 16:54:30,371 - INFO - 5
2024-12-31 16:54:30,371 - INFO - 5
2024-12-31 16:54:30,371 - INFO - ['bc 1 11', 'm u_1 w ', 'dst \'["bc 1 11", "m u_1 w"]\'']
2024-12-31 16:54:30,371 - INFO - num_cities:1
2024-12-31 16:54:30,371 - INFO - num_workers:1
2024-12-31 16:54:30,371 - INFO - num_carts:0
2024-12-31 16:54:30,371 - INFO - 
2024-12-31 16:54:30,372 - INFO - 5
2024-12-31 16:54:30,373 - INFO - 5
2024-12-31 16:54:30,373 - INFO - ['bw 14 11', 'm u_2 e ', 'dst \'["bw 14 11", "m u_2 e"]\'']
2024-12-31 16:54:30,373 - INFO - num_cities:1
2024-12-31 16:54:30,373 - INFO - num_workers:1
2024-12-31 16:54:30,373 - INFO - num_carts:0
2024-12-31 16:54:30,373 - INFO - 
2024-12-31 16:54:30,382 - INFO - 6
2024-12-31 16:54:30,382 - INFO - 6
2024-12-31 16:54:30,382 - INFO - ['bc 1 11', 'dst \'["bc 1 11"]\'']
2024-12-31 16:54:30,382 - INFO - num_cities:1
2024-12-31 16:54:30,382 - INFO - num_workers:1
2024-12-31 16:54:30,382 - INFO - num_carts:0
2024-12-31 16:54:30,382 - INFO - 
2024-12-31 16:54:30,383 - INFO - 6
2024-12-31 16:54:30,383 - INFO - 6
2024-12-31 16:54:30,383 - INFO - ['bw 14 11', 'dst \'["bw 14 11"]\'']
2024-12-31 16:54:30,383 - INFO - num_cities:1
2024-12-31 16:54:30,383 - INFO - num_workers:1
2024-12-31 16:54:30,383 - INFO - num_carts:0
2024-12-31 16:54:30,383 - INFO - 
2024-12-31 16:54:30,392 - INFO - 7
2024-12-31 16:54:30,393 - INFO - 7
2024-12-31 16:54:30,393 - INFO - ['bc 1 11', 'm u_1 w ', 'dst \'["bc 1 11", "m u_1 w"]\'']
2024-12-31 16:54:30,393 - INFO - num_cities:1
2024-12-31 16:54:30,393 - INFO - num_workers:1
2024-12-31 16:54:30,393 - INFO - num_carts:0
2024-12-31 16:54:30,393 - INFO - 
2024-12-31 16:54:30,394 - INFO - 7
2024-12-31 16:54:30,394 - INFO - 7
2024-12-31 16:54:30,394 - INFO - ['bw 14 11', 'm u_2 e ', 'dst \'["bw 14 11", "m u_2 e"]\'']
2024-12-31 16:54:30,394 - INFO - num_cities:1
2024-12-31 16:54:30,394 - INFO - num_workers:1
2024-12-31 16:54:30,394 - INFO - num_carts:0
2024-12-31 16:54:30,394 - INFO - 
2024-12-31 16:54:30,404 - INFO - 8
2024-12-31 16:54:30,405 - INFO - 8
2024-12-31 16:54:30,405 - INFO - ['bc 1 11', 'dst \'["bc 1 11"]\'']
2024-12-31 16:54:30,405 - INFO - num_cities:1
2024-12-31 16:54:30,405 - INFO - num_workers:1
2024-12-31 16:54:30,405 - INFO - num_carts:0
2024-12-31 16:54:30,405 - INFO - 
2024-12-31 16:54:30,406 - INFO - 8
2024-12-31 16:54:30,406 - INFO - 8
2024-12-31 16:54:30,406 - INFO - ['bw 14 11', 'dst \'["bw 14 11"]\'']
2024-12-31 16:54:30,406 - INFO - num_cities:1
2024-12-31 16:54:30,406 - INFO - num_workers:1
2024-12-31 16:54:30,406 - INFO - num_carts:0
2024-12-31 16:54:30,406 - INFO - 
2024-12-31 16:54:30,415 - INFO - 9
2024-12-31 16:54:30,415 - INFO - 9
2024-12-31 16:54:30,415 - INFO - ['bc 1 11', 'm u_1 c ', 'dst \'["bc 1 11", "m u_1 c"]\'']
2024-12-31 16:54:30,416 - INFO - num_cities:1
2024-12-31 16:54:30,416 - INFO - num_workers:1
2024-12-31 16:54:30,416 - INFO - num_carts:0
2024-12-31 16:54:30,416 - INFO - 
2024-12-31 16:54:30,417 - INFO - 9
2024-12-31 16:54:30,417 - INFO - 9
2024-12-31 16:54:30,417 - INFO - ['bw 14 11', 'm u_2 c ', 'dst \'["bw 14 11", "m u_2 c"]\'']
2024-12-31 16:54:30,417 - INFO - num_cities:1
2024-12-31 16:54:30,417 - INFO - num_workers:1
2024-12-31 16:54:30,417 - INFO - num_carts:0
2024-12-31 16:54:30,418 - INFO - 
2024-12-31 16:54:30,428 - INFO - 10
2024-12-31 16:54:30,428 - INFO - 10
2024-12-31 16:54:30,428 - INFO - ['bc 1 11', 'm u_1 e ', 'dst \'["bc 1 11", "m u_1 e"]\'']
2024-12-31 16:54:30,428 - INFO - num_cities:1
2024-12-31 16:54:30,428 - INFO - num_workers:1
2024-12-31 16:54:30,428 - INFO - num_carts:0
2024-12-31 16:54:30,428 - INFO - 
2024-12-31 16:54:30,429 - INFO - 10
2024-12-31 16:54:30,429 - INFO - 10
2024-12-31 16:54:30,429 - INFO - ['bw 14 11', 'm u_2 w ', 'dst \'["bw 14 11", "m u_2 w"]\'']
2024-12-31 16:54:30,429 - INFO - num_cities:1
2024-12-31 16:54:30,430 - INFO - num_workers:1
2024-12-31 16:54:30,430 - INFO - num_carts:0
2024-12-31 16:54:30,430 - INFO - 
2024-12-31 16:54:30,440 - INFO - 11
2024-12-31 16:54:30,440 - INFO - 11
2024-12-31 16:54:30,440 - INFO - ['bc 1 11', 'dst \'["bc 1 11"]\'']
2024-12-31 16:54:30,440 - INFO - num_cities:1
2024-12-31 16:54:30,441 - INFO - num_workers:1
2024-12-31 16:54:30,441 - INFO - num_carts:0
2024-12-31 16:54:30,441 - INFO - 
2024-12-31 16:54:30,441 - INFO - 11
2024-12-31 16:54:30,442 - INFO - 11
2024-12-31 16:54:30,442 - INFO - ['bw 14 11', 'dst \'["bw 14 11"]\'']
2024-12-31 16:54:30,442 - INFO - num_cities:1
2024-12-31 16:54:30,442 - INFO - num_workers:1
2024-12-31 16:54:30,442 - INFO - num_carts:0
2024-12-31 16:54:30,442 - INFO - 
2024-12-31 16:54:30,451 - INFO - 12
2024-12-31 16:54:30,451 - INFO - 12
2024-12-31 16:54:30,452 - INFO - ['bc 1 11', 'm u_1 n ', 'dst \'["bc 1 11", "m u_1 n"]\'']
2024-12-31 16:54:30,452 - INFO - num_cities:1
2024-12-31 16:54:30,452 - INFO - num_workers:1
2024-12-31 16:54:30,452 - INFO - num_carts:0
2024-12-31 16:54:30,452 - INFO - 
2024-12-31 16:54:30,453 - INFO - 12
2024-12-31 16:54:30,453 - INFO - 12
2024-12-31 16:54:30,453 - INFO - ['bw 14 11', 'm u_2 n ', 'dst \'["bw 14 11", "m u_2 n"]\'']
2024-12-31 16:54:30,453 - INFO - num_cities:1
2024-12-31 16:54:30,453 - INFO - num_workers:1
2024-12-31 16:54:30,453 - INFO - num_carts:0
2024-12-31 16:54:30,453 - INFO - 
2024-12-31 16:54:30,463 - INFO - 13
2024-12-31 16:54:30,464 - INFO - 13
2024-12-31 16:54:30,464 - INFO - ['bc 1 11', 'dst \'["bc 1 11"]\'']
2024-12-31 16:54:30,464 - INFO - num_cities:1
2024-12-31 16:54:30,464 - INFO - num_workers:1
2024-12-31 16:54:30,464 - INFO - num_carts:0
2024-12-31 16:54:30,464 - INFO - 
2024-12-31 16:54:30,465 - INFO - 13
2024-12-31 16:54:30,466 - INFO - 13
2024-12-31 16:54:30,466 - INFO - ['bw 14 11', 'dst \'["bw 14 11"]\'']
2024-12-31 16:54:30,466 - INFO - num_cities:1
2024-12-31 16:54:30,466 - INFO - num_workers:1
2024-12-31 16:54:30,466 - INFO - num_carts:0
2024-12-31 16:54:30,467 - INFO - 
2024-12-31 16:54:30,478 - INFO - 14
2024-12-31 16:54:30,478 - INFO - 14
2024-12-31 16:54:30,479 - INFO - ['bc 1 11', 'bcity u_1', 'dst \'["bc 1 11", "bcity u_1"]\'']
2024-12-31 16:54:30,479 - INFO - num_cities:1
2024-12-31 16:54:30,479 - INFO - num_workers:1
2024-12-31 16:54:30,479 - INFO - num_carts:0
2024-12-31 16:54:30,479 - INFO - 
2024-12-31 16:54:30,480 - INFO - 14
2024-12-31 16:54:30,480 - INFO - 14
2024-12-31 16:54:30,480 - INFO - ['bw 14 11', 'bcity u_2', 'dst \'["bw 14 11", "bcity u_2"]\'']
2024-12-31 16:54:30,480 - INFO - num_cities:1
2024-12-31 16:54:30,480 - INFO - num_workers:1
2024-12-31 16:54:30,480 - INFO - num_carts:0
2024-12-31 16:54:30,480 - INFO - 
2024-12-31 16:54:30,491 - INFO - 15
2024-12-31 16:54:30,491 - INFO - 15
2024-12-31 16:54:30,491 - INFO - ['bc 1 9', 'bc 1 11', 'm u_1 c ', 'dst \'["bc 1 9", "bc 1 11", "m u_1 c"]\'']
2024-12-31 16:54:30,491 - INFO - num_cities:2
2024-12-31 16:54:30,491 - INFO - num_workers:1
2024-12-31 16:54:30,492 - INFO - num_carts:0
2024-12-31 16:54:30,492 - INFO - 
2024-12-31 16:54:30,492 - INFO - 15
2024-12-31 16:54:30,492 - INFO - 15
2024-12-31 16:54:30,493 - INFO - ['bw 14 9 ', 'bw 14 11', 'm u_2 c ', 'dst \'["bw 14 9", "bw 14 11", "m u_2 c"]\'']
2024-12-31 16:54:30,493 - INFO - num_cities:2
2024-12-31 16:54:30,493 - INFO - num_workers:1
2024-12-31 16:54:30,493 - INFO - num_carts:0
2024-12-31 16:54:30,493 - INFO - 
2024-12-31 16:54:30,503 - INFO - 16
2024-12-31 16:54:30,503 - INFO - 16
2024-12-31 16:54:30,503 - INFO - ['bw 1 9  ', 'bw 1 11 ', 'm u_1 s ', 'm u_3 c ', 'dst \'["bw 1 9", "bw 1 11", "m u_1 s", "m u_3 c"]\'']
2024-12-31 16:54:30,503 - INFO - num_cities:2
2024-12-31 16:54:30,503 - INFO - num_workers:1
2024-12-31 16:54:30,503 - INFO - num_carts:1
2024-12-31 16:54:30,503 - INFO - 
2024-12-31 16:54:30,504 - INFO - 16
2024-12-31 16:54:30,504 - INFO - 16
2024-12-31 16:54:30,504 - INFO - ['bw 14 9 ', 'bw 14 11', 'm u_2 s ', 'm u_4 c ', 'dst \'["bw 14 9", "bw 14 11", "m u_2 s", "m u_4 c"]\'']
2024-12-31 16:54:30,504 - INFO - num_cities:2
2024-12-31 16:54:30,504 - INFO - num_workers:2
2024-12-31 16:54:30,504 - INFO - num_carts:0
2024-12-31 16:54:30,504 - INFO - 
2024-12-31 16:54:30,514 - INFO - 17
2024-12-31 16:54:30,515 - INFO - 17
2024-12-31 16:54:30,515 - INFO - ['bw 1 9  ', 'bw 1 11 ', 'm u_3 w ', 'dst \'["bw 1 9", "bw 1 11", "m u_3 w"]\'']
2024-12-31 16:54:30,515 - INFO - num_cities:2
2024-12-31 16:54:30,515 - INFO - num_workers:1
2024-12-31 16:54:30,515 - INFO - num_carts:1
2024-12-31 16:54:30,515 - INFO - 
2024-12-31 16:54:30,516 - INFO - 17
2024-12-31 16:54:30,516 - INFO - 17
2024-12-31 16:54:30,516 - INFO - ['bw 14 9 ', 'bw 14 11', 'm u_4 e ', 'dst \'["bw 14 9", "bw 14 11", "m u_4 e"]\'']
2024-12-31 16:54:30,516 - INFO - num_cities:2
2024-12-31 16:54:30,516 - INFO - num_workers:2
2024-12-31 16:54:30,516 - INFO - num_carts:0
2024-12-31 16:54:30,516 - INFO - 
2024-12-31 16:54:30,529 - INFO - 18
2024-12-31 16:54:30,529 - INFO - 18
2024-12-31 16:54:30,529 - INFO - ['bw 1 9  ', 'bw 1 11 ', 'm u_1 w ', 'dst \'["bw 1 9", "bw 1 11", "m u_1 w"]\'']
2024-12-31 16:54:30,529 - INFO - num_cities:2
2024-12-31 16:54:30,530 - INFO - num_workers:1
2024-12-31 16:54:30,530 - INFO - num_carts:1
2024-12-31 16:54:30,530 - INFO - 
2024-12-31 16:54:30,531 - INFO - 18
2024-12-31 16:54:30,531 - INFO - 18
2024-12-31 16:54:30,532 - INFO - ['bw 14 9 ', 'bw 14 11', 'm u_2 e ', 'dst \'["bw 14 9", "bw 14 11", "m u_2 e"]\'']
2024-12-31 16:54:30,532 - INFO - num_cities:2
2024-12-31 16:54:30,532 - INFO - num_workers:2
2024-12-31 16:54:30,532 - INFO - num_carts:0
2024-12-31 16:54:30,532 - INFO - 
2024-12-31 16:54:30,542 - INFO - 19
2024-12-31 16:54:30,542 - INFO - 19
2024-12-31 16:54:30,542 - INFO - ['bw 1 9  ', 'bw 1 11 ', 'm u_3 c ', 'dst \'["bw 1 9", "bw 1 11", "m u_3 c"]\'']
2024-12-31 16:54:30,542 - INFO - num_cities:2
2024-12-31 16:54:30,542 - INFO - num_workers:1
2024-12-31 16:54:30,542 - INFO - num_carts:1
2024-12-31 16:54:30,542 - INFO - 
2024-12-31 16:54:30,544 - INFO - 19
2024-12-31 16:54:30,544 - INFO - 19
2024-12-31 16:54:30,544 - INFO - ['bw 14 9 ', 'bw 14 11', 'm u_4 c ', 'dst \'["bw 14 9", "bw 14 11", "m u_4 c"]\'']
2024-12-31 16:54:30,544 - INFO - num_cities:2
2024-12-31 16:54:30,544 - INFO - num_workers:2
2024-12-31 16:54:30,544 - INFO - num_carts:0
2024-12-31 16:54:30,544 - INFO - 
2024-12-31 16:54:30,553 - INFO - 20
2024-12-31 16:54:30,553 - INFO - 20
2024-12-31 16:54:30,553 - INFO - ['bw 1 9  ', 'bw 1 11 ', 'm u_1 w ', 'm u_3 n ', 'dst \'["bw 1 9", "bw 1 11", "m u_1 w", "m u_3 n"]\'']
2024-12-31 16:54:30,553 - INFO - num_cities:2
2024-12-31 16:54:30,553 - INFO - num_workers:1
2024-12-31 16:54:30,554 - INFO - num_carts:1
2024-12-31 16:54:30,554 - INFO - 
2024-12-31 16:54:30,554 - INFO - 20
2024-12-31 16:54:30,555 - INFO - 20
2024-12-31 16:54:30,555 - INFO - ['bw 14 9 ', 'bw 14 11', 'm u_2 e ', 'm u_4 n ', 'dst \'["bw 14 9", "bw 14 11", "m u_2 e", "m u_4 n"]\'']
2024-12-31 16:54:30,555 - INFO - num_cities:2
2024-12-31 16:54:30,555 - INFO - num_workers:2
2024-12-31 16:54:30,555 - INFO - num_carts:0
2024-12-31 16:54:30,555 - INFO - 
2024-12-31 16:54:30,565 - INFO - 21
2024-12-31 16:54:30,566 - INFO - 21
2024-12-31 16:54:30,566 - INFO - ['bw 1 9  ', 'bw 1 11 ', 'm u_1 s ', 'dst \'["bw 1 9", "bw 1 11", "m u_1 s"]\'']
2024-12-31 16:54:30,566 - INFO - num_cities:2
2024-12-31 16:54:30,566 - INFO - num_workers:1
2024-12-31 16:54:30,566 - INFO - num_carts:1
2024-12-31 16:54:30,566 - INFO - 
2024-12-31 16:54:30,567 - INFO - 21
2024-12-31 16:54:30,567 - INFO - 21
2024-12-31 16:54:30,568 - INFO - ['bw 14 9 ', 'bw 14 11', 'm u_2 s ', 'dst \'["bw 14 9", "bw 14 11", "m u_2 s"]\'']
2024-12-31 16:54:30,568 - INFO - num_cities:2
2024-12-31 16:54:30,568 - INFO - num_workers:2
2024-12-31 16:54:30,568 - INFO - num_carts:0
2024-12-31 16:54:30,568 - INFO - 
2024-12-31 16:54:30,579 - INFO - 22
2024-12-31 16:54:30,579 - INFO - 22
2024-12-31 16:54:30,579 - INFO - ['bw 1 9  ', 'bw 1 11 ', 'm u_3 e ', 'dst \'["bw 1 9", "bw 1 11", "m u_3 e"]\'']
2024-12-31 16:54:30,579 - INFO - num_cities:2
2024-12-31 16:54:30,580 - INFO - num_workers:1
2024-12-31 16:54:30,580 - INFO - num_carts:1
2024-12-31 16:54:30,580 - INFO - 
2024-12-31 16:54:30,581 - INFO - 22
2024-12-31 16:54:30,581 - INFO - 22
2024-12-31 16:54:30,581 - INFO - ['bw 14 9 ', 'bw 14 11', 'm u_4 w ', 'dst \'["bw 14 9", "bw 14 11", "m u_4 w"]\'']
2024-12-31 16:54:30,581 - INFO - num_cities:2
2024-12-31 16:54:30,581 - INFO - num_workers:2
2024-12-31 16:54:30,581 - INFO - num_carts:0
2024-12-31 16:54:30,581 - INFO - 
2024-12-31 16:54:30,593 - INFO - 23
2024-12-31 16:54:30,593 - INFO - 23
2024-12-31 16:54:30,593 - INFO - ['bw 1 9  ', 'bw 1 11 ', 'm u_1 e ', 'dst \'["bw 1 9", "bw 1 11", "m u_1 e"]\'']
2024-12-31 16:54:30,593 - INFO - num_cities:2
2024-12-31 16:54:30,593 - INFO - num_workers:1
2024-12-31 16:54:30,594 - INFO - num_carts:1
2024-12-31 16:54:30,594 - INFO - 
2024-12-31 16:54:30,594 - INFO - 23
2024-12-31 16:54:30,594 - INFO - 23
2024-12-31 16:54:30,595 - INFO - ['bw 14 9 ', 'bw 14 11', 'm u_2 w ', 'dst \'["bw 14 9", "bw 14 11", "m u_2 w"]\'']
2024-12-31 16:54:30,595 - INFO - num_cities:2
2024-12-31 16:54:30,595 - INFO - num_workers:2
2024-12-31 16:54:30,595 - INFO - num_carts:0
2024-12-31 16:54:30,595 - INFO - 
2024-12-31 16:54:30,605 - INFO - 24
2024-12-31 16:54:30,606 - INFO - 24
2024-12-31 16:54:30,606 - INFO - ['bw 1 9  ', 'bw 1 11 ', 'm u_1 w ', 'm u_3 w ', 'dst \'["bw 1 9", "bw 1 11", "m u_1 w", "m u_3 w"]\'']
2024-12-31 16:54:30,606 - INFO - num_cities:2
2024-12-31 16:54:30,606 - INFO - num_workers:1
2024-12-31 16:54:30,606 - INFO - num_carts:1
2024-12-31 16:54:30,606 - INFO - 
2024-12-31 16:54:30,607 - INFO - 24
2024-12-31 16:54:30,607 - INFO - 24
2024-12-31 16:54:30,607 - INFO - ['bw 14 9 ', 'bw 14 11', 'm u_2 e ', 'm u_4 e ', 'dst \'["bw 14 9", "bw 14 11", "m u_2 e", "m u_4 e"]\'']
2024-12-31 16:54:30,607 - INFO - num_cities:2
2024-12-31 16:54:30,607 - INFO - num_workers:2
2024-12-31 16:54:30,607 - INFO - num_carts:0
2024-12-31 16:54:30,607 - INFO - 
2024-12-31 16:54:30,620 - INFO - 25
2024-12-31 16:54:30,620 - INFO - 25
2024-12-31 16:54:30,620 - INFO - ['bw 1 9  ', 'bw 1 11 ', 'm u_3 n ', 'dst \'["bw 1 9", "bw 1 11", "m u_3 n"]\'']
2024-12-31 16:54:30,620 - INFO - num_cities:2
2024-12-31 16:54:30,620 - INFO - num_workers:1
2024-12-31 16:54:30,620 - INFO - num_carts:1
2024-12-31 16:54:30,621 - INFO - 
2024-12-31 16:54:30,622 - INFO - 25
2024-12-31 16:54:30,623 - INFO - 25
2024-12-31 16:54:30,623 - INFO - ['bw 14 9 ', 'bw 14 11', 'dst \'["bw 14 9", "bw 14 11"]\'']
2024-12-31 16:54:30,623 - INFO - num_cities:2
2024-12-31 16:54:30,623 - INFO - num_workers:2
2024-12-31 16:54:30,623 - INFO - num_carts:0
2024-12-31 16:54:30,623 - INFO - 
2024-12-31 16:54:30,636 - INFO - 26
2024-12-31 16:54:30,636 - INFO - 26
2024-12-31 16:54:30,636 - INFO - ['bw 1 9  ', 'bw 1 11 ', 'm u_1 n ', 'dst \'["bw 1 9", "bw 1 11", "m u_1 n"]\'']
2024-12-31 16:54:30,636 - INFO - num_cities:2
2024-12-31 16:54:30,636 - INFO - num_workers:1
2024-12-31 16:54:30,636 - INFO - num_carts:1
2024-12-31 16:54:30,636 - INFO - 
2024-12-31 16:54:30,637 - INFO - 26
2024-12-31 16:54:30,638 - INFO - 26
2024-12-31 16:54:30,638 - INFO - ['bw 14 9 ', 'bw 14 11', 'm u_2 n ', 'm u_4 n ', 'dst \'["bw 14 9", "bw 14 11", "m u_2 n", "m u_4 n"]\'']
2024-12-31 16:54:30,638 - INFO - num_cities:2
2024-12-31 16:54:30,638 - INFO - num_workers:2
2024-12-31 16:54:30,638 - INFO - num_carts:0
2024-12-31 16:54:30,638 - INFO - 
2024-12-31 16:54:30,650 - INFO - 27
2024-12-31 16:54:30,650 - INFO - 27
2024-12-31 16:54:30,650 - INFO - ['bw 1 9  ', 'bw 1 11 ', 'm u_3 n ', 'dst \'["bw 1 9", "bw 1 11", "m u_3 n"]\'']
2024-12-31 16:54:30,650 - INFO - num_cities:2
2024-12-31 16:54:30,650 - INFO - num_workers:1
2024-12-31 16:54:30,650 - INFO - num_carts:1
2024-12-31 16:54:30,651 - INFO - 
2024-12-31 16:54:30,652 - INFO - 27
2024-12-31 16:54:30,652 - INFO - 27
2024-12-31 16:54:30,653 - INFO - ['bw 14 9 ', 'bw 14 11', 'dst \'["bw 14 9", "bw 14 11"]\'']
2024-12-31 16:54:30,653 - INFO - num_cities:2
2024-12-31 16:54:30,653 - INFO - num_workers:2
2024-12-31 16:54:30,653 - INFO - num_carts:0
2024-12-31 16:54:30,653 - INFO - 
2024-12-31 16:54:30,667 - INFO - 28
2024-12-31 16:54:30,668 - INFO - 28
2024-12-31 16:54:30,668 - INFO - ['bw 1 9  ', 'bw 1 11 ', 'm u_1 w ', 'dst \'["bw 1 9", "bw 1 11", "m u_1 w"]\'']
2024-12-31 16:54:30,668 - INFO - num_cities:2
2024-12-31 16:54:30,668 - INFO - num_workers:1
2024-12-31 16:54:30,668 - INFO - num_carts:1
2024-12-31 16:54:30,668 - INFO - 
2024-12-31 16:54:30,670 - INFO - 28
2024-12-31 16:54:30,670 - INFO - 28
2024-12-31 16:54:30,670 - INFO - ['bw 14 9 ', 'bw 14 11', 'm u_2 n ', 'm u_4 e ', 'dst \'["bw 14 9", "bw 14 11", "m u_2 n", "m u_4 e"]\'']
2024-12-31 16:54:30,671 - INFO - num_cities:2
2024-12-31 16:54:30,671 - INFO - num_workers:2
2024-12-31 16:54:30,671 - INFO - num_carts:0
2024-12-31 16:54:30,671 - INFO - 
2024-12-31 16:54:30,683 - INFO - 29
2024-12-31 16:54:30,683 - INFO - 29
2024-12-31 16:54:30,684 - INFO - ['bw 1 9  ', 'bw 1 11 ', 'm u_1 e ', 'm u_3 e ', 'dst \'["bw 1 9", "bw 1 11", "m u_1 e", "m u_3 e"]\'']
2024-12-31 16:54:30,684 - INFO - num_cities:2
2024-12-31 16:54:30,684 - INFO - num_workers:1
2024-12-31 16:54:30,684 - INFO - num_carts:1
2024-12-31 16:54:30,684 - INFO - 
2024-12-31 16:54:30,685 - INFO - 29
2024-12-31 16:54:30,685 - INFO - 29
2024-12-31 16:54:30,685 - INFO - ['bw 14 9 ', 'bw 14 11', 'm u_4 w ', 'dst \'["bw 14 9", "bw 14 11", "m u_4 w"]\'']
2024-12-31 16:54:30,685 - INFO - num_cities:2
2024-12-31 16:54:30,685 - INFO - num_workers:2
2024-12-31 16:54:30,686 - INFO - num_carts:0
2024-12-31 16:54:30,686 - INFO - 
2024-12-31 16:54:30,697 - INFO - 30
2024-12-31 16:54:30,697 - INFO - 30
2024-12-31 16:54:30,697 - INFO - ['bw 1 9  ', 'bw 1 11 ', 'dst \'["bw 1 9", "bw 1 11"]\'']
2024-12-31 16:54:30,697 - INFO - num_cities:2
2024-12-31 16:54:30,698 - INFO - num_workers:1
2024-12-31 16:54:30,698 - INFO - num_carts:1
2024-12-31 16:54:30,698 - INFO - 
2024-12-31 16:54:30,699 - INFO - 30
2024-12-31 16:54:30,699 - INFO - 30
2024-12-31 16:54:30,699 - INFO - ['bw 14 9 ', 'bw 14 11', 'bcity u_2', 'dst \'["bw 14 9", "bw 14 11", "bcity u_2"]\'']
2024-12-31 16:54:30,699 - INFO - num_cities:2
2024-12-31 16:54:30,699 - INFO - num_workers:2
2024-12-31 16:54:30,700 - INFO - num_carts:0
2024-12-31 16:54:30,700 - INFO - 
2024-12-31 16:54:30,709 - INFO - 31
2024-12-31 16:54:30,709 - INFO - 31
2024-12-31 16:54:30,710 - INFO - ['bw 1 9  ', 'bw 1 11 ', 'm u_1 c ', 'm u_3 n ', 'dst \'["bw 1 9", "bw 1 11", "m u_1 c", "m u_3 n"]\'']
2024-12-31 16:54:30,710 - INFO - num_cities:2
2024-12-31 16:54:30,710 - INFO - num_workers:1
2024-12-31 16:54:30,710 - INFO - num_carts:1
2024-12-31 16:54:30,710 - INFO - 
2024-12-31 16:54:30,711 - INFO - 31
2024-12-31 16:54:30,711 - INFO - 31
2024-12-31 16:54:30,711 - INFO - ['bw 15 9 ', 'bw 14 9 ', 'bw 14 11', 'm u_2 w ', 'm u_4 c ', 'dst \'["bw 15 9", "bw 14 9", "bw 14 11", "m u_2 w", "m u_4 c"]\'']
2024-12-31 16:54:30,711 - INFO - num_cities:2
2024-12-31 16:54:30,711 - INFO - num_workers:2
2024-12-31 16:54:30,711 - INFO - num_carts:0
2024-12-31 16:54:30,711 - INFO - 
2024-12-31 16:54:30,722 - INFO - 32
2024-12-31 16:54:30,723 - INFO - 32
2024-12-31 16:54:30,723 - INFO - ['bc 1 9', 'bc 1 11', 'm u_1 e ', 'dst \'["bc 1 9", "bc 1 11", "m u_1 e"]\'']
2024-12-31 16:54:30,723 - INFO - num_cities:2
2024-12-31 16:54:30,723 - INFO - num_workers:1
2024-12-31 16:54:30,723 - INFO - num_carts:0
2024-12-31 16:54:30,723 - INFO - 
2024-12-31 16:54:30,724 - INFO - 32
2024-12-31 16:54:30,724 - INFO - 32
2024-12-31 16:54:30,725 - INFO - ['bw 15 9 ', 'bw 14 9 ', 'bw 14 11', 'm u_2 n ', 'm u_4 w ', 'm u_5 e ', 'dst \'["bw 15 9", "bw 14 9", "bw 14 11", "m u_2 n", "m u_4 w", "m u_5 e"]\'']
2024-12-31 16:54:30,725 - INFO - num_cities:2
2024-12-31 16:54:30,725 - INFO - num_workers:3
2024-12-31 16:54:30,725 - INFO - num_carts:0
2024-12-31 16:54:30,725 - INFO - 
2024-12-31 16:54:30,737 - INFO - 33
2024-12-31 16:54:30,737 - INFO - 33
2024-12-31 16:54:30,737 - INFO - ['bc 1 11', 'dst \'["bc 1 11"]\'']
2024-12-31 16:54:30,737 - INFO - num_cities:1
2024-12-31 16:54:30,737 - INFO - num_workers:1
2024-12-31 16:54:30,737 - INFO - num_carts:0
2024-12-31 16:54:30,737 - INFO - 
2024-12-31 16:54:30,739 - INFO - 33
2024-12-31 16:54:30,739 - INFO - 33
2024-12-31 16:54:30,740 - INFO - ['bw 15 9 ', 'bw 14 9 ', 'bw 14 11', 'm u_5 n ', 'dst \'["bw 15 9", "bw 14 9", "bw 14 11", "m u_5 n"]\'']
2024-12-31 16:54:30,740 - INFO - num_cities:2
2024-12-31 16:54:30,740 - INFO - num_workers:2
2024-12-31 16:54:30,740 - INFO - num_carts:0
2024-12-31 16:54:30,740 - INFO - 
2024-12-31 16:54:30,749 - INFO - 34
2024-12-31 16:54:30,749 - INFO - 34
2024-12-31 16:54:30,749 - INFO - ['bc 1 11', 'dst \'["bc 1 11"]\'']
2024-12-31 16:54:30,750 - INFO - num_cities:1
2024-12-31 16:54:30,750 - INFO - num_workers:1
2024-12-31 16:54:30,750 - INFO - num_carts:0
2024-12-31 16:54:30,750 - INFO - 
2024-12-31 16:54:30,750 - INFO - 34
2024-12-31 16:54:30,751 - INFO - 34
2024-12-31 16:54:30,751 - INFO - ['bw 15 9 ', 'bw 14 9 ', 'bw 14 11', 'm u_7 e ', 'dst \'["bw 15 9", "bw 14 9", "bw 14 11", "m u_7 e"]\'']
2024-12-31 16:54:30,751 - INFO - num_cities:2
2024-12-31 16:54:30,751 - INFO - num_workers:2
2024-12-31 16:54:30,751 - INFO - num_carts:0
2024-12-31 16:54:30,751 - INFO - 
2024-12-31 16:54:30,760 - INFO - 35
2024-12-31 16:54:30,760 - INFO - 35
2024-12-31 16:54:30,760 - INFO - ['bc 1 11', 'dst \'["bc 1 11"]\'']
2024-12-31 16:54:30,760 - INFO - num_cities:1
2024-12-31 16:54:30,760 - INFO - num_workers:1
2024-12-31 16:54:30,761 - INFO - num_carts:0
2024-12-31 16:54:30,761 - INFO - 
2024-12-31 16:54:30,783 - INFO - 35
2024-12-31 16:54:30,783 - INFO - 35
2024-12-31 16:54:30,783 - INFO - ['bw 15 9 ', 'bw 14 9 ', 'bw 14 11', 'm u_7 n ', 'm u_8 c ', 'dst \'["bw 15 9", "bw 14 9", "bw 14 11", "m u_7 n", "m u_8 c"]\'']
2024-12-31 16:54:30,783 - INFO - num_cities:2
2024-12-31 16:54:30,784 - INFO - num_workers:3
2024-12-31 16:54:30,784 - INFO - num_carts:0
2024-12-31 16:54:30,784 - INFO - 
2024-12-31 16:54:30,795 - INFO - 36
2024-12-31 16:54:30,795 - INFO - 36
2024-12-31 16:54:30,795 - INFO - ['m u_1 w ', 'dst \'["m u_1 w"]\'']
2024-12-31 16:54:30,795 - INFO - num_cities:0
2024-12-31 16:54:30,795 - INFO - num_workers:1
2024-12-31 16:54:30,795 - INFO - num_carts:0
2024-12-31 16:54:30,795 - INFO - 
2024-12-31 16:54:30,796 - INFO - 36
2024-12-31 16:54:30,797 - INFO - 36
2024-12-31 16:54:30,797 - INFO - ['bw 15 9 ', 'bw 14 9 ', 'bw 14 11', 'm u_4 w ', 'm u_8 s ', 'dst \'["bw 15 9", "bw 14 9", "bw 14 11", "m u_4 w", "m u_8 s"]\'']
2024-12-31 16:54:30,797 - INFO - num_cities:2
2024-12-31 16:54:30,797 - INFO - num_workers:2
2024-12-31 16:54:30,797 - INFO - num_carts:0
2024-12-31 16:54:30,797 - INFO - 
2024-12-31 16:54:30,806 - INFO - 37
2024-12-31 16:54:30,806 - INFO - 37
2024-12-31 16:54:30,806 - INFO - ["dst '[]'"]
2024-12-31 16:54:30,806 - INFO - num_cities:0
2024-12-31 16:54:30,806 - INFO - num_workers:1
2024-12-31 16:54:30,806 - INFO - num_carts:0
2024-12-31 16:54:30,806 - INFO - 
2024-12-31 16:54:30,807 - INFO - 37
2024-12-31 16:54:30,807 - INFO - 37
2024-12-31 16:54:30,807 - INFO - ['bw 14 11', 'dst \'["bw 14 11"]\'']
2024-12-31 16:54:30,807 - INFO - num_cities:1
2024-12-31 16:54:30,807 - INFO - num_workers:1
2024-12-31 16:54:30,807 - INFO - num_carts:0
2024-12-31 16:54:30,807 - INFO - 
2024-12-31 16:54:30,817 - INFO - 38
2024-12-31 16:54:30,817 - INFO - 38
2024-12-31 16:54:30,817 - INFO - ["dst '[]'"]
2024-12-31 16:54:30,818 - INFO - num_cities:0
2024-12-31 16:54:30,818 - INFO - num_workers:1
2024-12-31 16:54:30,818 - INFO - num_carts:0
2024-12-31 16:54:30,818 - INFO - 
2024-12-31 16:54:30,819 - INFO - 38
2024-12-31 16:54:30,819 - INFO - 38
2024-12-31 16:54:30,819 - INFO - ["dst '[]'"]
2024-12-31 16:54:30,819 - INFO - num_cities:0
2024-12-31 16:54:30,819 - INFO - num_workers:1
2024-12-31 16:54:30,819 - INFO - num_carts:0
2024-12-31 16:54:30,819 - INFO - 
2024-12-31 16:54:30,828 - INFO - 39
2024-12-31 16:54:30,828 - INFO - 39
2024-12-31 16:54:30,829 - INFO - ["dst '[]'"]
2024-12-31 16:54:30,829 - INFO - num_cities:0
2024-12-31 16:54:30,829 - INFO - num_workers:1
2024-12-31 16:54:30,829 - INFO - num_carts:0
2024-12-31 16:54:30,829 - INFO - 
2024-12-31 16:54:30,830 - INFO - 39
2024-12-31 16:54:30,830 - INFO - 39
2024-12-31 16:54:30,830 - INFO - ["dst '[]'"]
2024-12-31 16:54:30,831 - INFO - num_cities:0
2024-12-31 16:54:30,831 - INFO - num_workers:1
2024-12-31 16:54:30,831 - INFO - num_carts:0
2024-12-31 16:54:30,831 - INFO - 
2024-12-31 16:54:30,838 - INFO - 40
2024-12-31 16:54:30,839 - INFO - 40
2024-12-31 16:54:30,839 - INFO - ['m u_1 n ', 'dst \'["m u_1 n"]\'']
2024-12-31 16:54:30,839 - INFO - num_cities:0
2024-12-31 16:54:30,839 - INFO - num_workers:1
2024-12-31 16:54:30,839 - INFO - num_carts:0
2024-12-31 16:54:30,839 - INFO - 
2024-12-31 16:54:30,840 - INFO - 40
2024-12-31 16:54:30,840 - INFO - 40
2024-12-31 16:54:30,840 - INFO - ['m u_4 c ', 'dst \'["m u_4 c"]\'']
2024-12-31 16:54:30,840 - INFO - num_cities:0
2024-12-31 16:54:30,840 - INFO - num_workers:1
2024-12-31 16:54:30,841 - INFO - num_carts:0
2024-12-31 16:54:30,841 - INFO - 
2024-12-31 16:54:30,849 - INFO - 41
2024-12-31 16:54:30,849 - INFO - 41
2024-12-31 16:54:30,849 - INFO - ["dst '[]'"]
2024-12-31 16:54:30,849 - INFO - num_cities:0
2024-12-31 16:54:30,849 - INFO - num_workers:1
2024-12-31 16:54:30,849 - INFO - num_carts:0
2024-12-31 16:54:30,849 - INFO - 
2024-12-31 16:54:30,850 - INFO - 41
2024-12-31 16:54:30,850 - INFO - 41
2024-12-31 16:54:30,850 - INFO - ['m u_4 s ', 'dst \'["m u_4 s"]\'']
2024-12-31 16:54:30,850 - INFO - num_cities:0
2024-12-31 16:54:30,850 - INFO - num_workers:1
2024-12-31 16:54:30,850 - INFO - num_carts:0
2024-12-31 16:54:30,851 - INFO - 
2024-12-31 16:54:30,859 - INFO - 42
2024-12-31 16:54:30,859 - INFO - 42
2024-12-31 16:54:30,859 - INFO - ["dst '[]'"]
2024-12-31 16:54:30,859 - INFO - num_cities:0
2024-12-31 16:54:30,859 - INFO - num_workers:1
2024-12-31 16:54:30,859 - INFO - num_carts:0
2024-12-31 16:54:30,859 - INFO - 
2024-12-31 16:54:30,860 - INFO - 42
2024-12-31 16:54:30,860 - INFO - 42
2024-12-31 16:54:30,860 - INFO - ["dst '[]'"]
2024-12-31 16:54:30,860 - INFO - num_cities:0
2024-12-31 16:54:30,861 - INFO - num_workers:1
2024-12-31 16:54:30,861 - INFO - num_carts:0
2024-12-31 16:54:30,861 - INFO - 
2024-12-31 16:54:30,869 - INFO - 43
2024-12-31 16:54:30,869 - INFO - 43
2024-12-31 16:54:30,869 - INFO - ["dst '[]'"]
2024-12-31 16:54:30,869 - INFO - num_cities:0
2024-12-31 16:54:30,869 - INFO - num_workers:1
2024-12-31 16:54:30,869 - INFO - num_carts:0
2024-12-31 16:54:30,869 - INFO - 
2024-12-31 16:54:30,870 - INFO - 43
2024-12-31 16:54:30,871 - INFO - 43
2024-12-31 16:54:30,871 - INFO - ['m u_4 n ', 'dst \'["m u_4 n"]\'']
2024-12-31 16:54:30,871 - INFO - num_cities:0
2024-12-31 16:54:30,871 - INFO - num_workers:1
2024-12-31 16:54:30,871 - INFO - num_carts:0
2024-12-31 16:54:30,871 - INFO - 
2024-12-31 16:54:30,879 - INFO - 44
2024-12-31 16:54:30,879 - INFO - 44
2024-12-31 16:54:30,879 - INFO - ['bcity u_1', 'dst \'["bcity u_1"]\'']
2024-12-31 16:54:30,879 - INFO - num_cities:0
2024-12-31 16:54:30,879 - INFO - num_workers:1
2024-12-31 16:54:30,879 - INFO - num_carts:0
2024-12-31 16:54:30,879 - INFO - 
2024-12-31 16:54:30,880 - INFO - 44
2024-12-31 16:54:30,880 - INFO - 44
2024-12-31 16:54:30,880 - INFO - ["dst '[]'"]
2024-12-31 16:54:30,880 - INFO - num_cities:0
2024-12-31 16:54:30,880 - INFO - num_workers:1
2024-12-31 16:54:30,880 - INFO - num_carts:0
2024-12-31 16:54:30,880 - INFO - 
2024-12-31 16:54:30,889 - INFO - 45
2024-12-31 16:54:30,890 - INFO - 45
2024-12-31 16:54:30,890 - INFO - ['bc 1 9', 'm u_1 w ', 'dst \'["bc 1 9", "m u_1 w"]\'']
2024-12-31 16:54:30,890 - INFO - num_cities:1
2024-12-31 16:54:30,890 - INFO - num_workers:1
2024-12-31 16:54:30,890 - INFO - num_carts:0
2024-12-31 16:54:30,890 - INFO - 
2024-12-31 16:54:30,891 - INFO - 45
2024-12-31 16:54:30,891 - INFO - 45
2024-12-31 16:54:30,891 - INFO - ['m u_4 n ', 'dst \'["m u_4 n"]\'']
2024-12-31 16:54:30,891 - INFO - num_cities:0
2024-12-31 16:54:30,891 - INFO - num_workers:1
2024-12-31 16:54:30,891 - INFO - num_carts:0
2024-12-31 16:54:30,891 - INFO - 
2024-12-31 16:54:30,899 - INFO - 46
2024-12-31 16:54:30,899 - INFO - 46
2024-12-31 16:54:30,899 - INFO - ['bc 1 9', 'm u_1 n ', 'dst \'["bc 1 9", "m u_1 n"]\'']
2024-12-31 16:54:30,899 - INFO - num_cities:1
2024-12-31 16:54:30,899 - INFO - num_workers:1
2024-12-31 16:54:30,899 - INFO - num_carts:0
2024-12-31 16:54:30,899 - INFO - 
2024-12-31 16:54:30,900 - INFO - 46
2024-12-31 16:54:30,900 - INFO - 46
2024-12-31 16:54:30,900 - INFO - ["dst '[]'"]
2024-12-31 16:54:30,901 - INFO - num_cities:0
2024-12-31 16:54:30,901 - INFO - num_workers:1
2024-12-31 16:54:30,902 - INFO - num_carts:0
2024-12-31 16:54:30,902 - INFO - 
2024-12-31 16:54:30,910 - INFO - 47
2024-12-31 16:54:30,910 - INFO - 47
2024-12-31 16:54:30,910 - INFO - ['bc 1 9', 'm u_1 c ', 'dst \'["bc 1 9", "m u_1 c"]\'']
2024-12-31 16:54:30,910 - INFO - num_cities:1
2024-12-31 16:54:30,910 - INFO - num_workers:1
2024-12-31 16:54:30,910 - INFO - num_carts:0
2024-12-31 16:54:30,910 - INFO - 
2024-12-31 16:54:30,911 - INFO - 47
2024-12-31 16:54:30,911 - INFO - 47
2024-12-31 16:54:30,911 - INFO - ['m u_4 s ', 'dst \'["m u_4 s"]\'']
2024-12-31 16:54:30,911 - INFO - num_cities:0
2024-12-31 16:54:30,911 - INFO - num_workers:1
2024-12-31 16:54:30,911 - INFO - num_carts:0
2024-12-31 16:54:30,911 - INFO - 
2024-12-31 16:54:30,920 - INFO - 48
2024-12-31 16:54:30,920 - INFO - 48
2024-12-31 16:54:30,920 - INFO - ['bc 1 9', 'm u_1 e ', 'dst \'["bc 1 9", "m u_1 e"]\'']
2024-12-31 16:54:30,920 - INFO - num_cities:1
2024-12-31 16:54:30,920 - INFO - num_workers:1
2024-12-31 16:54:30,920 - INFO - num_carts:0
2024-12-31 16:54:30,921 - INFO - 
2024-12-31 16:54:30,921 - INFO - 48
2024-12-31 16:54:30,921 - INFO - 48
2024-12-31 16:54:30,921 - INFO - ["dst '[]'"]
2024-12-31 16:54:30,921 - INFO - num_cities:0
2024-12-31 16:54:30,922 - INFO - num_workers:1
2024-12-31 16:54:30,922 - INFO - num_carts:0
2024-12-31 16:54:30,922 - INFO - 
2024-12-31 16:54:30,929 - INFO - 49
2024-12-31 16:54:30,929 - INFO - 49
2024-12-31 16:54:30,930 - INFO - ['bc 1 9', 'm u_1 s ', 'dst \'["bc 1 9", "m u_1 s"]\'']
2024-12-31 16:54:30,930 - INFO - num_cities:1
2024-12-31 16:54:30,930 - INFO - num_workers:1
2024-12-31 16:54:30,930 - INFO - num_carts:0
2024-12-31 16:54:30,930 - INFO - 
2024-12-31 16:54:30,931 - INFO - 49
2024-12-31 16:54:30,931 - INFO - 49
2024-12-31 16:54:30,931 - INFO - ['m u_4 e ', 'dst \'["m u_4 e"]\'']
2024-12-31 16:54:30,931 - INFO - num_cities:0
2024-12-31 16:54:30,931 - INFO - num_workers:1
2024-12-31 16:54:30,931 - INFO - num_carts:0
2024-12-31 16:54:30,931 - INFO - 
2024-12-31 16:54:30,939 - INFO - 50
2024-12-31 16:54:30,939 - INFO - 50
2024-12-31 16:54:30,939 - INFO - ['bc 1 9', 'm u_1 c ', 'dst \'["bc 1 9", "m u_1 c"]\'']
2024-12-31 16:54:30,940 - INFO - num_cities:1
2024-12-31 16:54:30,940 - INFO - num_workers:1
2024-12-31 16:54:30,940 - INFO - num_carts:0
2024-12-31 16:54:30,940 - INFO - 
2024-12-31 16:54:30,940 - INFO - 50
2024-12-31 16:54:30,941 - INFO - 50
2024-12-31 16:54:30,941 - INFO - ["dst '[]'"]
2024-12-31 16:54:30,941 - INFO - num_cities:0
2024-12-31 16:54:30,941 - INFO - num_workers:1
2024-12-31 16:54:30,941 - INFO - num_carts:0
2024-12-31 16:54:30,941 - INFO - 
2024-12-31 16:54:30,949 - INFO - 51
2024-12-31 16:54:30,949 - INFO - 51
2024-12-31 16:54:30,949 - INFO - ['bc 1 9', 'm u_1 s ', 'dst \'["bc 1 9", "m u_1 s"]\'']
2024-12-31 16:54:30,950 - INFO - num_cities:1
2024-12-31 16:54:30,950 - INFO - num_workers:1
2024-12-31 16:54:30,950 - INFO - num_carts:0
2024-12-31 16:54:30,950 - INFO - 
2024-12-31 16:54:30,951 - INFO - 51
2024-12-31 16:54:30,951 - INFO - 51
2024-12-31 16:54:30,951 - INFO - ['m u_4 n ', 'dst \'["m u_4 n"]\'']
2024-12-31 16:54:30,951 - INFO - num_cities:0
2024-12-31 16:54:30,951 - INFO - num_workers:1
2024-12-31 16:54:30,951 - INFO - num_carts:0
2024-12-31 16:54:30,952 - INFO - 
2024-12-31 16:54:30,959 - INFO - 52
2024-12-31 16:54:30,959 - INFO - 52
2024-12-31 16:54:30,959 - INFO - ['bc 1 9', 'dst \'["bc 1 9"]\'']
2024-12-31 16:54:30,959 - INFO - num_cities:1
2024-12-31 16:54:30,959 - INFO - num_workers:1
2024-12-31 16:54:30,959 - INFO - num_carts:0
2024-12-31 16:54:30,959 - INFO - 
2024-12-31 16:54:30,960 - INFO - 52
2024-12-31 16:54:30,960 - INFO - 52
2024-12-31 16:54:30,960 - INFO - ["dst '[]'"]
2024-12-31 16:54:30,960 - INFO - num_cities:0
2024-12-31 16:54:30,960 - INFO - num_workers:1
2024-12-31 16:54:30,960 - INFO - num_carts:0
2024-12-31 16:54:30,960 - INFO - 
2024-12-31 16:54:30,969 - INFO - 53
2024-12-31 16:54:30,969 - INFO - 53
2024-12-31 16:54:30,970 - INFO - ['bc 1 9', 'm u_1 n ', 'dst \'["bc 1 9", "m u_1 n"]\'']
2024-12-31 16:54:30,970 - INFO - num_cities:1
2024-12-31 16:54:30,970 - INFO - num_workers:1
2024-12-31 16:54:30,970 - INFO - num_carts:0
2024-12-31 16:54:30,970 - INFO - 
2024-12-31 16:54:30,970 - INFO - 53
2024-12-31 16:54:30,970 - INFO - 53
2024-12-31 16:54:30,970 - INFO - ['m u_4 w ', 'dst \'["m u_4 w"]\'']
2024-12-31 16:54:30,971 - INFO - num_cities:0
2024-12-31 16:54:30,971 - INFO - num_workers:1
2024-12-31 16:54:30,971 - INFO - num_carts:0
2024-12-31 16:54:30,971 - INFO - 
2024-12-31 16:54:30,978 - INFO - 54
2024-12-31 16:54:30,978 - INFO - 54
2024-12-31 16:54:30,978 - INFO - ['bc 1 9', 'm u_1 n ', 'dst \'["bc 1 9", "m u_1 n"]\'']
2024-12-31 16:54:30,979 - INFO - num_cities:1
2024-12-31 16:54:30,979 - INFO - num_workers:1
2024-12-31 16:54:30,979 - INFO - num_carts:0
2024-12-31 16:54:30,979 - INFO - 
2024-12-31 16:54:30,980 - INFO - 54
2024-12-31 16:54:30,980 - INFO - 54
2024-12-31 16:54:30,980 - INFO - ["dst '[]'"]
2024-12-31 16:54:30,980 - INFO - num_cities:0
2024-12-31 16:54:30,980 - INFO - num_workers:1
2024-12-31 16:54:30,980 - INFO - num_carts:0
2024-12-31 16:54:30,980 - INFO - 
2024-12-31 16:54:30,988 - INFO - 55
2024-12-31 16:54:30,988 - INFO - 55
2024-12-31 16:54:30,988 - INFO - ['bc 1 9', 'm u_1 s ', 'dst \'["bc 1 9", "m u_1 s"]\'']
2024-12-31 16:54:30,988 - INFO - num_cities:1
2024-12-31 16:54:30,988 - INFO - num_workers:1
2024-12-31 16:54:30,988 - INFO - num_carts:0
2024-12-31 16:54:30,988 - INFO - 
2024-12-31 16:54:30,989 - INFO - 55
2024-12-31 16:54:30,989 - INFO - 55
2024-12-31 16:54:30,990 - INFO - ['m u_4 c ', 'dst \'["m u_4 c"]\'']
2024-12-31 16:54:30,990 - INFO - num_cities:0
2024-12-31 16:54:30,990 - INFO - num_workers:1
2024-12-31 16:54:30,990 - INFO - num_carts:0
2024-12-31 16:54:30,990 - INFO - 
2024-12-31 16:54:30,999 - INFO - 56
2024-12-31 16:54:31,000 - INFO - 56
2024-12-31 16:54:31,000 - INFO - ['bc 1 9', 'm u_1 w ', 'dst \'["bc 1 9", "m u_1 w"]\'']
2024-12-31 16:54:31,000 - INFO - num_cities:1
2024-12-31 16:54:31,000 - INFO - num_workers:1
2024-12-31 16:54:31,000 - INFO - num_carts:0
2024-12-31 16:54:31,000 - INFO - 
2024-12-31 16:54:31,001 - INFO - 56
2024-12-31 16:54:31,001 - INFO - 56
2024-12-31 16:54:31,001 - INFO - ['m u_4 s ', 'dst \'["m u_4 s"]\'']
2024-12-31 16:54:31,001 - INFO - num_cities:0
2024-12-31 16:54:31,001 - INFO - num_workers:1
2024-12-31 16:54:31,001 - INFO - num_carts:0
2024-12-31 16:54:31,001 - INFO - 
2024-12-31 16:54:31,009 - INFO - 57
2024-12-31 16:54:31,010 - INFO - 57
2024-12-31 16:54:31,010 - INFO - ['bc 1 9', 'm u_1 n ', 'dst \'["bc 1 9", "m u_1 n"]\'']
2024-12-31 16:54:31,010 - INFO - num_cities:1
2024-12-31 16:54:31,010 - INFO - num_workers:1
2024-12-31 16:54:31,010 - INFO - num_carts:0
2024-12-31 16:54:31,010 - INFO - 
2024-12-31 16:54:31,011 - INFO - 57
2024-12-31 16:54:31,011 - INFO - 57
2024-12-31 16:54:31,011 - INFO - ["dst '[]'"]
2024-12-31 16:54:31,011 - INFO - num_cities:0
2024-12-31 16:54:31,011 - INFO - num_workers:1
2024-12-31 16:54:31,011 - INFO - num_carts:0
2024-12-31 16:54:31,011 - INFO - 
2024-12-31 16:54:31,019 - INFO - 58
2024-12-31 16:54:31,019 - INFO - 58
2024-12-31 16:54:31,019 - INFO - ['bc 1 9', 'm u_1 e ', 'dst \'["bc 1 9", "m u_1 e"]\'']
2024-12-31 16:54:31,019 - INFO - num_cities:1
2024-12-31 16:54:31,019 - INFO - num_workers:1
2024-12-31 16:54:31,019 - INFO - num_carts:0
2024-12-31 16:54:31,019 - INFO - 
2024-12-31 16:54:31,020 - INFO - 58
2024-12-31 16:54:31,021 - INFO - 58
2024-12-31 16:54:31,021 - INFO - ['m u_4 w ', 'dst \'["m u_4 w"]\'']
2024-12-31 16:54:31,021 - INFO - num_cities:0
2024-12-31 16:54:31,021 - INFO - num_workers:1
2024-12-31 16:54:31,021 - INFO - num_carts:0
2024-12-31 16:54:31,021 - INFO - 
2024-12-31 16:54:31,030 - INFO - 59
2024-12-31 16:54:31,030 - INFO - 59
2024-12-31 16:54:31,030 - INFO - ['bc 1 9', 'm u_1 c ', 'dst \'["bc 1 9", "m u_1 c"]\'']
2024-12-31 16:54:31,030 - INFO - num_cities:1
2024-12-31 16:54:31,030 - INFO - num_workers:1
2024-12-31 16:54:31,030 - INFO - num_carts:0
2024-12-31 16:54:31,030 - INFO - 
2024-12-31 16:54:31,031 - INFO - 59
2024-12-31 16:54:31,031 - INFO - 59
2024-12-31 16:54:31,031 - INFO - ["dst '[]'"]
2024-12-31 16:54:31,031 - INFO - num_cities:0
2024-12-31 16:54:31,031 - INFO - num_workers:1
2024-12-31 16:54:31,032 - INFO - num_carts:0
2024-12-31 16:54:31,032 - INFO - 
2024-12-31 16:54:31,040 - INFO - 60
2024-12-31 16:54:31,040 - INFO - 60
2024-12-31 16:54:31,040 - INFO - ['bc 1 9', 'm u_1 s ', 'dst \'["bc 1 9", "m u_1 s"]\'']
2024-12-31 16:54:31,040 - INFO - num_cities:1
2024-12-31 16:54:31,040 - INFO - num_workers:1
2024-12-31 16:54:31,040 - INFO - num_carts:0
2024-12-31 16:54:31,040 - INFO - 
2024-12-31 16:54:31,041 - INFO - 60
2024-12-31 16:54:31,041 - INFO - 60
2024-12-31 16:54:31,041 - INFO - ['m u_4 n ', 'dst \'["m u_4 n"]\'']
2024-12-31 16:54:31,041 - INFO - num_cities:0
2024-12-31 16:54:31,041 - INFO - num_workers:1
2024-12-31 16:54:31,041 - INFO - num_carts:0
2024-12-31 16:54:31,042 - INFO - 
2024-12-31 16:54:31,050 - INFO - 61
2024-12-31 16:54:31,050 - INFO - 61
2024-12-31 16:54:31,050 - INFO - ['bc 1 9', 'm u_1 e ', 'dst \'["bc 1 9", "m u_1 e"]\'']
2024-12-31 16:54:31,050 - INFO - num_cities:1
2024-12-31 16:54:31,050 - INFO - num_workers:1
2024-12-31 16:54:31,050 - INFO - num_carts:0
2024-12-31 16:54:31,050 - INFO - 
2024-12-31 16:54:31,052 - INFO - 61
2024-12-31 16:54:31,052 - INFO - 61
2024-12-31 16:54:31,052 - INFO - ["dst '[]'"]
2024-12-31 16:54:31,052 - INFO - num_cities:0
2024-12-31 16:54:31,052 - INFO - num_workers:1
2024-12-31 16:54:31,052 - INFO - num_carts:0
2024-12-31 16:54:31,052 - INFO - 
2024-12-31 16:54:31,061 - INFO - 62
2024-12-31 16:54:31,062 - INFO - 62
2024-12-31 16:54:31,062 - INFO - ['bc 1 9', 'dst \'["bc 1 9"]\'']
2024-12-31 16:54:31,062 - INFO - num_cities:1
2024-12-31 16:54:31,062 - INFO - num_workers:1
2024-12-31 16:54:31,062 - INFO - num_carts:0
2024-12-31 16:54:31,062 - INFO - 
2024-12-31 16:54:31,063 - INFO - 62
2024-12-31 16:54:31,063 - INFO - 62
2024-12-31 16:54:31,063 - INFO - ['m u_4 c ', 'dst \'["m u_4 c"]\'']
2024-12-31 16:54:31,063 - INFO - num_cities:0
2024-12-31 16:54:31,063 - INFO - num_workers:1
2024-12-31 16:54:31,063 - INFO - num_carts:0
2024-12-31 16:54:31,063 - INFO - 
2024-12-31 16:54:31,072 - INFO - 63
2024-12-31 16:54:31,072 - INFO - 63
2024-12-31 16:54:31,072 - INFO - ['bc 1 9', 'm u_1 n ', 'dst \'["bc 1 9", "m u_1 n"]\'']
2024-12-31 16:54:31,073 - INFO - num_cities:1
2024-12-31 16:54:31,073 - INFO - num_workers:1
2024-12-31 16:54:31,073 - INFO - num_carts:0
2024-12-31 16:54:31,073 - INFO - 
2024-12-31 16:54:31,074 - INFO - 63
2024-12-31 16:54:31,074 - INFO - 63
2024-12-31 16:54:31,074 - INFO - ['m u_4 c ', 'dst \'["m u_4 c"]\'']
2024-12-31 16:54:31,074 - INFO - num_cities:0
2024-12-31 16:54:31,074 - INFO - num_workers:1
2024-12-31 16:54:31,074 - INFO - num_carts:0
2024-12-31 16:54:31,074 - INFO - 
2024-12-31 16:54:31,082 - INFO - 64
2024-12-31 16:54:31,083 - INFO - 64
2024-12-31 16:54:31,083 - INFO - ['bc 1 9', 'dst \'["bc 1 9"]\'']
2024-12-31 16:54:31,083 - INFO - num_cities:1
2024-12-31 16:54:31,083 - INFO - num_workers:1
2024-12-31 16:54:31,083 - INFO - num_carts:0
2024-12-31 16:54:31,083 - INFO - 
2024-12-31 16:54:31,084 - INFO - 64
2024-12-31 16:54:31,084 - INFO - 64
2024-12-31 16:54:31,084 - INFO - ['m u_4 s ', 'dst \'["m u_4 s"]\'']
2024-12-31 16:54:31,084 - INFO - num_cities:0
2024-12-31 16:54:31,084 - INFO - num_workers:1
2024-12-31 16:54:31,084 - INFO - num_carts:0
2024-12-31 16:54:31,084 - INFO - 
2024-12-31 16:54:31,091 - INFO - 65
2024-12-31 16:54:31,092 - INFO - 65
2024-12-31 16:54:31,092 - INFO - ['bc 1 9', 'm u_1 c ', 'dst \'["bc 1 9", "m u_1 c"]\'']
2024-12-31 16:54:31,092 - INFO - num_cities:1
2024-12-31 16:54:31,092 - INFO - num_workers:1
2024-12-31 16:54:31,092 - INFO - num_carts:0
2024-12-31 16:54:31,092 - INFO - 
2024-12-31 16:54:31,093 - INFO - 65
2024-12-31 16:54:31,093 - INFO - 65
2024-12-31 16:54:31,093 - INFO - ["dst '[]'"]
2024-12-31 16:54:31,093 - INFO - num_cities:0
2024-12-31 16:54:31,093 - INFO - num_workers:1
2024-12-31 16:54:31,093 - INFO - num_carts:0
2024-12-31 16:54:31,093 - INFO - 
2024-12-31 16:54:31,101 - INFO - 66
2024-12-31 16:54:31,101 - INFO - 66
2024-12-31 16:54:31,101 - INFO - ['bc 1 9', 'm u_1 c ', 'dst \'["bc 1 9", "m u_1 c"]\'']
2024-12-31 16:54:31,101 - INFO - num_cities:1
2024-12-31 16:54:31,101 - INFO - num_workers:1
2024-12-31 16:54:31,101 - INFO - num_carts:0
2024-12-31 16:54:31,101 - INFO - 
2024-12-31 16:54:31,102 - INFO - 66
2024-12-31 16:54:31,102 - INFO - 66
2024-12-31 16:54:31,102 - INFO - ['m u_4 s ', 'dst \'["m u_4 s"]\'']
2024-12-31 16:54:31,102 - INFO - num_cities:0
2024-12-31 16:54:31,102 - INFO - num_workers:1
2024-12-31 16:54:31,102 - INFO - num_carts:0
2024-12-31 16:54:31,102 - INFO - 
2024-12-31 16:54:31,110 - INFO - 67
2024-12-31 16:54:31,110 - INFO - 67
2024-12-31 16:54:31,110 - INFO - ['bc 1 9', 'm u_1 s ', 'dst \'["bc 1 9", "m u_1 s"]\'']
2024-12-31 16:54:31,110 - INFO - num_cities:1
2024-12-31 16:54:31,110 - INFO - num_workers:1
2024-12-31 16:54:31,111 - INFO - num_carts:0
2024-12-31 16:54:31,111 - INFO - 
2024-12-31 16:54:31,112 - INFO - 67
2024-12-31 16:54:31,112 - INFO - 67
2024-12-31 16:54:31,112 - INFO - ["dst '[]'"]
2024-12-31 16:54:31,112 - INFO - num_cities:0
2024-12-31 16:54:31,112 - INFO - num_workers:1
2024-12-31 16:54:31,112 - INFO - num_carts:0
2024-12-31 16:54:31,112 - INFO - 
2024-12-31 16:54:31,119 - INFO - 68
2024-12-31 16:54:31,119 - INFO - 68
2024-12-31 16:54:31,119 - INFO - ['bc 1 9', 'dst \'["bc 1 9"]\'']
2024-12-31 16:54:31,119 - INFO - num_cities:1
2024-12-31 16:54:31,119 - INFO - num_workers:1
2024-12-31 16:54:31,119 - INFO - num_carts:0
2024-12-31 16:54:31,119 - INFO - 
2024-12-31 16:54:31,120 - INFO - 68
2024-12-31 16:54:31,120 - INFO - 68
2024-12-31 16:54:31,120 - INFO - ['m u_4 n ', 'dst \'["m u_4 n"]\'']
2024-12-31 16:54:31,121 - INFO - num_cities:0
2024-12-31 16:54:31,121 - INFO - num_workers:1
2024-12-31 16:54:31,121 - INFO - num_carts:0
2024-12-31 16:54:31,121 - INFO - 
2024-12-31 16:54:31,128 - INFO - 69
2024-12-31 16:54:31,128 - INFO - 69
2024-12-31 16:54:31,128 - INFO - ['bc 1 9', 'm u_1 s ', 'dst \'["bc 1 9", "m u_1 s"]\'']
2024-12-31 16:54:31,128 - INFO - num_cities:1
2024-12-31 16:54:31,128 - INFO - num_workers:1
2024-12-31 16:54:31,128 - INFO - num_carts:0
2024-12-31 16:54:31,128 - INFO - 
2024-12-31 16:54:31,129 - INFO - 69
2024-12-31 16:54:31,129 - INFO - 69
2024-12-31 16:54:31,129 - INFO - ["dst '[]'"]
2024-12-31 16:54:31,129 - INFO - num_cities:0
2024-12-31 16:54:31,129 - INFO - num_workers:1
2024-12-31 16:54:31,129 - INFO - num_carts:0
2024-12-31 16:54:31,129 - INFO - 
2024-12-31 16:54:31,137 - INFO - 70
2024-12-31 16:54:31,137 - INFO - 70
2024-12-31 16:54:31,137 - INFO - ['bc 1 9', 'dst \'["bc 1 9"]\'']
2024-12-31 16:54:31,138 - INFO - num_cities:1
2024-12-31 16:54:31,138 - INFO - num_workers:1
2024-12-31 16:54:31,138 - INFO - num_carts:0
2024-12-31 16:54:31,138 - INFO - 
2024-12-31 16:54:31,139 - INFO - 70
2024-12-31 16:54:31,139 - INFO - 70
2024-12-31 16:54:31,139 - INFO - ['m u_4 w ', 'dst \'["m u_4 w"]\'']
2024-12-31 16:54:31,139 - INFO - num_cities:0
2024-12-31 16:54:31,139 - INFO - num_workers:1
2024-12-31 16:54:31,139 - INFO - num_carts:0
2024-12-31 16:54:31,139 - INFO - 
2024-12-31 16:54:31,146 - INFO - 71
2024-12-31 16:54:31,146 - INFO - 71
2024-12-31 16:54:31,146 - INFO - ['bc 1 9', 'm u_1 n ', 'dst \'["bc 1 9", "m u_1 n"]\'']
2024-12-31 16:54:31,146 - INFO - num_cities:1
2024-12-31 16:54:31,146 - INFO - num_workers:1
2024-12-31 16:54:31,146 - INFO - num_carts:0
2024-12-31 16:54:31,146 - INFO - 
2024-12-31 16:54:31,148 - INFO - 71
2024-12-31 16:54:31,148 - INFO - 71
2024-12-31 16:54:31,148 - INFO - ["dst '[]'"]
2024-12-31 16:54:31,148 - INFO - num_cities:0
2024-12-31 16:54:31,148 - INFO - num_workers:1
2024-12-31 16:54:31,149 - INFO - num_carts:0
2024-12-31 16:54:31,149 - INFO - 
2024-12-31 16:54:31,156 - INFO - 72
2024-12-31 16:54:31,156 - INFO - 72
2024-12-31 16:54:31,156 - INFO - ['bc 1 9', 'dst \'["bc 1 9"]\'']
2024-12-31 16:54:31,156 - INFO - num_cities:1
2024-12-31 16:54:31,156 - INFO - num_workers:1
2024-12-31 16:54:31,156 - INFO - num_carts:0
2024-12-31 16:54:31,156 - INFO - 
2024-12-31 16:54:31,157 - INFO - 72
2024-12-31 16:54:31,157 - INFO - 72
2024-12-31 16:54:31,157 - INFO - ['m u_4 e ', 'dst \'["m u_4 e"]\'']
2024-12-31 16:54:31,157 - INFO - num_cities:0
2024-12-31 16:54:31,157 - INFO - num_workers:1
2024-12-31 16:54:31,157 - INFO - num_carts:0
2024-12-31 16:54:31,158 - INFO - 
2024-12-31 16:54:31,166 - INFO - 73
2024-12-31 16:54:31,166 - INFO - 73
2024-12-31 16:54:31,166 - INFO - ['bc 1 9', 'dst \'["bc 1 9"]\'']
2024-12-31 16:54:31,166 - INFO - num_cities:1
2024-12-31 16:54:31,166 - INFO - num_workers:1
2024-12-31 16:54:31,167 - INFO - num_carts:0
2024-12-31 16:54:31,167 - INFO - 
2024-12-31 16:54:31,168 - INFO - 73
2024-12-31 16:54:31,168 - INFO - 73
2024-12-31 16:54:31,168 - INFO - ["dst '[]'"]
2024-12-31 16:54:31,169 - INFO - num_cities:0
2024-12-31 16:54:31,169 - INFO - num_workers:1
2024-12-31 16:54:31,169 - INFO - num_carts:0
2024-12-31 16:54:31,169 - INFO - 
2024-12-31 16:54:31,178 - INFO - 74
2024-12-31 16:54:31,178 - INFO - 74
2024-12-31 16:54:31,178 - INFO - ['bc 1 9', 'dst \'["bc 1 9"]\'']
2024-12-31 16:54:31,178 - INFO - num_cities:1
2024-12-31 16:54:31,178 - INFO - num_workers:1
2024-12-31 16:54:31,178 - INFO - num_carts:0
2024-12-31 16:54:31,178 - INFO - 
2024-12-31 16:54:31,179 - INFO - 74
2024-12-31 16:54:31,180 - INFO - 74
2024-12-31 16:54:31,180 - INFO - ["dst '[]'"]
2024-12-31 16:54:31,180 - INFO - num_cities:0
2024-12-31 16:54:31,180 - INFO - num_workers:1
2024-12-31 16:54:31,180 - INFO - num_carts:0
2024-12-31 16:54:31,180 - INFO - 
2024-12-31 16:54:31,187 - INFO - 75
2024-12-31 16:54:31,187 - INFO - 75
2024-12-31 16:54:31,188 - INFO - ['bc 1 9', 'm u_1 e ', 'dst \'["bc 1 9", "m u_1 e"]\'']
2024-12-31 16:54:31,188 - INFO - num_cities:1
2024-12-31 16:54:31,188 - INFO - num_workers:1
2024-12-31 16:54:31,188 - INFO - num_carts:0
2024-12-31 16:54:31,188 - INFO - 
2024-12-31 16:54:31,189 - INFO - 75
2024-12-31 16:54:31,189 - INFO - 75
2024-12-31 16:54:31,189 - INFO - ["dst '[]'"]
2024-12-31 16:54:31,189 - INFO - num_cities:0
2024-12-31 16:54:31,189 - INFO - num_workers:1
2024-12-31 16:54:31,189 - INFO - num_carts:0
2024-12-31 16:54:31,189 - INFO - 
2024-12-31 16:54:31,197 - INFO - 76
2024-12-31 16:54:31,197 - INFO - 76
2024-12-31 16:54:31,197 - INFO - ['bc 1 9', 'dst \'["bc 1 9"]\'']
2024-12-31 16:54:31,197 - INFO - num_cities:1
2024-12-31 16:54:31,197 - INFO - num_workers:1
2024-12-31 16:54:31,197 - INFO - num_carts:0
2024-12-31 16:54:31,197 - INFO - 
2024-12-31 16:54:31,198 - INFO - 76
2024-12-31 16:54:31,198 - INFO - 76
2024-12-31 16:54:31,198 - INFO - ['m u_4 n ', 'dst \'["m u_4 n"]\'']
2024-12-31 16:54:31,199 - INFO - num_cities:0
2024-12-31 16:54:31,199 - INFO - num_workers:1
2024-12-31 16:54:31,199 - INFO - num_carts:0
2024-12-31 16:54:31,199 - INFO - 
