2024-12-31 19:18:52,706 - INFO - 1
2024-12-31 19:18:52,707 - INFO - 1
2024-12-31 19:18:52,707 - INFO - ['bw 1 11 ', 'm u_1 n ', 'dst \'["bw 1 11", "m u_1 n"]\'']
2024-12-31 19:18:52,707 - INFO - num_cities:1
2024-12-31 19:18:52,707 - INFO - num_workers:1
2024-12-31 19:18:52,707 - INFO - num_carts:0
2024-12-31 19:18:52,707 - INFO - 
2024-12-31 19:18:52,710 - INFO - 1
2024-12-31 19:18:52,711 - INFO - 1
2024-12-31 19:18:52,711 - INFO - ['bc 14 11', 'm u_2 n ', 'dst \'["bc 14 11", "m u_2 n"]\'']
2024-12-31 19:18:52,711 - INFO - num_cities:1
2024-12-31 19:18:52,711 - INFO - num_workers:1
2024-12-31 19:18:52,711 - INFO - num_carts:0
2024-12-31 19:18:52,711 - INFO - 
2024-12-31 19:18:52,724 - INFO - 2
2024-12-31 19:18:52,724 - INFO - 2
2024-12-31 19:18:52,724 - INFO - ['r 1 11', 'dst \'["r 1 11"]\'']
2024-12-31 19:18:52,724 - INFO - num_cities:1
2024-12-31 19:18:52,724 - INFO - num_workers:1
2024-12-31 19:18:52,725 - INFO - num_carts:0
2024-12-31 19:18:52,725 - INFO - 
2024-12-31 19:18:52,725 - INFO - 2
2024-12-31 19:18:52,725 - INFO - 2
2024-12-31 19:18:52,725 - INFO - ['bc 14 11', 'dst \'["bc 14 11"]\'']
2024-12-31 19:18:52,725 - INFO - num_cities:1
2024-12-31 19:18:52,725 - INFO - num_workers:1
2024-12-31 19:18:52,725 - INFO - num_carts:0
2024-12-31 19:18:52,725 - INFO - 
2024-12-31 19:18:52,734 - INFO - 3
2024-12-31 19:18:52,734 - INFO - 3
2024-12-31 19:18:52,734 - INFO - ['r 1 11', 'm u_1 e ', 'dst \'["r 1 11", "m u_1 e"]\'']
2024-12-31 19:18:52,734 - INFO - num_cities:1
2024-12-31 19:18:52,734 - INFO - num_workers:1
2024-12-31 19:18:52,734 - INFO - num_carts:0
2024-12-31 19:18:52,735 - INFO - 
2024-12-31 19:18:52,735 - INFO - 3
2024-12-31 19:18:52,735 - INFO - 3
2024-12-31 19:18:52,735 - INFO - ['bc 14 11', 'm u_2 w ', 'dst \'["bc 14 11", "m u_2 w"]\'']
2024-12-31 19:18:52,735 - INFO - num_cities:1
2024-12-31 19:18:52,736 - INFO - num_workers:1
2024-12-31 19:18:52,736 - INFO - num_carts:0
2024-12-31 19:18:52,736 - INFO - 
2024-12-31 19:18:52,746 - INFO - 4
2024-12-31 19:18:52,746 - INFO - 4
2024-12-31 19:18:52,746 - INFO - ['r 1 11', 'dst \'["r 1 11"]\'']
2024-12-31 19:18:52,746 - INFO - num_cities:1
2024-12-31 19:18:52,746 - INFO - num_workers:1
2024-12-31 19:18:52,746 - INFO - num_carts:0
2024-12-31 19:18:52,746 - INFO - 
2024-12-31 19:18:52,747 - INFO - 4
2024-12-31 19:18:52,747 - INFO - 4
2024-12-31 19:18:52,747 - INFO - ['bc 14 11', 'dst \'["bc 14 11"]\'']
2024-12-31 19:18:52,747 - INFO - num_cities:1
2024-12-31 19:18:52,747 - INFO - num_workers:1
2024-12-31 19:18:52,747 - INFO - num_carts:0
2024-12-31 19:18:52,747 - INFO - 
2024-12-31 19:18:52,755 - INFO - 5
2024-12-31 19:18:52,755 - INFO - 5
2024-12-31 19:18:52,755 - INFO - ['r 1 11', 'm u_1 w ', 'dst \'["r 1 11", "m u_1 w"]\'']
2024-12-31 19:18:52,755 - INFO - num_cities:1
2024-12-31 19:18:52,755 - INFO - num_workers:1
2024-12-31 19:18:52,755 - INFO - num_carts:0
2024-12-31 19:18:52,755 - INFO - 
2024-12-31 19:18:52,756 - INFO - 5
2024-12-31 19:18:52,756 - INFO - 5
2024-12-31 19:18:52,756 - INFO - ['bc 14 11', 'm u_2 e ', 'dst \'["bc 14 11", "m u_2 e"]\'']
2024-12-31 19:18:52,756 - INFO - num_cities:1
2024-12-31 19:18:52,756 - INFO - num_workers:1
2024-12-31 19:18:52,756 - INFO - num_carts:0
2024-12-31 19:18:52,756 - INFO - 
2024-12-31 19:18:52,766 - INFO - 6
2024-12-31 19:18:52,767 - INFO - 6
2024-12-31 19:18:52,767 - INFO - ['r 1 11', 'dst \'["r 1 11"]\'']
2024-12-31 19:18:52,767 - INFO - num_cities:1
2024-12-31 19:18:52,767 - INFO - num_workers:1
2024-12-31 19:18:52,767 - INFO - num_carts:0
2024-12-31 19:18:52,767 - INFO - 
2024-12-31 19:18:52,768 - INFO - 6
2024-12-31 19:18:52,768 - INFO - 6
2024-12-31 19:18:52,768 - INFO - ['bc 14 11', 'dst \'["bc 14 11"]\'']
2024-12-31 19:18:52,768 - INFO - num_cities:1
2024-12-31 19:18:52,768 - INFO - num_workers:1
2024-12-31 19:18:52,768 - INFO - num_carts:0
2024-12-31 19:18:52,768 - INFO - 
2024-12-31 19:18:52,777 - INFO - 7
2024-12-31 19:18:52,777 - INFO - 7
2024-12-31 19:18:52,777 - INFO - ['r 1 11', 'm u_1 w ', 'dst \'["r 1 11", "m u_1 w"]\'']
2024-12-31 19:18:52,777 - INFO - num_cities:1
2024-12-31 19:18:52,777 - INFO - num_workers:1
2024-12-31 19:18:52,777 - INFO - num_carts:0
2024-12-31 19:18:52,777 - INFO - 
2024-12-31 19:18:52,777 - INFO - 7
2024-12-31 19:18:52,777 - INFO - 7
2024-12-31 19:18:52,777 - INFO - ['bc 14 11', 'm u_2 e ', 'dst \'["bc 14 11", "m u_2 e"]\'']
2024-12-31 19:18:52,777 - INFO - num_cities:1
2024-12-31 19:18:52,777 - INFO - num_workers:1
2024-12-31 19:18:52,778 - INFO - num_carts:0
2024-12-31 19:18:52,778 - INFO - 
2024-12-31 19:18:52,785 - INFO - 8
2024-12-31 19:18:52,785 - INFO - 8
2024-12-31 19:18:52,786 - INFO - ['r 1 11', 'dst \'["r 1 11"]\'']
2024-12-31 19:18:52,786 - INFO - num_cities:1
2024-12-31 19:18:52,786 - INFO - num_workers:1
2024-12-31 19:18:52,786 - INFO - num_carts:0
2024-12-31 19:18:52,786 - INFO - 
2024-12-31 19:18:52,787 - INFO - 8
2024-12-31 19:18:52,787 - INFO - 8
2024-12-31 19:18:52,787 - INFO - ['bc 14 11', 'dst \'["bc 14 11"]\'']
2024-12-31 19:18:52,787 - INFO - num_cities:1
2024-12-31 19:18:52,787 - INFO - num_workers:1
2024-12-31 19:18:52,787 - INFO - num_carts:0
2024-12-31 19:18:52,787 - INFO - 
2024-12-31 19:18:52,796 - INFO - 9
2024-12-31 19:18:52,796 - INFO - 9
2024-12-31 19:18:52,796 - INFO - ['r 1 11', 'm u_1 c ', 'dst \'["r 1 11", "m u_1 c"]\'']
2024-12-31 19:18:52,796 - INFO - num_cities:1
2024-12-31 19:18:52,796 - INFO - num_workers:1
2024-12-31 19:18:52,796 - INFO - num_carts:0
2024-12-31 19:18:52,796 - INFO - 
2024-12-31 19:18:52,797 - INFO - 9
2024-12-31 19:18:52,797 - INFO - 9
2024-12-31 19:18:52,797 - INFO - ['bc 14 11', 'm u_2 c ', 'dst \'["bc 14 11", "m u_2 c"]\'']
2024-12-31 19:18:52,797 - INFO - num_cities:1
2024-12-31 19:18:52,797 - INFO - num_workers:1
2024-12-31 19:18:52,797 - INFO - num_carts:0
2024-12-31 19:18:52,797 - INFO - 
2024-12-31 19:18:52,806 - INFO - 10
2024-12-31 19:18:52,806 - INFO - 10
2024-12-31 19:18:52,806 - INFO - ['r 1 11', 'm u_1 e ', 'dst \'["r 1 11", "m u_1 e"]\'']
2024-12-31 19:18:52,806 - INFO - num_cities:1
2024-12-31 19:18:52,806 - INFO - num_workers:1
2024-12-31 19:18:52,806 - INFO - num_carts:0
2024-12-31 19:18:52,806 - INFO - 
2024-12-31 19:18:52,807 - INFO - 10
2024-12-31 19:18:52,807 - INFO - 10
2024-12-31 19:18:52,807 - INFO - ['bc 14 11', 'm u_2 w ', 'dst \'["bc 14 11", "m u_2 w"]\'']
2024-12-31 19:18:52,807 - INFO - num_cities:1
2024-12-31 19:18:52,807 - INFO - num_workers:1
2024-12-31 19:18:52,807 - INFO - num_carts:0
2024-12-31 19:18:52,807 - INFO - 
2024-12-31 19:18:52,816 - INFO - 11
2024-12-31 19:18:52,817 - INFO - 11
2024-12-31 19:18:52,817 - INFO - ['r 1 11', 'dst \'["r 1 11"]\'']
2024-12-31 19:18:52,817 - INFO - num_cities:1
2024-12-31 19:18:52,817 - INFO - num_workers:1
2024-12-31 19:18:52,817 - INFO - num_carts:0
2024-12-31 19:18:52,817 - INFO - 
2024-12-31 19:18:52,817 - INFO - 11
2024-12-31 19:18:52,817 - INFO - 11
2024-12-31 19:18:52,817 - INFO - ['bc 14 11', 'dst \'["bc 14 11"]\'']
2024-12-31 19:18:52,817 - INFO - num_cities:1
2024-12-31 19:18:52,818 - INFO - num_workers:1
2024-12-31 19:18:52,818 - INFO - num_carts:0
2024-12-31 19:18:52,818 - INFO - 
2024-12-31 19:18:52,828 - INFO - 12
2024-12-31 19:18:52,828 - INFO - 12
2024-12-31 19:18:52,828 - INFO - ['r 1 11', 'm u_1 n ', 'dst \'["r 1 11", "m u_1 n"]\'']
2024-12-31 19:18:52,828 - INFO - num_cities:1
2024-12-31 19:18:52,828 - INFO - num_workers:1
2024-12-31 19:18:52,828 - INFO - num_carts:0
2024-12-31 19:18:52,828 - INFO - 
2024-12-31 19:18:52,829 - INFO - 12
2024-12-31 19:18:52,829 - INFO - 12
2024-12-31 19:18:52,829 - INFO - ['bc 14 11', 'm u_2 n ', 'dst \'["bc 14 11", "m u_2 n"]\'']
2024-12-31 19:18:52,829 - INFO - num_cities:1
2024-12-31 19:18:52,829 - INFO - num_workers:1
2024-12-31 19:18:52,829 - INFO - num_carts:0
2024-12-31 19:18:52,829 - INFO - 
2024-12-31 19:18:52,841 - INFO - 13
2024-12-31 19:18:52,841 - INFO - 13
2024-12-31 19:18:52,841 - INFO - ['r 1 11', 'dst \'["r 1 11"]\'']
2024-12-31 19:18:52,841 - INFO - num_cities:1
2024-12-31 19:18:52,841 - INFO - num_workers:1
2024-12-31 19:18:52,842 - INFO - num_carts:0
2024-12-31 19:18:52,842 - INFO - 
2024-12-31 19:18:52,843 - INFO - 13
2024-12-31 19:18:52,843 - INFO - 13
2024-12-31 19:18:52,843 - INFO - ['bc 14 11', 'dst \'["bc 14 11"]\'']
2024-12-31 19:18:52,843 - INFO - num_cities:1
2024-12-31 19:18:52,843 - INFO - num_workers:1
2024-12-31 19:18:52,843 - INFO - num_carts:0
2024-12-31 19:18:52,843 - INFO - 
2024-12-31 19:18:52,853 - INFO - 14
2024-12-31 19:18:52,853 - INFO - 14
2024-12-31 19:18:52,853 - INFO - ['r 1 11', 'bcity u_1', 'dst \'["r 1 11", "bcity u_1"]\'']
2024-12-31 19:18:52,853 - INFO - num_cities:1
2024-12-31 19:18:52,853 - INFO - num_workers:1
2024-12-31 19:18:52,853 - INFO - num_carts:0
2024-12-31 19:18:52,854 - INFO - 
2024-12-31 19:18:52,855 - INFO - 14
2024-12-31 19:18:52,855 - INFO - 14
2024-12-31 19:18:52,855 - INFO - ['bc 14 11', 'bcity u_2', 'dst \'["bc 14 11", "bcity u_2"]\'']
2024-12-31 19:18:52,855 - INFO - num_cities:1
2024-12-31 19:18:52,855 - INFO - num_workers:1
2024-12-31 19:18:52,855 - INFO - num_carts:0
2024-12-31 19:18:52,855 - INFO - 
2024-12-31 19:18:52,865 - INFO - 15
2024-12-31 19:18:52,865 - INFO - 15
2024-12-31 19:18:52,866 - INFO - ['bw 1 9  ', 'r 1 11', 'm u_1 c ', 'dst \'["bw 1 9", "r 1 11", "m u_1 c"]\'']
2024-12-31 19:18:52,866 - INFO - num_cities:2
2024-12-31 19:18:52,866 - INFO - num_workers:1
2024-12-31 19:18:52,866 - INFO - num_carts:0
2024-12-31 19:18:52,866 - INFO - 
2024-12-31 19:18:52,867 - INFO - 15
2024-12-31 19:18:52,867 - INFO - 15
2024-12-31 19:18:52,867 - INFO - ['bc 14 9', 'bc 14 11', 'm u_2 c ', 'dst \'["bc 14 9", "bc 14 11", "m u_2 c"]\'']
2024-12-31 19:18:52,867 - INFO - num_cities:2
2024-12-31 19:18:52,867 - INFO - num_workers:1
2024-12-31 19:18:52,867 - INFO - num_carts:0
2024-12-31 19:18:52,867 - INFO - 
2024-12-31 19:18:52,877 - INFO - 16
2024-12-31 19:18:52,877 - INFO - 16
2024-12-31 19:18:52,877 - INFO - ['r 1 9', 'r 1 11', 'm u_1 s ', 'm u_3 c ', 'dst \'["r 1 9", "r 1 11", "m u_1 s", "m u_3 c"]\'']
2024-12-31 19:18:52,877 - INFO - num_cities:2
2024-12-31 19:18:52,877 - INFO - num_workers:2
2024-12-31 19:18:52,877 - INFO - num_carts:0
2024-12-31 19:18:52,877 - INFO - 
2024-12-31 19:18:52,878 - INFO - 16
2024-12-31 19:18:52,878 - INFO - 16
2024-12-31 19:18:52,878 - INFO - ['bw 14 9 ', 'bw 14 11', 'm u_2 s ', 'm u_4 c ', 'dst \'["bw 14 9", "bw 14 11", "m u_2 s", "m u_4 c"]\'']
2024-12-31 19:18:52,878 - INFO - num_cities:2
2024-12-31 19:18:52,878 - INFO - num_workers:1
2024-12-31 19:18:52,878 - INFO - num_carts:1
2024-12-31 19:18:52,878 - INFO - 
2024-12-31 19:18:52,886 - INFO - 17
2024-12-31 19:18:52,886 - INFO - 17
2024-12-31 19:18:52,886 - INFO - ['r 1 9', 'r 1 11', 'm u_3 w ', 'dst \'["r 1 9", "r 1 11", "m u_3 w"]\'']
2024-12-31 19:18:52,886 - INFO - num_cities:2
2024-12-31 19:18:52,887 - INFO - num_workers:2
2024-12-31 19:18:52,887 - INFO - num_carts:0
2024-12-31 19:18:52,887 - INFO - 
2024-12-31 19:18:52,887 - INFO - 17
2024-12-31 19:18:52,887 - INFO - 17
2024-12-31 19:18:52,887 - INFO - ['bw 14 9 ', 'bw 14 11', 'm u_4 e ', 'dst \'["bw 14 9", "bw 14 11", "m u_4 e"]\'']
2024-12-31 19:18:52,888 - INFO - num_cities:2
2024-12-31 19:18:52,888 - INFO - num_workers:1
2024-12-31 19:18:52,888 - INFO - num_carts:1
2024-12-31 19:18:52,888 - INFO - 
2024-12-31 19:18:52,896 - INFO - 18
2024-12-31 19:18:52,896 - INFO - 18
2024-12-31 19:18:52,896 - INFO - ['r 1 9', 'r 1 11', 'm u_1 w ', 'dst \'["r 1 9", "r 1 11", "m u_1 w"]\'']
2024-12-31 19:18:52,896 - INFO - num_cities:2
2024-12-31 19:18:52,896 - INFO - num_workers:2
2024-12-31 19:18:52,896 - INFO - num_carts:0
2024-12-31 19:18:52,896 - INFO - 
2024-12-31 19:18:52,897 - INFO - 18
2024-12-31 19:18:52,898 - INFO - 18
2024-12-31 19:18:52,898 - INFO - ['bw 14 9 ', 'bw 14 11', 'm u_2 e ', 'dst \'["bw 14 9", "bw 14 11", "m u_2 e"]\'']
2024-12-31 19:18:52,898 - INFO - num_cities:2
2024-12-31 19:18:52,898 - INFO - num_workers:1
2024-12-31 19:18:52,898 - INFO - num_carts:1
2024-12-31 19:18:52,898 - INFO - 
2024-12-31 19:18:52,907 - INFO - 19
2024-12-31 19:18:52,907 - INFO - 19
2024-12-31 19:18:52,907 - INFO - ['r 1 9', 'r 1 11', 'm u_3 c ', 'dst \'["r 1 9", "r 1 11", "m u_3 c"]\'']
2024-12-31 19:18:52,907 - INFO - num_cities:2
2024-12-31 19:18:52,907 - INFO - num_workers:2
2024-12-31 19:18:52,907 - INFO - num_carts:0
2024-12-31 19:18:52,907 - INFO - 
2024-12-31 19:18:52,908 - INFO - 19
2024-12-31 19:18:52,908 - INFO - 19
2024-12-31 19:18:52,908 - INFO - ['bw 14 9 ', 'bw 14 11', 'm u_4 c ', 'dst \'["bw 14 9", "bw 14 11", "m u_4 c"]\'']
2024-12-31 19:18:52,908 - INFO - num_cities:2
2024-12-31 19:18:52,908 - INFO - num_workers:1
2024-12-31 19:18:52,908 - INFO - num_carts:1
2024-12-31 19:18:52,908 - INFO - 
2024-12-31 19:18:52,918 - INFO - 20
2024-12-31 19:18:52,918 - INFO - 20
2024-12-31 19:18:52,918 - INFO - ['r 1 9', 'r 1 11', 'm u_1 w ', 'm u_3 n ', 'dst \'["r 1 9", "r 1 11", "m u_1 w", "m u_3 n"]\'']
2024-12-31 19:18:52,918 - INFO - num_cities:2
2024-12-31 19:18:52,918 - INFO - num_workers:2
2024-12-31 19:18:52,918 - INFO - num_carts:0
2024-12-31 19:18:52,918 - INFO - 
2024-12-31 19:18:52,919 - INFO - 20
2024-12-31 19:18:52,919 - INFO - 20
2024-12-31 19:18:52,919 - INFO - ['bw 14 9 ', 'bw 14 11', 'm u_2 e ', 'm u_4 n ', 'dst \'["bw 14 9", "bw 14 11", "m u_2 e", "m u_4 n"]\'']
2024-12-31 19:18:52,919 - INFO - num_cities:2
2024-12-31 19:18:52,919 - INFO - num_workers:1
2024-12-31 19:18:52,920 - INFO - num_carts:1
2024-12-31 19:18:52,920 - INFO - 
2024-12-31 19:18:52,927 - INFO - 21
2024-12-31 19:18:52,928 - INFO - 21
2024-12-31 19:18:52,928 - INFO - ['r 1 9', 'r 1 11', 'm u_1 s ', 'dst \'["r 1 9", "r 1 11", "m u_1 s"]\'']
2024-12-31 19:18:52,928 - INFO - num_cities:2
2024-12-31 19:18:52,928 - INFO - num_workers:2
2024-12-31 19:18:52,928 - INFO - num_carts:0
2024-12-31 19:18:52,928 - INFO - 
2024-12-31 19:18:52,929 - INFO - 21
2024-12-31 19:18:52,930 - INFO - 21
2024-12-31 19:18:52,930 - INFO - ['bw 14 9 ', 'bw 14 11', 'm u_2 s ', 'dst \'["bw 14 9", "bw 14 11", "m u_2 s"]\'']
2024-12-31 19:18:52,930 - INFO - num_cities:2
2024-12-31 19:18:52,930 - INFO - num_workers:1
2024-12-31 19:18:52,930 - INFO - num_carts:1
2024-12-31 19:18:52,930 - INFO - 
2024-12-31 19:18:52,939 - INFO - 22
2024-12-31 19:18:52,940 - INFO - 22
2024-12-31 19:18:52,940 - INFO - ['r 1 9', 'bw 1 11 ', 'm u_3 e ', 'dst \'["r 1 9", "bw 1 11", "m u_3 e"]\'']
2024-12-31 19:18:52,940 - INFO - num_cities:2
2024-12-31 19:18:52,940 - INFO - num_workers:2
2024-12-31 19:18:52,940 - INFO - num_carts:0
2024-12-31 19:18:52,940 - INFO - 
2024-12-31 19:18:52,941 - INFO - 22
2024-12-31 19:18:52,941 - INFO - 22
2024-12-31 19:18:52,941 - INFO - ['bw 14 9 ', 'bw 14 11', 'm u_4 w ', 'dst \'["bw 14 9", "bw 14 11", "m u_4 w"]\'']
2024-12-31 19:18:52,941 - INFO - num_cities:2
2024-12-31 19:18:52,941 - INFO - num_workers:1
2024-12-31 19:18:52,941 - INFO - num_carts:1
2024-12-31 19:18:52,941 - INFO - 
2024-12-31 19:18:52,952 - INFO - 23
2024-12-31 19:18:52,952 - INFO - 23
2024-12-31 19:18:52,952 - INFO - ['r 1 9', 'r 1 11', 'm u_1 e ', 'dst \'["r 1 9", "r 1 11", "m u_1 e"]\'']
2024-12-31 19:18:52,952 - INFO - num_cities:2
2024-12-31 19:18:52,952 - INFO - num_workers:2
2024-12-31 19:18:52,952 - INFO - num_carts:0
2024-12-31 19:18:52,953 - INFO - 
2024-12-31 19:18:52,954 - INFO - 23
2024-12-31 19:18:52,954 - INFO - 23
2024-12-31 19:18:52,954 - INFO - ['bw 14 9 ', 'bw 14 11', 'm u_2 w ', 'dst \'["bw 14 9", "bw 14 11", "m u_2 w"]\'']
2024-12-31 19:18:52,954 - INFO - num_cities:2
2024-12-31 19:18:52,954 - INFO - num_workers:1
2024-12-31 19:18:52,954 - INFO - num_carts:1
2024-12-31 19:18:52,954 - INFO - 
2024-12-31 19:18:52,968 - INFO - 24
2024-12-31 19:18:52,969 - INFO - 24
2024-12-31 19:18:52,969 - INFO - ['r 1 9', 'r 1 11', 'm u_1 w ', 'm u_3 w ', 'dst \'["r 1 9", "r 1 11", "m u_1 w", "m u_3 w"]\'']
2024-12-31 19:18:52,969 - INFO - num_cities:2
2024-12-31 19:18:52,969 - INFO - num_workers:2
2024-12-31 19:18:52,969 - INFO - num_carts:0
2024-12-31 19:18:52,969 - INFO - 
2024-12-31 19:18:52,971 - INFO - 24
2024-12-31 19:18:52,971 - INFO - 24
2024-12-31 19:18:52,971 - INFO - ['bw 14 9 ', 'bw 14 11', 'm u_2 e ', 'm u_4 e ', 'dst \'["bw 14 9", "bw 14 11", "m u_2 e", "m u_4 e"]\'']
2024-12-31 19:18:52,971 - INFO - num_cities:2
2024-12-31 19:18:52,971 - INFO - num_workers:1
2024-12-31 19:18:52,971 - INFO - num_carts:1
2024-12-31 19:18:52,971 - INFO - 
2024-12-31 19:18:52,982 - INFO - 25
2024-12-31 19:18:52,983 - INFO - 25
2024-12-31 19:18:52,983 - INFO - ['r 1 9', 'r 1 11', 'dst \'["r 1 9", "r 1 11"]\'']
2024-12-31 19:18:52,983 - INFO - num_cities:2
2024-12-31 19:18:52,983 - INFO - num_workers:2
2024-12-31 19:18:52,983 - INFO - num_carts:0
2024-12-31 19:18:52,983 - INFO - 
2024-12-31 19:18:52,984 - INFO - 25
2024-12-31 19:18:52,984 - INFO - 25
2024-12-31 19:18:52,984 - INFO - ['bw 14 9 ', 'bw 14 11', 'm u_4 n ', 'dst \'["bw 14 9", "bw 14 11", "m u_4 n"]\'']
2024-12-31 19:18:52,984 - INFO - num_cities:2
2024-12-31 19:18:52,984 - INFO - num_workers:1
2024-12-31 19:18:52,984 - INFO - num_carts:1
2024-12-31 19:18:52,984 - INFO - 
2024-12-31 19:18:52,995 - INFO - 26
2024-12-31 19:18:52,996 - INFO - 26
2024-12-31 19:18:52,996 - INFO - ['r 1 9', 'r 1 11', 'm u_1 n ', 'm u_3 n ', 'dst \'["r 1 9", "r 1 11", "m u_1 n", "m u_3 n"]\'']
2024-12-31 19:18:52,996 - INFO - num_cities:2
2024-12-31 19:18:52,996 - INFO - num_workers:2
2024-12-31 19:18:52,996 - INFO - num_carts:0
2024-12-31 19:18:52,996 - INFO - 
2024-12-31 19:18:52,997 - INFO - 26
2024-12-31 19:18:52,998 - INFO - 26
2024-12-31 19:18:52,998 - INFO - ['bw 14 9 ', 'bw 14 11', 'm u_2 n ', 'dst \'["bw 14 9", "bw 14 11", "m u_2 n"]\'']
2024-12-31 19:18:52,998 - INFO - num_cities:2
2024-12-31 19:18:52,998 - INFO - num_workers:1
2024-12-31 19:18:52,998 - INFO - num_carts:1
2024-12-31 19:18:52,998 - INFO - 
2024-12-31 19:18:53,011 - INFO - 27
2024-12-31 19:18:53,011 - INFO - 27
2024-12-31 19:18:53,011 - INFO - ['r 1 9', 'r 1 11', 'dst \'["r 1 9", "r 1 11"]\'']
2024-12-31 19:18:53,011 - INFO - num_cities:2
2024-12-31 19:18:53,011 - INFO - num_workers:2
2024-12-31 19:18:53,012 - INFO - num_carts:0
2024-12-31 19:18:53,012 - INFO - 
2024-12-31 19:18:53,013 - INFO - 27
2024-12-31 19:18:53,013 - INFO - 27
2024-12-31 19:18:53,013 - INFO - ['bw 14 9 ', 'bw 14 11', 'm u_4 n ', 'dst \'["bw 14 9", "bw 14 11", "m u_4 n"]\'']
2024-12-31 19:18:53,013 - INFO - num_cities:2
2024-12-31 19:18:53,013 - INFO - num_workers:1
2024-12-31 19:18:53,014 - INFO - num_carts:1
2024-12-31 19:18:53,014 - INFO - 
2024-12-31 19:18:53,028 - INFO - 28
2024-12-31 19:18:53,029 - INFO - 28
2024-12-31 19:18:53,029 - INFO - ['r 1 9', 'r 1 11', 'm u_1 n ', 'm u_3 w ', 'dst \'["r 1 9", "r 1 11", "m u_1 n", "m u_3 w"]\'']
2024-12-31 19:18:53,029 - INFO - num_cities:2
2024-12-31 19:18:53,029 - INFO - num_workers:2
2024-12-31 19:18:53,029 - INFO - num_carts:0
2024-12-31 19:18:53,029 - INFO - 
2024-12-31 19:18:53,030 - INFO - 28
2024-12-31 19:18:53,031 - INFO - 28
2024-12-31 19:18:53,031 - INFO - ['bw 14 9 ', 'bw 14 11', 'm u_2 e ', 'dst \'["bw 14 9", "bw 14 11", "m u_2 e"]\'']
2024-12-31 19:18:53,031 - INFO - num_cities:2
2024-12-31 19:18:53,031 - INFO - num_workers:1
2024-12-31 19:18:53,031 - INFO - num_carts:1
2024-12-31 19:18:53,031 - INFO - 
2024-12-31 19:18:53,040 - INFO - 29
2024-12-31 19:18:53,041 - INFO - 29
2024-12-31 19:18:53,041 - INFO - ['r 1 9', 'r 1 11', 'm u_3 e ', 'dst \'["r 1 9", "r 1 11", "m u_3 e"]\'']
2024-12-31 19:18:53,041 - INFO - num_cities:2
2024-12-31 19:18:53,041 - INFO - num_workers:2
2024-12-31 19:18:53,041 - INFO - num_carts:0
2024-12-31 19:18:53,041 - INFO - 
2024-12-31 19:18:53,042 - INFO - 29
2024-12-31 19:18:53,042 - INFO - 29
2024-12-31 19:18:53,042 - INFO - ['bw 14 9 ', 'bw 14 11', 'm u_2 w ', 'm u_4 w ', 'dst \'["bw 14 9", "bw 14 11", "m u_2 w", "m u_4 w"]\'']
2024-12-31 19:18:53,042 - INFO - num_cities:2
2024-12-31 19:18:53,042 - INFO - num_workers:1
2024-12-31 19:18:53,042 - INFO - num_carts:1
2024-12-31 19:18:53,042 - INFO - 
2024-12-31 19:18:53,052 - INFO - 30
2024-12-31 19:18:53,052 - INFO - 30
2024-12-31 19:18:53,052 - INFO - ['r 1 9', 'r 1 11', 'bcity u_1', 'dst \'["r 1 9", "r 1 11", "bcity u_1"]\'']
2024-12-31 19:18:53,052 - INFO - num_cities:2
2024-12-31 19:18:53,052 - INFO - num_workers:2
2024-12-31 19:18:53,052 - INFO - num_carts:0
2024-12-31 19:18:53,053 - INFO - 
2024-12-31 19:18:53,053 - INFO - 30
2024-12-31 19:18:53,054 - INFO - 30
2024-12-31 19:18:53,054 - INFO - ['bw 14 9 ', 'bw 14 11', 'dst \'["bw 14 9", "bw 14 11"]\'']
2024-12-31 19:18:53,054 - INFO - num_cities:2
2024-12-31 19:18:53,054 - INFO - num_workers:1
2024-12-31 19:18:53,054 - INFO - num_carts:1
2024-12-31 19:18:53,054 - INFO - 
2024-12-31 19:18:53,063 - INFO - 31
2024-12-31 19:18:53,063 - INFO - 31
2024-12-31 19:18:53,063 - INFO - ['r 0 9', 'r 1 9', 'r 1 11', 'm u_1 e ', 'm u_3 c ', 'dst \'["r 0 9", "r 1 9", "r 1 11", "m u_1 e", "m u_3 c"]\'']
2024-12-31 19:18:53,063 - INFO - num_cities:2
2024-12-31 19:18:53,063 - INFO - num_workers:2
2024-12-31 19:18:53,063 - INFO - num_carts:0
2024-12-31 19:18:53,063 - INFO - 
2024-12-31 19:18:53,064 - INFO - 31
2024-12-31 19:18:53,064 - INFO - 31
2024-12-31 19:18:53,064 - INFO - ['bw 14 9 ', 'bw 14 11', 'm u_2 c ', 'm u_4 n ', 'dst \'["bw 14 9", "bw 14 11", "m u_2 c", "m u_4 n"]\'']
2024-12-31 19:18:53,064 - INFO - num_cities:2
2024-12-31 19:18:53,064 - INFO - num_workers:1
2024-12-31 19:18:53,064 - INFO - num_carts:1
2024-12-31 19:18:53,064 - INFO - 
2024-12-31 19:18:53,077 - INFO - 32
2024-12-31 19:18:53,077 - INFO - 32
2024-12-31 19:18:53,077 - INFO - ['r 0 9', 'r 1 9', 'r 1 11', 'm u_1 n ', 'm u_3 e ', 'dst \'["r 0 9", "r 1 9", "r 1 11", "m u_1 n", "m u_3 e"]\'']
2024-12-31 19:18:53,077 - INFO - num_cities:2
2024-12-31 19:18:53,077 - INFO - num_workers:2
2024-12-31 19:18:53,077 - INFO - num_carts:0
2024-12-31 19:18:53,077 - INFO - 
2024-12-31 19:18:53,079 - INFO - 32
2024-12-31 19:18:53,080 - INFO - 32
2024-12-31 19:18:53,080 - INFO - ['bc 14 9', 'bc 14 11', 'm u_2 w ', 'dst \'["bc 14 9", "bc 14 11", "m u_2 w"]\'']
2024-12-31 19:18:53,080 - INFO - num_cities:2
2024-12-31 19:18:53,080 - INFO - num_workers:1
2024-12-31 19:18:53,080 - INFO - num_carts:0
2024-12-31 19:18:53,080 - INFO - 
2024-12-31 19:18:53,092 - INFO - 33
2024-12-31 19:18:53,092 - INFO - 33
2024-12-31 19:18:53,092 - INFO - ['r 0 9', 'r 1 9', 'r 1 11', 'dst \'["r 0 9", "r 1 9", "r 1 11"]\'']
2024-12-31 19:18:53,092 - INFO - num_cities:2
2024-12-31 19:18:53,092 - INFO - num_workers:1
2024-12-31 19:18:53,092 - INFO - num_carts:0
2024-12-31 19:18:53,092 - INFO - 
2024-12-31 19:18:53,093 - INFO - 33
2024-12-31 19:18:53,093 - INFO - 33
2024-12-31 19:18:53,093 - INFO - ['bc 14 11', 'dst \'["bc 14 11"]\'']
2024-12-31 19:18:53,093 - INFO - num_cities:1
2024-12-31 19:18:53,093 - INFO - num_workers:1
2024-12-31 19:18:53,093 - INFO - num_carts:0
2024-12-31 19:18:53,094 - INFO - 
2024-12-31 19:18:53,103 - INFO - 34
2024-12-31 19:18:53,103 - INFO - 34
2024-12-31 19:18:53,103 - INFO - ['r 1 11', 'dst \'["r 1 11"]\'']
2024-12-31 19:18:53,103 - INFO - num_cities:1
2024-12-31 19:18:53,104 - INFO - num_workers:1
2024-12-31 19:18:53,104 - INFO - num_carts:0
2024-12-31 19:18:53,104 - INFO - 
2024-12-31 19:18:53,105 - INFO - 34
2024-12-31 19:18:53,105 - INFO - 34
2024-12-31 19:18:53,105 - INFO - ['bc 14 11', 'dst \'["bc 14 11"]\'']
2024-12-31 19:18:53,105 - INFO - num_cities:1
2024-12-31 19:18:53,105 - INFO - num_workers:1
2024-12-31 19:18:53,105 - INFO - num_carts:0
2024-12-31 19:18:53,105 - INFO - 
2024-12-31 19:18:53,144 - INFO - 35
2024-12-31 19:18:53,144 - INFO - 35
2024-12-31 19:18:53,144 - INFO - ['r 1 11', 'dst \'["r 1 11"]\'']
2024-12-31 19:18:53,144 - INFO - num_cities:1
2024-12-31 19:18:53,144 - INFO - num_workers:1
2024-12-31 19:18:53,145 - INFO - num_carts:0
2024-12-31 19:18:53,145 - INFO - 
2024-12-31 19:18:53,146 - INFO - 35
2024-12-31 19:18:53,146 - INFO - 35
2024-12-31 19:18:53,146 - INFO - ['bc 14 11', 'dst \'["bc 14 11"]\'']
2024-12-31 19:18:53,146 - INFO - num_cities:1
2024-12-31 19:18:53,146 - INFO - num_workers:1
2024-12-31 19:18:53,147 - INFO - num_carts:0
2024-12-31 19:18:53,147 - INFO - 
2024-12-31 19:18:53,159 - INFO - 36
2024-12-31 19:18:53,160 - INFO - 36
2024-12-31 19:18:53,160 - INFO - ['m u_3 w ', 'dst \'["m u_3 w"]\'']
2024-12-31 19:18:53,160 - INFO - num_cities:0
2024-12-31 19:18:53,160 - INFO - num_workers:1
2024-12-31 19:18:53,160 - INFO - num_carts:0
2024-12-31 19:18:53,160 - INFO - 
2024-12-31 19:18:53,161 - INFO - 36
2024-12-31 19:18:53,161 - INFO - 36
2024-12-31 19:18:53,161 - INFO - ['m u_2 e ', 'dst \'["m u_2 e"]\'']
2024-12-31 19:18:53,161 - INFO - num_cities:0
2024-12-31 19:18:53,161 - INFO - num_workers:1
2024-12-31 19:18:53,161 - INFO - num_carts:0
2024-12-31 19:18:53,161 - INFO - 
2024-12-31 19:18:53,172 - INFO - 37
2024-12-31 19:18:53,172 - INFO - 37
2024-12-31 19:18:53,172 - INFO - ["dst '[]'"]
2024-12-31 19:18:53,173 - INFO - num_cities:0
2024-12-31 19:18:53,173 - INFO - num_workers:1
2024-12-31 19:18:53,173 - INFO - num_carts:0
2024-12-31 19:18:53,173 - INFO - 
2024-12-31 19:18:53,174 - INFO - 37
2024-12-31 19:18:53,174 - INFO - 37
2024-12-31 19:18:53,174 - INFO - ["dst '[]'"]
2024-12-31 19:18:53,175 - INFO - num_cities:0
2024-12-31 19:18:53,175 - INFO - num_workers:1
2024-12-31 19:18:53,175 - INFO - num_carts:0
2024-12-31 19:18:53,175 - INFO - 
2024-12-31 19:18:53,184 - INFO - 38
2024-12-31 19:18:53,185 - INFO - 38
2024-12-31 19:18:53,185 - INFO - ["dst '[]'"]
2024-12-31 19:18:53,185 - INFO - num_cities:0
2024-12-31 19:18:53,185 - INFO - num_workers:1
2024-12-31 19:18:53,185 - INFO - num_carts:0
2024-12-31 19:18:53,185 - INFO - 
2024-12-31 19:18:53,186 - INFO - 38
2024-12-31 19:18:53,186 - INFO - 38
2024-12-31 19:18:53,186 - INFO - ["dst '[]'"]
2024-12-31 19:18:53,186 - INFO - num_cities:0
2024-12-31 19:18:53,186 - INFO - num_workers:1
2024-12-31 19:18:53,186 - INFO - num_carts:0
2024-12-31 19:18:53,187 - INFO - 
2024-12-31 19:18:53,198 - INFO - 39
2024-12-31 19:18:53,198 - INFO - 39
2024-12-31 19:18:53,198 - INFO - ["dst '[]'"]
2024-12-31 19:18:53,198 - INFO - num_cities:0
2024-12-31 19:18:53,198 - INFO - num_workers:1
2024-12-31 19:18:53,198 - INFO - num_carts:0
2024-12-31 19:18:53,198 - INFO - 
2024-12-31 19:18:53,199 - INFO - 39
2024-12-31 19:18:53,200 - INFO - 39
2024-12-31 19:18:53,200 - INFO - ["dst '[]'"]
2024-12-31 19:18:53,200 - INFO - num_cities:0
2024-12-31 19:18:53,200 - INFO - num_workers:1
2024-12-31 19:18:53,200 - INFO - num_carts:0
2024-12-31 19:18:53,200 - INFO - 
2024-12-31 19:18:53,210 - INFO - 40
2024-12-31 19:18:53,211 - INFO - 40
2024-12-31 19:18:53,211 - INFO - ['m u_3 n ', 'dst \'["m u_3 n"]\'']
2024-12-31 19:18:53,211 - INFO - num_cities:0
2024-12-31 19:18:53,211 - INFO - num_workers:1
2024-12-31 19:18:53,211 - INFO - num_carts:0
2024-12-31 19:18:53,211 - INFO - 
2024-12-31 19:18:53,212 - INFO - 40
2024-12-31 19:18:53,213 - INFO - 40
2024-12-31 19:18:53,213 - INFO - ['m u_2 n ', 'dst \'["m u_2 n"]\'']
2024-12-31 19:18:53,213 - INFO - num_cities:0
2024-12-31 19:18:53,213 - INFO - num_workers:1
2024-12-31 19:18:53,213 - INFO - num_carts:0
2024-12-31 19:18:53,213 - INFO - 
2024-12-31 19:18:53,224 - INFO - 41
2024-12-31 19:18:53,224 - INFO - 41
2024-12-31 19:18:53,224 - INFO - ["dst '[]'"]
2024-12-31 19:18:53,224 - INFO - num_cities:0
2024-12-31 19:18:53,224 - INFO - num_workers:1
2024-12-31 19:18:53,224 - INFO - num_carts:0
2024-12-31 19:18:53,224 - INFO - 
2024-12-31 19:18:53,225 - INFO - 41
2024-12-31 19:18:53,226 - INFO - 41
2024-12-31 19:18:53,226 - INFO - ["dst '[]'"]
2024-12-31 19:18:53,226 - INFO - num_cities:0
2024-12-31 19:18:53,226 - INFO - num_workers:1
2024-12-31 19:18:53,226 - INFO - num_carts:0
2024-12-31 19:18:53,226 - INFO - 
2024-12-31 19:18:53,234 - INFO - 42
2024-12-31 19:18:53,234 - INFO - 42
2024-12-31 19:18:53,234 - INFO - ["dst '[]'"]
2024-12-31 19:18:53,234 - INFO - num_cities:0
2024-12-31 19:18:53,234 - INFO - num_workers:1
2024-12-31 19:18:53,234 - INFO - num_carts:0
2024-12-31 19:18:53,235 - INFO - 
2024-12-31 19:18:53,236 - INFO - 42
2024-12-31 19:18:53,236 - INFO - 42
2024-12-31 19:18:53,236 - INFO - ["dst '[]'"]
2024-12-31 19:18:53,236 - INFO - num_cities:0
2024-12-31 19:18:53,236 - INFO - num_workers:1
2024-12-31 19:18:53,236 - INFO - num_carts:0
2024-12-31 19:18:53,236 - INFO - 
2024-12-31 19:18:53,246 - INFO - 43
2024-12-31 19:18:53,246 - INFO - 43
2024-12-31 19:18:53,246 - INFO - ["dst '[]'"]
2024-12-31 19:18:53,246 - INFO - num_cities:0
2024-12-31 19:18:53,246 - INFO - num_workers:1
2024-12-31 19:18:53,247 - INFO - num_carts:0
2024-12-31 19:18:53,247 - INFO - 
2024-12-31 19:18:53,247 - INFO - 43
2024-12-31 19:18:53,248 - INFO - 43
2024-12-31 19:18:53,248 - INFO - ["dst '[]'"]
2024-12-31 19:18:53,248 - INFO - num_cities:0
2024-12-31 19:18:53,248 - INFO - num_workers:1
2024-12-31 19:18:53,248 - INFO - num_carts:0
2024-12-31 19:18:53,248 - INFO - 
2024-12-31 19:18:53,257 - INFO - 44
2024-12-31 19:18:53,257 - INFO - 44
2024-12-31 19:18:53,257 - INFO - ['m u_3 w ', 'dst \'["m u_3 w"]\'']
2024-12-31 19:18:53,257 - INFO - num_cities:0
2024-12-31 19:18:53,257 - INFO - num_workers:1
2024-12-31 19:18:53,257 - INFO - num_carts:0
2024-12-31 19:18:53,257 - INFO - 
2024-12-31 19:18:53,258 - INFO - 44
2024-12-31 19:18:53,258 - INFO - 44
2024-12-31 19:18:53,258 - INFO - ['bcity u_2', 'dst \'["bcity u_2"]\'']
2024-12-31 19:18:53,258 - INFO - num_cities:0
2024-12-31 19:18:53,258 - INFO - num_workers:1
2024-12-31 19:18:53,258 - INFO - num_carts:0
2024-12-31 19:18:53,258 - INFO - 
2024-12-31 19:18:53,268 - INFO - 45
2024-12-31 19:18:53,268 - INFO - 45
2024-12-31 19:18:53,268 - INFO - ["dst '[]'"]
2024-12-31 19:18:53,268 - INFO - num_cities:0
2024-12-31 19:18:53,268 - INFO - num_workers:1
2024-12-31 19:18:53,268 - INFO - num_carts:0
2024-12-31 19:18:53,268 - INFO - 
2024-12-31 19:18:53,269 - INFO - 45
2024-12-31 19:18:53,270 - INFO - 45
2024-12-31 19:18:53,270 - INFO - ['bc 14 9', 'm u_2 e ', 'dst \'["bc 14 9", "m u_2 e"]\'']
2024-12-31 19:18:53,270 - INFO - num_cities:1
2024-12-31 19:18:53,270 - INFO - num_workers:1
2024-12-31 19:18:53,270 - INFO - num_carts:0
2024-12-31 19:18:53,270 - INFO - 
2024-12-31 19:18:53,278 - INFO - 46
2024-12-31 19:18:53,278 - INFO - 46
2024-12-31 19:18:53,278 - INFO - ['m u_3 n ', 'dst \'["m u_3 n"]\'']
2024-12-31 19:18:53,278 - INFO - num_cities:0
2024-12-31 19:18:53,278 - INFO - num_workers:1
2024-12-31 19:18:53,278 - INFO - num_carts:0
2024-12-31 19:18:53,278 - INFO - 
2024-12-31 19:18:53,279 - INFO - 46
2024-12-31 19:18:53,279 - INFO - 46
2024-12-31 19:18:53,279 - INFO - ['bc 14 9', 'm u_2 n ', 'dst \'["bc 14 9", "m u_2 n"]\'']
2024-12-31 19:18:53,279 - INFO - num_cities:1
2024-12-31 19:18:53,279 - INFO - num_workers:1
2024-12-31 19:18:53,280 - INFO - num_carts:0
2024-12-31 19:18:53,280 - INFO - 
2024-12-31 19:18:53,288 - INFO - 47
2024-12-31 19:18:53,289 - INFO - 47
2024-12-31 19:18:53,289 - INFO - ["dst '[]'"]
2024-12-31 19:18:53,289 - INFO - num_cities:0
2024-12-31 19:18:53,289 - INFO - num_workers:1
2024-12-31 19:18:53,289 - INFO - num_carts:0
2024-12-31 19:18:53,289 - INFO - 
2024-12-31 19:18:53,290 - INFO - 47
2024-12-31 19:18:53,290 - INFO - 47
2024-12-31 19:18:53,290 - INFO - ['bc 14 9', 'm u_2 c ', 'dst \'["bc 14 9", "m u_2 c"]\'']
2024-12-31 19:18:53,290 - INFO - num_cities:1
2024-12-31 19:18:53,290 - INFO - num_workers:1
2024-12-31 19:18:53,290 - INFO - num_carts:0
2024-12-31 19:18:53,290 - INFO - 
2024-12-31 19:18:53,299 - INFO - 48
2024-12-31 19:18:53,299 - INFO - 48
2024-12-31 19:18:53,299 - INFO - ['m u_3 c ', 'dst \'["m u_3 c"]\'']
2024-12-31 19:18:53,299 - INFO - num_cities:0
2024-12-31 19:18:53,299 - INFO - num_workers:1
2024-12-31 19:18:53,299 - INFO - num_carts:0
2024-12-31 19:18:53,300 - INFO - 
2024-12-31 19:18:53,301 - INFO - 48
2024-12-31 19:18:53,302 - INFO - 48
2024-12-31 19:18:53,302 - INFO - ['bc 14 9', 'm u_2 w ', 'dst \'["bc 14 9", "m u_2 w"]\'']
2024-12-31 19:18:53,302 - INFO - num_cities:1
2024-12-31 19:18:53,302 - INFO - num_workers:1
2024-12-31 19:18:53,302 - INFO - num_carts:0
2024-12-31 19:18:53,302 - INFO - 
2024-12-31 19:18:53,312 - INFO - 49
2024-12-31 19:18:53,312 - INFO - 49
2024-12-31 19:18:53,312 - INFO - ['m u_3 e ', 'dst \'["m u_3 e"]\'']
2024-12-31 19:18:53,312 - INFO - num_cities:0
2024-12-31 19:18:53,313 - INFO - num_workers:1
2024-12-31 19:18:53,313 - INFO - num_carts:0
2024-12-31 19:18:53,313 - INFO - 
2024-12-31 19:18:53,314 - INFO - 49
2024-12-31 19:18:53,314 - INFO - 49
2024-12-31 19:18:53,314 - INFO - ['bc 14 9', 'm u_2 s ', 'dst \'["bc 14 9", "m u_2 s"]\'']
2024-12-31 19:18:53,314 - INFO - num_cities:1
2024-12-31 19:18:53,314 - INFO - num_workers:1
2024-12-31 19:18:53,314 - INFO - num_carts:0
2024-12-31 19:18:53,314 - INFO - 
2024-12-31 19:18:53,322 - INFO - 50
2024-12-31 19:18:53,323 - INFO - 50
2024-12-31 19:18:53,323 - INFO - ["dst '[]'"]
2024-12-31 19:18:53,323 - INFO - num_cities:0
2024-12-31 19:18:53,323 - INFO - num_workers:1
2024-12-31 19:18:53,323 - INFO - num_carts:0
2024-12-31 19:18:53,323 - INFO - 
2024-12-31 19:18:53,324 - INFO - 50
2024-12-31 19:18:53,324 - INFO - 50
2024-12-31 19:18:53,324 - INFO - ['bc 14 9', 'm u_2 c ', 'dst \'["bc 14 9", "m u_2 c"]\'']
2024-12-31 19:18:53,324 - INFO - num_cities:1
2024-12-31 19:18:53,324 - INFO - num_workers:1
2024-12-31 19:18:53,324 - INFO - num_carts:0
2024-12-31 19:18:53,324 - INFO - 
2024-12-31 19:18:53,333 - INFO - 51
2024-12-31 19:18:53,333 - INFO - 51
2024-12-31 19:18:53,333 - INFO - ['m u_3 s ', 'dst \'["m u_3 s"]\'']
2024-12-31 19:18:53,333 - INFO - num_cities:0
2024-12-31 19:18:53,333 - INFO - num_workers:1
2024-12-31 19:18:53,333 - INFO - num_carts:0
2024-12-31 19:18:53,333 - INFO - 
2024-12-31 19:18:53,334 - INFO - 51
2024-12-31 19:18:53,334 - INFO - 51
2024-12-31 19:18:53,334 - INFO - ['bc 14 9', 'm u_2 s ', 'dst \'["bc 14 9", "m u_2 s"]\'']
2024-12-31 19:18:53,334 - INFO - num_cities:1
2024-12-31 19:18:53,334 - INFO - num_workers:1
2024-12-31 19:18:53,334 - INFO - num_carts:0
2024-12-31 19:18:53,335 - INFO - 
2024-12-31 19:18:53,343 - INFO - 52
2024-12-31 19:18:53,343 - INFO - 52
2024-12-31 19:18:53,343 - INFO - ["dst '[]'"]
2024-12-31 19:18:53,343 - INFO - num_cities:0
2024-12-31 19:18:53,343 - INFO - num_workers:1
2024-12-31 19:18:53,343 - INFO - num_carts:0
2024-12-31 19:18:53,343 - INFO - 
2024-12-31 19:18:53,344 - INFO - 52
2024-12-31 19:18:53,344 - INFO - 52
2024-12-31 19:18:53,344 - INFO - ['bc 14 9', 'dst \'["bc 14 9"]\'']
2024-12-31 19:18:53,344 - INFO - num_cities:1
2024-12-31 19:18:53,344 - INFO - num_workers:1
2024-12-31 19:18:53,344 - INFO - num_carts:0
2024-12-31 19:18:53,344 - INFO - 
2024-12-31 19:18:53,354 - INFO - 53
2024-12-31 19:18:53,354 - INFO - 53
2024-12-31 19:18:53,354 - INFO - ['m u_3 c ', 'dst \'["m u_3 c"]\'']
2024-12-31 19:18:53,354 - INFO - num_cities:0
2024-12-31 19:18:53,354 - INFO - num_workers:1
2024-12-31 19:18:53,354 - INFO - num_carts:0
2024-12-31 19:18:53,354 - INFO - 
2024-12-31 19:18:53,355 - INFO - 53
2024-12-31 19:18:53,355 - INFO - 53
2024-12-31 19:18:53,355 - INFO - ['bc 14 9', 'm u_2 n ', 'dst \'["bc 14 9", "m u_2 n"]\'']
2024-12-31 19:18:53,355 - INFO - num_cities:1
2024-12-31 19:18:53,355 - INFO - num_workers:1
2024-12-31 19:18:53,355 - INFO - num_carts:0
2024-12-31 19:18:53,355 - INFO - 
2024-12-31 19:18:53,363 - INFO - 54
2024-12-31 19:18:53,363 - INFO - 54
2024-12-31 19:18:53,363 - INFO - ['m u_3 s ', 'dst \'["m u_3 s"]\'']
2024-12-31 19:18:53,363 - INFO - num_cities:0
2024-12-31 19:18:53,363 - INFO - num_workers:1
2024-12-31 19:18:53,363 - INFO - num_carts:0
2024-12-31 19:18:53,363 - INFO - 
2024-12-31 19:18:53,364 - INFO - 54
2024-12-31 19:18:53,364 - INFO - 54
2024-12-31 19:18:53,364 - INFO - ['bc 14 9', 'm u_2 n ', 'dst \'["bc 14 9", "m u_2 n"]\'']
2024-12-31 19:18:53,364 - INFO - num_cities:1
2024-12-31 19:18:53,365 - INFO - num_workers:1
2024-12-31 19:18:53,365 - INFO - num_carts:0
2024-12-31 19:18:53,365 - INFO - 
2024-12-31 19:18:53,372 - INFO - 55
2024-12-31 19:18:53,373 - INFO - 55
2024-12-31 19:18:53,373 - INFO - ["dst '[]'"]
2024-12-31 19:18:53,373 - INFO - num_cities:0
2024-12-31 19:18:53,373 - INFO - num_workers:1
2024-12-31 19:18:53,373 - INFO - num_carts:0
2024-12-31 19:18:53,373 - INFO - 
2024-12-31 19:18:53,374 - INFO - 55
2024-12-31 19:18:53,374 - INFO - 55
2024-12-31 19:18:53,374 - INFO - ['bc 14 9', 'm u_2 s ', 'dst \'["bc 14 9", "m u_2 s"]\'']
2024-12-31 19:18:53,374 - INFO - num_cities:1
2024-12-31 19:18:53,374 - INFO - num_workers:1
2024-12-31 19:18:53,374 - INFO - num_carts:0
2024-12-31 19:18:53,374 - INFO - 
2024-12-31 19:18:53,382 - INFO - 56
2024-12-31 19:18:53,382 - INFO - 56
2024-12-31 19:18:53,382 - INFO - ['m u_3 n ', 'dst \'["m u_3 n"]\'']
2024-12-31 19:18:53,382 - INFO - num_cities:0
2024-12-31 19:18:53,382 - INFO - num_workers:1
2024-12-31 19:18:53,382 - INFO - num_carts:0
2024-12-31 19:18:53,382 - INFO - 
2024-12-31 19:18:53,383 - INFO - 56
2024-12-31 19:18:53,383 - INFO - 56
2024-12-31 19:18:53,383 - INFO - ['bc 14 9', 'm u_2 e ', 'dst \'["bc 14 9", "m u_2 e"]\'']
2024-12-31 19:18:53,384 - INFO - num_cities:1
2024-12-31 19:18:53,384 - INFO - num_workers:1
2024-12-31 19:18:53,384 - INFO - num_carts:0
2024-12-31 19:18:53,384 - INFO - 
2024-12-31 19:18:53,391 - INFO - 57
2024-12-31 19:18:53,391 - INFO - 57
2024-12-31 19:18:53,391 - INFO - ["dst '[]'"]
2024-12-31 19:18:53,391 - INFO - num_cities:0
2024-12-31 19:18:53,391 - INFO - num_workers:1
2024-12-31 19:18:53,391 - INFO - num_carts:0
2024-12-31 19:18:53,391 - INFO - 
2024-12-31 19:18:53,392 - INFO - 57
2024-12-31 19:18:53,392 - INFO - 57
2024-12-31 19:18:53,392 - INFO - ['bc 14 9', 'm u_2 n ', 'dst \'["bc 14 9", "m u_2 n"]\'']
2024-12-31 19:18:53,392 - INFO - num_cities:1
2024-12-31 19:18:53,392 - INFO - num_workers:1
2024-12-31 19:18:53,392 - INFO - num_carts:0
2024-12-31 19:18:53,392 - INFO - 
2024-12-31 19:18:53,399 - INFO - 58
2024-12-31 19:18:53,400 - INFO - 58
2024-12-31 19:18:53,400 - INFO - ['m u_3 n ', 'dst \'["m u_3 n"]\'']
2024-12-31 19:18:53,400 - INFO - num_cities:0
2024-12-31 19:18:53,400 - INFO - num_workers:1
2024-12-31 19:18:53,400 - INFO - num_carts:0
2024-12-31 19:18:53,400 - INFO - 
2024-12-31 19:18:53,401 - INFO - 58
2024-12-31 19:18:53,402 - INFO - 58
2024-12-31 19:18:53,402 - INFO - ['bc 14 9', 'm u_2 w ', 'dst \'["bc 14 9", "m u_2 w"]\'']
2024-12-31 19:18:53,402 - INFO - num_cities:1
2024-12-31 19:18:53,402 - INFO - num_workers:1
2024-12-31 19:18:53,402 - INFO - num_carts:0
2024-12-31 19:18:53,402 - INFO - 
2024-12-31 19:18:53,413 - INFO - 59
2024-12-31 19:18:53,413 - INFO - 59
2024-12-31 19:18:53,413 - INFO - ["dst '[]'"]
2024-12-31 19:18:53,413 - INFO - num_cities:0
2024-12-31 19:18:53,413 - INFO - num_workers:1
2024-12-31 19:18:53,413 - INFO - num_carts:0
2024-12-31 19:18:53,414 - INFO - 
2024-12-31 19:18:53,414 - INFO - 59
2024-12-31 19:18:53,415 - INFO - 59
2024-12-31 19:18:53,415 - INFO - ['bc 14 9', 'm u_2 c ', 'dst \'["bc 14 9", "m u_2 c"]\'']
2024-12-31 19:18:53,415 - INFO - num_cities:1
2024-12-31 19:18:53,415 - INFO - num_workers:1
2024-12-31 19:18:53,415 - INFO - num_carts:0
2024-12-31 19:18:53,415 - INFO - 
2024-12-31 19:18:53,422 - INFO - 60
2024-12-31 19:18:53,422 - INFO - 60
2024-12-31 19:18:53,423 - INFO - ['m u_3 s ', 'dst \'["m u_3 s"]\'']
2024-12-31 19:18:53,423 - INFO - num_cities:0
2024-12-31 19:18:53,423 - INFO - num_workers:1
2024-12-31 19:18:53,423 - INFO - num_carts:0
2024-12-31 19:18:53,423 - INFO - 
2024-12-31 19:18:53,423 - INFO - 60
2024-12-31 19:18:53,424 - INFO - 60
2024-12-31 19:18:53,424 - INFO - ['bc 14 9', 'm u_2 s ', 'dst \'["bc 14 9", "m u_2 s"]\'']
2024-12-31 19:18:53,424 - INFO - num_cities:1
2024-12-31 19:18:53,424 - INFO - num_workers:1
2024-12-31 19:18:53,424 - INFO - num_carts:0
2024-12-31 19:18:53,424 - INFO - 
2024-12-31 19:18:53,432 - INFO - 61
2024-12-31 19:18:53,432 - INFO - 61
2024-12-31 19:18:53,432 - INFO - ["dst '[]'"]
2024-12-31 19:18:53,432 - INFO - num_cities:0
2024-12-31 19:18:53,432 - INFO - num_workers:1
2024-12-31 19:18:53,432 - INFO - num_carts:0
2024-12-31 19:18:53,433 - INFO - 
2024-12-31 19:18:53,434 - INFO - 61
2024-12-31 19:18:53,434 - INFO - 61
2024-12-31 19:18:53,434 - INFO - ['bc 14 9', 'm u_2 w ', 'dst \'["bc 14 9", "m u_2 w"]\'']
2024-12-31 19:18:53,434 - INFO - num_cities:1
2024-12-31 19:18:53,434 - INFO - num_workers:1
2024-12-31 19:18:53,434 - INFO - num_carts:0
2024-12-31 19:18:53,434 - INFO - 
2024-12-31 19:18:53,445 - INFO - 62
2024-12-31 19:18:53,445 - INFO - 62
2024-12-31 19:18:53,445 - INFO - ['m u_3 w ', 'dst \'["m u_3 w"]\'']
2024-12-31 19:18:53,445 - INFO - num_cities:0
2024-12-31 19:18:53,445 - INFO - num_workers:1
2024-12-31 19:18:53,445 - INFO - num_carts:0
2024-12-31 19:18:53,445 - INFO - 
2024-12-31 19:18:53,446 - INFO - 62
2024-12-31 19:18:53,446 - INFO - 62
2024-12-31 19:18:53,446 - INFO - ['bc 14 9', 'dst \'["bc 14 9"]\'']
2024-12-31 19:18:53,446 - INFO - num_cities:1
2024-12-31 19:18:53,446 - INFO - num_workers:1
2024-12-31 19:18:53,446 - INFO - num_carts:0
2024-12-31 19:18:53,446 - INFO - 
2024-12-31 19:18:53,453 - INFO - 63
2024-12-31 19:18:53,454 - INFO - 63
2024-12-31 19:18:53,454 - INFO - ["dst '[]'"]
2024-12-31 19:18:53,454 - INFO - num_cities:0
2024-12-31 19:18:53,454 - INFO - num_workers:1
2024-12-31 19:18:53,454 - INFO - num_carts:0
2024-12-31 19:18:53,454 - INFO - 
2024-12-31 19:18:53,455 - INFO - 63
2024-12-31 19:18:53,455 - INFO - 63
2024-12-31 19:18:53,455 - INFO - ['bc 14 9', 'm u_2 n ', 'dst \'["bc 14 9", "m u_2 n"]\'']
2024-12-31 19:18:53,455 - INFO - num_cities:1
2024-12-31 19:18:53,455 - INFO - num_workers:1
2024-12-31 19:18:53,455 - INFO - num_carts:0
2024-12-31 19:18:53,455 - INFO - 
2024-12-31 19:18:53,463 - INFO - 64
2024-12-31 19:18:53,463 - INFO - 64
2024-12-31 19:18:53,464 - INFO - ['m u_3 n ', 'dst \'["m u_3 n"]\'']
2024-12-31 19:18:53,464 - INFO - num_cities:0
2024-12-31 19:18:53,464 - INFO - num_workers:1
2024-12-31 19:18:53,464 - INFO - num_carts:0
2024-12-31 19:18:53,464 - INFO - 
2024-12-31 19:18:53,464 - INFO - 64
2024-12-31 19:18:53,465 - INFO - 64
2024-12-31 19:18:53,465 - INFO - ['bc 14 9', 'dst \'["bc 14 9"]\'']
2024-12-31 19:18:53,465 - INFO - num_cities:1
2024-12-31 19:18:53,465 - INFO - num_workers:1
2024-12-31 19:18:53,465 - INFO - num_carts:0
2024-12-31 19:18:53,465 - INFO - 
2024-12-31 19:18:53,475 - INFO - 65
2024-12-31 19:18:53,476 - INFO - 65
2024-12-31 19:18:53,476 - INFO - ["dst '[]'"]
2024-12-31 19:18:53,476 - INFO - num_cities:0
2024-12-31 19:18:53,476 - INFO - num_workers:1
2024-12-31 19:18:53,476 - INFO - num_carts:0
2024-12-31 19:18:53,476 - INFO - 
2024-12-31 19:18:53,477 - INFO - 65
2024-12-31 19:18:53,477 - INFO - 65
2024-12-31 19:18:53,477 - INFO - ['bc 14 9', 'm u_2 c ', 'dst \'["bc 14 9", "m u_2 c"]\'']
2024-12-31 19:18:53,477 - INFO - num_cities:1
2024-12-31 19:18:53,477 - INFO - num_workers:1
2024-12-31 19:18:53,477 - INFO - num_carts:0
2024-12-31 19:18:53,477 - INFO - 
2024-12-31 19:18:53,486 - INFO - 66
2024-12-31 19:18:53,487 - INFO - 66
2024-12-31 19:18:53,487 - INFO - ['m u_3 e ', 'dst \'["m u_3 e"]\'']
2024-12-31 19:18:53,487 - INFO - num_cities:0
2024-12-31 19:18:53,487 - INFO - num_workers:1
2024-12-31 19:18:53,487 - INFO - num_carts:0
2024-12-31 19:18:53,487 - INFO - 
2024-12-31 19:18:53,488 - INFO - 66
2024-12-31 19:18:53,488 - INFO - 66
2024-12-31 19:18:53,488 - INFO - ['bc 14 9', 'm u_2 c ', 'dst \'["bc 14 9", "m u_2 c"]\'']
2024-12-31 19:18:53,488 - INFO - num_cities:1
2024-12-31 19:18:53,488 - INFO - num_workers:1
2024-12-31 19:18:53,488 - INFO - num_carts:0
2024-12-31 19:18:53,488 - INFO - 
2024-12-31 19:18:53,496 - INFO - 67
2024-12-31 19:18:53,496 - INFO - 67
2024-12-31 19:18:53,496 - INFO - ["dst '[]'"]
2024-12-31 19:18:53,496 - INFO - num_cities:0
2024-12-31 19:18:53,496 - INFO - num_workers:1
2024-12-31 19:18:53,497 - INFO - num_carts:0
2024-12-31 19:18:53,497 - INFO - 
2024-12-31 19:18:53,497 - INFO - 67
2024-12-31 19:18:53,497 - INFO - 67
2024-12-31 19:18:53,497 - INFO - ['bc 14 9', 'm u_2 s ', 'dst \'["bc 14 9", "m u_2 s"]\'']
2024-12-31 19:18:53,498 - INFO - num_cities:1
2024-12-31 19:18:53,498 - INFO - num_workers:1
2024-12-31 19:18:53,498 - INFO - num_carts:0
2024-12-31 19:18:53,498 - INFO - 
2024-12-31 19:18:53,506 - INFO - 68
2024-12-31 19:18:53,506 - INFO - 68
2024-12-31 19:18:53,506 - INFO - ['m u_3 c ', 'dst \'["m u_3 c"]\'']
2024-12-31 19:18:53,506 - INFO - num_cities:0
2024-12-31 19:18:53,506 - INFO - num_workers:1
2024-12-31 19:18:53,506 - INFO - num_carts:0
2024-12-31 19:18:53,506 - INFO - 
2024-12-31 19:18:53,507 - INFO - 68
2024-12-31 19:18:53,507 - INFO - 68
2024-12-31 19:18:53,507 - INFO - ['bc 14 9', 'dst \'["bc 14 9"]\'']
2024-12-31 19:18:53,507 - INFO - num_cities:1
2024-12-31 19:18:53,507 - INFO - num_workers:1
2024-12-31 19:18:53,508 - INFO - num_carts:0
2024-12-31 19:18:53,508 - INFO - 
2024-12-31 19:18:53,515 - INFO - 69
2024-12-31 19:18:53,515 - INFO - 69
2024-12-31 19:18:53,515 - INFO - ['m u_3 s ', 'dst \'["m u_3 s"]\'']
2024-12-31 19:18:53,515 - INFO - num_cities:0
2024-12-31 19:18:53,515 - INFO - num_workers:1
2024-12-31 19:18:53,515 - INFO - num_carts:0
2024-12-31 19:18:53,515 - INFO - 
2024-12-31 19:18:53,516 - INFO - 69
2024-12-31 19:18:53,517 - INFO - 69
2024-12-31 19:18:53,517 - INFO - ['bc 14 9', 'm u_2 s ', 'dst \'["bc 14 9", "m u_2 s"]\'']
2024-12-31 19:18:53,517 - INFO - num_cities:1
2024-12-31 19:18:53,517 - INFO - num_workers:1
2024-12-31 19:18:53,517 - INFO - num_carts:0
2024-12-31 19:18:53,517 - INFO - 
2024-12-31 19:18:53,528 - INFO - 70
2024-12-31 19:18:53,529 - INFO - 70
2024-12-31 19:18:53,529 - INFO - ["dst '[]'"]
2024-12-31 19:18:53,529 - INFO - num_cities:0
2024-12-31 19:18:53,529 - INFO - num_workers:1
2024-12-31 19:18:53,529 - INFO - num_carts:0
2024-12-31 19:18:53,529 - INFO - 
2024-12-31 19:18:53,530 - INFO - 70
2024-12-31 19:18:53,530 - INFO - 70
2024-12-31 19:18:53,530 - INFO - ['bc 14 9', 'dst \'["bc 14 9"]\'']
2024-12-31 19:18:53,530 - INFO - num_cities:1
2024-12-31 19:18:53,530 - INFO - num_workers:1
2024-12-31 19:18:53,530 - INFO - num_carts:0
2024-12-31 19:18:53,530 - INFO - 
2024-12-31 19:18:53,539 - INFO - 71
2024-12-31 19:18:53,539 - INFO - 71
2024-12-31 19:18:53,540 - INFO - ['m u_3 e ', 'dst \'["m u_3 e"]\'']
2024-12-31 19:18:53,540 - INFO - num_cities:0
2024-12-31 19:18:53,540 - INFO - num_workers:1
2024-12-31 19:18:53,540 - INFO - num_carts:0
2024-12-31 19:18:53,540 - INFO - 
2024-12-31 19:18:53,541 - INFO - 71
2024-12-31 19:18:53,541 - INFO - 71
2024-12-31 19:18:53,541 - INFO - ['bc 14 9', 'm u_2 n ', 'dst \'["bc 14 9", "m u_2 n"]\'']
2024-12-31 19:18:53,541 - INFO - num_cities:1
2024-12-31 19:18:53,542 - INFO - num_workers:1
2024-12-31 19:18:53,542 - INFO - num_carts:0
2024-12-31 19:18:53,542 - INFO - 
2024-12-31 19:18:53,551 - INFO - 72
2024-12-31 19:18:53,552 - INFO - 72
2024-12-31 19:18:53,552 - INFO - ["dst '[]'"]
2024-12-31 19:18:53,552 - INFO - num_cities:0
2024-12-31 19:18:53,552 - INFO - num_workers:1
2024-12-31 19:18:53,552 - INFO - num_carts:0
2024-12-31 19:18:53,552 - INFO - 
2024-12-31 19:18:53,553 - INFO - 72
2024-12-31 19:18:53,553 - INFO - 72
2024-12-31 19:18:53,553 - INFO - ['bc 14 9', 'dst \'["bc 14 9"]\'']
2024-12-31 19:18:53,553 - INFO - num_cities:1
2024-12-31 19:18:53,553 - INFO - num_workers:1
2024-12-31 19:18:53,553 - INFO - num_carts:0
2024-12-31 19:18:53,553 - INFO - 
2024-12-31 19:18:53,561 - INFO - 73
2024-12-31 19:18:53,562 - INFO - 73
2024-12-31 19:18:53,562 - INFO - ["dst '[]'"]
2024-12-31 19:18:53,562 - INFO - num_cities:0
2024-12-31 19:18:53,562 - INFO - num_workers:1
2024-12-31 19:18:53,562 - INFO - num_carts:0
2024-12-31 19:18:53,562 - INFO - 
2024-12-31 19:18:53,563 - INFO - 73
2024-12-31 19:18:53,563 - INFO - 73
2024-12-31 19:18:53,563 - INFO - ['bc 14 9', 'dst \'["bc 14 9"]\'']
2024-12-31 19:18:53,563 - INFO - num_cities:1
2024-12-31 19:18:53,563 - INFO - num_workers:1
2024-12-31 19:18:53,564 - INFO - num_carts:0
2024-12-31 19:18:53,564 - INFO - 
2024-12-31 19:18:53,574 - INFO - 74
2024-12-31 19:18:53,574 - INFO - 74
2024-12-31 19:18:53,574 - INFO - ["dst '[]'"]
2024-12-31 19:18:53,574 - INFO - num_cities:0
2024-12-31 19:18:53,574 - INFO - num_workers:1
2024-12-31 19:18:53,574 - INFO - num_carts:0
2024-12-31 19:18:53,574 - INFO - 
2024-12-31 19:18:53,575 - INFO - 74
2024-12-31 19:18:53,575 - INFO - 74
2024-12-31 19:18:53,575 - INFO - ['bc 14 9', 'dst \'["bc 14 9"]\'']
2024-12-31 19:18:53,575 - INFO - num_cities:1
2024-12-31 19:18:53,575 - INFO - num_workers:1
2024-12-31 19:18:53,575 - INFO - num_carts:0
2024-12-31 19:18:53,576 - INFO - 
2024-12-31 19:18:53,585 - INFO - 75
2024-12-31 19:18:53,585 - INFO - 75
2024-12-31 19:18:53,585 - INFO - ['m u_3 n ', 'dst \'["m u_3 n"]\'']
2024-12-31 19:18:53,585 - INFO - num_cities:0
2024-12-31 19:18:53,585 - INFO - num_workers:1
2024-12-31 19:18:53,585 - INFO - num_carts:0
2024-12-31 19:18:53,585 - INFO - 
2024-12-31 19:18:53,586 - INFO - 75
2024-12-31 19:18:53,587 - INFO - 75
2024-12-31 19:18:53,587 - INFO - ['bc 14 9', 'm u_2 w ', 'dst \'["bc 14 9", "m u_2 w"]\'']
2024-12-31 19:18:53,587 - INFO - num_cities:1
2024-12-31 19:18:53,587 - INFO - num_workers:1
2024-12-31 19:18:53,587 - INFO - num_carts:0
2024-12-31 19:18:53,587 - INFO - 
2024-12-31 19:18:53,595 - INFO - 76
2024-12-31 19:18:53,595 - INFO - 76
2024-12-31 19:18:53,595 - INFO - ["dst '[]'"]
2024-12-31 19:18:53,595 - INFO - num_cities:0
2024-12-31 19:18:53,595 - INFO - num_workers:1
2024-12-31 19:18:53,595 - INFO - num_carts:0
2024-12-31 19:18:53,595 - INFO - 
2024-12-31 19:18:53,596 - INFO - 76
2024-12-31 19:18:53,596 - INFO - 76
2024-12-31 19:18:53,596 - INFO - ['bc 14 9', 'dst \'["bc 14 9"]\'']
2024-12-31 19:18:53,597 - INFO - num_cities:1
2024-12-31 19:18:53,597 - INFO - num_workers:1
2024-12-31 19:18:53,597 - INFO - num_carts:0
2024-12-31 19:18:53,597 - INFO - 
2024-12-31 19:18:53,605 - INFO - 77
2024-12-31 19:18:53,606 - INFO - 77
2024-12-31 19:18:53,606 - INFO - ["dst '[]'"]
2024-12-31 19:18:53,606 - INFO - num_cities:0
2024-12-31 19:18:53,606 - INFO - num_workers:1
2024-12-31 19:18:53,606 - INFO - num_carts:0
2024-12-31 19:18:53,606 - INFO - 
2024-12-31 19:18:53,607 - INFO - 77
2024-12-31 19:18:53,607 - INFO - 77
2024-12-31 19:18:53,607 - INFO - ['bc 14 9', 'dst \'["bc 14 9"]\'']
2024-12-31 19:18:53,607 - INFO - num_cities:1
2024-12-31 19:18:53,607 - INFO - num_workers:1
2024-12-31 19:18:53,607 - INFO - num_carts:0
2024-12-31 19:18:53,607 - INFO - 
2024-12-31 19:18:53,615 - INFO - 78
2024-12-31 19:18:53,616 - INFO - 78
2024-12-31 19:18:53,616 - INFO - ["dst '[]'"]
2024-12-31 19:18:53,616 - INFO - num_cities:0
2024-12-31 19:18:53,616 - INFO - num_workers:1
2024-12-31 19:18:53,616 - INFO - num_carts:0
2024-12-31 19:18:53,616 - INFO - 
2024-12-31 19:18:53,617 - INFO - 78
2024-12-31 19:18:53,617 - INFO - 78
2024-12-31 19:18:53,617 - INFO - ['bc 14 9', 'dst \'["bc 14 9"]\'']
2024-12-31 19:18:53,617 - INFO - num_cities:1
2024-12-31 19:18:53,617 - INFO - num_workers:1
2024-12-31 19:18:53,617 - INFO - num_carts:0
2024-12-31 19:18:53,617 - INFO - 
2024-12-31 19:18:53,626 - INFO - 79
2024-12-31 19:18:53,626 - INFO - 79
2024-12-31 19:18:53,626 - INFO - ['m u_3 c ', 'dst \'["m u_3 c"]\'']
2024-12-31 19:18:53,626 - INFO - num_cities:0
2024-12-31 19:18:53,626 - INFO - num_workers:1
2024-12-31 19:18:53,626 - INFO - num_carts:0
2024-12-31 19:18:53,626 - INFO - 
2024-12-31 19:18:53,654 - INFO - 79
2024-12-31 19:18:53,654 - INFO - 79
2024-12-31 19:18:53,654 - INFO - ['bc 14 9', 'm u_2 e ', 'dst \'["bc 14 9", "m u_2 e"]\'']
2024-12-31 19:18:53,654 - INFO - num_cities:1
2024-12-31 19:18:53,654 - INFO - num_workers:1
2024-12-31 19:18:53,654 - INFO - num_carts:0
2024-12-31 19:18:53,654 - INFO - 
2024-12-31 19:18:53,662 - INFO - 80
2024-12-31 19:18:53,662 - INFO - 80
2024-12-31 19:18:53,662 - INFO - ['m u_3 c ', 'dst \'["m u_3 c"]\'']
2024-12-31 19:18:53,662 - INFO - num_cities:0
2024-12-31 19:18:53,662 - INFO - num_workers:1
2024-12-31 19:18:53,662 - INFO - num_carts:0
2024-12-31 19:18:53,662 - INFO - 
2024-12-31 19:18:53,663 - INFO - 80
2024-12-31 19:18:53,663 - INFO - 80
2024-12-31 19:18:53,663 - INFO - ['bc 14 9', 'dst \'["bc 14 9"]\'']
2024-12-31 19:18:53,663 - INFO - num_cities:1
2024-12-31 19:18:53,663 - INFO - num_workers:1
2024-12-31 19:18:53,663 - INFO - num_carts:0
2024-12-31 19:18:53,663 - INFO - 
2024-12-31 19:18:53,670 - INFO - 81
2024-12-31 19:18:53,671 - INFO - 81
2024-12-31 19:18:53,671 - INFO - ['m u_3 s ', 'dst \'["m u_3 s"]\'']
2024-12-31 19:18:53,671 - INFO - num_cities:0
2024-12-31 19:18:53,671 - INFO - num_workers:1
2024-12-31 19:18:53,671 - INFO - num_carts:0
2024-12-31 19:18:53,671 - INFO - 
2024-12-31 19:18:53,672 - INFO - 81
2024-12-31 19:18:53,672 - INFO - 81
2024-12-31 19:18:53,672 - INFO - ['bc 14 9', 'dst \'["bc 14 9"]\'']
2024-12-31 19:18:53,672 - INFO - num_cities:1
2024-12-31 19:18:53,672 - INFO - num_workers:1
2024-12-31 19:18:53,672 - INFO - num_carts:0
2024-12-31 19:18:53,672 - INFO - 
2024-12-31 19:18:53,680 - INFO - 82
2024-12-31 19:18:53,680 - INFO - 82
2024-12-31 19:18:53,681 - INFO - ["dst '[]'"]
2024-12-31 19:18:53,681 - INFO - num_cities:0
2024-12-31 19:18:53,681 - INFO - num_workers:1
2024-12-31 19:18:53,681 - INFO - num_carts:0
2024-12-31 19:18:53,681 - INFO - 
2024-12-31 19:18:53,681 - INFO - 82
2024-12-31 19:18:53,681 - INFO - 82
2024-12-31 19:18:53,682 - INFO - ['bc 14 9', 'dst \'["bc 14 9"]\'']
2024-12-31 19:18:53,682 - INFO - num_cities:1
2024-12-31 19:18:53,682 - INFO - num_workers:1
2024-12-31 19:18:53,682 - INFO - num_carts:0
2024-12-31 19:18:53,682 - INFO - 
2024-12-31 19:18:53,689 - INFO - 83
2024-12-31 19:18:53,689 - INFO - 83
2024-12-31 19:18:53,689 - INFO - ['m u_3 s ', 'dst \'["m u_3 s"]\'']
2024-12-31 19:18:53,690 - INFO - num_cities:0
2024-12-31 19:18:53,690 - INFO - num_workers:1
2024-12-31 19:18:53,690 - INFO - num_carts:0
2024-12-31 19:18:53,690 - INFO - 
2024-12-31 19:18:53,691 - INFO - 83
2024-12-31 19:18:53,691 - INFO - 83
2024-12-31 19:18:53,691 - INFO - ['bc 14 9', 'bcity u_2', 'dst \'["bc 14 9", "bcity u_2"]\'']
2024-12-31 19:18:53,691 - INFO - num_cities:1
2024-12-31 19:18:53,691 - INFO - num_workers:1
2024-12-31 19:18:53,691 - INFO - num_carts:0
2024-12-31 19:18:53,692 - INFO - 
2024-12-31 19:18:53,699 - INFO - 84
2024-12-31 19:18:53,699 - INFO - 84
2024-12-31 19:18:53,699 - INFO - ["dst '[]'"]
2024-12-31 19:18:53,699 - INFO - num_cities:0
2024-12-31 19:18:53,699 - INFO - num_workers:1
2024-12-31 19:18:53,699 - INFO - num_carts:0
2024-12-31 19:18:53,699 - INFO - 
2024-12-31 19:18:53,700 - INFO - 84
2024-12-31 19:18:53,700 - INFO - 84
2024-12-31 19:18:53,700 - INFO - ['bc 14 9', 'bc 13 9', 'm u_2 n ', 'dst \'["bc 14 9", "bc 13 9", "m u_2 n"]\'']
2024-12-31 19:18:53,700 - INFO - num_cities:1
2024-12-31 19:18:53,700 - INFO - num_workers:1
2024-12-31 19:18:53,700 - INFO - num_carts:0
2024-12-31 19:18:53,701 - INFO - 
2024-12-31 19:18:53,709 - INFO - 85
2024-12-31 19:18:53,709 - INFO - 85
2024-12-31 19:18:53,709 - INFO - ['m u_3 n ', 'dst \'["m u_3 n"]\'']
2024-12-31 19:18:53,709 - INFO - num_cities:0
2024-12-31 19:18:53,709 - INFO - num_workers:1
2024-12-31 19:18:53,709 - INFO - num_carts:0
2024-12-31 19:18:53,709 - INFO - 
2024-12-31 19:18:53,710 - INFO - 85
2024-12-31 19:18:53,710 - INFO - 85
2024-12-31 19:18:53,710 - INFO - ['bw 14 9 ', 'bw 13 9 ', 'm u_6 c ', 'dst \'["bw 14 9", "bw 13 9", "m u_6 c"]\'']
2024-12-31 19:18:53,710 - INFO - num_cities:1
2024-12-31 19:18:53,710 - INFO - num_workers:1
2024-12-31 19:18:53,710 - INFO - num_carts:1
2024-12-31 19:18:53,710 - INFO - 
2024-12-31 19:18:53,718 - INFO - 86
2024-12-31 19:18:53,718 - INFO - 86
2024-12-31 19:18:53,718 - INFO - ["dst '[]'"]
2024-12-31 19:18:53,718 - INFO - num_cities:0
2024-12-31 19:18:53,718 - INFO - num_workers:1
2024-12-31 19:18:53,718 - INFO - num_carts:0
2024-12-31 19:18:53,718 - INFO - 
2024-12-31 19:18:53,719 - INFO - 86
2024-12-31 19:18:53,719 - INFO - 86
2024-12-31 19:18:53,719 - INFO - ['bw 14 9 ', 'bw 13 9 ', 'm u_2 e ', 'm u_6 e ', 'dst \'["bw 14 9", "bw 13 9", "m u_2 e", "m u_6 e"]\'']
2024-12-31 19:18:53,719 - INFO - num_cities:1
2024-12-31 19:18:53,719 - INFO - num_workers:1
2024-12-31 19:18:53,720 - INFO - num_carts:1
2024-12-31 19:18:53,720 - INFO - 
2024-12-31 19:18:53,727 - INFO - 87
2024-12-31 19:18:53,727 - INFO - 87
2024-12-31 19:18:53,727 - INFO - ['m u_3 e ', 'dst \'["m u_3 e"]\'']
2024-12-31 19:18:53,727 - INFO - num_cities:0
2024-12-31 19:18:53,727 - INFO - num_workers:1
2024-12-31 19:18:53,727 - INFO - num_carts:0
2024-12-31 19:18:53,728 - INFO - 
2024-12-31 19:18:53,729 - INFO - 87
2024-12-31 19:18:53,729 - INFO - 87
2024-12-31 19:18:53,729 - INFO - ['bw 14 9 ', 'bw 13 9 ', 'm u_2 w ', 'm u_6 s ', 'dst \'["bw 14 9", "bw 13 9", "m u_2 w", "m u_6 s"]\'']
2024-12-31 19:18:53,729 - INFO - num_cities:1
2024-12-31 19:18:53,729 - INFO - num_workers:1
2024-12-31 19:18:53,729 - INFO - num_carts:1
2024-12-31 19:18:53,729 - INFO - 
2024-12-31 19:18:53,737 - INFO - 88
2024-12-31 19:18:53,737 - INFO - 88
2024-12-31 19:18:53,737 - INFO - ["dst '[]'"]
2024-12-31 19:18:53,737 - INFO - num_cities:0
2024-12-31 19:18:53,737 - INFO - num_workers:1
2024-12-31 19:18:53,737 - INFO - num_carts:0
2024-12-31 19:18:53,737 - INFO - 
2024-12-31 19:18:53,738 - INFO - 88
2024-12-31 19:18:53,738 - INFO - 88
2024-12-31 19:18:53,738 - INFO - ['bw 14 9 ', 'bw 13 9 ', 'dst \'["bw 14 9", "bw 13 9"]\'']
2024-12-31 19:18:53,738 - INFO - num_cities:1
2024-12-31 19:18:53,738 - INFO - num_workers:1
2024-12-31 19:18:53,738 - INFO - num_carts:1
2024-12-31 19:18:53,738 - INFO - 
2024-12-31 19:18:53,745 - INFO - 89
2024-12-31 19:18:53,746 - INFO - 89
2024-12-31 19:18:53,746 - INFO - ['m u_3 w ', 'dst \'["m u_3 w"]\'']
2024-12-31 19:18:53,746 - INFO - num_cities:0
2024-12-31 19:18:53,746 - INFO - num_workers:1
2024-12-31 19:18:53,746 - INFO - num_carts:0
2024-12-31 19:18:53,746 - INFO - 
2024-12-31 19:18:53,747 - INFO - 89
2024-12-31 19:18:53,747 - INFO - 89
2024-12-31 19:18:53,747 - INFO - ['bw 14 9 ', 'bw 13 9 ', 'm u_2 s ', 'm u_6 s ', 'dst \'["bw 14 9", "bw 13 9", "m u_2 s", "m u_6 s"]\'']
2024-12-31 19:18:53,747 - INFO - num_cities:1
2024-12-31 19:18:53,747 - INFO - num_workers:1
2024-12-31 19:18:53,747 - INFO - num_carts:1
2024-12-31 19:18:53,747 - INFO - 
2024-12-31 19:18:53,754 - INFO - 90
2024-12-31 19:18:53,754 - INFO - 90
2024-12-31 19:18:53,754 - INFO - ["dst '[]'"]
2024-12-31 19:18:53,755 - INFO - num_cities:0
2024-12-31 19:18:53,755 - INFO - num_workers:1
2024-12-31 19:18:53,755 - INFO - num_carts:0
2024-12-31 19:18:53,755 - INFO - 
2024-12-31 19:18:53,755 - INFO - 90
2024-12-31 19:18:53,756 - INFO - 90
2024-12-31 19:18:53,756 - INFO - ['bw 14 9 ', 'bw 13 9 ', 'm u_2 c ', 'dst \'["bw 14 9", "bw 13 9", "m u_2 c"]\'']
2024-12-31 19:18:53,756 - INFO - num_cities:1
2024-12-31 19:18:53,756 - INFO - num_workers:1
2024-12-31 19:18:53,756 - INFO - num_carts:1
2024-12-31 19:18:53,756 - INFO - 
2024-12-31 19:18:53,764 - INFO - 91
2024-12-31 19:18:53,764 - INFO - 91
2024-12-31 19:18:53,764 - INFO - ['m u_3 n ', 'dst \'["m u_3 n"]\'']
2024-12-31 19:18:53,764 - INFO - num_cities:0
2024-12-31 19:18:53,764 - INFO - num_workers:1
2024-12-31 19:18:53,765 - INFO - num_carts:0
2024-12-31 19:18:53,765 - INFO - 
2024-12-31 19:18:53,766 - INFO - 91
2024-12-31 19:18:53,766 - INFO - 91
2024-12-31 19:18:53,766 - INFO - ['bw 14 9 ', 'bw 13 9 ', 'm u_2 n ', 'm u_6 w ', 'dst \'["bw 14 9", "bw 13 9", "m u_2 n", "m u_6 w"]\'']
2024-12-31 19:18:53,766 - INFO - num_cities:1
2024-12-31 19:18:53,766 - INFO - num_workers:1
2024-12-31 19:18:53,766 - INFO - num_carts:1
2024-12-31 19:18:53,767 - INFO - 
2024-12-31 19:18:53,776 - INFO - 92
2024-12-31 19:18:53,776 - INFO - 92
2024-12-31 19:18:53,777 - INFO - ["dst '[]'"]
2024-12-31 19:18:53,777 - INFO - num_cities:0
2024-12-31 19:18:53,777 - INFO - num_workers:1
2024-12-31 19:18:53,777 - INFO - num_carts:0
2024-12-31 19:18:53,777 - INFO - 
2024-12-31 19:18:53,778 - INFO - 92
2024-12-31 19:18:53,778 - INFO - 92
2024-12-31 19:18:53,778 - INFO - ['bw 14 9 ', 'bw 13 9 ', 'dst \'["bw 14 9", "bw 13 9"]\'']
2024-12-31 19:18:53,778 - INFO - num_cities:1
2024-12-31 19:18:53,778 - INFO - num_workers:1
2024-12-31 19:18:53,778 - INFO - num_carts:1
2024-12-31 19:18:53,778 - INFO - 
2024-12-31 19:18:53,786 - INFO - 93
2024-12-31 19:18:53,786 - INFO - 93
2024-12-31 19:18:53,786 - INFO - ['bcity u_3', 'dst \'["bcity u_3"]\'']
2024-12-31 19:18:53,786 - INFO - num_cities:0
2024-12-31 19:18:53,786 - INFO - num_workers:1
2024-12-31 19:18:53,786 - INFO - num_carts:0
2024-12-31 19:18:53,786 - INFO - 
2024-12-31 19:18:53,787 - INFO - 93
2024-12-31 19:18:53,787 - INFO - 93
2024-12-31 19:18:53,787 - INFO - ['bw 14 9 ', 'bw 13 9 ', 'm u_2 w ', 'm u_6 n ', 'dst \'["bw 14 9", "bw 13 9", "m u_2 w", "m u_6 n"]\'']
2024-12-31 19:18:53,788 - INFO - num_cities:1
2024-12-31 19:18:53,788 - INFO - num_workers:1
2024-12-31 19:18:53,788 - INFO - num_carts:1
2024-12-31 19:18:53,788 - INFO - 
2024-12-31 19:18:53,795 - INFO - 94
2024-12-31 19:18:53,795 - INFO - 94
2024-12-31 19:18:53,795 - INFO - ['r 2 5', 'm u_3 c ', 'dst \'["r 2 5", "m u_3 c"]\'']
2024-12-31 19:18:53,795 - INFO - num_cities:1
2024-12-31 19:18:53,795 - INFO - num_workers:1
2024-12-31 19:18:53,795 - INFO - num_carts:0
2024-12-31 19:18:53,795 - INFO - 
2024-12-31 19:18:53,796 - INFO - 94
2024-12-31 19:18:53,796 - INFO - 94
2024-12-31 19:18:53,796 - INFO - ['bw 14 9 ', 'bw 13 9 ', 'dst \'["bw 14 9", "bw 13 9"]\'']
2024-12-31 19:18:53,796 - INFO - num_cities:1
2024-12-31 19:18:53,796 - INFO - num_workers:1
2024-12-31 19:18:53,796 - INFO - num_carts:1
2024-12-31 19:18:53,796 - INFO - 
2024-12-31 19:18:53,805 - INFO - 95
2024-12-31 19:18:53,805 - INFO - 95
2024-12-31 19:18:53,805 - INFO - ['r 2 5', 'm u_3 w ', 'dst \'["r 2 5", "m u_3 w"]\'']
2024-12-31 19:18:53,805 - INFO - num_cities:1
2024-12-31 19:18:53,805 - INFO - num_workers:1
2024-12-31 19:18:53,805 - INFO - num_carts:0
2024-12-31 19:18:53,805 - INFO - 
2024-12-31 19:18:53,806 - INFO - 95
2024-12-31 19:18:53,806 - INFO - 95
2024-12-31 19:18:53,806 - INFO - ['bw 14 9 ', 'bw 13 9 ', 'm u_2 c ', 'm u_6 s ', 'dst \'["bw 14 9", "bw 13 9", "m u_2 c", "m u_6 s"]\'']
2024-12-31 19:18:53,806 - INFO - num_cities:1
2024-12-31 19:18:53,807 - INFO - num_workers:1
2024-12-31 19:18:53,807 - INFO - num_carts:1
2024-12-31 19:18:53,807 - INFO - 
2024-12-31 19:18:53,814 - INFO - 96
2024-12-31 19:18:53,814 - INFO - 96
2024-12-31 19:18:53,814 - INFO - ['r 2 5', 'dst \'["r 2 5"]\'']
2024-12-31 19:18:53,814 - INFO - num_cities:1
2024-12-31 19:18:53,814 - INFO - num_workers:1
2024-12-31 19:18:53,814 - INFO - num_carts:0
2024-12-31 19:18:53,814 - INFO - 
2024-12-31 19:18:53,814 - INFO - 96
2024-12-31 19:18:53,815 - INFO - 96
2024-12-31 19:18:53,815 - INFO - ['bw 14 9 ', 'bw 13 9 ', 'm u_2 n ', 'm u_6 n ', 'dst \'["bw 14 9", "bw 13 9", "m u_2 n", "m u_6 n"]\'']
2024-12-31 19:18:53,815 - INFO - num_cities:1
2024-12-31 19:18:53,815 - INFO - num_workers:1
2024-12-31 19:18:53,815 - INFO - num_carts:1
2024-12-31 19:18:53,815 - INFO - 
2024-12-31 19:18:53,822 - INFO - 97
2024-12-31 19:18:53,822 - INFO - 97
2024-12-31 19:18:53,822 - INFO - ['r 2 5', 'm u_3 w ', 'dst \'["r 2 5", "m u_3 w"]\'']
2024-12-31 19:18:53,822 - INFO - num_cities:1
2024-12-31 19:18:53,822 - INFO - num_workers:1
2024-12-31 19:18:53,822 - INFO - num_carts:0
2024-12-31 19:18:53,822 - INFO - 
2024-12-31 19:18:53,823 - INFO - 97
2024-12-31 19:18:53,823 - INFO - 97
2024-12-31 19:18:53,823 - INFO - ['bw 14 9 ', 'bw 13 9 ', 'm u_6 e ', 'dst \'["bw 14 9", "bw 13 9", "m u_6 e"]\'']
2024-12-31 19:18:53,823 - INFO - num_cities:1
2024-12-31 19:18:53,823 - INFO - num_workers:1
2024-12-31 19:18:53,823 - INFO - num_carts:1
2024-12-31 19:18:53,823 - INFO - 
2024-12-31 19:18:53,830 - INFO - 98
2024-12-31 19:18:53,831 - INFO - 98
2024-12-31 19:18:53,831 - INFO - ['r 2 5', 'dst \'["r 2 5"]\'']
2024-12-31 19:18:53,831 - INFO - num_cities:1
2024-12-31 19:18:53,831 - INFO - num_workers:1
2024-12-31 19:18:53,831 - INFO - num_carts:0
2024-12-31 19:18:53,831 - INFO - 
2024-12-31 19:18:53,832 - INFO - 98
2024-12-31 19:18:53,832 - INFO - 98
2024-12-31 19:18:53,832 - INFO - ['bw 14 9 ', 'bw 13 9 ', 'm u_2 n ', 'm u_6 n ', 'dst \'["bw 14 9", "bw 13 9", "m u_2 n", "m u_6 n"]\'']
2024-12-31 19:18:53,832 - INFO - num_cities:1
2024-12-31 19:18:53,832 - INFO - num_workers:1
2024-12-31 19:18:53,832 - INFO - num_carts:1
2024-12-31 19:18:53,832 - INFO - 
2024-12-31 19:18:53,839 - INFO - 99
2024-12-31 19:18:53,840 - INFO - 99
2024-12-31 19:18:53,840 - INFO - ['r 2 5', 'm u_3 e ', 'dst \'["r 2 5", "m u_3 e"]\'']
2024-12-31 19:18:53,840 - INFO - num_cities:1
2024-12-31 19:18:53,840 - INFO - num_workers:1
2024-12-31 19:18:53,840 - INFO - num_carts:0
2024-12-31 19:18:53,840 - INFO - 
2024-12-31 19:18:53,841 - INFO - 99
2024-12-31 19:18:53,841 - INFO - 99
2024-12-31 19:18:53,841 - INFO - ['bw 14 9 ', 'bw 13 9 ', 'm u_6 c ', 'dst \'["bw 14 9", "bw 13 9", "m u_6 c"]\'']
2024-12-31 19:18:53,841 - INFO - num_cities:1
2024-12-31 19:18:53,841 - INFO - num_workers:1
2024-12-31 19:18:53,841 - INFO - num_carts:1
2024-12-31 19:18:53,841 - INFO - 
2024-12-31 19:18:53,849 - INFO - 100
2024-12-31 19:18:53,849 - INFO - 100
2024-12-31 19:18:53,849 - INFO - ['r 2 5', 'dst \'["r 2 5"]\'']
2024-12-31 19:18:53,849 - INFO - num_cities:1
2024-12-31 19:18:53,849 - INFO - num_workers:1
2024-12-31 19:18:53,849 - INFO - num_carts:0
2024-12-31 19:18:53,849 - INFO - 
2024-12-31 19:18:53,850 - INFO - 100
2024-12-31 19:18:53,850 - INFO - 100
2024-12-31 19:18:53,850 - INFO - ['bw 14 9 ', 'bw 13 9 ', 'm u_2 w ', 'm u_6 n ', 'dst \'["bw 14 9", "bw 13 9", "m u_2 w", "m u_6 n"]\'']
2024-12-31 19:18:53,850 - INFO - num_cities:1
2024-12-31 19:18:53,850 - INFO - num_workers:1
2024-12-31 19:18:53,850 - INFO - num_carts:1
2024-12-31 19:18:53,850 - INFO - 
2024-12-31 19:18:53,857 - INFO - 101
2024-12-31 19:18:53,857 - INFO - 101
2024-12-31 19:18:53,857 - INFO - ['r 2 5', 'm u_3 s ', 'dst \'["r 2 5", "m u_3 s"]\'']
2024-12-31 19:18:53,857 - INFO - num_cities:1
2024-12-31 19:18:53,857 - INFO - num_workers:1
2024-12-31 19:18:53,857 - INFO - num_carts:0
2024-12-31 19:18:53,857 - INFO - 
2024-12-31 19:18:53,858 - INFO - 101
2024-12-31 19:18:53,858 - INFO - 101
2024-12-31 19:18:53,858 - INFO - ['bw 14 9 ', 'bw 13 9 ', 'm u_6 w ', 'dst \'["bw 14 9", "bw 13 9", "m u_6 w"]\'']
2024-12-31 19:18:53,858 - INFO - num_cities:1
2024-12-31 19:18:53,858 - INFO - num_workers:1
2024-12-31 19:18:53,858 - INFO - num_carts:1
2024-12-31 19:18:53,858 - INFO - 
2024-12-31 19:18:53,866 - INFO - 102
2024-12-31 19:18:53,866 - INFO - 102
2024-12-31 19:18:53,866 - INFO - ['r 2 5', 'dst \'["r 2 5"]\'']
2024-12-31 19:18:53,866 - INFO - num_cities:1
2024-12-31 19:18:53,867 - INFO - num_workers:1
2024-12-31 19:18:53,867 - INFO - num_carts:0
2024-12-31 19:18:53,867 - INFO - 
2024-12-31 19:18:53,868 - INFO - 102
2024-12-31 19:18:53,868 - INFO - 102
2024-12-31 19:18:53,868 - INFO - ['bw 14 9 ', 'bw 13 9 ', 'm u_2 n ', 'm u_6 s ', 'dst \'["bw 14 9", "bw 13 9", "m u_2 n", "m u_6 s"]\'']
2024-12-31 19:18:53,868 - INFO - num_cities:1
2024-12-31 19:18:53,868 - INFO - num_workers:1
2024-12-31 19:18:53,868 - INFO - num_carts:1
2024-12-31 19:18:53,868 - INFO - 
2024-12-31 19:18:53,875 - INFO - 103
2024-12-31 19:18:53,875 - INFO - 103
2024-12-31 19:18:53,875 - INFO - ['r 2 5', 'm u_3 s ', 'dst \'["r 2 5", "m u_3 s"]\'']
2024-12-31 19:18:53,875 - INFO - num_cities:1
2024-12-31 19:18:53,875 - INFO - num_workers:1
2024-12-31 19:18:53,875 - INFO - num_carts:0
2024-12-31 19:18:53,875 - INFO - 
2024-12-31 19:18:53,876 - INFO - 103
2024-12-31 19:18:53,877 - INFO - 103
2024-12-31 19:18:53,877 - INFO - ['bw 14 9 ', 'bw 13 9 ', 'm u_6 e ', 'dst \'["bw 14 9", "bw 13 9", "m u_6 e"]\'']
2024-12-31 19:18:53,877 - INFO - num_cities:1
2024-12-31 19:18:53,877 - INFO - num_workers:1
2024-12-31 19:18:53,877 - INFO - num_carts:1
2024-12-31 19:18:53,877 - INFO - 
2024-12-31 19:18:53,884 - INFO - 104
2024-12-31 19:18:53,884 - INFO - 104
2024-12-31 19:18:53,884 - INFO - ['bw 2 5  ', 'dst \'["bw 2 5"]\'']
2024-12-31 19:18:53,885 - INFO - num_cities:1
2024-12-31 19:18:53,885 - INFO - num_workers:1
2024-12-31 19:18:53,885 - INFO - num_carts:0
2024-12-31 19:18:53,885 - INFO - 
2024-12-31 19:18:53,886 - INFO - 104
2024-12-31 19:18:53,886 - INFO - 104
2024-12-31 19:18:53,886 - INFO - ['bw 14 9 ', 'bw 13 9 ', 'm u_2 c ', 'm u_6 n ', 'dst \'["bw 14 9", "bw 13 9", "m u_2 c", "m u_6 n"]\'']
2024-12-31 19:18:53,886 - INFO - num_cities:1
2024-12-31 19:18:53,886 - INFO - num_workers:1
2024-12-31 19:18:53,886 - INFO - num_carts:1
2024-12-31 19:18:53,886 - INFO - 
2024-12-31 19:18:53,894 - INFO - 105
2024-12-31 19:18:53,894 - INFO - 105
2024-12-31 19:18:53,894 - INFO - ['r 2 5', 'm u_3 s ', 'dst \'["r 2 5", "m u_3 s"]\'']
2024-12-31 19:18:53,894 - INFO - num_cities:1
2024-12-31 19:18:53,894 - INFO - num_workers:1
2024-12-31 19:18:53,894 - INFO - num_carts:0
2024-12-31 19:18:53,894 - INFO - 
2024-12-31 19:18:53,895 - INFO - 105
2024-12-31 19:18:53,895 - INFO - 105
2024-12-31 19:18:53,895 - INFO - ['bw 14 9 ', 'bw 13 9 ', 'bcity u_2', 'm u_6 e ', 'dst \'["bw 14 9", "bw 13 9", "bcity u_2", "m u_6 e"]\'']
2024-12-31 19:18:53,895 - INFO - num_cities:1
2024-12-31 19:18:53,895 - INFO - num_workers:1
2024-12-31 19:18:53,895 - INFO - num_carts:1
2024-12-31 19:18:53,895 - INFO - 
2024-12-31 19:18:53,902 - INFO - 106
2024-12-31 19:18:53,902 - INFO - 106
2024-12-31 19:18:53,902 - INFO - ['r 2 5', 'dst \'["r 2 5"]\'']
2024-12-31 19:18:53,902 - INFO - num_cities:1
2024-12-31 19:18:53,902 - INFO - num_workers:1
2024-12-31 19:18:53,903 - INFO - num_carts:0
2024-12-31 19:18:53,903 - INFO - 
2024-12-31 19:18:53,903 - INFO - 106
2024-12-31 19:18:53,904 - INFO - 106
2024-12-31 19:18:53,904 - INFO - ['bw 14 9 ', 'bw 13 9 ', 'bw 11 5 ', 'm u_2 w ', 'm u_6 n ', 'dst \'["bw 14 9", "bw 13 9", "bw 11 5", "m u_2 w", "m u_6 n"]\'']
2024-12-31 19:18:53,904 - INFO - num_cities:2
2024-12-31 19:18:53,904 - INFO - num_workers:1
2024-12-31 19:18:53,904 - INFO - num_carts:1
2024-12-31 19:18:53,904 - INFO - 
2024-12-31 19:18:53,912 - INFO - 107
2024-12-31 19:18:53,912 - INFO - 107
2024-12-31 19:18:53,912 - INFO - ['r 2 5', 'm u_3 c ', 'dst \'["r 2 5", "m u_3 c"]\'']
2024-12-31 19:18:53,913 - INFO - num_cities:1
2024-12-31 19:18:53,913 - INFO - num_workers:1
2024-12-31 19:18:53,913 - INFO - num_carts:0
2024-12-31 19:18:53,913 - INFO - 
2024-12-31 19:18:53,914 - INFO - 107
2024-12-31 19:18:53,914 - INFO - 107
2024-12-31 19:18:53,914 - INFO - ['bw 14 9 ', 'bw 13 9 ', 'bw 11 5 ', 'm u_7 c ', 'm u_6 e ', 'dst \'["bw 14 9", "bw 13 9", "bw 11 5", "m u_7 c", "m u_6 e"]\'']
2024-12-31 19:18:53,914 - INFO - num_cities:2
2024-12-31 19:18:53,914 - INFO - num_workers:2
2024-12-31 19:18:53,914 - INFO - num_carts:1
2024-12-31 19:18:53,914 - INFO - 
2024-12-31 19:18:53,924 - INFO - 108
2024-12-31 19:18:53,924 - INFO - 108
2024-12-31 19:18:53,924 - INFO - ['r 2 5', 'm u_3 n ', 'dst \'["r 2 5", "m u_3 n"]\'']
2024-12-31 19:18:53,924 - INFO - num_cities:1
2024-12-31 19:18:53,924 - INFO - num_workers:1
2024-12-31 19:18:53,925 - INFO - num_carts:0
2024-12-31 19:18:53,925 - INFO - 
2024-12-31 19:18:53,925 - INFO - 108
2024-12-31 19:18:53,925 - INFO - 108
2024-12-31 19:18:53,925 - INFO - ['bw 14 9 ', 'bw 13 9 ', 'bw 11 5 ', 'm u_2 w ', 'm u_7 s ', 'm u_6 c ', 'dst \'["bw 14 9", "bw 13 9", "bw 11 5", "m u_2 w", "m u_7 s", "m u_6 c"]\'']
2024-12-31 19:18:53,925 - INFO - num_cities:2
2024-12-31 19:18:53,926 - INFO - num_workers:2
2024-12-31 19:18:53,926 - INFO - num_carts:1
2024-12-31 19:18:53,926 - INFO - 
2024-12-31 19:18:53,934 - INFO - 109
2024-12-31 19:18:53,934 - INFO - 109
2024-12-31 19:18:53,934 - INFO - ['r 2 5', 'dst \'["r 2 5"]\'']
2024-12-31 19:18:53,934 - INFO - num_cities:1
2024-12-31 19:18:53,934 - INFO - num_workers:1
2024-12-31 19:18:53,934 - INFO - num_carts:0
2024-12-31 19:18:53,934 - INFO - 
2024-12-31 19:18:53,935 - INFO - 109
2024-12-31 19:18:53,935 - INFO - 109
2024-12-31 19:18:53,935 - INFO - ['bw 14 9 ', 'bw 13 9 ', 'bw 11 5 ', 'm u_7 s ', 'm u_6 w ', 'dst \'["bw 14 9", "bw 13 9", "bw 11 5", "m u_7 s", "m u_6 w"]\'']
2024-12-31 19:18:53,935 - INFO - num_cities:2
2024-12-31 19:18:53,935 - INFO - num_workers:2
2024-12-31 19:18:53,935 - INFO - num_carts:1
2024-12-31 19:18:53,935 - INFO - 
2024-12-31 19:18:53,944 - INFO - 110
2024-12-31 19:18:53,944 - INFO - 110
2024-12-31 19:18:53,944 - INFO - ['r 2 5', 'm u_3 e ', 'dst \'["r 2 5", "m u_3 e"]\'']
2024-12-31 19:18:53,944 - INFO - num_cities:1
2024-12-31 19:18:53,944 - INFO - num_workers:1
2024-12-31 19:18:53,944 - INFO - num_carts:0
2024-12-31 19:18:53,944 - INFO - 
2024-12-31 19:18:53,945 - INFO - 110
2024-12-31 19:18:53,946 - INFO - 110
2024-12-31 19:18:53,946 - INFO - ['bw 14 9 ', 'bw 13 9 ', 'bw 11 5 ', 'm u_2 w ', 'm u_7 n ', 'dst \'["bw 14 9", "bw 13 9", "bw 11 5", "m u_2 w", "m u_7 n"]\'']
2024-12-31 19:18:53,946 - INFO - num_cities:2
2024-12-31 19:18:53,946 - INFO - num_workers:2
2024-12-31 19:18:53,946 - INFO - num_carts:1
2024-12-31 19:18:53,946 - INFO - 
2024-12-31 19:18:53,953 - INFO - 111
2024-12-31 19:18:53,953 - INFO - 111
2024-12-31 19:18:53,953 - INFO - ['r 2 5', 'dst \'["r 2 5"]\'']
2024-12-31 19:18:53,953 - INFO - num_cities:1
2024-12-31 19:18:53,954 - INFO - num_workers:1
2024-12-31 19:18:53,954 - INFO - num_carts:0
2024-12-31 19:18:53,954 - INFO - 
2024-12-31 19:18:53,955 - INFO - 111
2024-12-31 19:18:53,955 - INFO - 111
2024-12-31 19:18:53,955 - INFO - ['bw 14 9 ', 'bw 13 9 ', 'bw 11 5 ', 'm u_7 s ', 'm u_6 w ', 'dst \'["bw 14 9", "bw 13 9", "bw 11 5", "m u_7 s", "m u_6 w"]\'']
2024-12-31 19:18:53,955 - INFO - num_cities:2
2024-12-31 19:18:53,955 - INFO - num_workers:2
2024-12-31 19:18:53,955 - INFO - num_carts:1
2024-12-31 19:18:53,955 - INFO - 
2024-12-31 19:18:53,964 - INFO - 112
2024-12-31 19:18:53,964 - INFO - 112
2024-12-31 19:18:53,964 - INFO - ['r 2 5', 'dst \'["r 2 5"]\'']
2024-12-31 19:18:53,964 - INFO - num_cities:1
2024-12-31 19:18:53,964 - INFO - num_workers:0
2024-12-31 19:18:53,964 - INFO - num_carts:0
2024-12-31 19:18:53,964 - INFO - 
2024-12-31 19:18:53,965 - INFO - 112
2024-12-31 19:18:53,965 - INFO - 112
2024-12-31 19:18:53,965 - INFO - ['bw 14 9 ', 'bc 13 9', 'bc 11 5', 'm u_2 s ', 'm u_7 n ', 'dst \'["bw 14 9", "bc 13 9", "bc 11 5", "m u_2 s", "m u_7 n"]\'']
2024-12-31 19:18:53,965 - INFO - num_cities:2
2024-12-31 19:18:53,965 - INFO - num_workers:2
2024-12-31 19:18:53,965 - INFO - num_carts:0
2024-12-31 19:18:53,966 - INFO - 
