2024-12-31 19:08:05,131 - INFO - 1
2024-12-31 19:08:05,132 - INFO - 1
2024-12-31 19:08:05,132 - INFO - ['bc 14 11', 'm u_2 n ', 'dst \'["bc 14 11", "m u_2 n"]\'']
2024-12-31 19:08:05,132 - INFO - num_cities:1
2024-12-31 19:08:05,132 - INFO - num_workers:1
2024-12-31 19:08:05,132 - INFO - num_carts:0
2024-12-31 19:08:05,132 - INFO - 
2024-12-31 19:08:05,189 - INFO - 2
2024-12-31 19:08:05,190 - INFO - 2
2024-12-31 19:08:05,190 - INFO - ['bc 14 11', 'dst \'["bc 14 11"]\'']
2024-12-31 19:08:05,190 - INFO - num_cities:1
2024-12-31 19:08:05,190 - INFO - num_workers:1
2024-12-31 19:08:05,190 - INFO - num_carts:0
2024-12-31 19:08:05,190 - INFO - 
2024-12-31 19:08:05,235 - INFO - 3
2024-12-31 19:08:05,235 - INFO - 3
2024-12-31 19:08:05,235 - INFO - ['bc 14 11', 'm u_2 w ', 'dst \'["bc 14 11", "m u_2 w"]\'']
2024-12-31 19:08:05,235 - INFO - num_cities:1
2024-12-31 19:08:05,235 - INFO - num_workers:1
2024-12-31 19:08:05,235 - INFO - num_carts:0
2024-12-31 19:08:05,235 - INFO - 
2024-12-31 19:08:05,276 - INFO - 4
2024-12-31 19:08:05,276 - INFO - 4
2024-12-31 19:08:05,276 - INFO - ['bc 14 11', 'dst \'["bc 14 11"]\'']
2024-12-31 19:08:05,277 - INFO - num_cities:1
2024-12-31 19:08:05,277 - INFO - num_workers:1
2024-12-31 19:08:05,277 - INFO - num_carts:0
2024-12-31 19:08:05,277 - INFO - 
2024-12-31 19:08:05,319 - INFO - 5
2024-12-31 19:08:05,319 - INFO - 5
2024-12-31 19:08:05,320 - INFO - ['bc 14 11', 'm u_2 e ', 'dst \'["bc 14 11", "m u_2 e"]\'']
2024-12-31 19:08:05,321 - INFO - num_cities:1
2024-12-31 19:08:05,321 - INFO - num_workers:1
2024-12-31 19:08:05,322 - INFO - num_carts:0
2024-12-31 19:08:05,322 - INFO - 
2024-12-31 19:08:05,381 - INFO - 6
2024-12-31 19:08:05,381 - INFO - 6
2024-12-31 19:08:05,381 - INFO - ['bc 14 11', 'dst \'["bc 14 11"]\'']
2024-12-31 19:08:05,382 - INFO - num_cities:1
2024-12-31 19:08:05,382 - INFO - num_workers:1
2024-12-31 19:08:05,382 - INFO - num_carts:0
2024-12-31 19:08:05,382 - INFO - 
2024-12-31 19:08:05,433 - INFO - 7
2024-12-31 19:08:05,433 - INFO - 7
2024-12-31 19:08:05,433 - INFO - ['bc 14 11', 'm u_2 e ', 'dst \'["bc 14 11", "m u_2 e"]\'']
2024-12-31 19:08:05,433 - INFO - num_cities:1
2024-12-31 19:08:05,433 - INFO - num_workers:1
2024-12-31 19:08:05,433 - INFO - num_carts:0
2024-12-31 19:08:05,433 - INFO - 
2024-12-31 19:08:05,477 - INFO - 8
2024-12-31 19:08:05,478 - INFO - 8
2024-12-31 19:08:05,478 - INFO - ['bc 14 11', 'dst \'["bc 14 11"]\'']
2024-12-31 19:08:05,478 - INFO - num_cities:1
2024-12-31 19:08:05,478 - INFO - num_workers:1
2024-12-31 19:08:05,478 - INFO - num_carts:0
2024-12-31 19:08:05,478 - INFO - 
2024-12-31 19:08:05,521 - INFO - 9
2024-12-31 19:08:05,521 - INFO - 9
2024-12-31 19:08:05,522 - INFO - ['bc 14 11', 'm u_2 c ', 'dst \'["bc 14 11", "m u_2 c"]\'']
2024-12-31 19:08:05,522 - INFO - num_cities:1
2024-12-31 19:08:05,522 - INFO - num_workers:1
2024-12-31 19:08:05,522 - INFO - num_carts:0
2024-12-31 19:08:05,522 - INFO - 
2024-12-31 19:08:05,574 - INFO - 10
2024-12-31 19:08:05,574 - INFO - 10
2024-12-31 19:08:05,574 - INFO - ['bc 14 11', 'm u_2 w ', 'dst \'["bc 14 11", "m u_2 w"]\'']
2024-12-31 19:08:05,574 - INFO - num_cities:1
2024-12-31 19:08:05,574 - INFO - num_workers:1
2024-12-31 19:08:05,574 - INFO - num_carts:0
2024-12-31 19:08:05,574 - INFO - 
2024-12-31 19:08:05,628 - INFO - 11
2024-12-31 19:08:05,628 - INFO - 11
2024-12-31 19:08:05,629 - INFO - ['bc 14 11', 'dst \'["bc 14 11"]\'']
2024-12-31 19:08:05,629 - INFO - num_cities:1
2024-12-31 19:08:05,629 - INFO - num_workers:1
2024-12-31 19:08:05,629 - INFO - num_carts:0
2024-12-31 19:08:05,629 - INFO - 
2024-12-31 19:08:05,674 - INFO - 12
2024-12-31 19:08:05,674 - INFO - 12
2024-12-31 19:08:05,674 - INFO - ['bc 14 11', 'm u_2 n ', 'dst \'["bc 14 11", "m u_2 n"]\'']
2024-12-31 19:08:05,674 - INFO - num_cities:1
2024-12-31 19:08:05,674 - INFO - num_workers:1
2024-12-31 19:08:05,674 - INFO - num_carts:0
2024-12-31 19:08:05,674 - INFO - 
2024-12-31 19:08:05,714 - INFO - 13
2024-12-31 19:08:05,714 - INFO - 13
2024-12-31 19:08:05,714 - INFO - ['bc 14 11', 'dst \'["bc 14 11"]\'']
2024-12-31 19:08:05,714 - INFO - num_cities:1
2024-12-31 19:08:05,715 - INFO - num_workers:1
2024-12-31 19:08:05,715 - INFO - num_carts:0
2024-12-31 19:08:05,715 - INFO - 
2024-12-31 19:08:05,765 - INFO - 14
2024-12-31 19:08:05,766 - INFO - 14
2024-12-31 19:08:05,766 - INFO - ['bc 14 11', 'bcity u_2', 'dst \'["bc 14 11", "bcity u_2"]\'']
2024-12-31 19:08:05,766 - INFO - num_cities:1
2024-12-31 19:08:05,766 - INFO - num_workers:1
2024-12-31 19:08:05,766 - INFO - num_carts:0
2024-12-31 19:08:05,766 - INFO - 
2024-12-31 19:08:05,830 - INFO - 15
2024-12-31 19:08:05,830 - INFO - 15
2024-12-31 19:08:05,830 - INFO - ['bc 14 9', 'bc 14 11', 'm u_2 c ', 'dst \'["bc 14 9", "bc 14 11", "m u_2 c"]\'']
2024-12-31 19:08:05,830 - INFO - num_cities:2
2024-12-31 19:08:05,830 - INFO - num_workers:1
2024-12-31 19:08:05,830 - INFO - num_carts:0
2024-12-31 19:08:05,830 - INFO - 
2024-12-31 19:08:05,880 - INFO - 16
2024-12-31 19:08:05,881 - INFO - 16
2024-12-31 19:08:05,881 - INFO - ['bw 14 9 ', 'bw 14 11', 'm u_2 s ', 'm u_5 c ', 'dst \'["bw 14 9", "bw 14 11", "m u_2 s", "m u_5 c"]\'']
2024-12-31 19:08:05,881 - INFO - num_cities:2
2024-12-31 19:08:05,881 - INFO - num_workers:1
2024-12-31 19:08:05,881 - INFO - num_carts:1
2024-12-31 19:08:05,881 - INFO - 
2024-12-31 19:08:05,920 - INFO - 17
2024-12-31 19:08:05,920 - INFO - 17
2024-12-31 19:08:05,920 - INFO - ['bw 14 9 ', 'bw 14 11', 'm u_5 e ', 'dst \'["bw 14 9", "bw 14 11", "m u_5 e"]\'']
2024-12-31 19:08:05,920 - INFO - num_cities:2
2024-12-31 19:08:05,920 - INFO - num_workers:1
2024-12-31 19:08:05,920 - INFO - num_carts:1
2024-12-31 19:08:05,920 - INFO - 
2024-12-31 19:08:05,970 - INFO - 18
2024-12-31 19:08:05,970 - INFO - 18
2024-12-31 19:08:05,970 - INFO - ['bw 14 9 ', 'bw 14 11', 'm u_2 e ', 'dst \'["bw 14 9", "bw 14 11", "m u_2 e"]\'']
2024-12-31 19:08:05,970 - INFO - num_cities:2
2024-12-31 19:08:05,970 - INFO - num_workers:1
2024-12-31 19:08:05,970 - INFO - num_carts:1
2024-12-31 19:08:05,970 - INFO - 
2024-12-31 19:08:06,030 - INFO - 19
2024-12-31 19:08:06,031 - INFO - 19
2024-12-31 19:08:06,031 - INFO - ['bw 14 9 ', 'bw 14 11', 'm u_5 c ', 'dst \'["bw 14 9", "bw 14 11", "m u_5 c"]\'']
2024-12-31 19:08:06,031 - INFO - num_cities:2
2024-12-31 19:08:06,031 - INFO - num_workers:1
2024-12-31 19:08:06,031 - INFO - num_carts:1
2024-12-31 19:08:06,031 - INFO - 
2024-12-31 19:08:06,107 - INFO - 20
2024-12-31 19:08:06,107 - INFO - 20
2024-12-31 19:08:06,107 - INFO - ['bw 14 9 ', 'bw 14 11', 'm u_2 e ', 'm u_5 n ', 'dst \'["bw 14 9", "bw 14 11", "m u_2 e", "m u_5 n"]\'']
2024-12-31 19:08:06,107 - INFO - num_cities:2
2024-12-31 19:08:06,107 - INFO - num_workers:1
2024-12-31 19:08:06,107 - INFO - num_carts:1
2024-12-31 19:08:06,107 - INFO - 
2024-12-31 19:08:06,179 - INFO - 21
2024-12-31 19:08:06,179 - INFO - 21
2024-12-31 19:08:06,179 - INFO - ['bw 14 9 ', 'bw 14 11', 'm u_2 s ', 'dst \'["bw 14 9", "bw 14 11", "m u_2 s"]\'']
2024-12-31 19:08:06,179 - INFO - num_cities:2
2024-12-31 19:08:06,180 - INFO - num_workers:1
2024-12-31 19:08:06,180 - INFO - num_carts:1
2024-12-31 19:08:06,180 - INFO - 
2024-12-31 19:08:06,247 - INFO - 22
2024-12-31 19:08:06,248 - INFO - 22
2024-12-31 19:08:06,248 - INFO - ['bw 14 9 ', 'bw 14 11', 'm u_5 w ', 'dst \'["bw 14 9", "bw 14 11", "m u_5 w"]\'']
2024-12-31 19:08:06,248 - INFO - num_cities:2
2024-12-31 19:08:06,248 - INFO - num_workers:1
2024-12-31 19:08:06,248 - INFO - num_carts:1
2024-12-31 19:08:06,248 - INFO - 
2024-12-31 19:08:06,314 - INFO - 23
2024-12-31 19:08:06,314 - INFO - 23
2024-12-31 19:08:06,314 - INFO - ['bw 14 9 ', 'bw 14 11', 'm u_2 w ', 'dst \'["bw 14 9", "bw 14 11", "m u_2 w"]\'']
2024-12-31 19:08:06,314 - INFO - num_cities:2
2024-12-31 19:08:06,314 - INFO - num_workers:1
2024-12-31 19:08:06,314 - INFO - num_carts:1
2024-12-31 19:08:06,314 - INFO - 
2024-12-31 19:08:06,388 - INFO - 24
2024-12-31 19:08:06,389 - INFO - 24
2024-12-31 19:08:06,389 - INFO - ['bw 14 9 ', 'bw 14 11', 'm u_2 e ', 'm u_5 e ', 'dst \'["bw 14 9", "bw 14 11", "m u_2 e", "m u_5 e"]\'']
2024-12-31 19:08:06,389 - INFO - num_cities:2
2024-12-31 19:08:06,389 - INFO - num_workers:1
2024-12-31 19:08:06,389 - INFO - num_carts:1
2024-12-31 19:08:06,389 - INFO - 
2024-12-31 19:08:06,481 - INFO - 25
2024-12-31 19:08:06,482 - INFO - 25
2024-12-31 19:08:06,482 - INFO - ['bw 14 9 ', 'bw 14 11', 'm u_5 n ', 'dst \'["bw 14 9", "bw 14 11", "m u_5 n"]\'']
2024-12-31 19:08:06,482 - INFO - num_cities:2
2024-12-31 19:08:06,482 - INFO - num_workers:1
2024-12-31 19:08:06,482 - INFO - num_carts:1
2024-12-31 19:08:06,482 - INFO - 
2024-12-31 19:08:06,631 - INFO - 26
2024-12-31 19:08:06,631 - INFO - 26
2024-12-31 19:08:06,631 - INFO - ['bw 14 9 ', 'bw 14 11', 'm u_2 n ', 'dst \'["bw 14 9", "bw 14 11", "m u_2 n"]\'']
2024-12-31 19:08:06,631 - INFO - num_cities:2
2024-12-31 19:08:06,631 - INFO - num_workers:1
2024-12-31 19:08:06,631 - INFO - num_carts:1
2024-12-31 19:08:06,632 - INFO - 
2024-12-31 19:08:06,713 - INFO - 27
2024-12-31 19:08:06,714 - INFO - 27
2024-12-31 19:08:06,714 - INFO - ['bw 14 9 ', 'bw 14 11', 'm u_5 n ', 'dst \'["bw 14 9", "bw 14 11", "m u_5 n"]\'']
2024-12-31 19:08:06,714 - INFO - num_cities:2
2024-12-31 19:08:06,714 - INFO - num_workers:1
2024-12-31 19:08:06,714 - INFO - num_carts:1
2024-12-31 19:08:06,714 - INFO - 
2024-12-31 19:08:06,860 - INFO - 28
2024-12-31 19:08:06,861 - INFO - 28
2024-12-31 19:08:06,861 - INFO - ['bw 14 9 ', 'bw 14 11', 'm u_2 e ', 'dst \'["bw 14 9", "bw 14 11", "m u_2 e"]\'']
2024-12-31 19:08:06,861 - INFO - num_cities:2
2024-12-31 19:08:06,861 - INFO - num_workers:1
2024-12-31 19:08:06,861 - INFO - num_carts:1
2024-12-31 19:08:06,861 - INFO - 
2024-12-31 19:08:06,968 - INFO - 29
2024-12-31 19:08:06,968 - INFO - 29
2024-12-31 19:08:06,968 - INFO - ['bw 14 9 ', 'bw 14 11', 'm u_2 w ', 'm u_5 w ', 'dst \'["bw 14 9", "bw 14 11", "m u_2 w", "m u_5 w"]\'']
2024-12-31 19:08:06,968 - INFO - num_cities:2
2024-12-31 19:08:06,968 - INFO - num_workers:1
2024-12-31 19:08:06,968 - INFO - num_carts:1
2024-12-31 19:08:06,968 - INFO - 
2024-12-31 19:08:07,242 - INFO - 30
2024-12-31 19:08:07,242 - INFO - 30
2024-12-31 19:08:07,242 - INFO - ['bw 14 9 ', 'bw 14 11', 'dst \'["bw 14 9", "bw 14 11"]\'']
2024-12-31 19:08:07,242 - INFO - num_cities:2
2024-12-31 19:08:07,242 - INFO - num_workers:1
2024-12-31 19:08:07,242 - INFO - num_carts:1
2024-12-31 19:08:07,242 - INFO - 
2024-12-31 19:08:07,377 - INFO - 31
2024-12-31 19:08:07,377 - INFO - 31
2024-12-31 19:08:07,378 - INFO - ['bw 14 9 ', 'bw 14 11', 'm u_2 c ', 'm u_5 n ', 'dst \'["bw 14 9", "bw 14 11", "m u_2 c", "m u_5 n"]\'']
2024-12-31 19:08:07,378 - INFO - num_cities:2
2024-12-31 19:08:07,378 - INFO - num_workers:1
2024-12-31 19:08:07,378 - INFO - num_carts:1
2024-12-31 19:08:07,378 - INFO - 
2024-12-31 19:08:07,519 - INFO - 32
2024-12-31 19:08:07,519 - INFO - 32
2024-12-31 19:08:07,519 - INFO - ['bc 14 9', 'bc 14 11', 'm u_2 w ', 'dst \'["bc 14 9", "bc 14 11", "m u_2 w"]\'']
2024-12-31 19:08:07,519 - INFO - num_cities:2
2024-12-31 19:08:07,520 - INFO - num_workers:1
2024-12-31 19:08:07,520 - INFO - num_carts:0
2024-12-31 19:08:07,520 - INFO - 
2024-12-31 19:08:07,569 - INFO - 33
2024-12-31 19:08:07,569 - INFO - 33
2024-12-31 19:08:07,569 - INFO - ['bc 14 11', 'dst \'["bc 14 11"]\'']
2024-12-31 19:08:07,569 - INFO - num_cities:1
2024-12-31 19:08:07,569 - INFO - num_workers:1
2024-12-31 19:08:07,569 - INFO - num_carts:0
2024-12-31 19:08:07,569 - INFO - 
2024-12-31 19:08:07,621 - INFO - 34
2024-12-31 19:08:07,621 - INFO - 34
2024-12-31 19:08:07,621 - INFO - ['bc 14 11', 'dst \'["bc 14 11"]\'']
2024-12-31 19:08:07,621 - INFO - num_cities:1
2024-12-31 19:08:07,622 - INFO - num_workers:1
2024-12-31 19:08:07,622 - INFO - num_carts:0
2024-12-31 19:08:07,622 - INFO - 
2024-12-31 19:08:07,671 - INFO - 35
2024-12-31 19:08:07,671 - INFO - 35
2024-12-31 19:08:07,671 - INFO - ['bc 14 11', 'dst \'["bc 14 11"]\'']
2024-12-31 19:08:07,671 - INFO - num_cities:1
2024-12-31 19:08:07,671 - INFO - num_workers:1
2024-12-31 19:08:07,671 - INFO - num_carts:0
2024-12-31 19:08:07,671 - INFO - 
2024-12-31 19:08:07,736 - INFO - 36
2024-12-31 19:08:07,737 - INFO - 36
2024-12-31 19:08:07,737 - INFO - ['m u_2 e ', 'dst \'["m u_2 e"]\'']
2024-12-31 19:08:07,737 - INFO - num_cities:0
2024-12-31 19:08:07,737 - INFO - num_workers:1
2024-12-31 19:08:07,737 - INFO - num_carts:0
2024-12-31 19:08:07,737 - INFO - 
2024-12-31 19:08:07,807 - INFO - 37
2024-12-31 19:08:07,807 - INFO - 37
2024-12-31 19:08:07,807 - INFO - ["dst '[]'"]
2024-12-31 19:08:07,807 - INFO - num_cities:0
2024-12-31 19:08:07,807 - INFO - num_workers:1
2024-12-31 19:08:07,807 - INFO - num_carts:0
2024-12-31 19:08:07,807 - INFO - 
2024-12-31 19:08:07,854 - INFO - 38
2024-12-31 19:08:07,854 - INFO - 38
2024-12-31 19:08:07,854 - INFO - ["dst '[]'"]
2024-12-31 19:08:07,854 - INFO - num_cities:0
2024-12-31 19:08:07,854 - INFO - num_workers:1
2024-12-31 19:08:07,854 - INFO - num_carts:0
2024-12-31 19:08:07,854 - INFO - 
2024-12-31 19:08:07,898 - INFO - 39
2024-12-31 19:08:07,898 - INFO - 39
2024-12-31 19:08:07,898 - INFO - ["dst '[]'"]
2024-12-31 19:08:07,898 - INFO - num_cities:0
2024-12-31 19:08:07,898 - INFO - num_workers:1
2024-12-31 19:08:07,898 - INFO - num_carts:0
2024-12-31 19:08:07,898 - INFO - 
2024-12-31 19:08:07,939 - INFO - 40
2024-12-31 19:08:07,939 - INFO - 40
2024-12-31 19:08:07,939 - INFO - ['m u_2 n ', 'dst \'["m u_2 n"]\'']
2024-12-31 19:08:07,939 - INFO - num_cities:0
2024-12-31 19:08:07,939 - INFO - num_workers:1
2024-12-31 19:08:07,939 - INFO - num_carts:0
2024-12-31 19:08:07,939 - INFO - 
2024-12-31 19:08:08,003 - INFO - 41
2024-12-31 19:08:08,003 - INFO - 41
2024-12-31 19:08:08,003 - INFO - ["dst '[]'"]
2024-12-31 19:08:08,003 - INFO - num_cities:0
2024-12-31 19:08:08,003 - INFO - num_workers:1
2024-12-31 19:08:08,004 - INFO - num_carts:0
2024-12-31 19:08:08,004 - INFO - 
2024-12-31 19:08:08,061 - INFO - 42
2024-12-31 19:08:08,061 - INFO - 42
2024-12-31 19:08:08,061 - INFO - ["dst '[]'"]
2024-12-31 19:08:08,061 - INFO - num_cities:0
2024-12-31 19:08:08,061 - INFO - num_workers:1
2024-12-31 19:08:08,061 - INFO - num_carts:0
2024-12-31 19:08:08,061 - INFO - 
2024-12-31 19:08:08,154 - INFO - 43
2024-12-31 19:08:08,155 - INFO - 43
2024-12-31 19:08:08,155 - INFO - ["dst '[]'"]
2024-12-31 19:08:08,155 - INFO - num_cities:0
2024-12-31 19:08:08,155 - INFO - num_workers:1
2024-12-31 19:08:08,155 - INFO - num_carts:0
2024-12-31 19:08:08,155 - INFO - 
2024-12-31 19:08:08,238 - INFO - 44
2024-12-31 19:08:08,238 - INFO - 44
2024-12-31 19:08:08,238 - INFO - ['bcity u_2', 'dst \'["bcity u_2"]\'']
2024-12-31 19:08:08,238 - INFO - num_cities:0
2024-12-31 19:08:08,238 - INFO - num_workers:1
2024-12-31 19:08:08,238 - INFO - num_carts:0
2024-12-31 19:08:08,238 - INFO - 
2024-12-31 19:08:08,310 - INFO - 45
2024-12-31 19:08:08,310 - INFO - 45
2024-12-31 19:08:08,310 - INFO - ['bc 14 9', 'm u_2 e ', 'dst \'["bc 14 9", "m u_2 e"]\'']
2024-12-31 19:08:08,311 - INFO - num_cities:1
2024-12-31 19:08:08,311 - INFO - num_workers:1
2024-12-31 19:08:08,311 - INFO - num_carts:0
2024-12-31 19:08:08,311 - INFO - 
2024-12-31 19:08:08,388 - INFO - 46
2024-12-31 19:08:08,388 - INFO - 46
2024-12-31 19:08:08,388 - INFO - ['bc 14 9', 'm u_2 n ', 'dst \'["bc 14 9", "m u_2 n"]\'']
2024-12-31 19:08:08,389 - INFO - num_cities:1
2024-12-31 19:08:08,389 - INFO - num_workers:1
2024-12-31 19:08:08,389 - INFO - num_carts:0
2024-12-31 19:08:08,389 - INFO - 
2024-12-31 19:08:08,477 - INFO - 47
2024-12-31 19:08:08,477 - INFO - 47
2024-12-31 19:08:08,477 - INFO - ['bc 14 9', 'm u_2 c ', 'dst \'["bc 14 9", "m u_2 c"]\'']
2024-12-31 19:08:08,477 - INFO - num_cities:1
2024-12-31 19:08:08,477 - INFO - num_workers:1
2024-12-31 19:08:08,477 - INFO - num_carts:0
2024-12-31 19:08:08,477 - INFO - 
2024-12-31 19:08:08,556 - INFO - 48
2024-12-31 19:08:08,557 - INFO - 48
2024-12-31 19:08:08,557 - INFO - ['bc 14 9', 'm u_2 w ', 'dst \'["bc 14 9", "m u_2 w"]\'']
2024-12-31 19:08:08,557 - INFO - num_cities:1
2024-12-31 19:08:08,557 - INFO - num_workers:1
2024-12-31 19:08:08,557 - INFO - num_carts:0
2024-12-31 19:08:08,557 - INFO - 
2024-12-31 19:08:08,662 - INFO - 49
2024-12-31 19:08:08,662 - INFO - 49
2024-12-31 19:08:08,662 - INFO - ['bc 14 9', 'm u_2 s ', 'dst \'["bc 14 9", "m u_2 s"]\'']
2024-12-31 19:08:08,662 - INFO - num_cities:1
2024-12-31 19:08:08,662 - INFO - num_workers:1
2024-12-31 19:08:08,662 - INFO - num_carts:0
2024-12-31 19:08:08,662 - INFO - 
2024-12-31 19:08:08,749 - INFO - 50
2024-12-31 19:08:08,749 - INFO - 50
2024-12-31 19:08:08,750 - INFO - ['bc 14 9', 'm u_2 c ', 'dst \'["bc 14 9", "m u_2 c"]\'']
2024-12-31 19:08:08,750 - INFO - num_cities:1
2024-12-31 19:08:08,750 - INFO - num_workers:1
2024-12-31 19:08:08,750 - INFO - num_carts:0
2024-12-31 19:08:08,750 - INFO - 
2024-12-31 19:08:08,837 - INFO - 51
2024-12-31 19:08:08,837 - INFO - 51
2024-12-31 19:08:08,837 - INFO - ['bc 14 9', 'm u_2 s ', 'dst \'["bc 14 9", "m u_2 s"]\'']
2024-12-31 19:08:08,837 - INFO - num_cities:1
2024-12-31 19:08:08,837 - INFO - num_workers:1
2024-12-31 19:08:08,838 - INFO - num_carts:0
2024-12-31 19:08:08,838 - INFO - 
2024-12-31 19:08:08,926 - INFO - 52
2024-12-31 19:08:08,927 - INFO - 52
2024-12-31 19:08:08,927 - INFO - ['bc 14 9', 'dst \'["bc 14 9"]\'']
2024-12-31 19:08:08,927 - INFO - num_cities:1
2024-12-31 19:08:08,927 - INFO - num_workers:1
2024-12-31 19:08:08,927 - INFO - num_carts:0
2024-12-31 19:08:08,927 - INFO - 
2024-12-31 19:08:09,025 - INFO - 53
2024-12-31 19:08:09,025 - INFO - 53
2024-12-31 19:08:09,025 - INFO - ['bc 14 9', 'm u_2 n ', 'dst \'["bc 14 9", "m u_2 n"]\'']
2024-12-31 19:08:09,025 - INFO - num_cities:1
2024-12-31 19:08:09,025 - INFO - num_workers:1
2024-12-31 19:08:09,025 - INFO - num_carts:0
2024-12-31 19:08:09,025 - INFO - 
2024-12-31 19:08:09,121 - INFO - 54
2024-12-31 19:08:09,121 - INFO - 54
2024-12-31 19:08:09,121 - INFO - ['bc 14 9', 'm u_2 n ', 'dst \'["bc 14 9", "m u_2 n"]\'']
2024-12-31 19:08:09,121 - INFO - num_cities:1
2024-12-31 19:08:09,121 - INFO - num_workers:1
2024-12-31 19:08:09,121 - INFO - num_carts:0
2024-12-31 19:08:09,121 - INFO - 
2024-12-31 19:08:09,245 - INFO - 55
2024-12-31 19:08:09,246 - INFO - 55
2024-12-31 19:08:09,246 - INFO - ['bc 14 9', 'm u_2 s ', 'dst \'["bc 14 9", "m u_2 s"]\'']
2024-12-31 19:08:09,246 - INFO - num_cities:1
2024-12-31 19:08:09,246 - INFO - num_workers:1
2024-12-31 19:08:09,246 - INFO - num_carts:0
2024-12-31 19:08:09,246 - INFO - 
2024-12-31 19:08:09,391 - INFO - 56
2024-12-31 19:08:09,391 - INFO - 56
2024-12-31 19:08:09,391 - INFO - ['bc 14 9', 'm u_2 e ', 'dst \'["bc 14 9", "m u_2 e"]\'']
2024-12-31 19:08:09,391 - INFO - num_cities:1
2024-12-31 19:08:09,391 - INFO - num_workers:1
2024-12-31 19:08:09,391 - INFO - num_carts:0
2024-12-31 19:08:09,391 - INFO - 
2024-12-31 19:08:09,534 - INFO - 57
2024-12-31 19:08:09,534 - INFO - 57
2024-12-31 19:08:09,534 - INFO - ['bc 14 9', 'm u_2 n ', 'dst \'["bc 14 9", "m u_2 n"]\'']
2024-12-31 19:08:09,534 - INFO - num_cities:1
2024-12-31 19:08:09,534 - INFO - num_workers:1
2024-12-31 19:08:09,534 - INFO - num_carts:0
2024-12-31 19:08:09,534 - INFO - 
2024-12-31 19:08:09,690 - INFO - 58
2024-12-31 19:08:09,690 - INFO - 58
2024-12-31 19:08:09,690 - INFO - ['bc 14 9', 'm u_2 w ', 'dst \'["bc 14 9", "m u_2 w"]\'']
2024-12-31 19:08:09,690 - INFO - num_cities:1
2024-12-31 19:08:09,690 - INFO - num_workers:1
2024-12-31 19:08:09,690 - INFO - num_carts:0
2024-12-31 19:08:09,690 - INFO - 
2024-12-31 19:08:09,857 - INFO - 59
2024-12-31 19:08:09,857 - INFO - 59
2024-12-31 19:08:09,857 - INFO - ['bc 14 9', 'm u_2 c ', 'dst \'["bc 14 9", "m u_2 c"]\'']
2024-12-31 19:08:09,857 - INFO - num_cities:1
2024-12-31 19:08:09,857 - INFO - num_workers:1
2024-12-31 19:08:09,857 - INFO - num_carts:0
2024-12-31 19:08:09,857 - INFO - 
2024-12-31 19:08:10,017 - INFO - 60
2024-12-31 19:08:10,018 - INFO - 60
2024-12-31 19:08:10,018 - INFO - ['bc 14 9', 'm u_2 s ', 'dst \'["bc 14 9", "m u_2 s"]\'']
2024-12-31 19:08:10,018 - INFO - num_cities:1
2024-12-31 19:08:10,018 - INFO - num_workers:1
2024-12-31 19:08:10,018 - INFO - num_carts:0
2024-12-31 19:08:10,018 - INFO - 
2024-12-31 19:08:10,167 - INFO - 61
2024-12-31 19:08:10,167 - INFO - 61
2024-12-31 19:08:10,167 - INFO - ['bc 14 9', 'm u_2 w ', 'dst \'["bc 14 9", "m u_2 w"]\'']
2024-12-31 19:08:10,167 - INFO - num_cities:1
2024-12-31 19:08:10,167 - INFO - num_workers:1
2024-12-31 19:08:10,167 - INFO - num_carts:0
2024-12-31 19:08:10,167 - INFO - 
2024-12-31 19:08:10,340 - INFO - 62
2024-12-31 19:08:10,340 - INFO - 62
2024-12-31 19:08:10,340 - INFO - ['bc 14 9', 'dst \'["bc 14 9"]\'']
2024-12-31 19:08:10,340 - INFO - num_cities:1
2024-12-31 19:08:10,340 - INFO - num_workers:1
2024-12-31 19:08:10,340 - INFO - num_carts:0
2024-12-31 19:08:10,340 - INFO - 
2024-12-31 19:08:10,496 - INFO - 63
2024-12-31 19:08:10,496 - INFO - 63
2024-12-31 19:08:10,496 - INFO - ['bc 14 9', 'm u_2 n ', 'dst \'["bc 14 9", "m u_2 n"]\'']
2024-12-31 19:08:10,496 - INFO - num_cities:1
2024-12-31 19:08:10,496 - INFO - num_workers:1
2024-12-31 19:08:10,496 - INFO - num_carts:0
2024-12-31 19:08:10,496 - INFO - 
2024-12-31 19:08:10,648 - INFO - 64
2024-12-31 19:08:10,648 - INFO - 64
2024-12-31 19:08:10,648 - INFO - ['bc 14 9', 'dst \'["bc 14 9"]\'']
2024-12-31 19:08:10,648 - INFO - num_cities:1
2024-12-31 19:08:10,648 - INFO - num_workers:1
2024-12-31 19:08:10,648 - INFO - num_carts:0
2024-12-31 19:08:10,648 - INFO - 
2024-12-31 19:08:10,802 - INFO - 65
2024-12-31 19:08:10,802 - INFO - 65
2024-12-31 19:08:10,802 - INFO - ['bc 14 9', 'm u_2 c ', 'dst \'["bc 14 9", "m u_2 c"]\'']
2024-12-31 19:08:10,802 - INFO - num_cities:1
2024-12-31 19:08:10,802 - INFO - num_workers:1
2024-12-31 19:08:10,802 - INFO - num_carts:0
2024-12-31 19:08:10,802 - INFO - 
2024-12-31 19:08:10,942 - INFO - 66
2024-12-31 19:08:10,942 - INFO - 66
2024-12-31 19:08:10,942 - INFO - ['bc 14 9', 'm u_2 c ', 'dst \'["bc 14 9", "m u_2 c"]\'']
2024-12-31 19:08:10,942 - INFO - num_cities:1
2024-12-31 19:08:10,942 - INFO - num_workers:1
2024-12-31 19:08:10,942 - INFO - num_carts:0
2024-12-31 19:08:10,942 - INFO - 
2024-12-31 19:08:11,187 - INFO - 67
2024-12-31 19:08:11,188 - INFO - 67
2024-12-31 19:08:11,188 - INFO - ['bc 14 9', 'm u_2 s ', 'dst \'["bc 14 9", "m u_2 s"]\'']
2024-12-31 19:08:11,188 - INFO - num_cities:1
2024-12-31 19:08:11,188 - INFO - num_workers:1
2024-12-31 19:08:11,188 - INFO - num_carts:0
2024-12-31 19:08:11,188 - INFO - 
2024-12-31 19:08:11,547 - INFO - 68
2024-12-31 19:08:11,547 - INFO - 68
2024-12-31 19:08:11,548 - INFO - ['bc 14 9', 'm u_2 s ', 'dst \'["bc 14 9", "m u_2 s"]\'']
2024-12-31 19:08:11,548 - INFO - num_cities:1
2024-12-31 19:08:11,548 - INFO - num_workers:1
2024-12-31 19:08:11,548 - INFO - num_carts:0
2024-12-31 19:08:11,548 - INFO - 
2024-12-31 19:08:11,893 - INFO - 69
2024-12-31 19:08:11,893 - INFO - 69
2024-12-31 19:08:11,893 - INFO - ['bc 14 9', 'm u_2 n ', 'dst \'["bc 14 9", "m u_2 n"]\'']
2024-12-31 19:08:11,893 - INFO - num_cities:1
2024-12-31 19:08:11,894 - INFO - num_workers:1
2024-12-31 19:08:11,894 - INFO - num_carts:0
2024-12-31 19:08:11,894 - INFO - 
2024-12-31 19:08:12,270 - INFO - 70
2024-12-31 19:08:12,270 - INFO - 70
2024-12-31 19:08:12,270 - INFO - ['bc 14 9', 'dst \'["bc 14 9"]\'']
2024-12-31 19:08:12,270 - INFO - num_cities:1
2024-12-31 19:08:12,270 - INFO - num_workers:1
2024-12-31 19:08:12,271 - INFO - num_carts:0
2024-12-31 19:08:12,271 - INFO - 
2024-12-31 19:08:12,591 - INFO - 71
2024-12-31 19:08:12,591 - INFO - 71
2024-12-31 19:08:12,591 - INFO - ['bc 14 9', 'm u_2 w ', 'dst \'["bc 14 9", "m u_2 w"]\'']
2024-12-31 19:08:12,591 - INFO - num_cities:1
2024-12-31 19:08:12,591 - INFO - num_workers:1
2024-12-31 19:08:12,591 - INFO - num_carts:0
2024-12-31 19:08:12,591 - INFO - 
2024-12-31 19:08:12,859 - INFO - 72
2024-12-31 19:08:12,859 - INFO - 72
2024-12-31 19:08:12,860 - INFO - ['bc 14 9', 'dst \'["bc 14 9"]\'']
2024-12-31 19:08:12,860 - INFO - num_cities:1
2024-12-31 19:08:12,860 - INFO - num_workers:1
2024-12-31 19:08:12,860 - INFO - num_carts:0
2024-12-31 19:08:12,860 - INFO - 
2024-12-31 19:08:13,116 - INFO - 73
2024-12-31 19:08:13,117 - INFO - 73
2024-12-31 19:08:13,117 - INFO - ['bc 14 9', 'dst \'["bc 14 9"]\'']
2024-12-31 19:08:13,117 - INFO - num_cities:1
2024-12-31 19:08:13,117 - INFO - num_workers:1
2024-12-31 19:08:13,117 - INFO - num_carts:0
2024-12-31 19:08:13,117 - INFO - 
2024-12-31 19:08:13,347 - INFO - 74
2024-12-31 19:08:13,348 - INFO - 74
2024-12-31 19:08:13,348 - INFO - ['bc 14 9', 'dst \'["bc 14 9"]\'']
2024-12-31 19:08:13,348 - INFO - num_cities:1
2024-12-31 19:08:13,348 - INFO - num_workers:1
2024-12-31 19:08:13,348 - INFO - num_carts:0
2024-12-31 19:08:13,348 - INFO - 
2024-12-31 19:08:13,539 - INFO - 75
2024-12-31 19:08:13,539 - INFO - 75
2024-12-31 19:08:13,539 - INFO - ['bc 14 9', 'm u_2 e ', 'dst \'["bc 14 9", "m u_2 e"]\'']
2024-12-31 19:08:13,539 - INFO - num_cities:1
2024-12-31 19:08:13,539 - INFO - num_workers:1
2024-12-31 19:08:13,539 - INFO - num_carts:0
2024-12-31 19:08:13,539 - INFO - 
2024-12-31 19:08:13,692 - INFO - 76
2024-12-31 19:08:13,692 - INFO - 76
2024-12-31 19:08:13,692 - INFO - ['bc 14 9', 'dst \'["bc 14 9"]\'']
2024-12-31 19:08:13,692 - INFO - num_cities:1
2024-12-31 19:08:13,692 - INFO - num_workers:1
2024-12-31 19:08:13,692 - INFO - num_carts:0
2024-12-31 19:08:13,692 - INFO - 
2024-12-31 19:08:13,838 - INFO - 77
2024-12-31 19:08:13,838 - INFO - 77
2024-12-31 19:08:13,838 - INFO - ['bc 14 9', 'dst \'["bc 14 9"]\'']
2024-12-31 19:08:13,838 - INFO - num_cities:1
2024-12-31 19:08:13,838 - INFO - num_workers:1
2024-12-31 19:08:13,838 - INFO - num_carts:0
2024-12-31 19:08:13,838 - INFO - 
2024-12-31 19:08:14,032 - INFO - 78
2024-12-31 19:08:14,032 - INFO - 78
2024-12-31 19:08:14,032 - INFO - ['bc 14 9', 'dst \'["bc 14 9"]\'']
2024-12-31 19:08:14,032 - INFO - num_cities:1
2024-12-31 19:08:14,032 - INFO - num_workers:1
2024-12-31 19:08:14,032 - INFO - num_carts:0
2024-12-31 19:08:14,032 - INFO - 
2024-12-31 19:08:14,214 - INFO - 79
2024-12-31 19:08:14,214 - INFO - 79
2024-12-31 19:08:14,214 - INFO - ['bc 14 9', 'm u_2 n ', 'dst \'["bc 14 9", "m u_2 n"]\'']
2024-12-31 19:08:14,214 - INFO - num_cities:1
2024-12-31 19:08:14,214 - INFO - num_workers:1
2024-12-31 19:08:14,214 - INFO - num_carts:0
2024-12-31 19:08:14,214 - INFO - 
2024-12-31 19:08:14,423 - INFO - 80
2024-12-31 19:08:14,423 - INFO - 80
2024-12-31 19:08:14,423 - INFO - ['bc 14 9', 'dst \'["bc 14 9"]\'']
2024-12-31 19:08:14,424 - INFO - num_cities:1
2024-12-31 19:08:14,424 - INFO - num_workers:1
2024-12-31 19:08:14,424 - INFO - num_carts:0
2024-12-31 19:08:14,424 - INFO - 
2024-12-31 19:08:14,522 - INFO - 81
2024-12-31 19:08:14,522 - INFO - 81
2024-12-31 19:08:14,522 - INFO - ['bc 14 9', 'dst \'["bc 14 9"]\'']
2024-12-31 19:08:14,523 - INFO - num_cities:1
2024-12-31 19:08:14,523 - INFO - num_workers:1
2024-12-31 19:08:14,523 - INFO - num_carts:0
2024-12-31 19:08:14,523 - INFO - 
2024-12-31 19:08:14,617 - INFO - 82
2024-12-31 19:08:14,617 - INFO - 82
2024-12-31 19:08:14,617 - INFO - ['bc 14 9', 'dst \'["bc 14 9"]\'']
2024-12-31 19:08:14,617 - INFO - num_cities:1
2024-12-31 19:08:14,617 - INFO - num_workers:1
2024-12-31 19:08:14,617 - INFO - num_carts:0
2024-12-31 19:08:14,617 - INFO - 
2024-12-31 19:08:14,787 - INFO - 83
2024-12-31 19:08:14,787 - INFO - 83
2024-12-31 19:08:14,787 - INFO - ['bc 14 9', 'm u_2 c ', 'dst \'["bc 14 9", "m u_2 c"]\'']
2024-12-31 19:08:14,787 - INFO - num_cities:1
2024-12-31 19:08:14,787 - INFO - num_workers:1
2024-12-31 19:08:14,787 - INFO - num_carts:0
2024-12-31 19:08:14,787 - INFO - 
2024-12-31 19:08:14,937 - INFO - 84
2024-12-31 19:08:14,938 - INFO - 84
2024-12-31 19:08:14,938 - INFO - ['bc 14 9', 'm u_2 e ', 'dst \'["bc 14 9", "m u_2 e"]\'']
2024-12-31 19:08:14,938 - INFO - num_cities:1
2024-12-31 19:08:14,938 - INFO - num_workers:1
2024-12-31 19:08:14,938 - INFO - num_carts:0
2024-12-31 19:08:14,938 - INFO - 
2024-12-31 19:08:15,096 - INFO - 85
2024-12-31 19:08:15,096 - INFO - 85
2024-12-31 19:08:15,096 - INFO - ['bc 14 9', 'm u_2 e ', 'dst \'["bc 14 9", "m u_2 e"]\'']
2024-12-31 19:08:15,096 - INFO - num_cities:1
2024-12-31 19:08:15,096 - INFO - num_workers:1
2024-12-31 19:08:15,096 - INFO - num_carts:0
2024-12-31 19:08:15,096 - INFO - 
2024-12-31 19:08:15,214 - INFO - 86
2024-12-31 19:08:15,214 - INFO - 86
2024-12-31 19:08:15,214 - INFO - ['bc 14 9', 'm u_2 w ', 'dst \'["bc 14 9", "m u_2 w"]\'']
2024-12-31 19:08:15,215 - INFO - num_cities:1
2024-12-31 19:08:15,215 - INFO - num_workers:1
2024-12-31 19:08:15,215 - INFO - num_carts:0
2024-12-31 19:08:15,215 - INFO - 
2024-12-31 19:08:15,342 - INFO - 87
2024-12-31 19:08:15,342 - INFO - 87
2024-12-31 19:08:15,343 - INFO - ['bc 14 9', 'm u_2 s ', 'dst \'["bc 14 9", "m u_2 s"]\'']
2024-12-31 19:08:15,343 - INFO - num_cities:1
2024-12-31 19:08:15,343 - INFO - num_workers:1
2024-12-31 19:08:15,343 - INFO - num_carts:0
2024-12-31 19:08:15,343 - INFO - 
2024-12-31 19:08:15,464 - INFO - 88
2024-12-31 19:08:15,464 - INFO - 88
2024-12-31 19:08:15,464 - INFO - ['bc 14 9', 'dst \'["bc 14 9"]\'']
2024-12-31 19:08:15,464 - INFO - num_cities:1
2024-12-31 19:08:15,464 - INFO - num_workers:1
2024-12-31 19:08:15,464 - INFO - num_carts:0
2024-12-31 19:08:15,464 - INFO - 
2024-12-31 19:08:15,599 - INFO - 89
2024-12-31 19:08:15,599 - INFO - 89
2024-12-31 19:08:15,599 - INFO - ['bc 14 9', 'm u_2 s ', 'dst \'["bc 14 9", "m u_2 s"]\'']
2024-12-31 19:08:15,599 - INFO - num_cities:1
2024-12-31 19:08:15,599 - INFO - num_workers:1
2024-12-31 19:08:15,599 - INFO - num_carts:0
2024-12-31 19:08:15,599 - INFO - 
2024-12-31 19:08:15,735 - INFO - 90
2024-12-31 19:08:15,736 - INFO - 90
2024-12-31 19:08:15,736 - INFO - ['bc 14 9', 'm u_2 s ', 'dst \'["bc 14 9", "m u_2 s"]\'']
2024-12-31 19:08:15,736 - INFO - num_cities:1
2024-12-31 19:08:15,736 - INFO - num_workers:1
2024-12-31 19:08:15,736 - INFO - num_carts:0
2024-12-31 19:08:15,736 - INFO - 
2024-12-31 19:08:15,876 - INFO - 91
2024-12-31 19:08:15,876 - INFO - 91
2024-12-31 19:08:15,876 - INFO - ['bc 14 9', 'm u_2 c ', 'dst \'["bc 14 9", "m u_2 c"]\'']
2024-12-31 19:08:15,876 - INFO - num_cities:1
2024-12-31 19:08:15,876 - INFO - num_workers:1
2024-12-31 19:08:15,876 - INFO - num_carts:0
2024-12-31 19:08:15,876 - INFO - 
2024-12-31 19:08:16,013 - INFO - 92
2024-12-31 19:08:16,013 - INFO - 92
2024-12-31 19:08:16,013 - INFO - ['bc 14 9', 'm u_2 n ', 'dst \'["bc 14 9", "m u_2 n"]\'']
2024-12-31 19:08:16,013 - INFO - num_cities:1
2024-12-31 19:08:16,013 - INFO - num_workers:1
2024-12-31 19:08:16,013 - INFO - num_carts:0
2024-12-31 19:08:16,013 - INFO - 
2024-12-31 19:08:16,170 - INFO - 93
2024-12-31 19:08:16,170 - INFO - 93
2024-12-31 19:08:16,171 - INFO - ['bc 14 9', 'm u_2 w ', 'dst \'["bc 14 9", "m u_2 w"]\'']
2024-12-31 19:08:16,171 - INFO - num_cities:1
2024-12-31 19:08:16,171 - INFO - num_workers:1
2024-12-31 19:08:16,171 - INFO - num_carts:0
2024-12-31 19:08:16,171 - INFO - 
2024-12-31 19:08:16,287 - INFO - 94
2024-12-31 19:08:16,287 - INFO - 94
2024-12-31 19:08:16,287 - INFO - ['bc 14 9', 'dst \'["bc 14 9"]\'']
2024-12-31 19:08:16,287 - INFO - num_cities:1
2024-12-31 19:08:16,287 - INFO - num_workers:1
2024-12-31 19:08:16,287 - INFO - num_carts:0
2024-12-31 19:08:16,287 - INFO - 
2024-12-31 19:08:16,415 - INFO - 95
2024-12-31 19:08:16,416 - INFO - 95
2024-12-31 19:08:16,416 - INFO - ['bc 14 9', 'm u_2 w ', 'dst \'["bc 14 9", "m u_2 w"]\'']
2024-12-31 19:08:16,416 - INFO - num_cities:1
2024-12-31 19:08:16,416 - INFO - num_workers:1
2024-12-31 19:08:16,416 - INFO - num_carts:0
2024-12-31 19:08:16,416 - INFO - 
2024-12-31 19:08:16,546 - INFO - 96
2024-12-31 19:08:16,546 - INFO - 96
2024-12-31 19:08:16,546 - INFO - ['bc 14 9', 'dst \'["bc 14 9"]\'']
2024-12-31 19:08:16,547 - INFO - num_cities:1
2024-12-31 19:08:16,547 - INFO - num_workers:1
2024-12-31 19:08:16,547 - INFO - num_carts:0
2024-12-31 19:08:16,547 - INFO - 
2024-12-31 19:08:16,679 - INFO - 97
2024-12-31 19:08:16,679 - INFO - 97
2024-12-31 19:08:16,679 - INFO - ['bc 14 9', 'm u_2 n ', 'dst \'["bc 14 9", "m u_2 n"]\'']
2024-12-31 19:08:16,679 - INFO - num_cities:1
2024-12-31 19:08:16,679 - INFO - num_workers:1
2024-12-31 19:08:16,679 - INFO - num_carts:0
2024-12-31 19:08:16,679 - INFO - 
2024-12-31 19:08:16,804 - INFO - 98
2024-12-31 19:08:16,804 - INFO - 98
2024-12-31 19:08:16,804 - INFO - ['bc 14 9', 'dst \'["bc 14 9"]\'']
2024-12-31 19:08:16,804 - INFO - num_cities:1
2024-12-31 19:08:16,804 - INFO - num_workers:1
2024-12-31 19:08:16,804 - INFO - num_carts:0
2024-12-31 19:08:16,804 - INFO - 
2024-12-31 19:08:16,924 - INFO - 99
2024-12-31 19:08:16,924 - INFO - 99
2024-12-31 19:08:16,924 - INFO - ['bc 14 9', 'm u_2 c ', 'dst \'["bc 14 9", "m u_2 c"]\'']
2024-12-31 19:08:16,924 - INFO - num_cities:1
2024-12-31 19:08:16,924 - INFO - num_workers:1
2024-12-31 19:08:16,924 - INFO - num_carts:0
2024-12-31 19:08:16,924 - INFO - 
2024-12-31 19:08:17,031 - INFO - 100
2024-12-31 19:08:17,031 - INFO - 100
2024-12-31 19:08:17,032 - INFO - ['bc 14 9', 'm u_2 s ', 'dst \'["bc 14 9", "m u_2 s"]\'']
2024-12-31 19:08:17,032 - INFO - num_cities:1
2024-12-31 19:08:17,032 - INFO - num_workers:1
2024-12-31 19:08:17,032 - INFO - num_carts:0
2024-12-31 19:08:17,032 - INFO - 
2024-12-31 19:08:17,151 - INFO - 101
2024-12-31 19:08:17,151 - INFO - 101
2024-12-31 19:08:17,151 - INFO - ['bc 14 9', 'dst \'["bc 14 9"]\'']
2024-12-31 19:08:17,151 - INFO - num_cities:1
2024-12-31 19:08:17,151 - INFO - num_workers:1
2024-12-31 19:08:17,151 - INFO - num_carts:0
2024-12-31 19:08:17,152 - INFO - 
2024-12-31 19:08:17,264 - INFO - 102
2024-12-31 19:08:17,264 - INFO - 102
2024-12-31 19:08:17,265 - INFO - ['bc 14 9', 'm u_2 n ', 'dst \'["bc 14 9", "m u_2 n"]\'']
2024-12-31 19:08:17,265 - INFO - num_cities:1
2024-12-31 19:08:17,265 - INFO - num_workers:1
2024-12-31 19:08:17,265 - INFO - num_carts:0
2024-12-31 19:08:17,265 - INFO - 
2024-12-31 19:08:17,389 - INFO - 103
2024-12-31 19:08:17,389 - INFO - 103
2024-12-31 19:08:17,389 - INFO - ['bc 14 9', 'dst \'["bc 14 9"]\'']
2024-12-31 19:08:17,389 - INFO - num_cities:1
2024-12-31 19:08:17,389 - INFO - num_workers:1
2024-12-31 19:08:17,389 - INFO - num_carts:0
2024-12-31 19:08:17,389 - INFO - 
2024-12-31 19:08:17,497 - INFO - 104
2024-12-31 19:08:17,498 - INFO - 104
2024-12-31 19:08:17,498 - INFO - ['bc 14 9', 'm u_2 n ', 'dst \'["bc 14 9", "m u_2 n"]\'']
2024-12-31 19:08:17,498 - INFO - num_cities:1
2024-12-31 19:08:17,498 - INFO - num_workers:1
2024-12-31 19:08:17,498 - INFO - num_carts:0
2024-12-31 19:08:17,498 - INFO - 
2024-12-31 19:08:17,639 - INFO - 105
2024-12-31 19:08:17,639 - INFO - 105
2024-12-31 19:08:17,640 - INFO - ['bc 14 9', 'dst \'["bc 14 9"]\'']
2024-12-31 19:08:17,640 - INFO - num_cities:1
2024-12-31 19:08:17,640 - INFO - num_workers:1
2024-12-31 19:08:17,640 - INFO - num_carts:0
2024-12-31 19:08:17,640 - INFO - 
2024-12-31 19:08:17,750 - INFO - 106
2024-12-31 19:08:17,751 - INFO - 106
2024-12-31 19:08:17,751 - INFO - ['bc 14 9', 'm u_2 e ', 'dst \'["bc 14 9", "m u_2 e"]\'']
2024-12-31 19:08:17,751 - INFO - num_cities:1
2024-12-31 19:08:17,751 - INFO - num_workers:1
2024-12-31 19:08:17,751 - INFO - num_carts:0
2024-12-31 19:08:17,751 - INFO - 
2024-12-31 19:08:17,862 - INFO - 107
2024-12-31 19:08:17,862 - INFO - 107
2024-12-31 19:08:17,862 - INFO - ['bc 14 9', 'dst \'["bc 14 9"]\'']
2024-12-31 19:08:17,862 - INFO - num_cities:1
2024-12-31 19:08:17,862 - INFO - num_workers:1
2024-12-31 19:08:17,862 - INFO - num_carts:0
2024-12-31 19:08:17,862 - INFO - 
2024-12-31 19:08:17,970 - INFO - 108
2024-12-31 19:08:17,970 - INFO - 108
2024-12-31 19:08:17,970 - INFO - ['bc 14 9', 'm u_2 n ', 'dst \'["bc 14 9", "m u_2 n"]\'']
2024-12-31 19:08:17,971 - INFO - num_cities:1
2024-12-31 19:08:17,971 - INFO - num_workers:1
2024-12-31 19:08:17,971 - INFO - num_carts:0
2024-12-31 19:08:17,971 - INFO - 
2024-12-31 19:08:18,116 - INFO - 109
2024-12-31 19:08:18,116 - INFO - 109
2024-12-31 19:08:18,116 - INFO - ['bc 14 9', 'm u_2 n ', 'dst \'["bc 14 9", "m u_2 n"]\'']
2024-12-31 19:08:18,117 - INFO - num_cities:1
2024-12-31 19:08:18,117 - INFO - num_workers:1
2024-12-31 19:08:18,117 - INFO - num_carts:0
2024-12-31 19:08:18,117 - INFO - 
2024-12-31 19:08:18,336 - INFO - 110
2024-12-31 19:08:18,336 - INFO - 110
2024-12-31 19:08:18,336 - INFO - ['bc 14 9', 'm u_2 c ', 'dst \'["bc 14 9", "m u_2 c"]\'']
2024-12-31 19:08:18,336 - INFO - num_cities:1
2024-12-31 19:08:18,336 - INFO - num_workers:1
2024-12-31 19:08:18,336 - INFO - num_carts:0
2024-12-31 19:08:18,336 - INFO - 
2024-12-31 19:08:18,494 - INFO - 111
2024-12-31 19:08:18,494 - INFO - 111
2024-12-31 19:08:18,494 - INFO - ['bc 14 9', 'm u_2 w ', 'dst \'["bc 14 9", "m u_2 w"]\'']
2024-12-31 19:08:18,494 - INFO - num_cities:1
2024-12-31 19:08:18,494 - INFO - num_workers:1
2024-12-31 19:08:18,494 - INFO - num_carts:0
2024-12-31 19:08:18,494 - INFO - 
2024-12-31 19:08:18,607 - INFO - 112
2024-12-31 19:08:18,607 - INFO - 112
2024-12-31 19:08:18,607 - INFO - ['bw 14 9 ', 'dst \'["bw 14 9"]\'']
2024-12-31 19:08:18,607 - INFO - num_cities:1
2024-12-31 19:08:18,607 - INFO - num_workers:0
2024-12-31 19:08:18,608 - INFO - num_carts:0
2024-12-31 19:08:18,608 - INFO - 
2024-12-31 19:08:18,748 - INFO - 113
2024-12-31 19:08:18,748 - INFO - 113
2024-12-31 19:08:18,748 - INFO - ['bw 14 9 ', 'm u_48 n', 'dst \'["bw 14 9", "m u_48 n"]\'']
2024-12-31 19:08:18,748 - INFO - num_cities:1
2024-12-31 19:08:18,748 - INFO - num_workers:1
2024-12-31 19:08:18,748 - INFO - num_carts:0
2024-12-31 19:08:18,748 - INFO - 
2024-12-31 19:08:18,895 - INFO - 114
2024-12-31 19:08:18,895 - INFO - 114
2024-12-31 19:08:18,895 - INFO - ['bw 14 9 ', 'm u_48 w', 'dst \'["bw 14 9", "m u_48 w"]\'']
2024-12-31 19:08:18,895 - INFO - num_cities:1
2024-12-31 19:08:18,895 - INFO - num_workers:1
2024-12-31 19:08:18,895 - INFO - num_carts:0
2024-12-31 19:08:18,895 - INFO - 
2024-12-31 19:08:19,202 - INFO - 115
2024-12-31 19:08:19,202 - INFO - 115
2024-12-31 19:08:19,202 - INFO - ['bw 14 9 ', 'm u_48 n', 'dst \'["bw 14 9", "m u_48 n"]\'']
2024-12-31 19:08:19,202 - INFO - num_cities:1
2024-12-31 19:08:19,202 - INFO - num_workers:1
2024-12-31 19:08:19,202 - INFO - num_carts:0
2024-12-31 19:08:19,202 - INFO - 
2024-12-31 19:08:19,479 - INFO - 116
2024-12-31 19:08:19,479 - INFO - 116
2024-12-31 19:08:19,479 - INFO - ['bw 14 9 ', 'm u_48 s', 'dst \'["bw 14 9", "m u_48 s"]\'']
2024-12-31 19:08:19,479 - INFO - num_cities:1
2024-12-31 19:08:19,479 - INFO - num_workers:1
2024-12-31 19:08:19,480 - INFO - num_carts:0
2024-12-31 19:08:19,480 - INFO - 
2024-12-31 19:08:19,693 - INFO - 117
2024-12-31 19:08:19,693 - INFO - 117
2024-12-31 19:08:19,694 - INFO - ["dst '[]'"]
2024-12-31 19:08:19,694 - INFO - num_cities:0
2024-12-31 19:08:19,694 - INFO - num_workers:1
2024-12-31 19:08:19,694 - INFO - num_carts:0
2024-12-31 19:08:19,694 - INFO - 
2024-12-31 19:08:20,008 - INFO - 118
2024-12-31 19:08:20,009 - INFO - 118
2024-12-31 19:08:20,009 - INFO - ["dst '[]'"]
2024-12-31 19:08:20,009 - INFO - num_cities:0
2024-12-31 19:08:20,009 - INFO - num_workers:1
2024-12-31 19:08:20,009 - INFO - num_carts:0
2024-12-31 19:08:20,009 - INFO - 
2024-12-31 19:08:20,351 - INFO - 119
2024-12-31 19:08:20,351 - INFO - 119
2024-12-31 19:08:20,351 - INFO - ["dst '[]'"]
2024-12-31 19:08:20,351 - INFO - num_cities:0
2024-12-31 19:08:20,351 - INFO - num_workers:1
2024-12-31 19:08:20,351 - INFO - num_carts:0
2024-12-31 19:08:20,351 - INFO - 
2024-12-31 19:08:20,658 - INFO - 120
2024-12-31 19:08:20,658 - INFO - 120
2024-12-31 19:08:20,658 - INFO - ['m u_48 e', 'dst \'["m u_48 e"]\'']
2024-12-31 19:08:20,658 - INFO - num_cities:0
2024-12-31 19:08:20,658 - INFO - num_workers:1
2024-12-31 19:08:20,658 - INFO - num_carts:0
2024-12-31 19:08:20,658 - INFO - 
2024-12-31 19:08:20,777 - INFO - 121
2024-12-31 19:08:20,777 - INFO - 121
2024-12-31 19:08:20,777 - INFO - ['m u_48 c', 'dst \'["m u_48 c"]\'']
2024-12-31 19:08:20,777 - INFO - num_cities:0
2024-12-31 19:08:20,777 - INFO - num_workers:1
2024-12-31 19:08:20,777 - INFO - num_carts:0
2024-12-31 19:08:20,777 - INFO - 
2024-12-31 19:08:20,886 - INFO - 122
2024-12-31 19:08:20,887 - INFO - 122
2024-12-31 19:08:20,887 - INFO - ['m u_48 n', 'dst \'["m u_48 n"]\'']
2024-12-31 19:08:20,887 - INFO - num_cities:0
2024-12-31 19:08:20,887 - INFO - num_workers:1
2024-12-31 19:08:20,887 - INFO - num_carts:0
2024-12-31 19:08:20,887 - INFO - 
2024-12-31 19:08:20,992 - INFO - 123
2024-12-31 19:08:20,992 - INFO - 123
2024-12-31 19:08:20,992 - INFO - ['m u_48 e', 'dst \'["m u_48 e"]\'']
2024-12-31 19:08:20,993 - INFO - num_cities:0
2024-12-31 19:08:20,993 - INFO - num_workers:1
2024-12-31 19:08:20,993 - INFO - num_carts:0
2024-12-31 19:08:20,993 - INFO - 
2024-12-31 19:08:21,115 - INFO - 124
2024-12-31 19:08:21,115 - INFO - 124
2024-12-31 19:08:21,115 - INFO - ['m u_48 w', 'dst \'["m u_48 w"]\'']
2024-12-31 19:08:21,115 - INFO - num_cities:0
2024-12-31 19:08:21,115 - INFO - num_workers:1
2024-12-31 19:08:21,115 - INFO - num_carts:0
2024-12-31 19:08:21,115 - INFO - 
2024-12-31 19:08:21,216 - INFO - 125
2024-12-31 19:08:21,216 - INFO - 125
2024-12-31 19:08:21,216 - INFO - ['m u_48 n', 'dst \'["m u_48 n"]\'']
2024-12-31 19:08:21,216 - INFO - num_cities:0
2024-12-31 19:08:21,217 - INFO - num_workers:1
2024-12-31 19:08:21,217 - INFO - num_carts:0
2024-12-31 19:08:21,217 - INFO - 
2024-12-31 19:08:21,304 - INFO - 126
2024-12-31 19:08:21,304 - INFO - 126
2024-12-31 19:08:21,304 - INFO - ["dst '[]'"]
2024-12-31 19:08:21,304 - INFO - num_cities:0
2024-12-31 19:08:21,304 - INFO - num_workers:1
2024-12-31 19:08:21,304 - INFO - num_carts:0
2024-12-31 19:08:21,304 - INFO - 
2024-12-31 19:08:21,394 - INFO - 127
2024-12-31 19:08:21,394 - INFO - 127
2024-12-31 19:08:21,395 - INFO - ['m u_48 c', 'dst \'["m u_48 c"]\'']
2024-12-31 19:08:21,395 - INFO - num_cities:0
2024-12-31 19:08:21,395 - INFO - num_workers:1
2024-12-31 19:08:21,395 - INFO - num_carts:0
2024-12-31 19:08:21,395 - INFO - 
2024-12-31 19:08:21,484 - INFO - 128
2024-12-31 19:08:21,484 - INFO - 128
2024-12-31 19:08:21,484 - INFO - ['m u_48 e', 'dst \'["m u_48 e"]\'']
2024-12-31 19:08:21,484 - INFO - num_cities:0
2024-12-31 19:08:21,484 - INFO - num_workers:1
2024-12-31 19:08:21,484 - INFO - num_carts:0
2024-12-31 19:08:21,484 - INFO - 
2024-12-31 19:08:21,568 - INFO - 129
2024-12-31 19:08:21,568 - INFO - 129
2024-12-31 19:08:21,568 - INFO - ['m u_48 w', 'dst \'["m u_48 w"]\'']
2024-12-31 19:08:21,568 - INFO - num_cities:0
2024-12-31 19:08:21,568 - INFO - num_workers:1
2024-12-31 19:08:21,568 - INFO - num_carts:0
2024-12-31 19:08:21,569 - INFO - 
2024-12-31 19:08:21,685 - INFO - 130
2024-12-31 19:08:21,685 - INFO - 130
2024-12-31 19:08:21,685 - INFO - ["dst '[]'"]
2024-12-31 19:08:21,685 - INFO - num_cities:0
2024-12-31 19:08:21,685 - INFO - num_workers:1
2024-12-31 19:08:21,685 - INFO - num_carts:0
2024-12-31 19:08:21,685 - INFO - 
2024-12-31 19:08:21,780 - INFO - 131
2024-12-31 19:08:21,780 - INFO - 131
2024-12-31 19:08:21,780 - INFO - ['m u_48 s', 'dst \'["m u_48 s"]\'']
2024-12-31 19:08:21,781 - INFO - num_cities:0
2024-12-31 19:08:21,781 - INFO - num_workers:1
2024-12-31 19:08:21,781 - INFO - num_carts:0
2024-12-31 19:08:21,781 - INFO - 
2024-12-31 19:08:21,877 - INFO - 132
2024-12-31 19:08:21,877 - INFO - 132
2024-12-31 19:08:21,877 - INFO - ['m u_48 c', 'dst \'["m u_48 c"]\'']
2024-12-31 19:08:21,877 - INFO - num_cities:0
2024-12-31 19:08:21,877 - INFO - num_workers:1
2024-12-31 19:08:21,877 - INFO - num_carts:0
2024-12-31 19:08:21,877 - INFO - 
2024-12-31 19:08:21,968 - INFO - 133
2024-12-31 19:08:21,968 - INFO - 133
2024-12-31 19:08:21,968 - INFO - ['m u_48 s', 'dst \'["m u_48 s"]\'']
2024-12-31 19:08:21,968 - INFO - num_cities:0
2024-12-31 19:08:21,968 - INFO - num_workers:1
2024-12-31 19:08:21,968 - INFO - num_carts:0
2024-12-31 19:08:21,968 - INFO - 
2024-12-31 19:08:22,053 - INFO - 134
2024-12-31 19:08:22,054 - INFO - 134
2024-12-31 19:08:22,054 - INFO - ['m u_48 w', 'dst \'["m u_48 w"]\'']
2024-12-31 19:08:22,054 - INFO - num_cities:0
2024-12-31 19:08:22,054 - INFO - num_workers:1
2024-12-31 19:08:22,054 - INFO - num_carts:0
2024-12-31 19:08:22,054 - INFO - 
2024-12-31 19:08:22,129 - INFO - 135
2024-12-31 19:08:22,129 - INFO - 135
2024-12-31 19:08:22,130 - INFO - ["dst '[]'"]
2024-12-31 19:08:22,130 - INFO - num_cities:0
2024-12-31 19:08:22,130 - INFO - num_workers:1
2024-12-31 19:08:22,130 - INFO - num_carts:0
2024-12-31 19:08:22,130 - INFO - 
2024-12-31 19:08:22,224 - INFO - 136
2024-12-31 19:08:22,224 - INFO - 136
2024-12-31 19:08:22,224 - INFO - ['m u_48 w', 'dst \'["m u_48 w"]\'']
2024-12-31 19:08:22,224 - INFO - num_cities:0
2024-12-31 19:08:22,224 - INFO - num_workers:1
2024-12-31 19:08:22,225 - INFO - num_carts:0
2024-12-31 19:08:22,225 - INFO - 
2024-12-31 19:08:22,316 - INFO - 137
2024-12-31 19:08:22,316 - INFO - 137
2024-12-31 19:08:22,316 - INFO - ["dst '[]'"]
2024-12-31 19:08:22,317 - INFO - num_cities:0
2024-12-31 19:08:22,317 - INFO - num_workers:1
2024-12-31 19:08:22,317 - INFO - num_carts:0
2024-12-31 19:08:22,317 - INFO - 
2024-12-31 19:08:22,399 - INFO - 138
2024-12-31 19:08:22,400 - INFO - 138
2024-12-31 19:08:22,400 - INFO - ['m u_48 n', 'dst \'["m u_48 n"]\'']
2024-12-31 19:08:22,400 - INFO - num_cities:0
2024-12-31 19:08:22,400 - INFO - num_workers:1
2024-12-31 19:08:22,400 - INFO - num_carts:0
2024-12-31 19:08:22,400 - INFO - 
2024-12-31 19:08:22,492 - INFO - 139
2024-12-31 19:08:22,492 - INFO - 139
2024-12-31 19:08:22,492 - INFO - ["dst '[]'"]
2024-12-31 19:08:22,492 - INFO - num_cities:0
2024-12-31 19:08:22,492 - INFO - num_workers:1
2024-12-31 19:08:22,492 - INFO - num_carts:0
2024-12-31 19:08:22,492 - INFO - 
2024-12-31 19:08:22,577 - INFO - 140
2024-12-31 19:08:22,577 - INFO - 140
2024-12-31 19:08:22,577 - INFO - ['m u_48 s', 'dst \'["m u_48 s"]\'']
2024-12-31 19:08:22,577 - INFO - num_cities:0
2024-12-31 19:08:22,577 - INFO - num_workers:1
2024-12-31 19:08:22,577 - INFO - num_carts:0
2024-12-31 19:08:22,577 - INFO - 
2024-12-31 19:08:22,653 - INFO - 141
2024-12-31 19:08:22,653 - INFO - 141
2024-12-31 19:08:22,653 - INFO - ["dst '[]'"]
2024-12-31 19:08:22,653 - INFO - num_cities:0
2024-12-31 19:08:22,653 - INFO - num_workers:1
2024-12-31 19:08:22,653 - INFO - num_carts:0
2024-12-31 19:08:22,653 - INFO - 
2024-12-31 19:08:22,728 - INFO - 142
2024-12-31 19:08:22,728 - INFO - 142
2024-12-31 19:08:22,728 - INFO - ['m u_48 w', 'dst \'["m u_48 w"]\'']
2024-12-31 19:08:22,728 - INFO - num_cities:0
2024-12-31 19:08:22,728 - INFO - num_workers:1
2024-12-31 19:08:22,729 - INFO - num_carts:0
2024-12-31 19:08:22,729 - INFO - 
2024-12-31 19:08:22,841 - INFO - 143
2024-12-31 19:08:22,841 - INFO - 143
2024-12-31 19:08:22,841 - INFO - ["dst '[]'"]
2024-12-31 19:08:22,841 - INFO - num_cities:0
2024-12-31 19:08:22,841 - INFO - num_workers:1
2024-12-31 19:08:22,841 - INFO - num_carts:0
2024-12-31 19:08:22,841 - INFO - 
2024-12-31 19:08:22,929 - INFO - 144
2024-12-31 19:08:22,929 - INFO - 144
2024-12-31 19:08:22,929 - INFO - ['m u_48 s', 'dst \'["m u_48 s"]\'']
2024-12-31 19:08:22,929 - INFO - num_cities:0
2024-12-31 19:08:22,929 - INFO - num_workers:1
2024-12-31 19:08:22,929 - INFO - num_carts:0
2024-12-31 19:08:22,929 - INFO - 
2024-12-31 19:08:23,026 - INFO - 145
2024-12-31 19:08:23,026 - INFO - 145
2024-12-31 19:08:23,026 - INFO - ["dst '[]'"]
2024-12-31 19:08:23,026 - INFO - num_cities:0
2024-12-31 19:08:23,026 - INFO - num_workers:1
2024-12-31 19:08:23,026 - INFO - num_carts:0
2024-12-31 19:08:23,026 - INFO - 
2024-12-31 19:08:23,096 - INFO - 146
2024-12-31 19:08:23,097 - INFO - 146
2024-12-31 19:08:23,097 - INFO - ['m u_48 n', 'dst \'["m u_48 n"]\'']
2024-12-31 19:08:23,097 - INFO - num_cities:0
2024-12-31 19:08:23,097 - INFO - num_workers:1
2024-12-31 19:08:23,097 - INFO - num_carts:0
2024-12-31 19:08:23,097 - INFO - 
2024-12-31 19:08:23,171 - INFO - 147
2024-12-31 19:08:23,171 - INFO - 147
2024-12-31 19:08:23,171 - INFO - ["dst '[]'"]
2024-12-31 19:08:23,171 - INFO - num_cities:0
2024-12-31 19:08:23,171 - INFO - num_workers:1
2024-12-31 19:08:23,171 - INFO - num_carts:0
2024-12-31 19:08:23,172 - INFO - 
2024-12-31 19:08:23,244 - INFO - 148
2024-12-31 19:08:23,244 - INFO - 148
2024-12-31 19:08:23,245 - INFO - ['m u_48 n', 'dst \'["m u_48 n"]\'']
2024-12-31 19:08:23,245 - INFO - num_cities:0
2024-12-31 19:08:23,245 - INFO - num_workers:1
2024-12-31 19:08:23,245 - INFO - num_carts:0
2024-12-31 19:08:23,245 - INFO - 
2024-12-31 19:08:23,324 - INFO - 149
2024-12-31 19:08:23,325 - INFO - 149
2024-12-31 19:08:23,325 - INFO - ["dst '[]'"]
2024-12-31 19:08:23,325 - INFO - num_cities:0
2024-12-31 19:08:23,325 - INFO - num_workers:1
2024-12-31 19:08:23,325 - INFO - num_carts:0
2024-12-31 19:08:23,325 - INFO - 
2024-12-31 19:08:23,409 - INFO - 150
2024-12-31 19:08:23,410 - INFO - 150
2024-12-31 19:08:23,410 - INFO - ['m u_48 s', 'dst \'["m u_48 s"]\'']
2024-12-31 19:08:23,410 - INFO - num_cities:0
2024-12-31 19:08:23,410 - INFO - num_workers:1
2024-12-31 19:08:23,410 - INFO - num_carts:0
2024-12-31 19:08:23,410 - INFO - 
2024-12-31 19:08:23,491 - INFO - 151
2024-12-31 19:08:23,491 - INFO - 151
2024-12-31 19:08:23,491 - INFO - ["dst '[]'"]
2024-12-31 19:08:23,492 - INFO - num_cities:0
2024-12-31 19:08:23,492 - INFO - num_workers:1
2024-12-31 19:08:23,492 - INFO - num_carts:0
2024-12-31 19:08:23,492 - INFO - 
2024-12-31 19:08:23,630 - INFO - 152
2024-12-31 19:08:23,630 - INFO - 152
2024-12-31 19:08:23,630 - INFO - ['m u_48 n', 'dst \'["m u_48 n"]\'']
2024-12-31 19:08:23,630 - INFO - num_cities:0
2024-12-31 19:08:23,630 - INFO - num_workers:1
2024-12-31 19:08:23,630 - INFO - num_carts:0
2024-12-31 19:08:23,630 - INFO - 
2024-12-31 19:08:23,761 - INFO - 153
2024-12-31 19:08:23,761 - INFO - 153
2024-12-31 19:08:23,761 - INFO - ["dst '[]'"]
2024-12-31 19:08:23,761 - INFO - num_cities:0
2024-12-31 19:08:23,761 - INFO - num_workers:1
2024-12-31 19:08:23,761 - INFO - num_carts:0
2024-12-31 19:08:23,761 - INFO - 
2024-12-31 19:08:23,895 - INFO - 154
2024-12-31 19:08:23,895 - INFO - 154
2024-12-31 19:08:23,895 - INFO - ["dst '[]'"]
2024-12-31 19:08:23,895 - INFO - num_cities:0
2024-12-31 19:08:23,895 - INFO - num_workers:1
2024-12-31 19:08:23,895 - INFO - num_carts:0
2024-12-31 19:08:23,895 - INFO - 
2024-12-31 19:08:24,028 - INFO - 155
2024-12-31 19:08:24,028 - INFO - 155
2024-12-31 19:08:24,028 - INFO - ["dst '[]'"]
2024-12-31 19:08:24,028 - INFO - num_cities:0
2024-12-31 19:08:24,028 - INFO - num_workers:1
2024-12-31 19:08:24,028 - INFO - num_carts:0
2024-12-31 19:08:24,028 - INFO - 
2024-12-31 19:08:24,159 - INFO - 156
2024-12-31 19:08:24,159 - INFO - 156
2024-12-31 19:08:24,159 - INFO - ['m u_48 n', 'dst \'["m u_48 n"]\'']
2024-12-31 19:08:24,159 - INFO - num_cities:0
2024-12-31 19:08:24,159 - INFO - num_workers:1
2024-12-31 19:08:24,159 - INFO - num_carts:0
2024-12-31 19:08:24,160 - INFO - 
2024-12-31 19:08:24,306 - INFO - 157
2024-12-31 19:08:24,306 - INFO - 157
2024-12-31 19:08:24,306 - INFO - ["dst '[]'"]
2024-12-31 19:08:24,306 - INFO - num_cities:0
2024-12-31 19:08:24,306 - INFO - num_workers:1
2024-12-31 19:08:24,306 - INFO - num_carts:0
2024-12-31 19:08:24,306 - INFO - 
2024-12-31 19:08:24,436 - INFO - 158
2024-12-31 19:08:24,437 - INFO - 158
2024-12-31 19:08:24,437 - INFO - ["dst '[]'"]
2024-12-31 19:08:24,437 - INFO - num_cities:0
2024-12-31 19:08:24,437 - INFO - num_workers:1
2024-12-31 19:08:24,437 - INFO - num_carts:0
2024-12-31 19:08:24,437 - INFO - 
2024-12-31 19:08:24,582 - INFO - 159
2024-12-31 19:08:24,582 - INFO - 159
2024-12-31 19:08:24,582 - INFO - ["dst '[]'"]
2024-12-31 19:08:24,582 - INFO - num_cities:0
2024-12-31 19:08:24,582 - INFO - num_workers:1
2024-12-31 19:08:24,583 - INFO - num_carts:0
2024-12-31 19:08:24,583 - INFO - 
2024-12-31 19:08:24,699 - INFO - 160
2024-12-31 19:08:24,699 - INFO - 160
2024-12-31 19:08:24,699 - INFO - ['m u_48 e', 'dst \'["m u_48 e"]\'']
2024-12-31 19:08:24,699 - INFO - num_cities:0
2024-12-31 19:08:24,699 - INFO - num_workers:1
2024-12-31 19:08:24,699 - INFO - num_carts:0
2024-12-31 19:08:24,699 - INFO - 
2024-12-31 19:08:24,780 - INFO - 161
2024-12-31 19:08:24,780 - INFO - 161
2024-12-31 19:08:24,780 - INFO - ["dst '[]'"]
2024-12-31 19:08:24,781 - INFO - num_cities:0
2024-12-31 19:08:24,781 - INFO - num_workers:1
2024-12-31 19:08:24,781 - INFO - num_carts:0
2024-12-31 19:08:24,781 - INFO - 
2024-12-31 19:08:24,893 - INFO - 162
2024-12-31 19:08:24,893 - INFO - 162
2024-12-31 19:08:24,893 - INFO - ["dst '[]'"]
2024-12-31 19:08:24,893 - INFO - num_cities:0
2024-12-31 19:08:24,893 - INFO - num_workers:1
2024-12-31 19:08:24,894 - INFO - num_carts:0
2024-12-31 19:08:24,894 - INFO - 
2024-12-31 19:08:24,965 - INFO - 163
2024-12-31 19:08:24,966 - INFO - 163
2024-12-31 19:08:24,966 - INFO - ["dst '[]'"]
2024-12-31 19:08:24,966 - INFO - num_cities:0
2024-12-31 19:08:24,966 - INFO - num_workers:1
2024-12-31 19:08:24,966 - INFO - num_carts:0
2024-12-31 19:08:24,966 - INFO - 
2024-12-31 19:08:25,043 - INFO - 164
2024-12-31 19:08:25,043 - INFO - 164
2024-12-31 19:08:25,043 - INFO - ['m u_48 c', 'dst \'["m u_48 c"]\'']
2024-12-31 19:08:25,043 - INFO - num_cities:0
2024-12-31 19:08:25,044 - INFO - num_workers:1
2024-12-31 19:08:25,044 - INFO - num_carts:0
2024-12-31 19:08:25,044 - INFO - 
2024-12-31 19:08:25,115 - INFO - 165
2024-12-31 19:08:25,115 - INFO - 165
2024-12-31 19:08:25,115 - INFO - ['m u_48 w', 'dst \'["m u_48 w"]\'']
2024-12-31 19:08:25,115 - INFO - num_cities:0
2024-12-31 19:08:25,115 - INFO - num_workers:1
2024-12-31 19:08:25,115 - INFO - num_carts:0
2024-12-31 19:08:25,115 - INFO - 
2024-12-31 19:08:25,194 - INFO - 166
2024-12-31 19:08:25,194 - INFO - 166
2024-12-31 19:08:25,194 - INFO - ["dst '[]'"]
2024-12-31 19:08:25,194 - INFO - num_cities:0
2024-12-31 19:08:25,194 - INFO - num_workers:1
2024-12-31 19:08:25,194 - INFO - num_carts:0
2024-12-31 19:08:25,194 - INFO - 
2024-12-31 19:08:25,265 - INFO - 167
2024-12-31 19:08:25,265 - INFO - 167
2024-12-31 19:08:25,265 - INFO - ['m u_48 e', 'dst \'["m u_48 e"]\'']
2024-12-31 19:08:25,265 - INFO - num_cities:0
2024-12-31 19:08:25,265 - INFO - num_workers:1
2024-12-31 19:08:25,265 - INFO - num_carts:0
2024-12-31 19:08:25,265 - INFO - 
2024-12-31 19:08:25,341 - INFO - 168
2024-12-31 19:08:25,341 - INFO - 168
2024-12-31 19:08:25,341 - INFO - ["dst '[]'"]
2024-12-31 19:08:25,341 - INFO - num_cities:0
2024-12-31 19:08:25,342 - INFO - num_workers:1
2024-12-31 19:08:25,342 - INFO - num_carts:0
2024-12-31 19:08:25,342 - INFO - 
2024-12-31 19:08:25,422 - INFO - 169
2024-12-31 19:08:25,422 - INFO - 169
2024-12-31 19:08:25,422 - INFO - ['m u_48 c', 'dst \'["m u_48 c"]\'']
2024-12-31 19:08:25,422 - INFO - num_cities:0
2024-12-31 19:08:25,423 - INFO - num_workers:1
2024-12-31 19:08:25,423 - INFO - num_carts:0
2024-12-31 19:08:25,423 - INFO - 
2024-12-31 19:08:25,496 - INFO - 170
2024-12-31 19:08:25,496 - INFO - 170
2024-12-31 19:08:25,496 - INFO - ['m u_48 e', 'dst \'["m u_48 e"]\'']
2024-12-31 19:08:25,496 - INFO - num_cities:0
2024-12-31 19:08:25,496 - INFO - num_workers:1
2024-12-31 19:08:25,496 - INFO - num_carts:0
2024-12-31 19:08:25,496 - INFO - 
2024-12-31 19:08:25,570 - INFO - 171
2024-12-31 19:08:25,571 - INFO - 171
2024-12-31 19:08:25,571 - INFO - ["dst '[]'"]
2024-12-31 19:08:25,571 - INFO - num_cities:0
2024-12-31 19:08:25,571 - INFO - num_workers:1
2024-12-31 19:08:25,571 - INFO - num_carts:0
2024-12-31 19:08:25,571 - INFO - 
2024-12-31 19:08:25,641 - INFO - 172
2024-12-31 19:08:25,641 - INFO - 172
2024-12-31 19:08:25,641 - INFO - ['m u_48 n', 'dst \'["m u_48 n"]\'']
2024-12-31 19:08:25,641 - INFO - num_cities:0
2024-12-31 19:08:25,641 - INFO - num_workers:1
2024-12-31 19:08:25,641 - INFO - num_carts:0
2024-12-31 19:08:25,641 - INFO - 
2024-12-31 19:08:25,711 - INFO - 173
2024-12-31 19:08:25,712 - INFO - 173
2024-12-31 19:08:25,712 - INFO - ["dst '[]'"]
2024-12-31 19:08:25,712 - INFO - num_cities:0
2024-12-31 19:08:25,712 - INFO - num_workers:1
2024-12-31 19:08:25,712 - INFO - num_carts:0
2024-12-31 19:08:25,712 - INFO - 
2024-12-31 19:08:25,784 - INFO - 174
2024-12-31 19:08:25,785 - INFO - 174
2024-12-31 19:08:25,785 - INFO - ['m u_48 n', 'dst \'["m u_48 n"]\'']
2024-12-31 19:08:25,785 - INFO - num_cities:0
2024-12-31 19:08:25,785 - INFO - num_workers:1
2024-12-31 19:08:25,785 - INFO - num_carts:0
2024-12-31 19:08:25,785 - INFO - 
2024-12-31 19:08:25,863 - INFO - 175
2024-12-31 19:08:25,863 - INFO - 175
2024-12-31 19:08:25,863 - INFO - ["dst '[]'"]
2024-12-31 19:08:25,863 - INFO - num_cities:0
2024-12-31 19:08:25,863 - INFO - num_workers:1
2024-12-31 19:08:25,863 - INFO - num_carts:0
2024-12-31 19:08:25,863 - INFO - 
2024-12-31 19:08:25,928 - INFO - 176
2024-12-31 19:08:25,929 - INFO - 176
2024-12-31 19:08:25,929 - INFO - ['m u_48 s', 'dst \'["m u_48 s"]\'']
2024-12-31 19:08:25,929 - INFO - num_cities:0
2024-12-31 19:08:25,929 - INFO - num_workers:1
2024-12-31 19:08:25,929 - INFO - num_carts:0
2024-12-31 19:08:25,929 - INFO - 
2024-12-31 19:08:25,995 - INFO - 177
2024-12-31 19:08:25,995 - INFO - 177
2024-12-31 19:08:25,995 - INFO - ["dst '[]'"]
2024-12-31 19:08:25,995 - INFO - num_cities:0
2024-12-31 19:08:25,995 - INFO - num_workers:1
2024-12-31 19:08:25,995 - INFO - num_carts:0
2024-12-31 19:08:25,995 - INFO - 
2024-12-31 19:08:26,079 - INFO - 178
2024-12-31 19:08:26,079 - INFO - 178
2024-12-31 19:08:26,079 - INFO - ['m u_48 s', 'dst \'["m u_48 s"]\'']
2024-12-31 19:08:26,079 - INFO - num_cities:0
2024-12-31 19:08:26,079 - INFO - num_workers:1
2024-12-31 19:08:26,079 - INFO - num_carts:0
2024-12-31 19:08:26,080 - INFO - 
2024-12-31 19:08:26,159 - INFO - 179
2024-12-31 19:08:26,159 - INFO - 179
2024-12-31 19:08:26,159 - INFO - ["dst '[]'"]
2024-12-31 19:08:26,159 - INFO - num_cities:0
2024-12-31 19:08:26,159 - INFO - num_workers:1
2024-12-31 19:08:26,159 - INFO - num_carts:0
2024-12-31 19:08:26,159 - INFO - 
2024-12-31 19:08:26,230 - INFO - 180
2024-12-31 19:08:26,231 - INFO - 180
2024-12-31 19:08:26,231 - INFO - ['m u_48 e', 'dst \'["m u_48 e"]\'']
2024-12-31 19:08:26,231 - INFO - num_cities:0
2024-12-31 19:08:26,231 - INFO - num_workers:1
2024-12-31 19:08:26,231 - INFO - num_carts:0
2024-12-31 19:08:26,231 - INFO - 
2024-12-31 19:08:26,302 - INFO - 181
2024-12-31 19:08:26,302 - INFO - 181
2024-12-31 19:08:26,302 - INFO - ["dst '[]'"]
2024-12-31 19:08:26,302 - INFO - num_cities:0
2024-12-31 19:08:26,302 - INFO - num_workers:1
2024-12-31 19:08:26,302 - INFO - num_carts:0
2024-12-31 19:08:26,302 - INFO - 
2024-12-31 19:08:26,422 - INFO - 182
2024-12-31 19:08:26,422 - INFO - 182
2024-12-31 19:08:26,422 - INFO - ['m u_48 w', 'dst \'["m u_48 w"]\'']
2024-12-31 19:08:26,422 - INFO - num_cities:0
2024-12-31 19:08:26,422 - INFO - num_workers:1
2024-12-31 19:08:26,422 - INFO - num_carts:0
2024-12-31 19:08:26,422 - INFO - 
2024-12-31 19:08:26,497 - INFO - 183
2024-12-31 19:08:26,497 - INFO - 183
2024-12-31 19:08:26,497 - INFO - ["dst '[]'"]
2024-12-31 19:08:26,498 - INFO - num_cities:0
2024-12-31 19:08:26,498 - INFO - num_workers:1
2024-12-31 19:08:26,498 - INFO - num_carts:0
2024-12-31 19:08:26,498 - INFO - 
2024-12-31 19:08:26,577 - INFO - 184
2024-12-31 19:08:26,577 - INFO - 184
2024-12-31 19:08:26,577 - INFO - ['m u_48 w', 'dst \'["m u_48 w"]\'']
2024-12-31 19:08:26,577 - INFO - num_cities:0
2024-12-31 19:08:26,577 - INFO - num_workers:1
2024-12-31 19:08:26,577 - INFO - num_carts:0
2024-12-31 19:08:26,577 - INFO - 
2024-12-31 19:08:26,661 - INFO - 185
2024-12-31 19:08:26,661 - INFO - 185
2024-12-31 19:08:26,661 - INFO - ["dst '[]'"]
2024-12-31 19:08:26,661 - INFO - num_cities:0
2024-12-31 19:08:26,661 - INFO - num_workers:1
2024-12-31 19:08:26,661 - INFO - num_carts:0
2024-12-31 19:08:26,661 - INFO - 
2024-12-31 19:08:26,735 - INFO - 186
2024-12-31 19:08:26,735 - INFO - 186
2024-12-31 19:08:26,736 - INFO - ['m u_48 s', 'dst \'["m u_48 s"]\'']
2024-12-31 19:08:26,736 - INFO - num_cities:0
2024-12-31 19:08:26,736 - INFO - num_workers:1
2024-12-31 19:08:26,736 - INFO - num_carts:0
2024-12-31 19:08:26,736 - INFO - 
2024-12-31 19:08:26,811 - INFO - 187
2024-12-31 19:08:26,811 - INFO - 187
2024-12-31 19:08:26,811 - INFO - ["dst '[]'"]
2024-12-31 19:08:26,811 - INFO - num_cities:0
2024-12-31 19:08:26,811 - INFO - num_workers:1
2024-12-31 19:08:26,811 - INFO - num_carts:0
2024-12-31 19:08:26,811 - INFO - 
2024-12-31 19:08:26,894 - INFO - 188
2024-12-31 19:08:26,895 - INFO - 188
2024-12-31 19:08:26,895 - INFO - ['m u_48 n', 'dst \'["m u_48 n"]\'']
2024-12-31 19:08:26,895 - INFO - num_cities:0
2024-12-31 19:08:26,895 - INFO - num_workers:1
2024-12-31 19:08:26,895 - INFO - num_carts:0
2024-12-31 19:08:26,895 - INFO - 
2024-12-31 19:08:26,974 - INFO - 189
2024-12-31 19:08:26,974 - INFO - 189
2024-12-31 19:08:26,974 - INFO - ["dst '[]'"]
2024-12-31 19:08:26,974 - INFO - num_cities:0
2024-12-31 19:08:26,974 - INFO - num_workers:1
2024-12-31 19:08:26,974 - INFO - num_carts:0
2024-12-31 19:08:26,974 - INFO - 
2024-12-31 19:08:27,058 - INFO - 190
2024-12-31 19:08:27,058 - INFO - 190
2024-12-31 19:08:27,058 - INFO - ['m u_48 s', 'dst \'["m u_48 s"]\'']
2024-12-31 19:08:27,059 - INFO - num_cities:0
2024-12-31 19:08:27,059 - INFO - num_workers:1
2024-12-31 19:08:27,059 - INFO - num_carts:0
2024-12-31 19:08:27,059 - INFO - 
2024-12-31 19:08:27,146 - INFO - 191
2024-12-31 19:08:27,146 - INFO - 191
2024-12-31 19:08:27,146 - INFO - ["dst '[]'"]
2024-12-31 19:08:27,146 - INFO - num_cities:0
2024-12-31 19:08:27,146 - INFO - num_workers:1
2024-12-31 19:08:27,146 - INFO - num_carts:0
2024-12-31 19:08:27,146 - INFO - 
2024-12-31 19:08:27,233 - INFO - 192
2024-12-31 19:08:27,233 - INFO - 192
2024-12-31 19:08:27,233 - INFO - ['m u_48 s', 'dst \'["m u_48 s"]\'']
2024-12-31 19:08:27,233 - INFO - num_cities:0
2024-12-31 19:08:27,233 - INFO - num_workers:1
2024-12-31 19:08:27,233 - INFO - num_carts:0
2024-12-31 19:08:27,233 - INFO - 
2024-12-31 19:08:27,323 - INFO - 193
2024-12-31 19:08:27,323 - INFO - 193
2024-12-31 19:08:27,323 - INFO - ["dst '[]'"]
2024-12-31 19:08:27,323 - INFO - num_cities:0
2024-12-31 19:08:27,323 - INFO - num_workers:1
2024-12-31 19:08:27,323 - INFO - num_carts:0
2024-12-31 19:08:27,323 - INFO - 
