2024-12-31 16:49:17,845 - INFO - 1
2024-12-31 16:49:17,846 - INFO - 1
2024-12-31 16:49:17,846 - INFO - ['bc 4 8', 'bc 4 8', 'm u_1 e ', 'dst \'["bc 4 8", "bc 4 8", "m u_1 e"]\'']
2024-12-31 16:49:17,846 - INFO - num_cities:1
2024-12-31 16:49:17,846 - INFO - num_workers:1
2024-12-31 16:49:17,846 - INFO - num_carts:0
2024-12-31 16:49:17,846 - INFO - 
2024-12-31 16:49:17,850 - INFO - 1
2024-12-31 16:49:17,850 - INFO - 1
2024-12-31 16:49:17,850 - INFO - ['bc 7 8', 'bc 7 8', 'm u_2 w ', 'dst \'["bc 7 8", "bc 7 8", "m u_2 w"]\'']
2024-12-31 16:49:17,850 - INFO - num_cities:1
2024-12-31 16:49:17,850 - INFO - num_workers:1
2024-12-31 16:49:17,850 - INFO - num_carts:0
2024-12-31 16:49:17,850 - INFO - 
2024-12-31 16:49:17,863 - INFO - 2
2024-12-31 16:49:17,864 - INFO - 2
2024-12-31 16:49:17,864 - INFO - ['bc 4 8', 'bc 4 8', 'dst \'["bc 4 8", "bc 4 8"]\'']
2024-12-31 16:49:17,864 - INFO - num_cities:1
2024-12-31 16:49:17,864 - INFO - num_workers:1
2024-12-31 16:49:17,864 - INFO - num_carts:0
2024-12-31 16:49:17,864 - INFO - 
2024-12-31 16:49:17,864 - INFO - 2
2024-12-31 16:49:17,864 - INFO - 2
2024-12-31 16:49:17,865 - INFO - ['bc 7 8', 'bc 7 8', 'dst \'["bc 7 8", "bc 7 8"]\'']
2024-12-31 16:49:17,865 - INFO - num_cities:1
2024-12-31 16:49:17,865 - INFO - num_workers:1
2024-12-31 16:49:17,865 - INFO - num_carts:0
2024-12-31 16:49:17,865 - INFO - 
2024-12-31 16:49:17,874 - INFO - 3
2024-12-31 16:49:17,874 - INFO - 3
2024-12-31 16:49:17,874 - INFO - ['bc 4 8', 'bc 4 8', 'm u_1 e ', 'dst \'["bc 4 8", "bc 4 8", "m u_1 e"]\'']
2024-12-31 16:49:17,874 - INFO - num_cities:1
2024-12-31 16:49:17,874 - INFO - num_workers:1
2024-12-31 16:49:17,874 - INFO - num_carts:0
2024-12-31 16:49:17,874 - INFO - 
2024-12-31 16:49:17,875 - INFO - 3
2024-12-31 16:49:17,875 - INFO - 3
2024-12-31 16:49:17,875 - INFO - ['bc 7 8', 'bc 7 8', 'm u_2 w ', 'dst \'["bc 7 8", "bc 7 8", "m u_2 w"]\'']
2024-12-31 16:49:17,875 - INFO - num_cities:1
2024-12-31 16:49:17,876 - INFO - num_workers:1
2024-12-31 16:49:17,876 - INFO - num_carts:0
2024-12-31 16:49:17,876 - INFO - 
2024-12-31 16:49:17,892 - INFO - 4
2024-12-31 16:49:17,892 - INFO - 4
2024-12-31 16:49:17,892 - INFO - ['bc 4 8', 'bc 4 8', 'dst \'["bc 4 8", "bc 4 8"]\'']
2024-12-31 16:49:17,892 - INFO - num_cities:1
2024-12-31 16:49:17,892 - INFO - num_workers:1
2024-12-31 16:49:17,892 - INFO - num_carts:0
2024-12-31 16:49:17,892 - INFO - 
2024-12-31 16:49:17,893 - INFO - 4
2024-12-31 16:49:17,893 - INFO - 4
2024-12-31 16:49:17,893 - INFO - ['bc 7 8', 'bc 7 8', 'dst \'["bc 7 8", "bc 7 8"]\'']
2024-12-31 16:49:17,893 - INFO - num_cities:1
2024-12-31 16:49:17,893 - INFO - num_workers:1
2024-12-31 16:49:17,893 - INFO - num_carts:0
2024-12-31 16:49:17,893 - INFO - 
2024-12-31 16:49:17,905 - INFO - 5
2024-12-31 16:49:17,905 - INFO - 5
2024-12-31 16:49:17,905 - INFO - ['bc 4 8', 'bc 4 8', 'm u_1 c ', 'dst \'["bc 4 8", "bc 4 8", "m u_1 c"]\'']
2024-12-31 16:49:17,905 - INFO - num_cities:1
2024-12-31 16:49:17,905 - INFO - num_workers:1
2024-12-31 16:49:17,905 - INFO - num_carts:0
2024-12-31 16:49:17,905 - INFO - 
2024-12-31 16:49:17,906 - INFO - 5
2024-12-31 16:49:17,906 - INFO - 5
2024-12-31 16:49:17,906 - INFO - ['bc 7 8', 'bc 7 8', 'm u_2 c ', 'dst \'["bc 7 8", "bc 7 8", "m u_2 c"]\'']
2024-12-31 16:49:17,906 - INFO - num_cities:1
2024-12-31 16:49:17,906 - INFO - num_workers:1
2024-12-31 16:49:17,906 - INFO - num_carts:0
2024-12-31 16:49:17,906 - INFO - 
2024-12-31 16:49:17,915 - INFO - 6
2024-12-31 16:49:17,915 - INFO - 6
2024-12-31 16:49:17,915 - INFO - ['bc 4 8', 'bc 4 8', 'bcity u_1', 'dst \'["bc 4 8", "bc 4 8", "bcity u_1"]\'']
2024-12-31 16:49:17,916 - INFO - num_cities:1
2024-12-31 16:49:17,916 - INFO - num_workers:1
2024-12-31 16:49:17,916 - INFO - num_carts:0
2024-12-31 16:49:17,916 - INFO - 
2024-12-31 16:49:17,916 - INFO - 6
2024-12-31 16:49:17,916 - INFO - 6
2024-12-31 16:49:17,916 - INFO - ['bc 7 8', 'bc 7 8', 'bcity u_2', 'dst \'["bc 7 8", "bc 7 8", "bcity u_2"]\'']
2024-12-31 16:49:17,916 - INFO - num_cities:1
2024-12-31 16:49:17,916 - INFO - num_workers:1
2024-12-31 16:49:17,917 - INFO - num_carts:0
2024-12-31 16:49:17,917 - INFO - 
2024-12-31 16:49:17,925 - INFO - 7
2024-12-31 16:49:17,925 - INFO - 7
2024-12-31 16:49:17,926 - INFO - ['bc 4 8', 'bc 6 8', 'bc 4 8', 'bc 6 8', 'm u_1 c ', 'dst \'["bc 4 8", "bc 6 8", "bc 4 8", "bc 6 8", "m u_1 c"]\'']
2024-12-31 16:49:17,926 - INFO - num_cities:2
2024-12-31 16:49:17,926 - INFO - num_workers:1
2024-12-31 16:49:17,926 - INFO - num_carts:0
2024-12-31 16:49:17,926 - INFO - 
2024-12-31 16:49:17,926 - INFO - 7
2024-12-31 16:49:17,927 - INFO - 7
2024-12-31 16:49:17,927 - INFO - ['bc 7 8', 'bc 5 8', 'bc 7 8', 'bc 5 8', 'm u_2 c ', 'dst \'["bc 7 8", "bc 5 8", "bc 7 8", "bc 5 8", "m u_2 c"]\'']
2024-12-31 16:49:17,927 - INFO - num_cities:2
2024-12-31 16:49:17,927 - INFO - num_workers:1
2024-12-31 16:49:17,927 - INFO - num_carts:0
2024-12-31 16:49:17,927 - INFO - 
2024-12-31 16:49:17,937 - INFO - 8
2024-12-31 16:49:17,937 - INFO - 8
2024-12-31 16:49:17,937 - INFO - ['bw 6 8  ', 'bw 4 8  ', 'bw 6 8  ', 'm u_1 c ', 'm u_3 n ', 'dst \'["bw 6 8", "bw 4 8", "bw 6 8", "m u_1 c", "m u_3 n"]\'']
2024-12-31 16:49:17,937 - INFO - num_cities:2
2024-12-31 16:49:17,937 - INFO - num_workers:1
2024-12-31 16:49:17,937 - INFO - num_carts:1
2024-12-31 16:49:17,937 - INFO - 
2024-12-31 16:49:17,938 - INFO - 8
2024-12-31 16:49:17,938 - INFO - 8
2024-12-31 16:49:17,938 - INFO - ['bw 5 8  ', 'bc 7 8', 'bc 5 8', 'm u_2 c ', 'm u_4 n ', 'dst \'["bw 5 8", "bc 7 8", "bc 5 8", "m u_2 c", "m u_4 n"]\'']
2024-12-31 16:49:17,938 - INFO - num_cities:2
2024-12-31 16:49:17,938 - INFO - num_workers:1
2024-12-31 16:49:17,938 - INFO - num_carts:1
2024-12-31 16:49:17,938 - INFO - 
2024-12-31 16:49:17,948 - INFO - 9
2024-12-31 16:49:17,948 - INFO - 9
2024-12-31 16:49:17,948 - INFO - ['bw 6 8  ', 'bw 4 8  ', 'bw 6 8  ', 'm u_1 e ', 'dst \'["bw 6 8", "bw 4 8", "bw 6 8", "m u_1 e"]\'']
2024-12-31 16:49:17,948 - INFO - num_cities:2
2024-12-31 16:49:17,948 - INFO - num_workers:1
2024-12-31 16:49:17,948 - INFO - num_carts:1
2024-12-31 16:49:17,948 - INFO - 
2024-12-31 16:49:17,949 - INFO - 9
2024-12-31 16:49:17,949 - INFO - 9
2024-12-31 16:49:17,949 - INFO - ['bw 5 8  ', 'bc 7 8', 'bc 5 8', 'm u_2 w ', 'dst \'["bw 5 8", "bc 7 8", "bc 5 8", "m u_2 w"]\'']
2024-12-31 16:49:17,949 - INFO - num_cities:2
2024-12-31 16:49:17,949 - INFO - num_workers:1
2024-12-31 16:49:17,949 - INFO - num_carts:1
2024-12-31 16:49:17,949 - INFO - 
2024-12-31 16:49:17,957 - INFO - 10
2024-12-31 16:49:17,957 - INFO - 10
2024-12-31 16:49:17,957 - INFO - ['bw 6 8  ', 'bw 4 8  ', 'bw 6 8  ', 'm u_1 w ', 'm u_3 s ', 'dst \'["bw 6 8", "bw 4 8", "bw 6 8", "m u_1 w", "m u_3 s"]\'']
2024-12-31 16:49:17,957 - INFO - num_cities:2
2024-12-31 16:49:17,957 - INFO - num_workers:1
2024-12-31 16:49:17,958 - INFO - num_carts:1
2024-12-31 16:49:17,958 - INFO - 
2024-12-31 16:49:17,958 - INFO - 10
2024-12-31 16:49:17,958 - INFO - 10
2024-12-31 16:49:17,958 - INFO - ['bw 5 8  ', 'bc 7 8', 'bc 5 8', 'm u_2 e ', 'm u_4 s ', 'dst \'["bw 5 8", "bc 7 8", "bc 5 8", "m u_2 e", "m u_4 s"]\'']
2024-12-31 16:49:17,958 - INFO - num_cities:2
2024-12-31 16:49:17,958 - INFO - num_workers:1
2024-12-31 16:49:17,958 - INFO - num_carts:1
2024-12-31 16:49:17,958 - INFO - 
2024-12-31 16:49:17,967 - INFO - 11
2024-12-31 16:49:17,967 - INFO - 11
2024-12-31 16:49:17,967 - INFO - ['bw 6 8  ', 'bw 4 8  ', 'bw 6 8  ', 'm u_1 s ', 'm u_3 c ', 'dst \'["bw 6 8", "bw 4 8", "bw 6 8", "m u_1 s", "m u_3 c"]\'']
2024-12-31 16:49:17,967 - INFO - num_cities:2
2024-12-31 16:49:17,967 - INFO - num_workers:1
2024-12-31 16:49:17,967 - INFO - num_carts:1
2024-12-31 16:49:17,967 - INFO - 
2024-12-31 16:49:17,968 - INFO - 11
2024-12-31 16:49:17,968 - INFO - 11
2024-12-31 16:49:17,968 - INFO - ['bw 5 8  ', 'bc 7 8', 'bc 5 8', 'm u_2 s ', 'm u_4 c ', 'dst \'["bw 5 8", "bc 7 8", "bc 5 8", "m u_2 s", "m u_4 c"]\'']
2024-12-31 16:49:17,968 - INFO - num_cities:2
2024-12-31 16:49:17,968 - INFO - num_workers:1
2024-12-31 16:49:17,968 - INFO - num_carts:1
2024-12-31 16:49:17,968 - INFO - 
2024-12-31 16:49:17,976 - INFO - 12
2024-12-31 16:49:17,976 - INFO - 12
2024-12-31 16:49:17,976 - INFO - ['bw 6 8  ', 'bw 4 8  ', 'bw 6 8  ', 'm u_3 c ', 'dst \'["bw 6 8", "bw 4 8", "bw 6 8", "m u_3 c"]\'']
2024-12-31 16:49:17,976 - INFO - num_cities:2
2024-12-31 16:49:17,976 - INFO - num_workers:1
2024-12-31 16:49:17,976 - INFO - num_carts:1
2024-12-31 16:49:17,976 - INFO - 
2024-12-31 16:49:17,977 - INFO - 12
2024-12-31 16:49:17,977 - INFO - 12
2024-12-31 16:49:17,977 - INFO - ['bw 5 8  ', 'bc 7 8', 'bc 5 8', 'm u_4 c ', 'dst \'["bw 5 8", "bc 7 8", "bc 5 8", "m u_4 c"]\'']
2024-12-31 16:49:17,977 - INFO - num_cities:2
2024-12-31 16:49:17,977 - INFO - num_workers:1
2024-12-31 16:49:17,977 - INFO - num_carts:1
2024-12-31 16:49:17,977 - INFO - 
2024-12-31 16:49:17,984 - INFO - 13
2024-12-31 16:49:17,985 - INFO - 13
2024-12-31 16:49:17,985 - INFO - ['bw 6 8  ', 'bw 4 8  ', 'bw 6 8  ', 'm u_1 s ', 'm u_3 s ', 'dst \'["bw 6 8", "bw 4 8", "bw 6 8", "m u_1 s", "m u_3 s"]\'']
2024-12-31 16:49:17,985 - INFO - num_cities:2
2024-12-31 16:49:17,985 - INFO - num_workers:1
2024-12-31 16:49:17,985 - INFO - num_carts:1
2024-12-31 16:49:17,985 - INFO - 
2024-12-31 16:49:17,985 - INFO - 13
2024-12-31 16:49:17,985 - INFO - 13
2024-12-31 16:49:17,985 - INFO - ['bw 5 8  ', 'bc 7 8', 'bc 5 8', 'm u_2 s ', 'm u_4 s ', 'dst \'["bw 5 8", "bc 7 8", "bc 5 8", "m u_2 s", "m u_4 s"]\'']
2024-12-31 16:49:17,985 - INFO - num_cities:2
2024-12-31 16:49:17,985 - INFO - num_workers:1
2024-12-31 16:49:17,986 - INFO - num_carts:1
2024-12-31 16:49:17,986 - INFO - 
2024-12-31 16:49:17,994 - INFO - 14
2024-12-31 16:49:17,994 - INFO - 14
2024-12-31 16:49:17,995 - INFO - ['bw 6 8  ', 'bw 4 8  ', 'bw 6 8  ', 'dst \'["bw 6 8", "bw 4 8", "bw 6 8"]\'']
2024-12-31 16:49:17,995 - INFO - num_cities:2
2024-12-31 16:49:17,995 - INFO - num_workers:1
2024-12-31 16:49:17,995 - INFO - num_carts:1
2024-12-31 16:49:17,995 - INFO - 
2024-12-31 16:49:17,996 - INFO - 14
2024-12-31 16:49:17,996 - INFO - 14
2024-12-31 16:49:17,996 - INFO - ['bw 5 8  ', 'bc 7 8', 'bc 5 8', 'dst \'["bw 5 8", "bc 7 8", "bc 5 8"]\'']
2024-12-31 16:49:17,996 - INFO - num_cities:2
2024-12-31 16:49:17,996 - INFO - num_workers:1
2024-12-31 16:49:17,996 - INFO - num_carts:1
2024-12-31 16:49:17,996 - INFO - 
2024-12-31 16:49:18,005 - INFO - 15
2024-12-31 16:49:18,005 - INFO - 15
2024-12-31 16:49:18,005 - INFO - ['bw 6 8  ', 'bw 4 8  ', 'bw 6 8  ', 'm u_1 n ', 'm u_3 e ', 'dst \'["bw 6 8", "bw 4 8", "bw 6 8", "m u_1 n", "m u_3 e"]\'']
2024-12-31 16:49:18,005 - INFO - num_cities:2
2024-12-31 16:49:18,005 - INFO - num_workers:1
2024-12-31 16:49:18,005 - INFO - num_carts:1
2024-12-31 16:49:18,005 - INFO - 
2024-12-31 16:49:18,006 - INFO - 15
2024-12-31 16:49:18,006 - INFO - 15
2024-12-31 16:49:18,006 - INFO - ['bw 5 8  ', 'bc 7 8', 'bc 5 8', 'm u_2 n ', 'm u_4 w ', 'dst \'["bw 5 8", "bc 7 8", "bc 5 8", "m u_2 n", "m u_4 w"]\'']
2024-12-31 16:49:18,006 - INFO - num_cities:2
2024-12-31 16:49:18,006 - INFO - num_workers:1
2024-12-31 16:49:18,006 - INFO - num_carts:1
2024-12-31 16:49:18,006 - INFO - 
2024-12-31 16:49:18,015 - INFO - 16
2024-12-31 16:49:18,015 - INFO - 16
2024-12-31 16:49:18,015 - INFO - ['bw 6 8  ', 'bw 4 8  ', 'bw 6 8  ', 'm u_1 n ', 'm u_3 w ', 'dst \'["bw 6 8", "bw 4 8", "bw 6 8", "m u_1 n", "m u_3 w"]\'']
2024-12-31 16:49:18,016 - INFO - num_cities:2
2024-12-31 16:49:18,016 - INFO - num_workers:1
2024-12-31 16:49:18,016 - INFO - num_carts:1
2024-12-31 16:49:18,016 - INFO - 
2024-12-31 16:49:18,016 - INFO - 16
2024-12-31 16:49:18,016 - INFO - 16
2024-12-31 16:49:18,016 - INFO - ['bw 5 8  ', 'bc 7 8', 'bc 5 8', 'm u_2 n ', 'm u_4 e ', 'dst \'["bw 5 8", "bc 7 8", "bc 5 8", "m u_2 n", "m u_4 e"]\'']
2024-12-31 16:49:18,016 - INFO - num_cities:2
2024-12-31 16:49:18,016 - INFO - num_workers:1
2024-12-31 16:49:18,016 - INFO - num_carts:1
2024-12-31 16:49:18,017 - INFO - 
2024-12-31 16:49:18,026 - INFO - 17
2024-12-31 16:49:18,026 - INFO - 17
2024-12-31 16:49:18,026 - INFO - ['bw 4 8  ', 'bw 6 8  ', 'bw 4 8  ', 'bw 6 8  ', 'dst \'["bw 4 8", "bw 6 8", "bw 4 8", "bw 6 8"]\'']
2024-12-31 16:49:18,026 - INFO - num_cities:2
2024-12-31 16:49:18,026 - INFO - num_workers:1
2024-12-31 16:49:18,026 - INFO - num_carts:1
2024-12-31 16:49:18,026 - INFO - 
2024-12-31 16:49:18,027 - INFO - 17
2024-12-31 16:49:18,027 - INFO - 17
2024-12-31 16:49:18,027 - INFO - ['bw 7 8  ', 'bw 5 8  ', 'bc 7 8', 'bc 5 8', 'dst \'["bw 7 8", "bw 5 8", "bc 7 8", "bc 5 8"]\'']
2024-12-31 16:49:18,027 - INFO - num_cities:2
2024-12-31 16:49:18,027 - INFO - num_workers:1
2024-12-31 16:49:18,028 - INFO - num_carts:1
2024-12-31 16:49:18,028 - INFO - 
2024-12-31 16:49:18,035 - INFO - 18
2024-12-31 16:49:18,036 - INFO - 18
2024-12-31 16:49:18,036 - INFO - ['bw 4 8  ', 'bw 6 8  ', 'bw 4 8  ', 'bw 6 8  ', 'm u_1 c ', 'm u_3 c ', 'dst \'["bw 4 8", "bw 6 8", "bw 4 8", "bw 6 8", "m u_1 c", "m u_3 c"]\'']
2024-12-31 16:49:18,036 - INFO - num_cities:2
2024-12-31 16:49:18,036 - INFO - num_workers:1
2024-12-31 16:49:18,036 - INFO - num_carts:1
2024-12-31 16:49:18,036 - INFO - 
2024-12-31 16:49:18,037 - INFO - 18
2024-12-31 16:49:18,037 - INFO - 18
2024-12-31 16:49:18,037 - INFO - ['bw 7 8  ', 'bw 5 8  ', 'bc 7 8', 'bc 5 8', 'm u_2 c ', 'm u_4 c ', 'dst \'["bw 7 8", "bw 5 8", "bc 7 8", "bc 5 8", "m u_2 c", "m u_4 c"]\'']
2024-12-31 16:49:18,037 - INFO - num_cities:2
2024-12-31 16:49:18,037 - INFO - num_workers:1
2024-12-31 16:49:18,037 - INFO - num_carts:1
2024-12-31 16:49:18,037 - INFO - 
2024-12-31 16:49:18,045 - INFO - 19
2024-12-31 16:49:18,045 - INFO - 19
2024-12-31 16:49:18,045 - INFO - ['bw 4 8  ', 'bw 6 8  ', 'bw 4 8  ', 'bw 6 8  ', 'm u_1 s ', 'm u_3 w ', 'dst \'["bw 4 8", "bw 6 8", "bw 4 8", "bw 6 8", "m u_1 s", "m u_3 w"]\'']
2024-12-31 16:49:18,045 - INFO - num_cities:2
2024-12-31 16:49:18,045 - INFO - num_workers:1
2024-12-31 16:49:18,045 - INFO - num_carts:1
2024-12-31 16:49:18,045 - INFO - 
2024-12-31 16:49:18,046 - INFO - 19
2024-12-31 16:49:18,046 - INFO - 19
2024-12-31 16:49:18,046 - INFO - ['bw 7 8  ', 'bw 5 8  ', 'bc 7 8', 'bc 5 8', 'm u_2 s ', 'm u_4 e ', 'dst \'["bw 7 8", "bw 5 8", "bc 7 8", "bc 5 8", "m u_2 s", "m u_4 e"]\'']
2024-12-31 16:49:18,046 - INFO - num_cities:2
2024-12-31 16:49:18,046 - INFO - num_workers:1
2024-12-31 16:49:18,046 - INFO - num_carts:1
2024-12-31 16:49:18,046 - INFO - 
2024-12-31 16:49:18,056 - INFO - 20
2024-12-31 16:49:18,056 - INFO - 20
2024-12-31 16:49:18,056 - INFO - ['bw 4 8  ', 'bw 6 8  ', 'bw 4 8  ', 'bw 6 8  ', 'dst \'["bw 4 8", "bw 6 8", "bw 4 8", "bw 6 8"]\'']
2024-12-31 16:49:18,056 - INFO - num_cities:2
2024-12-31 16:49:18,056 - INFO - num_workers:1
2024-12-31 16:49:18,056 - INFO - num_carts:1
2024-12-31 16:49:18,056 - INFO - 
2024-12-31 16:49:18,057 - INFO - 20
2024-12-31 16:49:18,057 - INFO - 20
2024-12-31 16:49:18,057 - INFO - ['bw 7 8  ', 'bw 5 8  ', 'bc 7 8', 'bc 5 8', 'dst \'["bw 7 8", "bw 5 8", "bc 7 8", "bc 5 8"]\'']
2024-12-31 16:49:18,057 - INFO - num_cities:2
2024-12-31 16:49:18,057 - INFO - num_workers:1
2024-12-31 16:49:18,057 - INFO - num_carts:1
2024-12-31 16:49:18,057 - INFO - 
2024-12-31 16:49:18,067 - INFO - 21
2024-12-31 16:49:18,067 - INFO - 21
2024-12-31 16:49:18,067 - INFO - ['bw 4 8  ', 'bw 6 8  ', 'bw 4 8  ', 'bw 6 8  ', 'm u_1 c ', 'm u_3 e ', 'dst \'["bw 4 8", "bw 6 8", "bw 4 8", "bw 6 8", "m u_1 c", "m u_3 e"]\'']
2024-12-31 16:49:18,067 - INFO - num_cities:2
2024-12-31 16:49:18,067 - INFO - num_workers:1
2024-12-31 16:49:18,067 - INFO - num_carts:1
2024-12-31 16:49:18,067 - INFO - 
2024-12-31 16:49:18,068 - INFO - 21
2024-12-31 16:49:18,068 - INFO - 21
2024-12-31 16:49:18,068 - INFO - ['bw 7 8  ', 'bw 5 8  ', 'bc 7 8', 'bc 5 8', 'm u_2 c ', 'm u_4 w ', 'dst \'["bw 7 8", "bw 5 8", "bc 7 8", "bc 5 8", "m u_2 c", "m u_4 w"]\'']
2024-12-31 16:49:18,068 - INFO - num_cities:2
2024-12-31 16:49:18,068 - INFO - num_workers:1
2024-12-31 16:49:18,068 - INFO - num_carts:1
2024-12-31 16:49:18,068 - INFO - 
2024-12-31 16:49:18,076 - INFO - 22
2024-12-31 16:49:18,077 - INFO - 22
2024-12-31 16:49:18,077 - INFO - ['bw 4 8  ', 'bw 6 8  ', 'bw 4 8  ', 'bw 6 8  ', 'm u_1 e ', 'm u_3 n ', 'dst \'["bw 4 8", "bw 6 8", "bw 4 8", "bw 6 8", "m u_1 e", "m u_3 n"]\'']
2024-12-31 16:49:18,077 - INFO - num_cities:2
2024-12-31 16:49:18,077 - INFO - num_workers:1
2024-12-31 16:49:18,077 - INFO - num_carts:1
2024-12-31 16:49:18,077 - INFO - 
2024-12-31 16:49:18,078 - INFO - 22
2024-12-31 16:49:18,078 - INFO - 22
2024-12-31 16:49:18,078 - INFO - ['bw 7 8  ', 'bw 5 8  ', 'bc 7 8', 'bc 5 8', 'm u_2 w ', 'm u_4 n ', 'dst \'["bw 7 8", "bw 5 8", "bc 7 8", "bc 5 8", "m u_2 w", "m u_4 n"]\'']
2024-12-31 16:49:18,079 - INFO - num_cities:2
2024-12-31 16:49:18,079 - INFO - num_workers:1
2024-12-31 16:49:18,079 - INFO - num_carts:1
2024-12-31 16:49:18,079 - INFO - 
2024-12-31 16:49:18,088 - INFO - 23
2024-12-31 16:49:18,088 - INFO - 23
2024-12-31 16:49:18,088 - INFO - ['bw 4 8  ', 'bw 6 8  ', 'bw 4 8  ', 'bw 6 8  ', 'dst \'["bw 4 8", "bw 6 8", "bw 4 8", "bw 6 8"]\'']
2024-12-31 16:49:18,088 - INFO - num_cities:2
2024-12-31 16:49:18,088 - INFO - num_workers:1
2024-12-31 16:49:18,088 - INFO - num_carts:1
2024-12-31 16:49:18,088 - INFO - 
2024-12-31 16:49:18,089 - INFO - 23
2024-12-31 16:49:18,089 - INFO - 23
2024-12-31 16:49:18,089 - INFO - ['bw 7 8  ', 'bw 5 8  ', 'bc 7 8', 'bc 5 8', 'dst \'["bw 7 8", "bw 5 8", "bc 7 8", "bc 5 8"]\'']
2024-12-31 16:49:18,089 - INFO - num_cities:2
2024-12-31 16:49:18,089 - INFO - num_workers:1
2024-12-31 16:49:18,089 - INFO - num_carts:1
2024-12-31 16:49:18,089 - INFO - 
2024-12-31 16:49:18,097 - INFO - 24
2024-12-31 16:49:18,097 - INFO - 24
2024-12-31 16:49:18,097 - INFO - ['bw 4 8  ', 'bw 6 8  ', 'bw 4 8  ', 'bw 6 8  ', 'm u_1 n ', 'm u_3 s ', 'dst \'["bw 4 8", "bw 6 8", "bw 4 8", "bw 6 8", "m u_1 n", "m u_3 s"]\'']
2024-12-31 16:49:18,097 - INFO - num_cities:2
2024-12-31 16:49:18,098 - INFO - num_workers:1
2024-12-31 16:49:18,098 - INFO - num_carts:1
2024-12-31 16:49:18,098 - INFO - 
2024-12-31 16:49:18,098 - INFO - 24
2024-12-31 16:49:18,098 - INFO - 24
2024-12-31 16:49:18,098 - INFO - ['bw 7 8  ', 'bw 5 8  ', 'bc 7 8', 'bc 5 8', 'm u_2 n ', 'm u_4 s ', 'dst \'["bw 7 8", "bw 5 8", "bc 7 8", "bc 5 8", "m u_2 n", "m u_4 s"]\'']
2024-12-31 16:49:18,098 - INFO - num_cities:2
2024-12-31 16:49:18,098 - INFO - num_workers:1
2024-12-31 16:49:18,099 - INFO - num_carts:1
2024-12-31 16:49:18,099 - INFO - 
2024-12-31 16:49:18,107 - INFO - 25
2024-12-31 16:49:18,107 - INFO - 25
2024-12-31 16:49:18,107 - INFO - ['bw 4 8  ', 'bw 6 8  ', 'bw 4 8  ', 'bw 6 8  ', 'm u_1 e ', 'm u_3 s ', 'dst \'["bw 4 8", "bw 6 8", "bw 4 8", "bw 6 8", "m u_1 e", "m u_3 s"]\'']
2024-12-31 16:49:18,107 - INFO - num_cities:2
2024-12-31 16:49:18,107 - INFO - num_workers:1
2024-12-31 16:49:18,107 - INFO - num_carts:1
2024-12-31 16:49:18,107 - INFO - 
2024-12-31 16:49:18,108 - INFO - 25
2024-12-31 16:49:18,108 - INFO - 25
2024-12-31 16:49:18,108 - INFO - ['bw 7 8  ', 'bw 5 8  ', 'bc 7 8', 'bc 5 8', 'm u_2 w ', 'm u_4 s ', 'dst \'["bw 7 8", "bw 5 8", "bc 7 8", "bc 5 8", "m u_2 w", "m u_4 s"]\'']
2024-12-31 16:49:18,108 - INFO - num_cities:2
2024-12-31 16:49:18,108 - INFO - num_workers:1
2024-12-31 16:49:18,108 - INFO - num_carts:1
2024-12-31 16:49:18,108 - INFO - 
2024-12-31 16:49:18,116 - INFO - 26
2024-12-31 16:49:18,116 - INFO - 26
2024-12-31 16:49:18,117 - INFO - ['bw 4 8  ', 'bw 6 8  ', 'bw 4 8  ', 'bw 6 8  ', 'm u_1 w ', 'dst \'["bw 4 8", "bw 6 8", "bw 4 8", "bw 6 8", "m u_1 w"]\'']
2024-12-31 16:49:18,117 - INFO - num_cities:2
2024-12-31 16:49:18,117 - INFO - num_workers:1
2024-12-31 16:49:18,117 - INFO - num_carts:1
2024-12-31 16:49:18,117 - INFO - 
2024-12-31 16:49:18,117 - INFO - 26
2024-12-31 16:49:18,117 - INFO - 26
2024-12-31 16:49:18,117 - INFO - ['bw 7 8  ', 'bw 5 8  ', 'bc 7 8', 'bc 5 8', 'm u_2 e ', 'dst \'["bw 7 8", "bw 5 8", "bc 7 8", "bc 5 8", "m u_2 e"]\'']
2024-12-31 16:49:18,117 - INFO - num_cities:2
2024-12-31 16:49:18,118 - INFO - num_workers:1
2024-12-31 16:49:18,118 - INFO - num_carts:1
2024-12-31 16:49:18,118 - INFO - 
2024-12-31 16:49:18,126 - INFO - 27
2024-12-31 16:49:18,127 - INFO - 27
2024-12-31 16:49:18,127 - INFO - ['bw 4 8  ', 'bw 6 8  ', 'bw 4 8  ', 'bw 6 8  ', 'm u_1 c ', 'm u_3 c ', 'dst \'["bw 4 8", "bw 6 8", "bw 4 8", "bw 6 8", "m u_1 c", "m u_3 c"]\'']
2024-12-31 16:49:18,127 - INFO - num_cities:2
2024-12-31 16:49:18,127 - INFO - num_workers:1
2024-12-31 16:49:18,127 - INFO - num_carts:1
2024-12-31 16:49:18,127 - INFO - 
2024-12-31 16:49:18,127 - INFO - 27
2024-12-31 16:49:18,128 - INFO - 27
2024-12-31 16:49:18,128 - INFO - ['bw 7 8  ', 'bw 5 8  ', 'bc 7 8', 'bc 5 8', 'm u_2 c ', 'm u_4 c ', 'dst \'["bw 7 8", "bw 5 8", "bc 7 8", "bc 5 8", "m u_2 c", "m u_4 c"]\'']
2024-12-31 16:49:18,128 - INFO - num_cities:2
2024-12-31 16:49:18,128 - INFO - num_workers:1
2024-12-31 16:49:18,128 - INFO - num_carts:1
2024-12-31 16:49:18,128 - INFO - 
2024-12-31 16:49:18,136 - INFO - 28
2024-12-31 16:49:18,136 - INFO - 28
2024-12-31 16:49:18,136 - INFO - ['bw 4 8  ', 'bw 6 8  ', 'bw 4 8  ', 'bw 6 8  ', 'm u_1 c ', 'm u_3 n ', 'dst \'["bw 4 8", "bw 6 8", "bw 4 8", "bw 6 8", "m u_1 c", "m u_3 n"]\'']
2024-12-31 16:49:18,137 - INFO - num_cities:2
2024-12-31 16:49:18,137 - INFO - num_workers:1
2024-12-31 16:49:18,137 - INFO - num_carts:1
2024-12-31 16:49:18,137 - INFO - 
2024-12-31 16:49:18,137 - INFO - 28
2024-12-31 16:49:18,137 - INFO - 28
2024-12-31 16:49:18,137 - INFO - ['bw 7 8  ', 'bw 5 8  ', 'bc 7 8', 'bc 5 8', 'm u_2 c ', 'm u_4 n ', 'dst \'["bw 7 8", "bw 5 8", "bc 7 8", "bc 5 8", "m u_2 c", "m u_4 n"]\'']
2024-12-31 16:49:18,137 - INFO - num_cities:2
2024-12-31 16:49:18,137 - INFO - num_workers:1
2024-12-31 16:49:18,137 - INFO - num_carts:1
2024-12-31 16:49:18,138 - INFO - 
2024-12-31 16:49:18,147 - INFO - 29
2024-12-31 16:49:18,147 - INFO - 29
2024-12-31 16:49:18,148 - INFO - ['bw 4 8  ', 'bw 6 8  ', 'bw 4 8  ', 'bw 6 8  ', 'm u_1 n ', 'm u_3 c ', 'dst \'["bw 4 8", "bw 6 8", "bw 4 8", "bw 6 8", "m u_1 n", "m u_3 c"]\'']
2024-12-31 16:49:18,148 - INFO - num_cities:2
2024-12-31 16:49:18,148 - INFO - num_workers:1
2024-12-31 16:49:18,148 - INFO - num_carts:1
2024-12-31 16:49:18,148 - INFO - 
2024-12-31 16:49:18,149 - INFO - 29
2024-12-31 16:49:18,149 - INFO - 29
2024-12-31 16:49:18,149 - INFO - ['bw 7 8  ', 'bw 5 8  ', 'bc 7 8', 'bc 5 8', 'm u_2 n ', 'm u_4 c ', 'dst \'["bw 7 8", "bw 5 8", "bc 7 8", "bc 5 8", "m u_2 n", "m u_4 c"]\'']
2024-12-31 16:49:18,149 - INFO - num_cities:2
2024-12-31 16:49:18,149 - INFO - num_workers:1
2024-12-31 16:49:18,149 - INFO - num_carts:1
2024-12-31 16:49:18,149 - INFO - 
2024-12-31 16:49:18,159 - INFO - 30
2024-12-31 16:49:18,160 - INFO - 30
2024-12-31 16:49:18,160 - INFO - ['bw 4 8  ', 'bw 6 8  ', 'bw 4 8  ', 'bw 6 8  ', 'm u_1 s ', 'm u_3 w ', 'dst \'["bw 4 8", "bw 6 8", "bw 4 8", "bw 6 8", "m u_1 s", "m u_3 w"]\'']
2024-12-31 16:49:18,160 - INFO - num_cities:2
2024-12-31 16:49:18,160 - INFO - num_workers:1
2024-12-31 16:49:18,160 - INFO - num_carts:1
2024-12-31 16:49:18,160 - INFO - 
2024-12-31 16:49:18,160 - INFO - 30
2024-12-31 16:49:18,160 - INFO - 30
2024-12-31 16:49:18,160 - INFO - ['bw 7 8  ', 'bw 5 8  ', 'bc 7 8', 'bc 5 8', 'm u_2 s ', 'm u_4 e ', 'dst \'["bw 7 8", "bw 5 8", "bc 7 8", "bc 5 8", "m u_2 s", "m u_4 e"]\'']
2024-12-31 16:49:18,161 - INFO - num_cities:2
2024-12-31 16:49:18,161 - INFO - num_workers:1
2024-12-31 16:49:18,161 - INFO - num_carts:1
2024-12-31 16:49:18,161 - INFO - 
2024-12-31 16:49:18,169 - INFO - 31
2024-12-31 16:49:18,170 - INFO - 31
2024-12-31 16:49:18,170 - INFO - ['bw 4 8  ', 'bw 6 8  ', 'bw 4 8  ', 'bw 6 8  ', 'm u_3 s ', 'dst \'["bw 4 8", "bw 6 8", "bw 4 8", "bw 6 8", "m u_3 s"]\'']
2024-12-31 16:49:18,170 - INFO - num_cities:2
2024-12-31 16:49:18,170 - INFO - num_workers:1
2024-12-31 16:49:18,170 - INFO - num_carts:1
2024-12-31 16:49:18,170 - INFO - 
2024-12-31 16:49:18,170 - INFO - 31
2024-12-31 16:49:18,171 - INFO - 31
2024-12-31 16:49:18,171 - INFO - ['bw 7 8  ', 'bw 5 8  ', 'bc 7 8', 'bc 5 8', 'm u_4 s ', 'dst \'["bw 7 8", "bw 5 8", "bc 7 8", "bc 5 8", "m u_4 s"]\'']
2024-12-31 16:49:18,171 - INFO - num_cities:2
2024-12-31 16:49:18,171 - INFO - num_workers:1
2024-12-31 16:49:18,171 - INFO - num_carts:1
2024-12-31 16:49:18,171 - INFO - 
2024-12-31 16:49:18,179 - INFO - 32
2024-12-31 16:49:18,179 - INFO - 32
2024-12-31 16:49:18,179 - INFO - ['bw 6 8  ', 'bw 6 8  ', 'dst \'["bw 6 8", "bw 6 8"]\'']
2024-12-31 16:49:18,179 - INFO - num_cities:1
2024-12-31 16:49:18,179 - INFO - num_workers:0
2024-12-31 16:49:18,179 - INFO - num_carts:0
2024-12-31 16:49:18,180 - INFO - 
2024-12-31 16:49:18,180 - INFO - 32
2024-12-31 16:49:18,180 - INFO - 32
2024-12-31 16:49:18,180 - INFO - ['bw 5 8  ', 'bc 5 8', 'dst \'["bw 5 8", "bc 5 8"]\'']
2024-12-31 16:49:18,180 - INFO - num_cities:1
2024-12-31 16:49:18,180 - INFO - num_workers:0
2024-12-31 16:49:18,180 - INFO - num_carts:0
2024-12-31 16:49:18,180 - INFO - 
2024-12-31 16:49:18,188 - INFO - 33
2024-12-31 16:49:18,188 - INFO - 33
2024-12-31 16:49:18,188 - INFO - ['bw 6 8  ', 'm u_5 s ', 'dst \'["bw 6 8", "m u_5 s"]\'']
2024-12-31 16:49:18,189 - INFO - num_cities:1
2024-12-31 16:49:18,189 - INFO - num_workers:1
2024-12-31 16:49:18,189 - INFO - num_carts:0
2024-12-31 16:49:18,189 - INFO - 
2024-12-31 16:49:18,189 - INFO - 33
2024-12-31 16:49:18,189 - INFO - 33
2024-12-31 16:49:18,189 - INFO - ['bc 5 8', 'm u_6 s ', 'dst \'["bc 5 8", "m u_6 s"]\'']
2024-12-31 16:49:18,189 - INFO - num_cities:1
2024-12-31 16:49:18,189 - INFO - num_workers:1
2024-12-31 16:49:18,189 - INFO - num_carts:0
2024-12-31 16:49:18,190 - INFO - 
2024-12-31 16:49:18,197 - INFO - 34
2024-12-31 16:49:18,197 - INFO - 34
2024-12-31 16:49:18,197 - INFO - ['bw 6 8  ', 'dst \'["bw 6 8"]\'']
2024-12-31 16:49:18,197 - INFO - num_cities:1
2024-12-31 16:49:18,197 - INFO - num_workers:0
2024-12-31 16:49:18,197 - INFO - num_carts:0
2024-12-31 16:49:18,197 - INFO - 
2024-12-31 16:49:18,198 - INFO - 34
2024-12-31 16:49:18,198 - INFO - 34
2024-12-31 16:49:18,198 - INFO - ['bc 5 8', 'dst \'["bc 5 8"]\'']
2024-12-31 16:49:18,198 - INFO - num_cities:1
2024-12-31 16:49:18,198 - INFO - num_workers:0
2024-12-31 16:49:18,198 - INFO - num_carts:0
2024-12-31 16:49:18,198 - INFO - 
2024-12-31 16:49:18,205 - INFO - 35
2024-12-31 16:49:18,205 - INFO - 35
2024-12-31 16:49:18,205 - INFO - ['bw 6 8  ', 'dst \'["bw 6 8"]\'']
2024-12-31 16:49:18,205 - INFO - num_cities:1
2024-12-31 16:49:18,205 - INFO - num_workers:0
2024-12-31 16:49:18,206 - INFO - num_carts:0
2024-12-31 16:49:18,206 - INFO - 
2024-12-31 16:49:18,206 - INFO - 35
2024-12-31 16:49:18,206 - INFO - 35
2024-12-31 16:49:18,206 - INFO - ['bc 5 8', 'dst \'["bc 5 8"]\'']
2024-12-31 16:49:18,207 - INFO - num_cities:1
2024-12-31 16:49:18,207 - INFO - num_workers:0
2024-12-31 16:49:18,207 - INFO - num_carts:0
2024-12-31 16:49:18,207 - INFO - 
2024-12-31 16:49:18,214 - INFO - 36
2024-12-31 16:49:18,214 - INFO - 36
2024-12-31 16:49:18,215 - INFO - ['bw 6 8  ', 'dst \'["bw 6 8"]\'']
2024-12-31 16:49:18,215 - INFO - num_cities:1
2024-12-31 16:49:18,215 - INFO - num_workers:0
2024-12-31 16:49:18,215 - INFO - num_carts:0
2024-12-31 16:49:18,215 - INFO - 
2024-12-31 16:49:18,215 - INFO - 36
2024-12-31 16:49:18,215 - INFO - 36
2024-12-31 16:49:18,215 - INFO - ['bc 5 8', 'dst \'["bc 5 8"]\'']
2024-12-31 16:49:18,215 - INFO - num_cities:1
2024-12-31 16:49:18,215 - INFO - num_workers:0
2024-12-31 16:49:18,215 - INFO - num_carts:0
2024-12-31 16:49:18,215 - INFO - 
