2024-12-27 15:14:44,764 - INFO - This is an informational message
2024-12-27 15:14:44,766 - WARNING - This is a warning message
2024-12-27 15:14:44,767 - ERROR - This is an error message
2024-12-27 15:14:44,768 - CRITICAL - This is a critical message
2024-12-27 15:14:44,768 - INFO - safds
2024-12-27 17:05:54,782 - INFO - 1
2024-12-27 17:05:54,783 - INFO - 1
2024-12-27 17:05:54,783 - INFO - ['bw 1 11', "dst '['bw 1 11']\r\nafdfddsf'"]
2024-12-27 17:05:54,783 - INFO - 
2024-12-27 17:05:54,796 - INFO - 2
2024-12-27 17:05:54,796 - INFO - 2
2024-12-27 17:05:54,797 - INFO - ['bw 1 11', 'm u_1 n', "dst '['bw 1 11', 'm u_1 n']\r\nafdfddsf'"]
2024-12-27 17:05:54,797 - INFO - 
2024-12-27 17:05:54,810 - INFO - 3
2024-12-27 17:05:54,811 - INFO - 3
2024-12-27 17:05:54,811 - INFO - ['bw 1 11', "dst '['bw 1 11']\r\nafdfddsf'"]
2024-12-27 17:05:54,812 - INFO - 
2024-12-27 17:05:54,827 - INFO - 4
2024-12-27 17:05:54,827 - INFO - 4
2024-12-27 17:05:54,827 - INFO - ['bw 1 11', 'bcity u_1', "dst '['bw 1 11', 'bcity u_1']\r\nafdfddsf'"]
2024-12-27 17:05:54,827 - INFO - 
2024-12-27 17:05:54,842 - INFO - 5
2024-12-27 17:05:54,842 - INFO - 5
2024-12-27 17:05:54,842 - INFO - ['bw 1 11', 'bw 1 9', 'm u_1 n', "dst '['bw 1 11', 'bw 1 9', 'm u_1 n']\r\nafdfddsf'"]
2024-12-27 17:05:54,842 - INFO - 
2024-12-27 17:05:54,855 - INFO - 6
2024-12-27 17:05:54,856 - INFO - 6
2024-12-27 17:05:54,856 - INFO - ['bw 1 9', 'm u_3 e', "dst '['bw 1 9', 'm u_3 e']\r\nafdfddsf'"]
2024-12-27 17:05:54,856 - INFO - 
2024-12-27 17:05:54,870 - INFO - 7
2024-12-27 17:05:54,870 - INFO - 7
2024-12-27 17:05:54,870 - INFO - ['bw 1 9', 'm u_1 c', "dst '['bw 1 9', 'm u_1 c']\r\nafdfddsf'"]
2024-12-27 17:05:54,870 - INFO - 
2024-12-27 17:05:54,885 - INFO - 8
2024-12-27 17:05:54,885 - INFO - 8
2024-12-27 17:05:54,885 - INFO - ['bw 1 9', 'm u_1 c', 'm u_3 c', "dst '['bw 1 9', 'm u_1 c', 'm u_3 c']\r\nafdfddsf'"]
2024-12-27 17:05:54,886 - INFO - 
2024-12-27 17:05:54,901 - INFO - 9
2024-12-27 17:05:54,901 - INFO - 9
2024-12-27 17:05:54,901 - INFO - ['bw 1 9', 'm u_1 n', 'm u_3 n', "dst '['bw 1 9', 'm u_1 n', 'm u_3 n']\r\nafdfddsf'"]
2024-12-27 17:05:54,902 - INFO - 
2024-12-27 17:05:54,917 - INFO - 10
2024-12-27 17:05:54,917 - INFO - 10
2024-12-27 17:05:54,917 - INFO - ['bw 1 9', "dst '['bw 1 9']\r\nafdfddsf'"]
2024-12-27 17:05:54,918 - INFO - 
2024-12-27 17:05:54,931 - INFO - 11
2024-12-27 17:05:54,932 - INFO - 11
2024-12-27 17:05:54,932 - INFO - ['bw 1 9', 'm u_1 w', 'm u_3 n', "dst '['bw 1 9', 'm u_1 w', 'm u_3 n']\r\nafdfddsf'"]
2024-12-27 17:05:54,933 - INFO - 
2024-12-27 17:05:54,946 - INFO - 12
2024-12-27 17:05:54,946 - INFO - 12
2024-12-27 17:05:54,946 - INFO - ['bw 1 9', "dst '['bw 1 9']\r\nafdfddsf'"]
2024-12-27 17:05:54,947 - INFO - 
2024-12-27 17:05:54,964 - INFO - 13
2024-12-27 17:05:54,965 - INFO - 13
2024-12-27 17:05:54,965 - INFO - ['bw 1 9', 'm u_1 n', 'bcity u_3', "dst '['bw 1 9', 'm u_1 n', 'bcity u_3']\r\nafdfddsf'"]
2024-12-27 17:05:54,965 - INFO - 
2024-12-27 17:05:54,979 - INFO - 14
2024-12-27 17:05:54,980 - INFO - 14
2024-12-27 17:05:54,980 - INFO - ['bw 1 9', 'bw 2 9', 'm u_3 n', "dst '['bw 1 9', 'bw 2 9', 'm u_3 n']\r\nafdfddsf'"]
2024-12-27 17:05:54,980 - INFO - 
2024-12-27 17:05:54,999 - INFO - 15
2024-12-27 17:05:55,000 - INFO - 15
2024-12-27 17:05:55,000 - INFO - ['bw 1 11', 'bw 2 9', 'm u_1 c', 'm u_4 c', "dst '['bw 1 11', 'bw 2 9', 'm u_1 c', 'm u_4 c']\r\nafdfddsf'"]
2024-12-27 17:05:55,001 - INFO - 
2024-12-27 17:05:55,019 - INFO - 16
2024-12-27 17:05:55,019 - INFO - 16
2024-12-27 17:05:55,020 - INFO - ['bw 1 11', 'bw 2 9', 'm u_1 n', 'm u_3 c', 'm u_4 w', "dst '['bw 1 11', 'bw 2 9', 'm u_1 n', 'm u_3 c', 'm u_4 w']\r\nafdfddsf'"]
2024-12-27 17:05:55,020 - INFO - 
2024-12-27 17:05:55,035 - INFO - 17
2024-12-27 17:05:55,036 - INFO - 17
2024-12-27 17:05:55,036 - INFO - ['bw 1 11', 'bw 2 9', 'm u_3 c', "dst '['bw 1 11', 'bw 2 9', 'm u_3 c']\r\nafdfddsf'"]
2024-12-27 17:05:55,036 - INFO - 
2024-12-27 17:05:55,053 - INFO - 18
2024-12-27 17:05:55,054 - INFO - 18
2024-12-27 17:05:55,054 - INFO - ['bw 1 11', 'bw 2 9', 'm u_1 w', 'm u_3 e', 'm u_4 n', "dst '['bw 1 11', 'bw 2 9', 'm u_1 w', 'm u_3 e', 'm u_4 n']\r\nafdfddsf'"]
2024-12-27 17:05:55,054 - INFO - 
2024-12-27 17:05:55,070 - INFO - 19
2024-12-27 17:05:55,070 - INFO - 19
2024-12-27 17:05:55,071 - INFO - ['bw 1 11', 'bw 2 9', 'm u_1 c', "dst '['bw 1 11', 'bw 2 9', 'm u_1 c']\r\nafdfddsf'"]
2024-12-27 17:05:55,071 - INFO - 
2024-12-27 17:05:55,083 - INFO - 20
2024-12-27 17:05:55,084 - INFO - 20
2024-12-27 17:05:55,084 - INFO - ['bw 1 11', 'bw 2 9', 'm u_1 w', 'm u_3 e', 'm u_4 e', "dst '['bw 1 11', 'bw 2 9', 'm u_1 w', 'm u_3 e', 'm u_4 e']\r\nafdfddsf'"]
2024-12-27 17:05:55,084 - INFO - 
2024-12-27 17:05:55,102 - INFO - 21
2024-12-27 17:05:55,102 - INFO - 21
2024-12-27 17:05:55,103 - INFO - ['bw 1 11', 'bw 2 9', 'm u_1 c', "dst '['bw 1 11', 'bw 2 9', 'm u_1 c']\r\nafdfddsf'"]
2024-12-27 17:05:55,103 - INFO - 
2024-12-27 17:05:55,138 - INFO - 22
2024-12-27 17:05:55,139 - INFO - 22
2024-12-27 17:05:55,139 - INFO - ['bw 1 11', 'bw 2 9', 'm u_1 c', 'm u_3 e', 'm u_4 n', "dst '['bw 1 11', 'bw 2 9', 'm u_1 c', 'm u_3 e', 'm u_4 n']\r\nafdfddsf'"]
2024-12-27 17:05:55,139 - INFO - 
2024-12-27 17:05:55,163 - INFO - 23
2024-12-27 17:05:55,163 - INFO - 23
2024-12-27 17:05:55,164 - INFO - ['bw 1 11', 'bw 2 9', 'm u_1 n', "dst '['bw 1 11', 'bw 2 9', 'm u_1 n']\r\nafdfddsf'"]
2024-12-27 17:05:55,165 - INFO - 
2024-12-27 17:05:55,185 - INFO - 24
2024-12-27 17:05:55,185 - INFO - 24
2024-12-27 17:05:55,186 - INFO - ['bw 1 11', 'bw 1 9', 'bw 2 9', 'm u_3 w', 'm u_4 n', "dst '['bw 1 11', 'bw 1 9', 'bw 2 9', 'm u_3 w', 'm u_4 n']\r\nafdfddsf'"]
2024-12-27 17:05:55,186 - INFO - 
2024-12-27 17:05:55,202 - INFO - 25
2024-12-27 17:05:55,202 - INFO - 25
2024-12-27 17:05:55,202 - INFO - ['bw 1 11', 'bw 1 9', 'bw 2 9', 'm u_1 e', "dst '['bw 1 11', 'bw 1 9', 'bw 2 9', 'm u_1 e']\r\nafdfddsf'"]
2024-12-27 17:05:55,202 - INFO - 
2024-12-27 17:05:55,218 - INFO - 26
2024-12-27 17:05:55,218 - INFO - 26
2024-12-27 17:05:55,218 - INFO - ['bw 1 11', 'bw 1 9', 'bw 2 9', 'm u_3 e', 'm u_4 e', "dst '['bw 1 11', 'bw 1 9', 'bw 2 9', 'm u_3 e', 'm u_4 e']\r\nafdfddsf'"]
2024-12-27 17:05:55,218 - INFO - 
2024-12-27 17:05:55,237 - INFO - 27
2024-12-27 17:05:55,238 - INFO - 27
2024-12-27 17:05:55,238 - INFO - ['bw 1 11', 'bw 1 9', 'bw 2 9', 'm u_1 n', "dst '['bw 1 11', 'bw 1 9', 'bw 2 9', 'm u_1 n']\r\nafdfddsf'"]
2024-12-27 17:05:55,238 - INFO - 
2024-12-27 17:05:55,252 - INFO - 28
2024-12-27 17:05:55,253 - INFO - 28
2024-12-27 17:05:55,253 - INFO - ['bw 1 11', 'bw 1 9', 'bw 2 9', 'm u_3 w', 'm u_4 n', "dst '['bw 1 11', 'bw 1 9', 'bw 2 9', 'm u_3 w', 'm u_4 n']\r\nafdfddsf'"]
2024-12-27 17:05:55,253 - INFO - 
2024-12-27 17:05:55,269 - INFO - 29
2024-12-27 17:05:55,269 - INFO - 29
2024-12-27 17:05:55,269 - INFO - ['bw 1 11', 'bw 1 9', 'bw 2 9', 'm u_1 w', "dst '['bw 1 11', 'bw 1 9', 'bw 2 9', 'm u_1 w']\r\nafdfddsf'"]
2024-12-27 17:05:55,269 - INFO - 
2024-12-27 17:05:55,285 - INFO - 30
2024-12-27 17:05:55,286 - INFO - 30
2024-12-27 17:05:55,286 - INFO - ['bw 1 11', 'bw 1 9', 'bw 2 9', 'm u_3 n', 'm u_4 e', "dst '['bw 1 11', 'bw 1 9', 'bw 2 9', 'm u_3 n', 'm u_4 e']\r\nafdfddsf'"]
2024-12-27 17:05:55,287 - INFO - 
2024-12-27 17:05:55,300 - INFO - 31
2024-12-27 17:05:55,301 - INFO - 31
2024-12-27 17:05:55,301 - INFO - ['bw 1 9', 'bw 2 9', 'm u_1 e', "dst '['bw 1 9', 'bw 2 9', 'm u_1 e']\r\nafdfddsf'"]
2024-12-27 17:05:55,301 - INFO - 
2024-12-27 17:05:55,314 - INFO - 32
2024-12-27 17:05:55,314 - INFO - 32
2024-12-27 17:05:55,314 - INFO - ['bw 1 9', 'bw 2 9', "dst '['bw 1 9', 'bw 2 9']\r\nafdfddsf'"]
2024-12-27 17:05:55,315 - INFO - 
2024-12-27 17:05:55,326 - INFO - 33
2024-12-27 17:05:55,326 - INFO - 33
2024-12-27 17:05:55,326 - INFO - ["dst '[]\r\nafdfddsf'"]
2024-12-27 17:05:55,327 - INFO - 
2024-12-27 17:05:55,337 - INFO - 34
2024-12-27 17:05:55,338 - INFO - 34
2024-12-27 17:05:55,338 - INFO - ['m u_4 c', "dst '['m u_4 c']\r\nafdfddsf'"]
2024-12-27 17:05:55,338 - INFO - 
2024-12-27 17:05:55,351 - INFO - 35
2024-12-27 17:05:55,351 - INFO - 35
2024-12-27 17:05:55,352 - INFO - ['m u_1 n', 'm u_4 n', "dst '['m u_1 n', 'm u_4 n']\r\nafdfddsf'"]
2024-12-27 17:05:55,352 - INFO - 
2024-12-27 17:05:55,394 - INFO - 36
2024-12-27 17:05:55,394 - INFO - 36
2024-12-27 17:05:55,394 - INFO - ["dst '[]\r\nafdfddsf'"]
2024-12-27 17:05:55,394 - INFO - 
2024-12-27 17:05:55,406 - INFO - 37
2024-12-27 17:05:55,407 - INFO - 37
2024-12-27 17:05:55,407 - INFO - ["dst '[]\r\nafdfddsf'"]
2024-12-27 17:05:55,407 - INFO - 
2024-12-27 17:05:55,418 - INFO - 38
2024-12-27 17:05:55,419 - INFO - 38
2024-12-27 17:05:55,419 - INFO - ["dst '[]\r\nafdfddsf'"]
2024-12-27 17:05:55,419 - INFO - 
2024-12-27 17:05:55,430 - INFO - 39
2024-12-27 17:05:55,431 - INFO - 39
2024-12-27 17:05:55,431 - INFO - ['m u_1 c', 'm u_4 e', "dst '['m u_1 c', 'm u_4 e']\r\nafdfddsf'"]
2024-12-27 17:05:55,431 - INFO - 
2024-12-27 17:05:55,442 - INFO - 40
2024-12-27 17:05:55,442 - INFO - 40
2024-12-27 17:05:55,442 - INFO - ['m u_1 n', "dst '['m u_1 n']\r\nafdfddsf'"]
2024-12-27 17:05:55,442 - INFO - 
2024-12-27 17:05:55,454 - INFO - 41
2024-12-27 17:05:55,454 - INFO - 41
2024-12-27 17:05:55,454 - INFO - ["dst '[]\r\nafdfddsf'"]
2024-12-27 17:05:55,455 - INFO - 
2024-12-27 17:05:55,467 - INFO - 42
2024-12-27 17:05:55,467 - INFO - 42
2024-12-27 17:05:55,467 - INFO - ['m u_1 c', "dst '['m u_1 c']\r\nafdfddsf'"]
2024-12-27 17:05:55,467 - INFO - 
2024-12-27 17:05:55,478 - INFO - 43
2024-12-27 17:05:55,479 - INFO - 43
2024-12-27 17:05:55,479 - INFO - ['m u_1 n', 'm u_4 w', "dst '['m u_1 n', 'm u_4 w']\r\nafdfddsf'"]
2024-12-27 17:05:55,479 - INFO - 
2024-12-27 17:05:55,491 - INFO - 44
2024-12-27 17:05:55,491 - INFO - 44
2024-12-27 17:05:55,492 - INFO - ["dst '[]\r\nafdfddsf'"]
2024-12-27 17:05:55,492 - INFO - 
2024-12-27 17:05:55,505 - INFO - 45
2024-12-27 17:05:55,506 - INFO - 45
2024-12-27 17:05:55,506 - INFO - ['m u_1 e', 'bcity u_4', "dst '['m u_1 e', 'bcity u_4']\r\nafdfddsf'"]
2024-12-27 17:05:55,506 - INFO - 
2024-12-27 17:05:55,518 - INFO - 46
2024-12-27 17:05:55,519 - INFO - 46
2024-12-27 17:05:55,519 - INFO - ['bw 3 4', 'm u_4 w', "dst '['bw 3 4', 'm u_4 w']\r\nafdfddsf'"]
2024-12-27 17:05:55,519 - INFO - 
2024-12-27 17:05:55,535 - INFO - 47
2024-12-27 17:05:55,536 - INFO - 47
2024-12-27 17:05:55,536 - INFO - ['bw 3 4', 'm u_1 e', "dst '['bw 3 4', 'm u_1 e']\r\nafdfddsf'"]
2024-12-27 17:05:55,536 - INFO - 
2024-12-27 17:05:55,548 - INFO - 48
2024-12-27 17:05:55,549 - INFO - 48
2024-12-27 17:05:55,549 - INFO - ['bw 3 4', 'm u_4 c', "dst '['bw 3 4', 'm u_4 c']\r\nafdfddsf'"]
2024-12-27 17:05:55,549 - INFO - 
2024-12-27 17:05:55,561 - INFO - 49
2024-12-27 17:05:55,561 - INFO - 49
2024-12-27 17:05:55,561 - INFO - ['bw 3 4', 'm u_1 e', 'm u_4 e', "dst '['bw 3 4', 'm u_1 e', 'm u_4 e']\r\nafdfddsf'"]
2024-12-27 17:05:55,561 - INFO - 
2024-12-27 17:05:55,572 - INFO - 50
2024-12-27 17:05:55,572 - INFO - 50
2024-12-27 17:05:55,572 - INFO - ['bw 3 4', 'm u_4 c', "dst '['bw 3 4', 'm u_4 c']\r\nafdfddsf'"]
2024-12-27 17:05:55,572 - INFO - 
2024-12-27 17:05:55,584 - INFO - 51
2024-12-27 17:05:55,585 - INFO - 51
2024-12-27 17:05:55,585 - INFO - ['bw 3 4', 'm u_1 e', 'm u_4 n', "dst '['bw 3 4', 'm u_1 e', 'm u_4 n']\r\nafdfddsf'"]
2024-12-27 17:05:55,585 - INFO - 
2024-12-27 17:05:55,602 - INFO - 52
2024-12-27 17:05:55,603 - INFO - 52
2024-12-27 17:05:55,603 - INFO - ['bw 3 4', "dst '['bw 3 4']\r\nafdfddsf'"]
2024-12-27 17:05:55,604 - INFO - 
2024-12-27 17:05:55,619 - INFO - 53
2024-12-27 17:05:55,620 - INFO - 53
2024-12-27 17:05:55,620 - INFO - ['bw 3 4', 'm u_1 c', 'm u_4 c', "dst '['bw 3 4', 'm u_1 c', 'm u_4 c']\r\nafdfddsf'"]
2024-12-27 17:05:55,620 - INFO - 
2024-12-27 17:05:55,638 - INFO - 54
2024-12-27 17:05:55,638 - INFO - 54
2024-12-27 17:05:55,638 - INFO - ['bw 3 4', 'm u_1 c', 'm u_4 w', "dst '['bw 3 4', 'm u_1 c', 'm u_4 w']\r\nafdfddsf'"]
2024-12-27 17:05:55,638 - INFO - 
2024-12-27 17:05:55,656 - INFO - 55
2024-12-27 17:05:55,657 - INFO - 55
2024-12-27 17:05:55,657 - INFO - ['bw 3 4', 'm u_1 w', "dst '['bw 3 4', 'm u_1 w']\r\nafdfddsf'"]
2024-12-27 17:05:55,657 - INFO - 
2024-12-27 17:05:55,675 - INFO - 56
2024-12-27 17:05:55,676 - INFO - 56
2024-12-27 17:05:55,676 - INFO - ['bw 3 4', 'bcity u_4', "dst '['bw 3 4', 'bcity u_4']\r\nafdfddsf'"]
2024-12-27 17:05:55,676 - INFO - 
2024-12-27 17:05:55,692 - INFO - 57
2024-12-27 17:05:55,692 - INFO - 57
2024-12-27 17:05:55,692 - INFO - ['bw 3 4', 'bw 2 3', 'm u_1 e', 'm u_4 c', "dst '['bw 3 4', 'bw 2 3', 'm u_1 e', 'm u_4 c']\r\nafdfddsf'"]
2024-12-27 17:05:55,692 - INFO - 
2024-12-27 17:05:55,711 - INFO - 58
2024-12-27 17:05:55,711 - INFO - 58
2024-12-27 17:05:55,711 - INFO - ['bw 3 4', 'bw 2 3', 'm u_4 e', "dst '['bw 3 4', 'bw 2 3', 'm u_4 e']\r\nafdfddsf'"]
2024-12-27 17:05:55,711 - INFO - 
2024-12-27 17:05:55,727 - INFO - 59
2024-12-27 17:05:55,729 - INFO - 59
2024-12-27 17:05:55,729 - INFO - ['bw 3 4', 'bw 2 3', 'm u_1 n', "dst '['bw 3 4', 'bw 2 3', 'm u_1 n']\r\nafdfddsf'"]
2024-12-27 17:05:55,729 - INFO - 
2024-12-27 17:05:55,745 - INFO - 60
2024-12-27 17:05:55,746 - INFO - 60
2024-12-27 17:05:55,746 - INFO - ['bw 3 4', 'bw 2 3', 'm u_1 c', 'm u_4 n', "dst '['bw 3 4', 'bw 2 3', 'm u_1 c', 'm u_4 n']\r\nafdfddsf'"]
2024-12-27 17:05:55,746 - INFO - 
2024-12-27 17:05:55,763 - INFO - 61
2024-12-27 17:05:55,764 - INFO - 61
2024-12-27 17:05:55,764 - INFO - ['bw 3 4', 'bw 2 3', 'm u_1 e', "dst '['bw 3 4', 'bw 2 3', 'm u_1 e']\r\nafdfddsf'"]
2024-12-27 17:05:55,764 - INFO - 
2024-12-27 17:05:55,782 - INFO - 62
2024-12-27 17:05:55,782 - INFO - 62
2024-12-27 17:05:55,783 - INFO - ['bw 3 4', 'bw 2 3', 'm u_4 w', "dst '['bw 3 4', 'bw 2 3', 'm u_4 w']\r\nafdfddsf'"]
2024-12-27 17:05:55,783 - INFO - 
2024-12-27 17:05:55,799 - INFO - 63
2024-12-27 17:05:55,800 - INFO - 63
2024-12-27 17:05:55,801 - INFO - ['bw 3 4', 'bw 2 3', 'm u_1 e', "dst '['bw 3 4', 'bw 2 3', 'm u_1 e']\r\nafdfddsf'"]
2024-12-27 17:05:55,801 - INFO - 
2024-12-27 17:05:55,817 - INFO - 64
2024-12-27 17:05:55,817 - INFO - 64
2024-12-27 17:05:55,818 - INFO - ['bw 3 4', 'bw 2 3', 'bcity u_4', "dst '['bw 3 4', 'bw 2 3', 'bcity u_4']\r\nafdfddsf'"]
2024-12-27 17:05:55,818 - INFO - 
2024-12-27 17:05:55,836 - INFO - 65
2024-12-27 17:05:55,837 - INFO - 65
2024-12-27 17:05:55,837 - INFO - ['bw 3 4', 'bw 2 3', 'bw 2 2', 'm u_1 n', 'm u_4 c', "dst '['bw 3 4', 'bw 2 3', 'bw 2 2', 'm u_1 n', 'm u_4 c']\r\nafdfddsf'"]
2024-12-27 17:05:55,837 - INFO - 
2024-12-27 17:05:55,849 - INFO - 66
2024-12-27 17:05:55,850 - INFO - 66
2024-12-27 17:05:55,850 - INFO - ['bw 2 3', 'bw 2 2', 'm u_1 e', 'm u_4 c', 'm u_5 w', "dst '['bw 2 3', 'bw 2 2', 'm u_1 e', 'm u_4 c', 'm u_5 w']\r\nafdfddsf'"]
2024-12-27 17:05:55,850 - INFO - 
2024-12-27 17:05:55,860 - INFO - 67
2024-12-27 17:05:55,861 - INFO - 67
2024-12-27 17:05:55,861 - INFO - ['bw 2 3', 'bw 2 2', 'm u_4 w', "dst '['bw 2 3', 'bw 2 2', 'm u_4 w']\r\nafdfddsf'"]
2024-12-27 17:05:55,861 - INFO - 
2024-12-27 17:05:55,873 - INFO - 68
2024-12-27 17:05:55,874 - INFO - 68
2024-12-27 17:05:55,874 - INFO - ['bw 2 3', 'bw 2 2', 'm u_1 w', 'm u_5 c', "dst '['bw 2 3', 'bw 2 2', 'm u_1 w', 'm u_5 c']\r\nafdfddsf'"]
2024-12-27 17:05:55,874 - INFO - 
2024-12-27 17:05:55,884 - INFO - 69
2024-12-27 17:05:55,884 - INFO - 69
2024-12-27 17:05:55,885 - INFO - ['bw 2 3', 'bw 2 2', 'm u_4 e', 'm u_5 c', "dst '['bw 2 3', 'bw 2 2', 'm u_4 e', 'm u_5 c']\r\nafdfddsf'"]
2024-12-27 17:05:55,885 - INFO - 
2024-12-27 17:05:55,898 - INFO - 70
2024-12-27 17:05:55,899 - INFO - 70
2024-12-27 17:05:55,899 - INFO - ['bw 2 3', 'bw 2 2', 'm u_1 c', 'm u_4 e', 'm u_5 w', "dst '['bw 2 3', 'bw 2 2', 'm u_1 c', 'm u_4 e', 'm u_5 w']\r\nafdfddsf'"]
2024-12-27 17:05:55,899 - INFO - 
2024-12-27 17:05:55,912 - INFO - 71
2024-12-27 17:05:55,912 - INFO - 71
2024-12-27 17:05:55,912 - INFO - ['bw 2 3', 'bw 2 2', "dst '['bw 2 3', 'bw 2 2']\r\nafdfddsf'"]
2024-12-27 17:05:55,912 - INFO - 
2024-12-27 17:05:55,924 - INFO - 72
2024-12-27 17:05:55,924 - INFO - 72
2024-12-27 17:05:55,925 - INFO - ['bw 2 2', 'm u_6 w', "dst '['bw 2 2', 'm u_6 w']\r\nafdfddsf'"]
2024-12-27 17:05:55,925 - INFO - 
2024-12-27 17:05:55,936 - INFO - 73
2024-12-27 17:05:55,937 - INFO - 73
2024-12-27 17:05:55,937 - INFO - ['bw 2 2', "dst '['bw 2 2']\r\nafdfddsf'"]
2024-12-27 17:05:55,937 - INFO - 
2024-12-27 17:05:55,951 - INFO - 74
2024-12-27 17:05:55,953 - INFO - 74
2024-12-27 17:05:55,953 - INFO - ['m u_4 e', 'm u_5 c', 'm u_7 c', "dst '['m u_4 e', 'm u_5 c', 'm u_7 c']\r\nafdfddsf'"]
2024-12-27 17:05:55,953 - INFO - 
2024-12-27 17:05:55,970 - INFO - 75
2024-12-27 17:05:55,971 - INFO - 75
2024-12-27 17:05:55,971 - INFO - ['bw 3 4', 'm u_5 w', 'm u_7 n', "dst '['bw 3 4', 'm u_5 w', 'm u_7 n']\r\nafdfddsf'"]
2024-12-27 17:05:55,971 - INFO - 
2024-12-27 17:05:55,982 - INFO - 76
2024-12-27 17:05:55,982 - INFO - 76
2024-12-27 17:05:55,982 - INFO - ['bw 3 4', "dst '['bw 3 4']\r\nafdfddsf'"]
2024-12-27 17:05:55,983 - INFO - 
2024-12-27 17:05:55,995 - INFO - 77
2024-12-27 17:05:55,996 - INFO - 77
2024-12-27 17:05:55,996 - INFO - ['m u_8 n', "dst '['m u_8 n']\r\nafdfddsf'"]
2024-12-27 17:05:55,996 - INFO - 
2024-12-27 17:05:56,006 - INFO - 78
2024-12-27 17:05:56,006 - INFO - 78
2024-12-27 17:05:56,006 - INFO - ['m u_4 n', "dst '['m u_4 n']\r\nafdfddsf'"]
2024-12-27 17:05:56,006 - INFO - 
2024-12-27 17:05:56,017 - INFO - 79
2024-12-27 17:05:56,017 - INFO - 79
2024-12-27 17:05:56,017 - INFO - ['m u_5 c', "dst '['m u_5 c']\r\nafdfddsf'"]
2024-12-27 17:05:56,017 - INFO - 
2024-12-27 17:05:56,062 - INFO - 80
2024-12-27 17:05:56,063 - INFO - 80
2024-12-27 17:05:56,063 - INFO - ['m u_5 c', "dst '['m u_5 c']\r\nafdfddsf'"]
2024-12-27 17:05:56,063 - INFO - 
2024-12-27 17:05:56,075 - INFO - 81
2024-12-27 17:05:56,075 - INFO - 81
2024-12-27 17:05:56,075 - INFO - ['m u_5 w', 'm u_8 n', "dst '['m u_5 w', 'm u_8 n']\r\nafdfddsf'"]
2024-12-27 17:05:56,075 - INFO - 
2024-12-27 17:05:56,090 - INFO - 82
2024-12-27 17:05:56,090 - INFO - 82
2024-12-27 17:05:56,090 - INFO - ['bcity u_4', 'm u_5 w', "dst '['bcity u_4', 'm u_5 w']\r\nafdfddsf'"]
2024-12-27 17:05:56,091 - INFO - 
2024-12-27 17:05:56,103 - INFO - 83
2024-12-27 17:05:56,104 - INFO - 83
2024-12-27 17:05:56,104 - INFO - ['bw 4 1', 'm u_4 w', 'm u_5 w', 'm u_8 e', "dst '['bw 4 1', 'm u_4 w', 'm u_5 w', 'm u_8 e']\r\nafdfddsf'"]
2024-12-27 17:05:56,104 - INFO - 
2024-12-27 17:05:56,117 - INFO - 84
2024-12-27 17:05:56,117 - INFO - 84
2024-12-27 17:05:56,118 - INFO - ['bw 4 1', 'm u_5 n', "dst '['bw 4 1', 'm u_5 n']\r\nafdfddsf'"]
2024-12-27 17:05:56,118 - INFO - 
2024-12-27 17:05:56,130 - INFO - 85
2024-12-27 17:05:56,131 - INFO - 85
2024-12-27 17:05:56,131 - INFO - ['bw 4 1', 'm u_4 n', 'm u_8 e', "dst '['bw 4 1', 'm u_4 n', 'm u_8 e']\r\nafdfddsf'"]
2024-12-27 17:05:56,131 - INFO - 
2024-12-27 17:05:56,145 - INFO - 86
2024-12-27 17:05:56,146 - INFO - 86
2024-12-27 17:05:56,146 - INFO - ['bw 3 4', 'bw 4 1', 'm u_5 e', "dst '['bw 3 4', 'bw 4 1', 'm u_5 e']\r\nafdfddsf'"]
2024-12-27 17:05:56,146 - INFO - 
2024-12-27 17:05:56,158 - INFO - 87
2024-12-27 17:05:56,159 - INFO - 87
2024-12-27 17:05:56,159 - INFO - ['bw 3 4', 'bw 4 1', 'm u_4 n', 'bcity u_8', "dst '['bw 3 4', 'bw 4 1', 'm u_4 n', 'bcity u_8']\r\nafdfddsf'"]
2024-12-27 17:05:56,159 - INFO - 
2024-12-27 17:05:56,175 - INFO - 88
2024-12-27 17:05:56,175 - INFO - 88
2024-12-27 17:05:56,175 - INFO - ['bw 3 4', 'bw 4 1', 'bw 5 2', 'm u_4 e', 'm u_5 w', 'm u_8 c', "dst '['bw 3 4', 'bw 4 1', 'bw 5 2', 'm u_4 e', 'm u_5 w', 'm u_8 c']\r\nafdfddsf'"]
2024-12-27 17:05:56,175 - INFO - 
2024-12-27 17:05:56,193 - INFO - 89
2024-12-27 17:05:56,194 - INFO - 89
2024-12-27 17:05:56,194 - INFO - ['bw 3 4', 'bw 4 1', 'bw 5 2', 'm u_8 w', "dst '['bw 3 4', 'bw 4 1', 'bw 5 2', 'm u_8 w']\r\nafdfddsf'"]
2024-12-27 17:05:56,195 - INFO - 
2024-12-27 17:05:56,208 - INFO - 90
2024-12-27 17:05:56,208 - INFO - 90
2024-12-27 17:05:56,208 - INFO - ['bw 3 4', 'bw 4 1', 'bw 5 2', 'm u_4 n', 'm u_5 e', "dst '['bw 3 4', 'bw 4 1', 'bw 5 2', 'm u_4 n', 'm u_5 e']\r\nafdfddsf'"]
2024-12-27 17:05:56,208 - INFO - 
2024-12-27 17:05:56,222 - INFO - 91
2024-12-27 17:05:56,223 - INFO - 91
2024-12-27 17:05:56,223 - INFO - ['bw 3 4', 'bw 4 1', 'bw 5 2', 'm u_4 c', 'm u_8 n', "dst '['bw 3 4', 'bw 4 1', 'bw 5 2', 'm u_4 c', 'm u_8 n']\r\nafdfddsf'"]
2024-12-27 17:05:56,223 - INFO - 
2024-12-27 17:05:56,239 - INFO - 92
2024-12-27 17:05:56,239 - INFO - 92
2024-12-27 17:05:56,239 - INFO - ['bw 3 4', 'bw 4 1', 'bw 5 2', 'm u_4 e', 'm u_5 c', 'm u_8 c', "dst '['bw 3 4', 'bw 4 1', 'bw 5 2', 'm u_4 e', 'm u_5 c', 'm u_8 c']\r\nafdfddsf'"]
2024-12-27 17:05:56,239 - INFO - 
2024-12-27 17:05:56,250 - INFO - 93
2024-12-27 17:05:56,251 - INFO - 93
2024-12-27 17:05:56,251 - INFO - ['bw 3 4', 'bw 4 1', 'bw 5 2', 'm u_5 e', 'm u_8 c', "dst '['bw 3 4', 'bw 4 1', 'bw 5 2', 'm u_5 e', 'm u_8 c']\r\nafdfddsf'"]
2024-12-27 17:05:56,251 - INFO - 
2024-12-27 17:05:56,263 - INFO - 94
2024-12-27 17:05:56,265 - INFO - 94
2024-12-27 17:05:56,265 - INFO - ['bw 3 4', 'bw 4 1', 'bw 5 2', 'm u_4 n', 'm u_8 e', "dst '['bw 3 4', 'bw 4 1', 'bw 5 2', 'm u_4 n', 'm u_8 e']\r\nafdfddsf'"]
2024-12-27 17:05:56,265 - INFO - 
2024-12-27 17:05:56,279 - INFO - 95
2024-12-27 17:05:56,280 - INFO - 95
2024-12-27 17:05:56,280 - INFO - ['bw 3 4', 'bw 4 1', 'bw 5 2', 'm u_4 w', 'bcity u_5', "dst '['bw 3 4', 'bw 4 1', 'bw 5 2', 'm u_4 w', 'bcity u_5']\r\nafdfddsf'"]
2024-12-27 17:05:56,280 - INFO - 
2024-12-27 17:05:56,297 - INFO - 96
2024-12-27 17:05:56,297 - INFO - 96
2024-12-27 17:05:56,297 - INFO - ['bw 3 4', 'bw 4 1', 'bw 5 2', 'bw 2 3', 'm u_5 n', 'm u_8 n', "dst '['bw 3 4', 'bw 4 1', 'bw 5 2', 'bw 2 3', 'm u_5 n', 'm u_8 n']\r\nafdfddsf'"]
2024-12-27 17:05:56,297 - INFO - 
2024-12-27 17:05:56,312 - INFO - 97
2024-12-27 17:05:56,313 - INFO - 97
2024-12-27 17:05:56,313 - INFO - ['bw 4 1', 'bw 5 2', 'bw 2 3', 'm u_4 e', 'm u_9 e', "dst '['bw 4 1', 'bw 5 2', 'bw 2 3', 'm u_4 e', 'm u_9 e']\r\nafdfddsf'"]
2024-12-27 17:05:56,313 - INFO - 
2024-12-27 17:05:56,328 - INFO - 98
2024-12-27 17:05:56,328 - INFO - 98
2024-12-27 17:05:56,329 - INFO - ['bw 4 1', 'bw 5 2', 'bw 2 3', 'm u_4 c', 'm u_5 n', 'm u_8 c', "dst '['bw 4 1', 'bw 5 2', 'bw 2 3', 'm u_4 c', 'm u_5 n', 'm u_8 c']\r\nafdfddsf'"]
2024-12-27 17:05:56,329 - INFO - 
2024-12-27 17:05:56,343 - INFO - 99
2024-12-27 17:05:56,344 - INFO - 99
2024-12-27 17:05:56,344 - INFO - ['bw 4 1', 'bw 5 2', 'bw 2 3', 'm u_4 n', 'm u_8 n', 'm u_9 w', "dst '['bw 4 1', 'bw 5 2', 'bw 2 3', 'm u_4 n', 'm u_8 n', 'm u_9 w']\r\nafdfddsf'"]
2024-12-27 17:05:56,344 - INFO - 
2024-12-27 17:05:56,357 - INFO - 100
2024-12-27 17:05:56,357 - INFO - 100
2024-12-27 17:05:56,357 - INFO - ['bw 4 1', 'bw 5 2', 'bw 2 3', 'm u_4 n', 'm u_5 c', 'm u_8 c', 'm u_9 w', "dst '['bw 4 1', 'bw 5 2', 'bw 2 3', 'm u_4 n', 'm u_5 c', 'm u_8 c', 'm u_9 w']\r\nafdfddsf'"]
2024-12-27 17:05:56,357 - INFO - 
2024-12-27 17:05:56,372 - INFO - 101
2024-12-27 17:05:56,373 - INFO - 101
2024-12-27 17:05:56,373 - INFO - ['bw 4 1', 'bw 5 2', 'bw 2 3', 'm u_4 c', 'm u_5 e', 'm u_8 w', "dst '['bw 4 1', 'bw 5 2', 'bw 2 3', 'm u_4 c', 'm u_5 e', 'm u_8 w']\r\nafdfddsf'"]
2024-12-27 17:05:56,373 - INFO - 
2024-12-27 17:05:56,385 - INFO - 102
2024-12-27 17:05:56,386 - INFO - 102
2024-12-27 17:05:56,386 - INFO - ['bw 4 1', 'bw 5 2', 'bw 2 3', 'm u_4 c', 'm u_8 c', 'm u_9 e', "dst '['bw 4 1', 'bw 5 2', 'bw 2 3', 'm u_4 c', 'm u_8 c', 'm u_9 e']\r\nafdfddsf'"]
2024-12-27 17:05:56,386 - INFO - 
2024-12-27 17:05:56,399 - INFO - 103
2024-12-27 17:05:56,399 - INFO - 103
2024-12-27 17:05:56,399 - INFO - ['bw 4 1', 'bw 5 2', 'bw 2 3', 'm u_4 w', 'm u_5 e', 'm u_8 w', 'm u_9 w', "dst '['bw 4 1', 'bw 5 2', 'bw 2 3', 'm u_4 w', 'm u_5 e', 'm u_8 w', 'm u_9 w']\r\nafdfddsf'"]
2024-12-27 17:05:56,399 - INFO - 
2024-12-27 17:05:56,414 - INFO - 104
2024-12-27 17:05:56,414 - INFO - 104
2024-12-27 17:05:56,414 - INFO - ['bw 4 1', 'bw 5 2', 'bw 2 3', 'm u_5 n', "dst '['bw 4 1', 'bw 5 2', 'bw 2 3', 'm u_5 n']\r\nafdfddsf'"]
2024-12-27 17:05:56,415 - INFO - 
2024-12-27 17:05:56,429 - INFO - 105
2024-12-27 17:05:56,430 - INFO - 105
2024-12-27 17:05:56,430 - INFO - ['bw 4 1', 'bw 5 2', 'bw 2 3', 'm u_4 c', 'm u_5 c', 'm u_8 n', 'm u_9 e', "dst '['bw 4 1', 'bw 5 2', 'bw 2 3', 'm u_4 c', 'm u_5 c', 'm u_8 n', 'm u_9 e']\r\nafdfddsf'"]
2024-12-27 17:05:56,430 - INFO - 
2024-12-27 17:05:56,442 - INFO - 106
2024-12-27 17:05:56,442 - INFO - 106
2024-12-27 17:05:56,442 - INFO - ['bw 3 4', 'bw 4 1', 'bw 5 2', 'bw 2 3', 'm u_4 n', 'm u_5 c', 'm u_8 c', 'm u_9 n', "dst '['bw 3 4', 'bw 4 1', 'bw 5 2', 'bw 2 3', 'm u_4 n', 'm u_5 c', 'm u_8 c', 'm u_9 n']\r\nafdfddsf'"]
2024-12-27 17:05:56,443 - INFO - 
2024-12-27 17:05:56,454 - INFO - 107
2024-12-27 17:05:56,455 - INFO - 107
2024-12-27 17:05:56,455 - INFO - ['bw 3 4', 'bw 4 1', 'bw 5 2', 'bw 2 3', 'm u_4 n', 'm u_5 n', 'm u_8 c', "dst '['bw 3 4', 'bw 4 1', 'bw 5 2', 'bw 2 3', 'm u_4 n', 'm u_5 n', 'm u_8 c']\r\nafdfddsf'"]
2024-12-27 17:05:56,455 - INFO - 
2024-12-27 17:05:56,466 - INFO - 108
2024-12-27 17:05:56,466 - INFO - 108
2024-12-27 17:05:56,466 - INFO - ['bw 3 4', 'bw 4 1', 'bw 5 2', 'bw 2 3', 'm u_4 n', 'm u_5 n', 'm u_8 e', 'm u_9 n', "dst '['bw 3 4', 'bw 4 1', 'bw 5 2', 'bw 2 3', 'm u_4 n', 'm u_5 n', 'm u_8 e', 'm u_9 n']\r\nafdfddsf'"]
2024-12-27 17:05:56,466 - INFO - 
2024-12-27 17:05:56,478 - INFO - 109
2024-12-27 17:05:56,478 - INFO - 109
2024-12-27 17:05:56,479 - INFO - ['bw 3 4', 'bw 4 1', 'bw 5 2', 'bw 2 3', 'm u_4 c', "dst '['bw 3 4', 'bw 4 1', 'bw 5 2', 'bw 2 3', 'm u_4 c']\r\nafdfddsf'"]
2024-12-27 17:05:56,479 - INFO - 
2024-12-27 17:05:56,492 - INFO - 110
2024-12-27 17:05:56,493 - INFO - 110
2024-12-27 17:05:56,493 - INFO - ['bw 3 4', 'bw 4 1', 'bw 5 2', 'bw 2 3', 'm u_4 e', 'm u_5 w', 'm u_8 c', 'm u_9 c', "dst '['bw 3 4', 'bw 4 1', 'bw 5 2', 'bw 2 3', 'm u_4 e', 'm u_5 w', 'm u_8 c', 'm u_9 c']\r\nafdfddsf'"]
2024-12-27 17:05:56,493 - INFO - 
2024-12-27 17:05:56,510 - INFO - 111
2024-12-27 17:05:56,510 - INFO - 111
2024-12-27 17:05:56,510 - INFO - ['bw 3 4', 'bw 4 1', 'bw 5 2', 'bw 2 3', 'm u_9 w', "dst '['bw 3 4', 'bw 4 1', 'bw 5 2', 'bw 2 3', 'm u_9 w']\r\nafdfddsf'"]
2024-12-27 17:05:56,511 - INFO - 
2024-12-27 17:05:56,526 - INFO - 112
2024-12-27 17:05:56,527 - INFO - 112
2024-12-27 17:05:56,527 - INFO - ['m u_10 c', 'm u_11 w', "dst '['m u_10 c', 'm u_11 w']\r\nafdfddsf'"]
2024-12-27 17:05:56,527 - INFO - 
2024-12-27 17:05:56,537 - INFO - 113
2024-12-27 17:05:56,538 - INFO - 113
2024-12-27 17:05:56,538 - INFO - ['m u_10 w', "dst '['m u_10 w']\r\nafdfddsf'"]
2024-12-27 17:05:56,538 - INFO - 
2024-12-27 17:05:56,549 - INFO - 114
2024-12-27 17:05:56,549 - INFO - 114
2024-12-27 17:05:56,549 - INFO - ['m u_4 c', "dst '['m u_4 c']\r\nafdfddsf'"]
2024-12-27 17:05:56,549 - INFO - 
2024-12-27 17:05:56,560 - INFO - 115
2024-12-27 17:05:56,560 - INFO - 115
2024-12-27 17:05:56,560 - INFO - ['m u_4 n', 'm u_9 n', "dst '['m u_4 n', 'm u_9 n']\r\nafdfddsf'"]
2024-12-27 17:05:56,561 - INFO - 
2024-12-27 17:05:56,572 - INFO - 116
2024-12-27 17:05:56,573 - INFO - 116
2024-12-27 17:05:56,573 - INFO - ['m u_4 w', 'm u_11 e', "dst '['m u_4 w', 'm u_11 e']\r\nafdfddsf'"]
2024-12-27 17:05:56,573 - INFO - 
2024-12-27 17:05:56,584 - INFO - 117
2024-12-27 17:05:56,584 - INFO - 117
2024-12-27 17:05:56,584 - INFO - ['m u_10 w', 'm u_11 w', "dst '['m u_10 w', 'm u_11 w']\r\nafdfddsf'"]
2024-12-27 17:05:56,584 - INFO - 
2024-12-27 17:05:56,597 - INFO - 118
2024-12-27 17:05:56,597 - INFO - 118
2024-12-27 17:05:56,598 - INFO - ["dst '[]\r\nafdfddsf'"]
2024-12-27 17:05:56,598 - INFO - 
2024-12-27 17:05:56,614 - INFO - 119
2024-12-27 17:05:56,615 - INFO - 119
2024-12-27 17:05:56,615 - INFO - ['m u_9 w', "dst '['m u_9 w']\r\nafdfddsf'"]
2024-12-27 17:05:56,615 - INFO - 
2024-12-27 17:05:56,628 - INFO - 120
2024-12-27 17:05:56,629 - INFO - 120
2024-12-27 17:05:56,629 - INFO - ['m u_4 n', "dst '['m u_4 n']\r\nafdfddsf'"]
2024-12-27 17:05:56,629 - INFO - 
2024-12-27 17:05:56,642 - INFO - 121
2024-12-27 17:05:56,642 - INFO - 121
2024-12-27 17:05:56,642 - INFO - ['bw 3 4', 'bw 4 1', 'm u_4 n', 'bcity u_10', 'm u_11 n', "dst '['bw 3 4', 'bw 4 1', 'm u_4 n', 'bcity u_10', 'm u_11 n']\r\nafdfddsf'"]
2024-12-27 17:05:56,642 - INFO - 
2024-12-27 17:05:56,654 - INFO - 122
2024-12-27 17:05:56,654 - INFO - 122
2024-12-27 17:05:56,654 - INFO - ['bw 3 4', 'bw 4 1', 'bw 1 4', 'm u_4 w', 'm u_10 e', 'm u_11 n', "dst '['bw 3 4', 'bw 4 1', 'bw 1 4', 'm u_4 w', 'm u_10 e', 'm u_11 n']\r\nafdfddsf'"]
2024-12-27 17:05:56,655 - INFO - 
2024-12-27 17:05:56,666 - INFO - 123
2024-12-27 17:05:56,666 - INFO - 123
2024-12-27 17:05:56,666 - INFO - ['bw 3 4', 'bw 4 1', 'bw 1 4', 'm u_9 c', "dst '['bw 3 4', 'bw 4 1', 'bw 1 4', 'm u_9 c']\r\nafdfddsf'"]
2024-12-27 17:05:56,667 - INFO - 
2024-12-27 17:05:56,714 - INFO - 124
2024-12-27 17:05:56,715 - INFO - 124
2024-12-27 17:05:56,715 - INFO - ['bw 3 4', 'bw 4 1', 'bw 1 4', 'm u_4 c', 'm u_9 c', 'm u_10 w', 'm u_11 c', "dst '['bw 3 4', 'bw 4 1', 'bw 1 4', 'm u_4 c', 'm u_9 c', 'm u_10 w', 'm u_11 c']\r\nafdfddsf'"]
2024-12-27 17:05:56,715 - INFO - 
2024-12-27 17:05:56,726 - INFO - 125
2024-12-27 17:05:56,726 - INFO - 125
2024-12-27 17:05:56,726 - INFO - ['bw 3 4', 'bw 4 1', 'bw 1 4', 'm u_4 w', 'm u_9 c', 'm u_10 e', 'm u_11 w', "dst '['bw 3 4', 'bw 4 1', 'bw 1 4', 'm u_4 w', 'm u_9 c', 'm u_10 e', 'm u_11 w']\r\nafdfddsf'"]
2024-12-27 17:05:56,726 - INFO - 
2024-12-27 17:05:56,738 - INFO - 126
2024-12-27 17:05:56,738 - INFO - 126
2024-12-27 17:05:56,738 - INFO - ['bw 3 4', 'bw 4 1', 'bw 1 4', 'm u_9 c', "dst '['bw 3 4', 'bw 4 1', 'bw 1 4', 'm u_9 c']\r\nafdfddsf'"]
2024-12-27 17:05:56,739 - INFO - 
2024-12-27 17:05:56,751 - INFO - 127
2024-12-27 17:05:56,752 - INFO - 127
2024-12-27 17:05:56,752 - INFO - ['bw 3 4', 'bw 4 1', 'bw 1 4', 'm u_4 n', 'm u_9 w', 'm u_10 n', 'm u_11 n', "dst '['bw 3 4', 'bw 4 1', 'bw 1 4', 'm u_4 n', 'm u_9 w', 'm u_10 n', 'm u_11 n']\r\nafdfddsf'"]
2024-12-27 17:05:56,752 - INFO - 
2024-12-27 17:05:56,766 - INFO - 128
2024-12-27 17:05:56,767 - INFO - 128
2024-12-27 17:05:56,767 - INFO - ['bw 3 4', 'bw 4 1', 'bw 1 4', 'm u_4 n', 'm u_11 n', "dst '['bw 3 4', 'bw 4 1', 'bw 1 4', 'm u_4 n', 'm u_11 n']\r\nafdfddsf'"]
2024-12-27 17:05:56,767 - INFO - 
2024-12-27 17:05:56,783 - INFO - 129
2024-12-27 17:05:56,784 - INFO - 129
2024-12-27 17:05:56,784 - INFO - ['bw 3 4', 'bw 4 1', 'bw 1 4', 'm u_4 c', 'm u_9 c', 'bcity u_10', 'm u_11 w', "dst '['bw 3 4', 'bw 4 1', 'bw 1 4', 'm u_4 c', 'm u_9 c', 'bcity u_10', 'm u_11 w']\r\nafdfddsf'"]
2024-12-27 17:05:56,784 - INFO - 
2024-12-27 17:05:56,802 - INFO - 130
2024-12-27 17:05:56,803 - INFO - 130
2024-12-27 17:05:56,803 - INFO - ['bw 3 4', 'bw 4 1', 'bw 1 4', 'bw 2 3', 'm u_4 w', 'm u_9 w', 'm u_10 c', 'm u_11 w', "dst '['bw 3 4', 'bw 4 1', 'bw 1 4', 'bw 2 3', 'm u_4 w', 'm u_9 w', 'm u_10 c', 'm u_11 w']\r\nafdfddsf'"]
2024-12-27 17:05:56,803 - INFO - 
2024-12-27 17:05:56,815 - INFO - 131
2024-12-27 17:05:56,815 - INFO - 131
2024-12-27 17:05:56,816 - INFO - ['bw 3 4', 'bw 4 1', 'bw 1 4', 'bw 2 3', 'm u_9 n', 'm u_10 c', "dst '['bw 3 4', 'bw 4 1', 'bw 1 4', 'bw 2 3', 'm u_9 n', 'm u_10 c']\r\nafdfddsf'"]
2024-12-27 17:05:56,816 - INFO - 
2024-12-27 17:05:56,830 - INFO - 132
2024-12-27 17:05:56,831 - INFO - 132
2024-12-27 17:05:56,831 - INFO - ['bw 3 4', 'bw 4 1', 'bw 1 4', 'bw 2 3', 'm u_4 w', 'm u_9 n', 'm u_10 w', 'm u_11 e', "dst '['bw 3 4', 'bw 4 1', 'bw 1 4', 'bw 2 3', 'm u_4 w', 'm u_9 n', 'm u_10 w', 'm u_11 e']\r\nafdfddsf'"]
2024-12-27 17:05:56,831 - INFO - 
2024-12-27 17:05:56,845 - INFO - 133
2024-12-27 17:05:56,845 - INFO - 133
2024-12-27 17:05:56,846 - INFO - ['bw 3 4', 'bw 4 1', 'bw 1 4', 'bw 2 3', 'm u_4 w', 'm u_9 e', "dst '['bw 3 4', 'bw 4 1', 'bw 1 4', 'bw 2 3', 'm u_4 w', 'm u_9 e']\r\nafdfddsf'"]
2024-12-27 17:05:56,846 - INFO - 
2024-12-27 17:05:56,862 - INFO - 134
2024-12-27 17:05:56,862 - INFO - 134
2024-12-27 17:05:56,863 - INFO - ['bw 3 4', 'bw 4 1', 'bw 1 4', 'bw 2 3', 'm u_4 w', 'm u_10 w', 'm u_11 c', "dst '['bw 3 4', 'bw 4 1', 'bw 1 4', 'bw 2 3', 'm u_4 w', 'm u_10 w', 'm u_11 c']\r\nafdfddsf'"]
2024-12-27 17:05:56,863 - INFO - 
2024-12-27 17:05:56,875 - INFO - 135
2024-12-27 17:05:56,876 - INFO - 135
2024-12-27 17:05:56,876 - INFO - ['bw 3 4', 'bw 4 1', 'bw 1 4', 'bw 2 3', 'm u_4 c', 'm u_9 e', 'm u_11 c', "dst '['bw 3 4', 'bw 4 1', 'bw 1 4', 'bw 2 3', 'm u_4 c', 'm u_9 e', 'm u_11 c']\r\nafdfddsf'"]
2024-12-27 17:05:56,876 - INFO - 
2024-12-27 17:05:56,887 - INFO - 136
2024-12-27 17:05:56,888 - INFO - 136
2024-12-27 17:05:56,888 - INFO - ['bw 3 4', 'bw 4 1', 'bw 1 4', 'bw 2 3', 'm u_4 n', 'm u_10 n', 'm u_11 e', "dst '['bw 3 4', 'bw 4 1', 'bw 1 4', 'bw 2 3', 'm u_4 n', 'm u_10 n', 'm u_11 e']\r\nafdfddsf'"]
2024-12-27 17:05:56,888 - INFO - 
2024-12-27 17:05:56,901 - INFO - 137
2024-12-27 17:05:56,902 - INFO - 137
2024-12-27 17:05:56,903 - INFO - ['bw 3 4', 'bw 4 1', 'bw 1 4', 'bw 2 3', 'm u_4 n', 'm u_9 n', "dst '['bw 3 4', 'bw 4 1', 'bw 1 4', 'bw 2 3', 'm u_4 n', 'm u_9 n']\r\nafdfddsf'"]
2024-12-27 17:05:56,903 - INFO - 
2024-12-27 17:05:56,915 - INFO - 138
2024-12-27 17:05:56,915 - INFO - 138
2024-12-27 17:05:56,915 - INFO - ['bw 3 4', 'bw 4 1', 'bw 1 4', 'bw 2 3', 'm u_4 w', 'm u_10 c', 'm u_11 n', "dst '['bw 3 4', 'bw 4 1', 'bw 1 4', 'bw 2 3', 'm u_4 w', 'm u_10 c', 'm u_11 n']\r\nafdfddsf'"]
2024-12-27 17:05:56,916 - INFO - 
2024-12-27 17:05:56,927 - INFO - 139
2024-12-27 17:05:56,927 - INFO - 139
2024-12-27 17:05:56,928 - INFO - ['bw 3 4', 'bw 4 1', 'bw 1 4', 'bw 2 3', 'm u_4 n', 'm u_9 c', 'm u_10 n', 'm u_11 n', "dst '['bw 3 4', 'bw 4 1', 'bw 1 4', 'bw 2 3', 'm u_4 n', 'm u_9 c', 'm u_10 n', 'm u_11 n']\r\nafdfddsf'"]
2024-12-27 17:05:56,928 - INFO - 
2024-12-27 17:05:56,942 - INFO - 140
2024-12-27 17:05:56,942 - INFO - 140
2024-12-27 17:05:56,942 - INFO - ['bw 3 4', 'bw 4 1', 'bw 1 4', 'bw 2 3', 'm u_4 c', 'm u_9 w', 'm u_11 n', "dst '['bw 3 4', 'bw 4 1', 'bw 1 4', 'bw 2 3', 'm u_4 c', 'm u_9 w', 'm u_11 n']\r\nafdfddsf'"]
2024-12-27 17:05:56,942 - INFO - 
2024-12-27 17:05:56,954 - INFO - 141
2024-12-27 17:05:56,955 - INFO - 141
2024-12-27 17:05:56,955 - INFO - ['bw 3 4', 'bw 4 1', 'bw 1 4', 'bw 2 3', 'm u_4 c', 'm u_10 n', 'm u_11 n', "dst '['bw 3 4', 'bw 4 1', 'bw 1 4', 'bw 2 3', 'm u_4 c', 'm u_10 n', 'm u_11 n']\r\nafdfddsf'"]
2024-12-27 17:05:56,955 - INFO - 
2024-12-27 17:05:56,965 - INFO - 142
2024-12-27 17:05:56,966 - INFO - 142
2024-12-27 17:05:56,966 - INFO - ['bw 3 4', 'bw 4 1', 'bw 1 4', 'bw 2 3', 'm u_4 w', 'm u_9 e', 'm u_10 e', 'm u_11 c', "dst '['bw 3 4', 'bw 4 1', 'bw 1 4', 'bw 2 3', 'm u_4 w', 'm u_9 e', 'm u_10 e', 'm u_11 c']\r\nafdfddsf'"]
2024-12-27 17:05:56,966 - INFO - 
2024-12-27 17:05:56,978 - INFO - 143
2024-12-27 17:05:56,979 - INFO - 143
2024-12-27 17:05:56,979 - INFO - ['bw 3 4', 'bw 4 1', 'bw 1 4', 'bw 2 3', 'm u_4 e', 'm u_11 c', "dst '['bw 3 4', 'bw 4 1', 'bw 1 4', 'bw 2 3', 'm u_4 e', 'm u_11 c']\r\nafdfddsf'"]
2024-12-27 17:05:56,979 - INFO - 
2024-12-27 17:05:56,995 - INFO - 144
2024-12-27 17:05:56,995 - INFO - 144
2024-12-27 17:05:56,995 - INFO - ['bw 3 4', 'bw 4 1', 'bw 1 4', 'bw 2 3', 'm u_9 e', 'm u_10 w', 'm u_11 c', "dst '['bw 3 4', 'bw 4 1', 'bw 1 4', 'bw 2 3', 'm u_9 e', 'm u_10 w', 'm u_11 c']\r\nafdfddsf'"]
2024-12-27 17:05:56,996 - INFO - 
2024-12-27 17:05:57,008 - INFO - 145
2024-12-27 17:05:57,008 - INFO - 145
2024-12-27 17:05:57,008 - INFO - ['bw 3 4', 'bw 4 1', 'bw 1 4', 'bw 2 3', 'm u_4 e', 'm u_9 w', 'm u_11 e', "dst '['bw 3 4', 'bw 4 1', 'bw 1 4', 'bw 2 3', 'm u_4 e', 'm u_9 w', 'm u_11 e']\r\nafdfddsf'"]
2024-12-27 17:05:57,008 - INFO - 
2024-12-27 17:05:57,020 - INFO - 146
2024-12-27 17:05:57,020 - INFO - 146
2024-12-27 17:05:57,020 - INFO - ['bw 3 4', 'bw 4 1', 'bw 1 4', 'bw 2 3', 'm u_10 n', "dst '['bw 3 4', 'bw 4 1', 'bw 1 4', 'bw 2 3', 'm u_10 n']\r\nafdfddsf'"]
2024-12-27 17:05:57,020 - INFO - 
2024-12-27 17:05:57,032 - INFO - 147
2024-12-27 17:05:57,033 - INFO - 147
2024-12-27 17:05:57,033 - INFO - ['bw 3 4', 'bw 4 1', 'bw 1 4', 'bw 2 3', 'm u_4 n', 'm u_9 w', 'm u_11 n', "dst '['bw 3 4', 'bw 4 1', 'bw 1 4', 'bw 2 3', 'm u_4 n', 'm u_9 w', 'm u_11 n']\r\nafdfddsf'"]
2024-12-27 17:05:57,033 - INFO - 
2024-12-27 17:05:57,048 - INFO - 148
2024-12-27 17:05:57,048 - INFO - 148
2024-12-27 17:05:57,049 - INFO - ['bw 3 4', 'bw 4 1', 'bw 1 4', 'bw 2 3', 'm u_4 n', 'm u_9 c', 'm u_10 e', 'm u_11 c', "dst '['bw 3 4', 'bw 4 1', 'bw 1 4', 'bw 2 3', 'm u_4 n', 'm u_9 c', 'm u_10 e', 'm u_11 c']\r\nafdfddsf'"]
2024-12-27 17:05:57,049 - INFO - 
2024-12-27 17:05:57,063 - INFO - 149
2024-12-27 17:05:57,063 - INFO - 149
2024-12-27 17:05:57,064 - INFO - ['bw 3 4', 'bw 4 1', 'bw 1 4', 'bw 2 3', 'm u_4 e', 'm u_9 n', 'm u_10 c', 'm u_11 e', "dst '['bw 3 4', 'bw 4 1', 'bw 1 4', 'bw 2 3', 'm u_4 e', 'm u_9 n', 'm u_10 c', 'm u_11 e']\r\nafdfddsf'"]
2024-12-27 17:05:57,064 - INFO - 
2024-12-27 17:05:57,078 - INFO - 150
2024-12-27 17:05:57,079 - INFO - 150
2024-12-27 17:05:57,079 - INFO - ['bw 3 4', 'bw 4 1', 'bw 1 4', 'bw 2 3', 'm u_9 e', 'm u_10 c', "dst '['bw 3 4', 'bw 4 1', 'bw 1 4', 'bw 2 3', 'm u_9 e', 'm u_10 c']\r\nafdfddsf'"]
2024-12-27 17:05:57,079 - INFO - 
2024-12-27 17:05:57,092 - INFO - 151
2024-12-27 17:05:57,093 - INFO - 151
2024-12-27 17:05:57,093 - INFO - ['bw 3 4', 'bw 4 1', 'bw 1 4', 'bw 2 3', 'm u_11 w', "dst '['bw 3 4', 'bw 4 1', 'bw 1 4', 'bw 2 3', 'm u_11 w']\r\nafdfddsf'"]
2024-12-27 17:05:57,093 - INFO - 
2024-12-27 17:05:57,106 - INFO - 152
2024-12-27 17:05:57,106 - INFO - 152
2024-12-27 17:05:57,106 - INFO - ['bw 1 4', 'bw 2 3', 'm u_12 e', 'm u_13 n', "dst '['bw 1 4', 'bw 2 3', 'm u_12 e', 'm u_13 n']\r\nafdfddsf'"]
2024-12-27 17:05:57,106 - INFO - 
2024-12-27 17:05:57,118 - INFO - 153
2024-12-27 17:05:57,119 - INFO - 153
2024-12-27 17:05:57,119 - INFO - ['bw 1 4', 'bw 2 3', 'm u_13 e', "dst '['bw 1 4', 'bw 2 3', 'm u_13 e']\r\nafdfddsf'"]
2024-12-27 17:05:57,119 - INFO - 
2024-12-27 17:05:57,136 - INFO - 154
2024-12-27 17:05:57,137 - INFO - 154
2024-12-27 17:05:57,138 - INFO - ['bw 2 3', 'm u_9 n', "dst '['bw 2 3', 'm u_9 n']\r\nafdfddsf'"]
2024-12-27 17:05:57,138 - INFO - 
2024-12-27 17:05:57,158 - INFO - 155
2024-12-27 17:05:57,159 - INFO - 155
2024-12-27 17:05:57,159 - INFO - ['bw 2 3', 'm u_9 c', 'm u_11 e', "dst '['bw 2 3', 'm u_9 c', 'm u_11 e']\r\nafdfddsf'"]
2024-12-27 17:05:57,159 - INFO - 
2024-12-27 17:05:57,178 - INFO - 156
2024-12-27 17:05:57,179 - INFO - 156
2024-12-27 17:05:57,179 - INFO - ['m u_9 n', 'm u_12 n', "dst '['m u_9 n', 'm u_12 n']\r\nafdfddsf'"]
2024-12-27 17:05:57,179 - INFO - 
2024-12-27 17:05:57,197 - INFO - 157
2024-12-27 17:05:57,198 - INFO - 157
2024-12-27 17:05:57,199 - INFO - ['m u_9 c', "dst '['m u_9 c']\r\nafdfddsf'"]
2024-12-27 17:05:57,200 - INFO - 
2024-12-27 17:05:57,220 - INFO - 158
2024-12-27 17:05:57,221 - INFO - 158
2024-12-27 17:05:57,221 - INFO - ['m u_9 e', "dst '['m u_9 e']\r\nafdfddsf'"]
2024-12-27 17:05:57,221 - INFO - 
2024-12-27 17:05:57,241 - INFO - 159
2024-12-27 17:05:57,242 - INFO - 159
2024-12-27 17:05:57,242 - INFO - ['m u_11 e', "dst '['m u_11 e']\r\nafdfddsf'"]
2024-12-27 17:05:57,243 - INFO - 
2024-12-27 17:05:57,260 - INFO - 160
2024-12-27 17:05:57,261 - INFO - 160
2024-12-27 17:05:57,262 - INFO - ['m u_12 c', "dst '['m u_12 c']\r\nafdfddsf'"]
2024-12-27 17:05:57,262 - INFO - 
2024-12-27 17:05:57,278 - INFO - 161
2024-12-27 17:05:57,278 - INFO - 161
2024-12-27 17:05:57,279 - INFO - ['bw 3 4', 'bw 4 1', 'm u_12 e', "dst '['bw 3 4', 'bw 4 1', 'm u_12 e']\r\nafdfddsf'"]
2024-12-27 17:05:57,279 - INFO - 
2024-12-27 17:05:57,293 - INFO - 162
2024-12-27 17:05:57,294 - INFO - 162
2024-12-27 17:05:57,294 - INFO - ['bw 3 4', 'bw 4 1', 'm u_9 c', "dst '['bw 3 4', 'bw 4 1', 'm u_9 c']\r\nafdfddsf'"]
2024-12-27 17:05:57,294 - INFO - 
2024-12-27 17:05:57,315 - INFO - 163
2024-12-27 17:05:57,316 - INFO - 163
2024-12-27 17:05:57,316 - INFO - ['bw 3 4', 'bw 4 1', 'm u_9 e', 'm u_11 w', 'bcity u_12', "dst '['bw 3 4', 'bw 4 1', 'm u_9 e', 'm u_11 w', 'bcity u_12']\r\nafdfddsf'"]
2024-12-27 17:05:57,316 - INFO - 
2024-12-27 17:05:57,335 - INFO - 164
2024-12-27 17:05:57,336 - INFO - 164
2024-12-27 17:05:57,336 - INFO - ['bw 3 4', 'bw 4 1', 'bw 5 3', 'm u_12 e', "dst '['bw 3 4', 'bw 4 1', 'bw 5 3', 'm u_12 e']\r\nafdfddsf'"]
2024-12-27 17:05:57,336 - INFO - 
2024-12-27 17:05:57,352 - INFO - 165
2024-12-27 17:05:57,354 - INFO - 165
2024-12-27 17:05:57,354 - INFO - ['bw 3 4', 'bw 4 1', 'bw 5 3', 'm u_9 n', 'm u_11 n', "dst '['bw 3 4', 'bw 4 1', 'bw 5 3', 'm u_9 n', 'm u_11 n']\r\nafdfddsf'"]
2024-12-27 17:05:57,354 - INFO - 
2024-12-27 17:05:57,371 - INFO - 166
2024-12-27 17:05:57,372 - INFO - 166
2024-12-27 17:05:57,372 - INFO - ['bw 3 4', 'bw 4 1', 'bw 5 3', 'm u_9 w', 'm u_11 e', 'm u_12 n', "dst '['bw 3 4', 'bw 4 1', 'bw 5 3', 'm u_9 w', 'm u_11 e', 'm u_12 n']\r\nafdfddsf'"]
2024-12-27 17:05:57,372 - INFO - 
2024-12-27 17:05:57,390 - INFO - 167
2024-12-27 17:05:57,390 - INFO - 167
2024-12-27 17:05:57,391 - INFO - ['bw 3 4', 'bw 4 1', 'bw 5 3', "dst '['bw 3 4', 'bw 4 1', 'bw 5 3']\r\nafdfddsf'"]
2024-12-27 17:05:57,391 - INFO - 
2024-12-27 17:05:57,410 - INFO - 168
2024-12-27 17:05:57,411 - INFO - 168
2024-12-27 17:05:57,411 - INFO - ['bw 3 4', 'bw 4 1', 'bw 5 3', 'm u_9 n', 'm u_11 e', 'm u_12 c', "dst '['bw 3 4', 'bw 4 1', 'bw 5 3', 'm u_9 n', 'm u_11 e', 'm u_12 c']\r\nafdfddsf'"]
2024-12-27 17:05:57,412 - INFO - 
2024-12-27 17:05:57,495 - INFO - 169
2024-12-27 17:05:57,496 - INFO - 169
2024-12-27 17:05:57,496 - INFO - ['bw 3 4', 'bw 4 1', 'bw 5 3', 'm u_9 e', 'm u_12 c', "dst '['bw 3 4', 'bw 4 1', 'bw 5 3', 'm u_9 e', 'm u_12 c']\r\nafdfddsf'"]
2024-12-27 17:05:57,496 - INFO - 
2024-12-27 17:05:57,509 - INFO - 170
2024-12-27 17:05:57,509 - INFO - 170
2024-12-27 17:05:57,509 - INFO - ['bw 3 4', 'bw 4 1', 'bw 5 3', 'm u_11 w', 'm u_12 w', "dst '['bw 3 4', 'bw 4 1', 'bw 5 3', 'm u_11 w', 'm u_12 w']\r\nafdfddsf'"]
2024-12-27 17:05:57,510 - INFO - 
2024-12-27 17:05:57,521 - INFO - 171
2024-12-27 17:05:57,521 - INFO - 171
2024-12-27 17:05:57,521 - INFO - ['bw 3 4', 'bw 4 1', 'bw 5 3', 'm u_9 n', "dst '['bw 3 4', 'bw 4 1', 'bw 5 3', 'm u_9 n']\r\nafdfddsf'"]
2024-12-27 17:05:57,521 - INFO - 
2024-12-27 17:05:57,534 - INFO - 172
2024-12-27 17:05:57,535 - INFO - 172
2024-12-27 17:05:57,535 - INFO - ['bw 3 4', 'bw 4 1', 'bw 5 3', 'm u_9 n', 'm u_11 n', 'm u_12 c', "dst '['bw 3 4', 'bw 4 1', 'bw 5 3', 'm u_9 n', 'm u_11 n', 'm u_12 c']\r\nafdfddsf'"]
2024-12-27 17:05:57,535 - INFO - 
2024-12-27 17:05:57,549 - INFO - 173
2024-12-27 17:05:57,549 - INFO - 173
2024-12-27 17:05:57,549 - INFO - ['bw 3 4', 'bw 4 1', 'bw 5 3', 'm u_9 n', 'm u_11 e', 'm u_12 c', "dst '['bw 3 4', 'bw 4 1', 'bw 5 3', 'm u_9 n', 'm u_11 e', 'm u_12 c']\r\nafdfddsf'"]
2024-12-27 17:05:57,549 - INFO - 
2024-12-27 17:05:57,565 - INFO - 174
2024-12-27 17:05:57,565 - INFO - 174
2024-12-27 17:05:57,565 - INFO - ['bw 3 4', 'bw 4 1', 'bw 5 3', 'm u_9 w', 'm u_12 c', "dst '['bw 3 4', 'bw 4 1', 'bw 5 3', 'm u_9 w', 'm u_12 c']\r\nafdfddsf'"]
2024-12-27 17:05:57,566 - INFO - 
2024-12-27 17:05:57,580 - INFO - 175
2024-12-27 17:05:57,581 - INFO - 175
2024-12-27 17:05:57,581 - INFO - ['bw 3 4', 'bw 4 1', 'bw 5 3', 'm u_11 n', 'bcity u_12', "dst '['bw 3 4', 'bw 4 1', 'bw 5 3', 'm u_11 n', 'bcity u_12']\r\nafdfddsf'"]
2024-12-27 17:05:57,581 - INFO - 
2024-12-27 17:05:57,595 - INFO - 176
2024-12-27 17:05:57,596 - INFO - 176
2024-12-27 17:05:57,596 - INFO - ['bw 3 4', 'bw 4 1', 'bw 5 3', 'bw 5 2', 'm u_9 e', 'm u_11 e', 'm u_12 n', "dst '['bw 3 4', 'bw 4 1', 'bw 5 3', 'bw 5 2', 'm u_9 e', 'm u_11 e', 'm u_12 n']\r\nafdfddsf'"]
2024-12-27 17:05:57,596 - INFO - 
2024-12-27 17:05:57,608 - INFO - 177
2024-12-27 17:05:57,609 - INFO - 177
2024-12-27 17:05:57,609 - INFO - ['bw 4 1', 'bw 5 3', 'bw 5 2', 'm u_14 e', "dst '['bw 4 1', 'bw 5 3', 'bw 5 2', 'm u_14 e']\r\nafdfddsf'"]
2024-12-27 17:05:57,609 - INFO - 
2024-12-27 17:05:57,627 - INFO - 178
2024-12-27 17:05:57,627 - INFO - 178
2024-12-27 17:05:57,627 - INFO - ['bw 4 1', 'bw 5 3', 'bw 5 2', 'm u_9 c', 'm u_11 c', 'm u_12 n', "dst '['bw 4 1', 'bw 5 3', 'bw 5 2', 'm u_9 c', 'm u_11 c', 'm u_12 n']\r\nafdfddsf'"]
2024-12-27 17:05:57,628 - INFO - 
2024-12-27 17:05:57,645 - INFO - 179
2024-12-27 17:05:57,646 - INFO - 179
2024-12-27 17:05:57,646 - INFO - ['bw 4 1', 'bw 5 3', 'bw 5 2', 'm u_9 e', 'm u_11 w', 'm u_14 c', "dst '['bw 4 1', 'bw 5 3', 'bw 5 2', 'm u_9 e', 'm u_11 w', 'm u_14 c']\r\nafdfddsf'"]
2024-12-27 17:05:57,646 - INFO - 
2024-12-27 17:05:57,663 - INFO - 180
2024-12-27 17:05:57,663 - INFO - 180
2024-12-27 17:05:57,664 - INFO - ['bw 4 1', 'bw 5 3', 'bw 5 2', 'm u_9 c', 'm u_12 c', 'm u_14 c', "dst '['bw 4 1', 'bw 5 3', 'bw 5 2', 'm u_9 c', 'm u_12 c', 'm u_14 c']\r\nafdfddsf'"]
2024-12-27 17:05:57,664 - INFO - 
2024-12-27 17:05:57,678 - INFO - 181
2024-12-27 17:05:57,678 - INFO - 181
2024-12-27 17:05:57,678 - INFO - ['bw 4 1', 'bw 5 3', 'bw 5 2', 'm u_9 w', 'm u_11 n', 'm u_12 c', 'm u_14 e', "dst '['bw 4 1', 'bw 5 3', 'bw 5 2', 'm u_9 w', 'm u_11 n', 'm u_12 c', 'm u_14 e']\r\nafdfddsf'"]
2024-12-27 17:05:57,678 - INFO - 
2024-12-27 17:05:57,692 - INFO - 182
2024-12-27 17:05:57,693 - INFO - 182
2024-12-27 17:05:57,693 - INFO - ['bw 4 1', 'bw 5 3', 'bw 5 2', 'm u_11 w', 'm u_12 c', "dst '['bw 4 1', 'bw 5 3', 'bw 5 2', 'm u_11 w', 'm u_12 c']\r\nafdfddsf'"]
2024-12-27 17:05:57,693 - INFO - 
2024-12-27 17:05:57,705 - INFO - 183
2024-12-27 17:05:57,706 - INFO - 183
2024-12-27 17:05:57,706 - INFO - ['bw 4 1', 'bw 5 3', 'bw 5 2', 'm u_9 e', 'm u_12 c', 'bcity u_14', "dst '['bw 4 1', 'bw 5 3', 'bw 5 2', 'm u_9 e', 'm u_12 c', 'bcity u_14']\r\nafdfddsf'"]
2024-12-27 17:05:57,706 - INFO - 
2024-12-27 17:05:57,720 - INFO - 184
2024-12-27 17:05:57,721 - INFO - 184
2024-12-27 17:05:57,721 - INFO - ['bw 4 1', 'bw 5 3', 'bw 5 2', 'bw 5 4', 'm u_11 n', 'm u_12 w', 'm u_14 n', "dst '['bw 4 1', 'bw 5 3', 'bw 5 2', 'bw 5 4', 'm u_11 n', 'm u_12 w', 'm u_14 n']\r\nafdfddsf'"]
2024-12-27 17:05:57,721 - INFO - 
2024-12-27 17:05:57,736 - INFO - 185
2024-12-27 17:05:57,737 - INFO - 185
2024-12-27 17:05:57,737 - INFO - ['bw 5 3', 'bw 5 2', 'bw 5 4', 'm u_9 w', 'm u_11 c', 'm u_12 c', 'm u_14 w', 'm u_15 e', "dst '['bw 5 3', 'bw 5 2', 'bw 5 4', 'm u_9 w', 'm u_11 c', 'm u_12 c', 'm u_14 w', 'm u_15 e']\r\nafdfddsf'"]
2024-12-27 17:05:57,737 - INFO - 
2024-12-27 17:05:57,750 - INFO - 186
2024-12-27 17:05:57,751 - INFO - 186
2024-12-27 17:05:57,751 - INFO - ['bw 3 4', 'bw 5 3', 'bw 5 2', 'bw 5 4', 'm u_11 e', 'm u_12 c', "dst '['bw 3 4', 'bw 5 3', 'bw 5 2', 'bw 5 4', 'm u_11 e', 'm u_12 c']\r\nafdfddsf'"]
2024-12-27 17:05:57,751 - INFO - 
2024-12-27 17:05:57,767 - INFO - 187
2024-12-27 17:05:57,768 - INFO - 187
2024-12-27 17:05:57,768 - INFO - ['bw 3 4', 'bw 5 3', 'bw 5 2', 'bw 5 4', 'm u_9 c', 'm u_12 n', 'm u_14 c', 'm u_15 w', "dst '['bw 3 4', 'bw 5 3', 'bw 5 2', 'bw 5 4', 'm u_9 c', 'm u_12 n', 'm u_14 c', 'm u_15 w']\r\nafdfddsf'"]
2024-12-27 17:05:57,768 - INFO - 
2024-12-27 17:05:57,785 - INFO - 188
2024-12-27 17:05:57,786 - INFO - 188
2024-12-27 17:05:57,786 - INFO - ['bw 3 4', 'bw 5 3', 'bw 5 2', 'bw 5 4', 'm u_9 e', 'm u_11 e', 'm u_12 n', 'm u_14 e', 'm u_15 e', "dst '['bw 3 4', 'bw 5 3', 'bw 5 2', 'bw 5 4', 'm u_9 e', 'm u_11 e', 'm u_12 n', 'm u_14 e', 'm u_15 e']\r\nafdfddsf'"]
2024-12-27 17:05:57,786 - INFO - 
2024-12-27 17:05:57,802 - INFO - 189
2024-12-27 17:05:57,802 - INFO - 189
2024-12-27 17:05:57,802 - INFO - ['bw 3 4', 'bw 5 3', 'bw 5 2', 'bw 5 4', 'm u_12 w', 'm u_14 e', "dst '['bw 3 4', 'bw 5 3', 'bw 5 2', 'bw 5 4', 'm u_12 w', 'm u_14 e']\r\nafdfddsf'"]
2024-12-27 17:05:57,802 - INFO - 
2024-12-27 17:05:57,814 - INFO - 190
2024-12-27 17:05:57,815 - INFO - 190
2024-12-27 17:05:57,815 - INFO - ['bw 3 4', 'bw 5 3', 'bw 5 2', 'bw 5 4', 'm u_9 n', 'm u_11 n', 'm u_12 e', 'm u_15 c', "dst '['bw 3 4', 'bw 5 3', 'bw 5 2', 'bw 5 4', 'm u_9 n', 'm u_11 n', 'm u_12 e', 'm u_15 c']\r\nafdfddsf'"]
2024-12-27 17:05:57,815 - INFO - 
2024-12-27 17:05:57,830 - INFO - 191
2024-12-27 17:05:57,831 - INFO - 191
2024-12-27 17:05:57,831 - INFO - ['bw 3 4', 'bw 5 3', 'bw 5 2', 'bw 5 4', 'm u_9 e', 'm u_11 n', "dst '['bw 3 4', 'bw 5 3', 'bw 5 2', 'bw 5 4', 'm u_9 e', 'm u_11 n']\r\nafdfddsf'"]
2024-12-27 17:05:57,831 - INFO - 
2024-12-27 17:05:57,845 - INFO - 192
2024-12-27 17:05:57,845 - INFO - 192
2024-12-27 17:05:57,845 - INFO - ['bw 5 4', 'm u_11 n', 'm u_16 w', 'm u_17 e', 'm u_18 e', "dst '['bw 5 4', 'm u_11 n', 'm u_16 w', 'm u_17 e', 'm u_18 e']\r\nafdfddsf'"]
2024-12-27 17:05:57,845 - INFO - 
2024-12-27 17:05:57,859 - INFO - 193
2024-12-27 17:05:57,860 - INFO - 193
2024-12-27 17:05:57,860 - INFO - ['bw 5 4', 'm u_11 w', "dst '['bw 5 4', 'm u_11 w']\r\nafdfddsf'"]
2024-12-27 17:05:57,860 - INFO - 
2024-12-27 17:05:57,872 - INFO - 194
2024-12-27 17:05:57,873 - INFO - 194
2024-12-27 17:05:57,873 - INFO - ['m u_19 n', "dst '['m u_19 n']\r\nafdfddsf'"]
2024-12-27 17:05:57,873 - INFO - 
2024-12-27 17:05:57,885 - INFO - 195
2024-12-27 17:05:57,886 - INFO - 195
2024-12-27 17:05:57,886 - INFO - ['m u_9 w', 'm u_19 c', "dst '['m u_9 w', 'm u_19 c']\r\nafdfddsf'"]
2024-12-27 17:05:57,886 - INFO - 
2024-12-27 17:05:57,897 - INFO - 196
2024-12-27 17:05:57,898 - INFO - 196
2024-12-27 17:05:57,898 - INFO - ['m u_16 e', 'm u_19 n', "dst '['m u_16 e', 'm u_19 n']\r\nafdfddsf'"]
2024-12-27 17:05:57,898 - INFO - 
2024-12-27 17:05:57,910 - INFO - 197
2024-12-27 17:05:57,910 - INFO - 197
2024-12-27 17:05:57,910 - INFO - ['m u_11 w', 'm u_16 n', "dst '['m u_11 w', 'm u_16 n']\r\nafdfddsf'"]
2024-12-27 17:05:57,910 - INFO - 
2024-12-27 17:05:57,923 - INFO - 198
2024-12-27 17:05:57,923 - INFO - 198
2024-12-27 17:05:57,923 - INFO - ["dst '[]\r\nafdfddsf'"]
2024-12-27 17:05:57,923 - INFO - 
2024-12-27 17:05:57,938 - INFO - 199
2024-12-27 17:05:57,939 - INFO - 199
2024-12-27 17:05:57,939 - INFO - ['m u_9 c', "dst '['m u_9 c']\r\nafdfddsf'"]
2024-12-27 17:05:57,940 - INFO - 
2024-12-27 17:05:57,954 - INFO - 200
2024-12-27 17:05:57,955 - INFO - 200
2024-12-27 17:05:57,955 - INFO - ["dst '[]\r\nafdfddsf'"]
2024-12-27 17:05:57,955 - INFO - 
2024-12-27 17:05:57,972 - INFO - 201
2024-12-27 17:05:57,972 - INFO - 201
2024-12-27 17:05:57,972 - INFO - ['bw 3 4', 'm u_11 e', 'm u_16 w', "dst '['bw 3 4', 'm u_11 e', 'm u_16 w']\r\nafdfddsf'"]
2024-12-27 17:05:57,973 - INFO - 
2024-12-27 17:05:57,988 - INFO - 202
2024-12-27 17:05:57,990 - INFO - 202
2024-12-27 17:05:57,990 - INFO - ['bw 3 4', "dst '['bw 3 4']\r\nafdfddsf'"]
2024-12-27 17:05:57,990 - INFO - 
2024-12-27 17:05:58,008 - INFO - 203
2024-12-27 17:05:58,009 - INFO - 203
2024-12-27 17:05:58,009 - INFO - ['bw 3 4', 'm u_11 n', 'bcity u_16', "dst '['bw 3 4', 'm u_11 n', 'bcity u_16']\r\nafdfddsf'"]
2024-12-27 17:05:58,009 - INFO - 
2024-12-27 17:05:58,024 - INFO - 204
2024-12-27 17:05:58,025 - INFO - 204
2024-12-27 17:05:58,025 - INFO - ['bw 3 4', 'bw 2 3', 'm u_11 e', 'm u_16 e', "dst '['bw 3 4', 'bw 2 3', 'm u_11 e', 'm u_16 e']\r\nafdfddsf'"]
2024-12-27 17:05:58,025 - INFO - 
2024-12-27 17:05:58,045 - INFO - 205
2024-12-27 17:05:58,046 - INFO - 205
2024-12-27 17:05:58,046 - INFO - ['bw 3 4', 'bw 2 3', "dst '['bw 3 4', 'bw 2 3']\r\nafdfddsf'"]
2024-12-27 17:05:58,046 - INFO - 
2024-12-27 17:05:58,060 - INFO - 206
2024-12-27 17:05:58,061 - INFO - 206
2024-12-27 17:05:58,061 - INFO - ['bw 3 4', 'bw 2 3', 'm u_11 n', 'm u_16 e', "dst '['bw 3 4', 'bw 2 3', 'm u_11 n', 'm u_16 e']\r\nafdfddsf'"]
2024-12-27 17:05:58,062 - INFO - 
2024-12-27 17:05:58,078 - INFO - 207
2024-12-27 17:05:58,078 - INFO - 207
2024-12-27 17:05:58,079 - INFO - ['bw 3 4', 'bw 2 3', 'm u_11 e', "dst '['bw 3 4', 'bw 2 3', 'm u_11 e']\r\nafdfddsf'"]
2024-12-27 17:05:58,079 - INFO - 
2024-12-27 17:05:58,094 - INFO - 208
2024-12-27 17:05:58,095 - INFO - 208
2024-12-27 17:05:58,095 - INFO - ['bw 3 4', 'bw 2 3', 'm u_16 w', "dst '['bw 3 4', 'bw 2 3', 'm u_16 w']\r\nafdfddsf'"]
2024-12-27 17:05:58,096 - INFO - 
2024-12-27 17:05:58,111 - INFO - 209
2024-12-27 17:05:58,111 - INFO - 209
2024-12-27 17:05:58,112 - INFO - ['bw 3 4', 'bw 2 3', 'm u_11 e', "dst '['bw 3 4', 'bw 2 3', 'm u_11 e']\r\nafdfddsf'"]
2024-12-27 17:05:58,112 - INFO - 
2024-12-27 17:05:58,126 - INFO - 210
2024-12-27 17:05:58,126 - INFO - 210
2024-12-27 17:05:58,126 - INFO - ['bw 3 4', 'bw 2 3', 'm u_16 w', "dst '['bw 3 4', 'bw 2 3', 'm u_16 w']\r\nafdfddsf'"]
2024-12-27 17:05:58,127 - INFO - 
2024-12-27 17:05:58,142 - INFO - 211
2024-12-27 17:05:58,143 - INFO - 211
2024-12-27 17:05:58,143 - INFO - ['bw 3 4', 'bw 2 3', 'm u_11 e', 'm u_16 c', "dst '['bw 3 4', 'bw 2 3', 'm u_11 e', 'm u_16 c']\r\nafdfddsf'"]
2024-12-27 17:05:58,143 - INFO - 
2024-12-27 17:05:58,165 - INFO - 212
2024-12-27 17:05:58,166 - INFO - 212
2024-12-27 17:05:58,167 - INFO - ['bw 3 4', 'bw 2 3', 'm u_16 c', "dst '['bw 3 4', 'bw 2 3', 'm u_16 c']\r\nafdfddsf'"]
2024-12-27 17:05:58,167 - INFO - 
2024-12-27 17:05:58,245 - INFO - 213
2024-12-27 17:05:58,246 - INFO - 213
2024-12-27 17:05:58,246 - INFO - ['bw 3 4', 'bw 2 3', 'm u_11 w', 'm u_16 w', "dst '['bw 3 4', 'bw 2 3', 'm u_11 w', 'm u_16 w']\r\nafdfddsf'"]
2024-12-27 17:05:58,246 - INFO - 
2024-12-27 17:05:58,263 - INFO - 214
2024-12-27 17:05:58,264 - INFO - 214
2024-12-27 17:05:58,265 - INFO - ['bw 3 4', 'bw 2 3', "dst '['bw 3 4', 'bw 2 3']\r\nafdfddsf'"]
2024-12-27 17:05:58,265 - INFO - 
2024-12-27 17:05:58,279 - INFO - 215
2024-12-27 17:05:58,280 - INFO - 215
2024-12-27 17:05:58,280 - INFO - ['bw 3 4', 'bw 2 3', 'm u_11 c', 'm u_16 e', "dst '['bw 3 4', 'bw 2 3', 'm u_11 c', 'm u_16 e']\r\nafdfddsf'"]
2024-12-27 17:05:58,280 - INFO - 
2024-12-27 17:05:58,292 - INFO - 216
2024-12-27 17:05:58,293 - INFO - 216
2024-12-27 17:05:58,293 - INFO - ['bw 3 4', 'bw 2 3', 'm u_11 w', 'm u_16 n', "dst '['bw 3 4', 'bw 2 3', 'm u_11 w', 'm u_16 n']\r\nafdfddsf'"]
2024-12-27 17:05:58,293 - INFO - 
2024-12-27 17:05:58,304 - INFO - 217
2024-12-27 17:05:58,304 - INFO - 217
2024-12-27 17:05:58,304 - INFO - ['bw 3 4', 'bw 2 3', "dst '['bw 3 4', 'bw 2 3']\r\nafdfddsf'"]
2024-12-27 17:05:58,304 - INFO - 
2024-12-27 17:05:58,317 - INFO - 218
2024-12-27 17:05:58,317 - INFO - 218
2024-12-27 17:05:58,317 - INFO - ['bw 3 4', 'bw 2 3', 'm u_11 e', 'm u_16 e', "dst '['bw 3 4', 'bw 2 3', 'm u_11 e', 'm u_16 e']\r\nafdfddsf'"]
2024-12-27 17:05:58,317 - INFO - 
2024-12-27 17:05:58,330 - INFO - 219
2024-12-27 17:05:58,331 - INFO - 219
2024-12-27 17:05:58,331 - INFO - ['bw 3 4', 'bw 2 3', "dst '['bw 3 4', 'bw 2 3']\r\nafdfddsf'"]
2024-12-27 17:05:58,331 - INFO - 
2024-12-27 17:05:58,344 - INFO - 220
2024-12-27 17:05:58,345 - INFO - 220
2024-12-27 17:05:58,345 - INFO - ['bw 3 4', 'bw 2 3', 'm u_11 c', 'm u_16 w', "dst '['bw 3 4', 'bw 2 3', 'm u_11 c', 'm u_16 w']\r\nafdfddsf'"]
2024-12-27 17:05:58,345 - INFO - 
2024-12-27 17:05:58,359 - INFO - 221
2024-12-27 17:05:58,360 - INFO - 221
2024-12-27 17:05:58,360 - INFO - ['bw 3 4', 'bw 2 3', 'm u_11 e', "dst '['bw 3 4', 'bw 2 3', 'm u_11 e']\r\nafdfddsf'"]
2024-12-27 17:05:58,360 - INFO - 
2024-12-27 17:05:58,373 - INFO - 222
2024-12-27 17:05:58,373 - INFO - 222
2024-12-27 17:05:58,374 - INFO - ['bw 3 4', 'bw 2 3', 'bcity u_16', "dst '['bw 3 4', 'bw 2 3', 'bcity u_16']\r\nafdfddsf'"]
2024-12-27 17:05:58,374 - INFO - 
2024-12-27 17:05:58,385 - INFO - 223
2024-12-27 17:05:58,385 - INFO - 223
2024-12-27 17:05:58,385 - INFO - ['bw 3 4', 'bw 2 3', 'bw 2 2', 'm u_11 w', 'm u_16 w', "dst '['bw 3 4', 'bw 2 3', 'bw 2 2', 'm u_11 w', 'm u_16 w']\r\nafdfddsf'"]
2024-12-27 17:05:58,385 - INFO - 
2024-12-27 17:05:58,399 - INFO - 224
2024-12-27 17:05:58,400 - INFO - 224
2024-12-27 17:05:58,400 - INFO - ['bw 2 3', 'bw 2 2', 'm u_20 w', "dst '['bw 2 3', 'bw 2 2', 'm u_20 w']\r\nafdfddsf'"]
2024-12-27 17:05:58,400 - INFO - 
2024-12-27 17:05:58,416 - INFO - 225
2024-12-27 17:05:58,416 - INFO - 225
2024-12-27 17:05:58,416 - INFO - ['bw 2 3', 'bw 2 2', 'm u_11 c', 'm u_16 w', "dst '['bw 2 3', 'bw 2 2', 'm u_11 c', 'm u_16 w']\r\nafdfddsf'"]
2024-12-27 17:05:58,416 - INFO - 
2024-12-27 17:05:58,427 - INFO - 226
2024-12-27 17:05:58,427 - INFO - 226
2024-12-27 17:05:58,427 - INFO - ['bw 2 3', 'bw 2 2', 'm u_11 c', 'm u_20 n', "dst '['bw 2 3', 'bw 2 2', 'm u_11 c', 'm u_20 n']\r\nafdfddsf'"]
2024-12-27 17:05:58,427 - INFO - 
2024-12-27 17:05:58,438 - INFO - 227
2024-12-27 17:05:58,439 - INFO - 227
2024-12-27 17:05:58,439 - INFO - ['bw 2 3', 'bw 2 2', 'm u_11 e', 'm u_16 e', 'm u_20 n', "dst '['bw 2 3', 'bw 2 2', 'm u_11 e', 'm u_16 e', 'm u_20 n']\r\nafdfddsf'"]
2024-12-27 17:05:58,439 - INFO - 
2024-12-27 17:05:58,450 - INFO - 228
2024-12-27 17:05:58,450 - INFO - 228
2024-12-27 17:05:58,450 - INFO - ['bw 2 3', 'bw 2 2', 'm u_20 c', "dst '['bw 2 3', 'bw 2 2', 'm u_20 c']\r\nafdfddsf'"]
2024-12-27 17:05:58,450 - INFO - 
2024-12-27 17:05:58,464 - INFO - 229
2024-12-27 17:05:58,464 - INFO - 229
2024-12-27 17:05:58,464 - INFO - ['bw 2 3', 'bw 2 2', 'm u_11 e', 'm u_16 c', 'm u_20 c', "dst '['bw 2 3', 'bw 2 2', 'm u_11 e', 'm u_16 c', 'm u_20 c']\r\nafdfddsf'"]
2024-12-27 17:05:58,464 - INFO - 
2024-12-27 17:05:58,476 - INFO - 230
2024-12-27 17:05:58,477 - INFO - 230
2024-12-27 17:05:58,477 - INFO - ['bw 2 3', 'bw 2 2', 'm u_16 c', 'm u_20 n', "dst '['bw 2 3', 'bw 2 2', 'm u_16 c', 'm u_20 n']\r\nafdfddsf'"]
2024-12-27 17:05:58,477 - INFO - 
2024-12-27 17:05:58,488 - INFO - 231
2024-12-27 17:05:58,489 - INFO - 231
2024-12-27 17:05:58,489 - INFO - ['bw 2 3', 'bw 2 2', 'm u_11 n', "dst '['bw 2 3', 'bw 2 2', 'm u_11 n']\r\nafdfddsf'"]
2024-12-27 17:05:58,489 - INFO - 
2024-12-27 17:05:58,500 - INFO - 232
2024-12-27 17:05:58,500 - INFO - 232
2024-12-27 17:05:58,500 - INFO - ['m u_11 c', 'm u_21 w', 'm u_22 n', "dst '['m u_11 c', 'm u_21 w', 'm u_22 n']\r\nafdfddsf'"]
2024-12-27 17:05:58,500 - INFO - 
2024-12-27 17:05:58,511 - INFO - 233
2024-12-27 17:05:58,511 - INFO - 233
2024-12-27 17:05:58,511 - INFO - ['bw 3 4', "dst '['bw 3 4']\r\nafdfddsf'"]
2024-12-27 17:05:58,511 - INFO - 
2024-12-27 17:05:58,522 - INFO - 234
2024-12-27 17:05:58,523 - INFO - 234
2024-12-27 17:05:58,523 - INFO - ['m u_23 w', "dst '['m u_23 w']\r\nafdfddsf'"]
2024-12-27 17:05:58,523 - INFO - 
2024-12-27 17:05:58,537 - INFO - 235
2024-12-27 17:05:58,538 - INFO - 235
2024-12-27 17:05:58,538 - INFO - ["dst '[]\r\nafdfddsf'"]
2024-12-27 17:05:58,538 - INFO - 
2024-12-27 17:05:58,550 - INFO - 236
2024-12-27 17:05:58,551 - INFO - 236
2024-12-27 17:05:58,551 - INFO - ["dst '[]\r\nafdfddsf'"]
2024-12-27 17:05:58,551 - INFO - 
2024-12-27 17:05:58,562 - INFO - 237
2024-12-27 17:05:58,563 - INFO - 237
2024-12-27 17:05:58,563 - INFO - ["dst '[]\r\nafdfddsf'"]
2024-12-27 17:05:58,563 - INFO - 
2024-12-27 17:05:58,577 - INFO - 238
2024-12-27 17:05:58,577 - INFO - 238
2024-12-27 17:05:58,577 - INFO - ['m u_23 w', "dst '['m u_23 w']\r\nafdfddsf'"]
2024-12-27 17:05:58,577 - INFO - 
2024-12-27 17:05:58,588 - INFO - 239
2024-12-27 17:05:58,588 - INFO - 239
2024-12-27 17:05:58,588 - INFO - ["dst '[]\r\nafdfddsf'"]
2024-12-27 17:05:58,588 - INFO - 
2024-12-27 17:05:58,600 - INFO - 240
2024-12-27 17:05:58,601 - INFO - 240
2024-12-27 17:05:58,601 - INFO - ["dst '[]\r\nafdfddsf'"]
2024-12-27 17:05:58,601 - INFO - 
2024-12-27 17:05:58,615 - INFO - 241
2024-12-27 17:05:58,616 - INFO - 241
2024-12-27 17:05:58,616 - INFO - ['bw 2 3', 'bw 2 2', "dst '['bw 2 3', 'bw 2 2']\r\nafdfddsf'"]
2024-12-27 17:05:58,616 - INFO - 
2024-12-27 17:05:58,627 - INFO - 242
2024-12-27 17:05:58,627 - INFO - 242
2024-12-27 17:05:58,627 - INFO - ['bcity u_23', 'm u_24 c', 'm u_25 w', "dst '['bcity u_23', 'm u_24 c', 'm u_25 w']\r\nafdfddsf'"]
2024-12-27 17:05:58,627 - INFO - 
2024-12-27 17:05:58,638 - INFO - 243
2024-12-27 17:05:58,638 - INFO - 243
2024-12-27 17:05:58,638 - INFO - ['bw 3 4', 'bw 1 4', 'm u_23 w', 'm u_24 w', "dst '['bw 3 4', 'bw 1 4', 'm u_23 w', 'm u_24 w']\r\nafdfddsf'"]
2024-12-27 17:05:58,638 - INFO - 
2024-12-27 17:05:58,649 - INFO - 244
2024-12-27 17:05:58,649 - INFO - 244
2024-12-27 17:05:58,650 - INFO - ['bw 1 4', 'm u_25 c', 'm u_26 c', "dst '['bw 1 4', 'm u_25 c', 'm u_26 c']\r\nafdfddsf'"]
2024-12-27 17:05:58,650 - INFO - 
2024-12-27 17:05:58,660 - INFO - 245
2024-12-27 17:05:58,661 - INFO - 245
2024-12-27 17:05:58,661 - INFO - ['bw 1 4', 'm u_23 n', 'm u_24 n', 'm u_25 w', 'm u_26 c', "dst '['bw 1 4', 'm u_23 n', 'm u_24 n', 'm u_25 w', 'm u_26 c']\r\nafdfddsf'"]
2024-12-27 17:05:58,661 - INFO - 
2024-12-27 17:05:58,672 - INFO - 246
2024-12-27 17:05:58,672 - INFO - 246
2024-12-27 17:05:58,672 - INFO - ['bw 1 4', 'm u_26 c', "dst '['bw 1 4', 'm u_26 c']\r\nafdfddsf'"]
2024-12-27 17:05:58,672 - INFO - 
2024-12-27 17:05:58,683 - INFO - 247
2024-12-27 17:05:58,684 - INFO - 247
2024-12-27 17:05:58,684 - INFO - ['bw 1 4', 'm u_23 w', 'm u_24 n', 'm u_25 c', 'm u_26 n', "dst '['bw 1 4', 'm u_23 w', 'm u_24 n', 'm u_25 c', 'm u_26 n']\r\nafdfddsf'"]
2024-12-27 17:05:58,684 - INFO - 
2024-12-27 17:05:58,696 - INFO - 248
2024-12-27 17:05:58,696 - INFO - 248
2024-12-27 17:05:58,696 - INFO - ['bw 1 4', 'm u_23 w', 'm u_25 c', "dst '['bw 1 4', 'm u_23 w', 'm u_25 c']\r\nafdfddsf'"]
2024-12-27 17:05:58,696 - INFO - 
2024-12-27 17:05:58,710 - INFO - 249
2024-12-27 17:05:58,710 - INFO - 249
2024-12-27 17:05:58,710 - INFO - ['bw 1 4', 'm u_23 w', 'm u_24 e', 'm u_25 w', 'm u_26 w', "dst '['bw 1 4', 'm u_23 w', 'm u_24 e', 'm u_25 w', 'm u_26 w']\r\nafdfddsf'"]
2024-12-27 17:05:58,710 - INFO - 
2024-12-27 17:05:58,722 - INFO - 250
2024-12-27 17:05:58,723 - INFO - 250
2024-12-27 17:05:58,723 - INFO - ['bw 1 4', 'm u_23 w', 'm u_25 c', 'm u_26 w', "dst '['bw 1 4', 'm u_23 w', 'm u_25 c', 'm u_26 w']\r\nafdfddsf'"]
2024-12-27 17:05:58,723 - INFO - 
2024-12-27 17:05:58,734 - INFO - 251
2024-12-27 17:05:58,735 - INFO - 251
2024-12-27 17:05:58,735 - INFO - ['bw 2 3', 'bw 2 2', 'bw 1 4', 'm u_23 w', 'm u_24 e', 'm u_25 c', "dst '['bw 2 3', 'bw 2 2', 'bw 1 4', 'm u_23 w', 'm u_24 e', 'm u_25 c']\r\nafdfddsf'"]
2024-12-27 17:05:58,735 - INFO - 
2024-12-27 17:05:58,746 - INFO - 252
2024-12-27 17:05:58,747 - INFO - 252
2024-12-27 17:05:58,747 - INFO - ['bw 2 3', 'bw 2 2', 'bw 1 4', 'm u_23 e', 'm u_25 w', 'm u_26 c', "dst '['bw 2 3', 'bw 2 2', 'bw 1 4', 'm u_23 e', 'm u_25 w', 'm u_26 c']\r\nafdfddsf'"]
2024-12-27 17:05:58,747 - INFO - 
2024-12-27 17:05:58,757 - INFO - 253
2024-12-27 17:05:58,758 - INFO - 253
2024-12-27 17:05:58,758 - INFO - ['bw 3 4', 'bw 2 3', 'bw 2 2', 'bw 1 4', 'm u_23 e', 'm u_24 w', 'm u_25 n', 'm u_26 e', "dst '['bw 3 4', 'bw 2 3', 'bw 2 2', 'bw 1 4', 'm u_23 e', 'm u_24 w', 'm u_25 n', 'm u_26 e']\r\nafdfddsf'"]
2024-12-27 17:05:58,758 - INFO - 
2024-12-27 17:05:58,770 - INFO - 254
2024-12-27 17:05:58,770 - INFO - 254
2024-12-27 17:05:58,770 - INFO - ['bw 3 4', 'bw 2 3', 'bw 2 2', 'bw 1 4', 'm u_26 c', "dst '['bw 3 4', 'bw 2 3', 'bw 2 2', 'bw 1 4', 'm u_26 c']\r\nafdfddsf'"]
2024-12-27 17:05:58,770 - INFO - 
2024-12-27 17:05:58,783 - INFO - 255
2024-12-27 17:05:58,784 - INFO - 255
2024-12-27 17:05:58,784 - INFO - ['bw 3 4', 'bw 2 3', 'bw 2 2', 'bw 1 4', 'm u_23 e', 'm u_24 e', 'm u_25 e', 'm u_26 n', "dst '['bw 3 4', 'bw 2 3', 'bw 2 2', 'bw 1 4', 'm u_23 e', 'm u_24 e', 'm u_25 e', 'm u_26 n']\r\nafdfddsf'"]
2024-12-27 17:05:58,784 - INFO - 
2024-12-27 17:05:58,796 - INFO - 256
2024-12-27 17:05:58,796 - INFO - 256
2024-12-27 17:05:58,796 - INFO - ['bw 3 4', 'bw 2 3', 'bw 2 2', 'bw 1 4', 'm u_23 c', 'm u_26 c', "dst '['bw 3 4', 'bw 2 3', 'bw 2 2', 'bw 1 4', 'm u_23 c', 'm u_26 c']\r\nafdfddsf'"]
2024-12-27 17:05:58,796 - INFO - 
2024-12-27 17:05:58,841 - INFO - 257
2024-12-27 17:05:58,842 - INFO - 257
2024-12-27 17:05:58,842 - INFO - ['bw 3 4', 'bw 2 3', 'bw 2 2', 'bw 1 4', 'm u_23 c', 'm u_24 w', 'm u_25 c', 'm u_26 c', "dst '['bw 3 4', 'bw 2 3', 'bw 2 2', 'bw 1 4', 'm u_23 c', 'm u_24 w', 'm u_25 c', 'm u_26 c']\r\nafdfddsf'"]
2024-12-27 17:05:58,842 - INFO - 
2024-12-27 17:05:58,855 - INFO - 258
2024-12-27 17:05:58,855 - INFO - 258
2024-12-27 17:05:58,855 - INFO - ['bw 3 4', 'bw 2 3', 'bw 2 2', 'bw 1 4', 'm u_23 n', 'm u_25 w', 'm u_26 w', "dst '['bw 3 4', 'bw 2 3', 'bw 2 2', 'bw 1 4', 'm u_23 n', 'm u_25 w', 'm u_26 w']\r\nafdfddsf'"]
2024-12-27 17:05:58,855 - INFO - 
2024-12-27 17:05:58,866 - INFO - 259
2024-12-27 17:05:58,867 - INFO - 259
2024-12-27 17:05:58,867 - INFO - ['bw 3 4', 'bw 2 3', 'bw 2 2', 'bw 1 4', 'm u_23 e', 'm u_24 w', "dst '['bw 3 4', 'bw 2 3', 'bw 2 2', 'bw 1 4', 'm u_23 e', 'm u_24 w']\r\nafdfddsf'"]
2024-12-27 17:05:58,867 - INFO - 
2024-12-27 17:05:58,877 - INFO - 260
2024-12-27 17:05:58,878 - INFO - 260
2024-12-27 17:05:58,878 - INFO - ['bw 3 4', 'bw 2 3', 'bw 2 2', 'bw 1 4', 'm u_25 w', 'm u_26 n', "dst '['bw 3 4', 'bw 2 3', 'bw 2 2', 'bw 1 4', 'm u_25 w', 'm u_26 n']\r\nafdfddsf'"]
2024-12-27 17:05:58,878 - INFO - 
2024-12-27 17:05:58,892 - INFO - 261
2024-12-27 17:05:58,893 - INFO - 261
2024-12-27 17:05:58,893 - INFO - ['bw 3 4', 'bw 2 3', 'bw 2 2', 'bw 1 4', 'm u_23 c', 'm u_24 w', 'm u_25 w', 'm u_26 n', "dst '['bw 3 4', 'bw 2 3', 'bw 2 2', 'bw 1 4', 'm u_23 c', 'm u_24 w', 'm u_25 w', 'm u_26 n']\r\nafdfddsf'"]
2024-12-27 17:05:58,893 - INFO - 
2024-12-27 17:05:58,909 - INFO - 262
2024-12-27 17:05:58,909 - INFO - 262
2024-12-27 17:05:58,909 - INFO - ['bw 3 4', 'bw 2 3', 'bw 2 2', 'bw 1 4', 'm u_23 w', 'm u_24 w', 'm u_25 n', 'm u_26 e', "dst '['bw 3 4', 'bw 2 3', 'bw 2 2', 'bw 1 4', 'm u_23 w', 'm u_24 w', 'm u_25 n', 'm u_26 e']\r\nafdfddsf'"]
2024-12-27 17:05:58,909 - INFO - 
2024-12-27 17:05:58,922 - INFO - 263
2024-12-27 17:05:58,923 - INFO - 263
2024-12-27 17:05:58,923 - INFO - ['bw 3 4', 'bw 2 3', 'bw 2 2', 'bw 1 4', 'm u_23 e', 'm u_26 w', "dst '['bw 3 4', 'bw 2 3', 'bw 2 2', 'bw 1 4', 'm u_23 e', 'm u_26 w']\r\nafdfddsf'"]
2024-12-27 17:05:58,923 - INFO - 
2024-12-27 17:05:58,933 - INFO - 264
2024-12-27 17:05:58,934 - INFO - 264
2024-12-27 17:05:58,934 - INFO - ['bw 3 4', 'bw 2 3', 'bw 2 2', 'bw 1 4', 'm u_24 w', 'm u_25 c', "dst '['bw 3 4', 'bw 2 3', 'bw 2 2', 'bw 1 4', 'm u_24 w', 'm u_25 c']\r\nafdfddsf'"]
2024-12-27 17:05:58,934 - INFO - 
2024-12-27 17:05:58,946 - INFO - 265
2024-12-27 17:05:58,948 - INFO - 265
2024-12-27 17:05:58,948 - INFO - ['bw 3 4', 'bw 2 3', 'bw 2 2', 'bw 1 4', 'm u_23 w', 'm u_24 c', 'm u_25 e', 'm u_26 w', "dst '['bw 3 4', 'bw 2 3', 'bw 2 2', 'bw 1 4', 'm u_23 w', 'm u_24 c', 'm u_25 e', 'm u_26 w']\r\nafdfddsf'"]
2024-12-27 17:05:58,948 - INFO - 
2024-12-27 17:05:58,965 - INFO - 266
2024-12-27 17:05:58,966 - INFO - 266
2024-12-27 17:05:58,966 - INFO - ['bw 3 4', 'bw 2 3', 'bw 2 2', 'bw 1 4', 'm u_23 w', 'm u_24 n', "dst '['bw 3 4', 'bw 2 3', 'bw 2 2', 'bw 1 4', 'm u_23 w', 'm u_24 n']\r\nafdfddsf'"]
2024-12-27 17:05:58,966 - INFO - 
2024-12-27 17:05:58,983 - INFO - 267
2024-12-27 17:05:58,984 - INFO - 267
2024-12-27 17:05:58,984 - INFO - ['bw 3 4', 'bw 2 3', 'bw 2 2', 'bw 1 4', 'm u_25 w', 'm u_26 e', "dst '['bw 3 4', 'bw 2 3', 'bw 2 2', 'bw 1 4', 'm u_25 w', 'm u_26 e']\r\nafdfddsf'"]
2024-12-27 17:05:58,984 - INFO - 
2024-12-27 17:05:59,004 - INFO - 268
2024-12-27 17:05:59,005 - INFO - 268
2024-12-27 17:05:59,006 - INFO - ['bw 3 4', 'bw 2 3', 'bw 2 2', 'bw 1 4', 'm u_23 w', 'm u_24 c', 'm u_25 w', 'm u_26 c', "dst '['bw 3 4', 'bw 2 3', 'bw 2 2', 'bw 1 4', 'm u_23 w', 'm u_24 c', 'm u_25 w', 'm u_26 c']\r\nafdfddsf'"]
2024-12-27 17:05:59,006 - INFO - 
2024-12-27 17:05:59,027 - INFO - 269
2024-12-27 17:05:59,028 - INFO - 269
2024-12-27 17:05:59,028 - INFO - ['bw 3 4', 'bw 2 3', 'bw 2 2', 'bw 1 4', 'm u_23 n', 'm u_24 w', 'm u_25 n', 'm u_26 n', "dst '['bw 3 4', 'bw 2 3', 'bw 2 2', 'bw 1 4', 'm u_23 n', 'm u_24 w', 'm u_25 n', 'm u_26 n']\r\nafdfddsf'"]
2024-12-27 17:05:59,028 - INFO - 
2024-12-27 17:05:59,043 - INFO - 270
2024-12-27 17:05:59,044 - INFO - 270
2024-12-27 17:05:59,044 - INFO - ['bw 3 4', 'bw 2 3', 'bw 2 2', 'bw 1 4', 'm u_24 w', 'm u_25 c', "dst '['bw 3 4', 'bw 2 3', 'bw 2 2', 'bw 1 4', 'm u_24 w', 'm u_25 c']\r\nafdfddsf'"]
2024-12-27 17:05:59,044 - INFO - 
2024-12-27 17:05:59,059 - INFO - 271
2024-12-27 17:05:59,060 - INFO - 271
2024-12-27 17:05:59,060 - INFO - ['bw 3 4', 'bw 2 3', 'bw 2 2', 'm u_24 w', "dst '['bw 3 4', 'bw 2 3', 'bw 2 2', 'm u_24 w']\r\nafdfddsf'"]
2024-12-27 17:05:59,060 - INFO - 
2024-12-27 17:05:59,077 - INFO - 272
2024-12-27 17:05:59,078 - INFO - 272
2024-12-27 17:05:59,078 - INFO - ['bw 2 2', 'm u_24 c', 'm u_27 n', 'm u_28 e', "dst '['bw 2 2', 'm u_24 c', 'm u_27 n', 'm u_28 e']\r\nafdfddsf'"]
2024-12-27 17:05:59,078 - INFO - 
2024-12-27 17:05:59,095 - INFO - 273
2024-12-27 17:05:59,096 - INFO - 273
2024-12-27 17:05:59,096 - INFO - ['bw 2 2', 'm u_24 w', 'm u_27 e', 'm u_28 c', "dst '['bw 2 2', 'm u_24 w', 'm u_27 e', 'm u_28 c']\r\nafdfddsf'"]
2024-12-27 17:05:59,096 - INFO - 
2024-12-27 17:05:59,110 - INFO - 274
2024-12-27 17:05:59,110 - INFO - 274
2024-12-27 17:05:59,110 - INFO - ['bw 2 2', 'm u_24 w', 'm u_28 e', "dst '['bw 2 2', 'm u_24 w', 'm u_28 e']\r\nafdfddsf'"]
2024-12-27 17:05:59,110 - INFO - 
2024-12-27 17:05:59,122 - INFO - 275
2024-12-27 17:05:59,122 - INFO - 275
2024-12-27 17:05:59,122 - INFO - ['bw 2 2', 'm u_24 e', "dst '['bw 2 2', 'm u_24 e']\r\nafdfddsf'"]
2024-12-27 17:05:59,123 - INFO - 
2024-12-27 17:05:59,135 - INFO - 276
2024-12-27 17:05:59,136 - INFO - 276
2024-12-27 17:05:59,136 - INFO - ['bw 2 2', "dst '['bw 2 2']\r\nafdfddsf'"]
2024-12-27 17:05:59,136 - INFO - 
2024-12-27 17:05:59,148 - INFO - 277
2024-12-27 17:05:59,149 - INFO - 277
2024-12-27 17:05:59,149 - INFO - ['bw 2 2', 'm u_27 w', "dst '['bw 2 2', 'm u_27 w']\r\nafdfddsf'"]
2024-12-27 17:05:59,149 - INFO - 
2024-12-27 17:05:59,164 - INFO - 278
2024-12-27 17:05:59,165 - INFO - 278
2024-12-27 17:05:59,165 - INFO - ['bw 2 2', 'm u_27 e', 'm u_28 w', "dst '['bw 2 2', 'm u_27 e', 'm u_28 w']\r\nafdfddsf'"]
2024-12-27 17:05:59,165 - INFO - 
2024-12-27 17:05:59,177 - INFO - 279
2024-12-27 17:05:59,178 - INFO - 279
2024-12-27 17:05:59,178 - INFO - ['bw 2 2', 'm u_24 e', 'm u_28 n', "dst '['bw 2 2', 'm u_24 e', 'm u_28 n']\r\nafdfddsf'"]
2024-12-27 17:05:59,178 - INFO - 
2024-12-27 17:05:59,189 - INFO - 280
2024-12-27 17:05:59,189 - INFO - 280
2024-12-27 17:05:59,190 - INFO - ['bw 2 2', 'm u_28 w', "dst '['bw 2 2', 'm u_28 w']\r\nafdfddsf'"]
2024-12-27 17:05:59,190 - INFO - 
2024-12-27 17:05:59,204 - INFO - 281
2024-12-27 17:05:59,204 - INFO - 281
2024-12-27 17:05:59,204 - INFO - ['bw 3 4', 'bw 2 3', 'bw 2 2', "dst '['bw 3 4', 'bw 2 3', 'bw 2 2']\r\nafdfddsf'"]
2024-12-27 17:05:59,205 - INFO - 
2024-12-27 17:05:59,219 - INFO - 282
2024-12-27 17:05:59,219 - INFO - 282
2024-12-27 17:05:59,219 - INFO - ['bw 3 4', 'bw 2 3', 'bw 2 2', 'm u_27 n', 'm u_28 n', "dst '['bw 3 4', 'bw 2 3', 'bw 2 2', 'm u_27 n', 'm u_28 n']\r\nafdfddsf'"]
2024-12-27 17:05:59,219 - INFO - 
2024-12-27 17:05:59,236 - INFO - 283
2024-12-27 17:05:59,238 - INFO - 283
2024-12-27 17:05:59,238 - INFO - ['bw 3 4', 'bw 2 3', 'bw 2 2', 'm u_24 e', "dst '['bw 3 4', 'bw 2 3', 'bw 2 2', 'm u_24 e']\r\nafdfddsf'"]
2024-12-27 17:05:59,238 - INFO - 
2024-12-27 17:05:59,253 - INFO - 284
2024-12-27 17:05:59,254 - INFO - 284
2024-12-27 17:05:59,254 - INFO - ['bw 3 4', 'bw 2 3', 'bw 2 2', 'm u_27 c', 'm u_28 n', "dst '['bw 3 4', 'bw 2 3', 'bw 2 2', 'm u_27 c', 'm u_28 n']\r\nafdfddsf'"]
2024-12-27 17:05:59,254 - INFO - 
2024-12-27 17:05:59,272 - INFO - 285
2024-12-27 17:05:59,274 - INFO - 285
2024-12-27 17:05:59,274 - INFO - ['bw 3 4', 'bw 2 3', 'bw 2 2', 'm u_24 n', 'm u_27 n', "dst '['bw 3 4', 'bw 2 3', 'bw 2 2', 'm u_24 n', 'm u_27 n']\r\nafdfddsf'"]
2024-12-27 17:05:59,274 - INFO - 
2024-12-27 17:05:59,289 - INFO - 286
2024-12-27 17:05:59,290 - INFO - 286
2024-12-27 17:05:59,290 - INFO - ['bw 3 4', 'bw 2 3', 'bw 2 2', 'm u_24 c', 'm u_28 c', "dst '['bw 3 4', 'bw 2 3', 'bw 2 2', 'm u_24 c', 'm u_28 c']\r\nafdfddsf'"]
2024-12-27 17:05:59,290 - INFO - 
2024-12-27 17:05:59,305 - INFO - 287
2024-12-27 17:05:59,306 - INFO - 287
2024-12-27 17:05:59,306 - INFO - ['bw 3 4', 'bw 2 3', 'bw 2 2', 'm u_24 n', 'm u_27 c', 'm u_28 c', "dst '['bw 3 4', 'bw 2 3', 'bw 2 2', 'm u_24 n', 'm u_27 c', 'm u_28 c']\r\nafdfddsf'"]
2024-12-27 17:05:59,307 - INFO - 
2024-12-27 17:05:59,323 - INFO - 288
2024-12-27 17:05:59,324 - INFO - 288
2024-12-27 17:05:59,325 - INFO - ['bw 3 4', 'bw 2 3', 'bw 2 2', 'm u_24 c', 'm u_27 w', 'm u_28 n', "dst '['bw 3 4', 'bw 2 3', 'bw 2 2', 'm u_24 c', 'm u_27 w', 'm u_28 n']\r\nafdfddsf'"]
2024-12-27 17:05:59,325 - INFO - 
2024-12-27 17:05:59,343 - INFO - 289
2024-12-27 17:05:59,344 - INFO - 289
2024-12-27 17:05:59,344 - INFO - ['bw 3 4', 'bw 2 3', 'bw 2 2', 'm u_24 c', 'm u_28 w', "dst '['bw 3 4', 'bw 2 3', 'bw 2 2', 'm u_24 c', 'm u_28 w']\r\nafdfddsf'"]
2024-12-27 17:05:59,344 - INFO - 
2024-12-27 17:05:59,359 - INFO - 290
2024-12-27 17:05:59,360 - INFO - 290
2024-12-27 17:05:59,360 - INFO - ['bw 3 4', 'bw 2 3', 'bw 2 2', 'm u_24 e', 'm u_27 e', "dst '['bw 3 4', 'bw 2 3', 'bw 2 2', 'm u_24 e', 'm u_27 e']\r\nafdfddsf'"]
2024-12-27 17:05:59,360 - INFO - 
2024-12-27 17:05:59,373 - INFO - 291
2024-12-27 17:05:59,374 - INFO - 291
2024-12-27 17:05:59,375 - INFO - ['bw 3 4', 'bw 2 3', 'bw 2 2', 'm u_28 c', "dst '['bw 3 4', 'bw 2 3', 'bw 2 2', 'm u_28 c']\r\nafdfddsf'"]
2024-12-27 17:05:59,375 - INFO - 
2024-12-27 17:05:59,390 - INFO - 292
2024-12-27 17:05:59,391 - INFO - 292
2024-12-27 17:05:59,392 - INFO - ['bw 3 4', 'bw 2 3', 'bw 2 2', 'm u_24 n', 'm u_27 c', 'm u_28 e', "dst '['bw 3 4', 'bw 2 3', 'bw 2 2', 'm u_24 n', 'm u_27 c', 'm u_28 e']\r\nafdfddsf'"]
2024-12-27 17:05:59,392 - INFO - 
2024-12-27 17:05:59,410 - INFO - 293
2024-12-27 17:05:59,411 - INFO - 293
2024-12-27 17:05:59,412 - INFO - ['bw 3 4', 'bw 2 3', 'bw 2 2', 'm u_24 n', 'm u_27 n', "dst '['bw 3 4', 'bw 2 3', 'bw 2 2', 'm u_24 n', 'm u_27 n']\r\nafdfddsf'"]
2024-12-27 17:05:59,412 - INFO - 
2024-12-27 17:05:59,429 - INFO - 294
2024-12-27 17:05:59,430 - INFO - 294
2024-12-27 17:05:59,430 - INFO - ['bw 3 4', 'bw 2 3', 'bw 2 2', 'm u_24 e', 'm u_28 w', "dst '['bw 3 4', 'bw 2 3', 'bw 2 2', 'm u_24 e', 'm u_28 w']\r\nafdfddsf'"]
2024-12-27 17:05:59,430 - INFO - 
2024-12-27 17:05:59,445 - INFO - 295
2024-12-27 17:05:59,446 - INFO - 295
2024-12-27 17:05:59,447 - INFO - ['bw 3 4', 'bw 2 3', 'bw 2 2', 'bcity u_27', "dst '['bw 3 4', 'bw 2 3', 'bw 2 2', 'bcity u_27']\r\nafdfddsf'"]
2024-12-27 17:05:59,447 - INFO - 
2024-12-27 17:05:59,465 - INFO - 296
2024-12-27 17:05:59,466 - INFO - 296
2024-12-27 17:05:59,467 - INFO - ['bw 3 4', 'bw 2 3', 'bw 2 2', 'bw 4 1', 'm u_24 w', 'm u_27 c', 'm u_28 n', "dst '['bw 3 4', 'bw 2 3', 'bw 2 2', 'bw 4 1', 'm u_24 w', 'm u_27 c', 'm u_28 n']\r\nafdfddsf'"]
2024-12-27 17:05:59,468 - INFO - 
2024-12-27 17:05:59,484 - INFO - 297
2024-12-27 17:05:59,485 - INFO - 297
2024-12-27 17:05:59,485 - INFO - ['bw 2 3', 'bw 2 2', 'bw 4 1', 'm u_27 c', 'm u_28 n', 'm u_29 e', "dst '['bw 2 3', 'bw 2 2', 'bw 4 1', 'm u_27 c', 'm u_28 n', 'm u_29 e']\r\nafdfddsf'"]
2024-12-27 17:05:59,485 - INFO - 
2024-12-27 17:05:59,502 - INFO - 298
2024-12-27 17:05:59,502 - INFO - 298
2024-12-27 17:05:59,502 - INFO - ['bw 2 3', 'bw 2 2', 'bw 4 1', 'm u_24 n', 'm u_27 n', 'm u_28 e', "dst '['bw 2 3', 'bw 2 2', 'bw 4 1', 'm u_24 n', 'm u_27 n', 'm u_28 e']\r\nafdfddsf'"]
2024-12-27 17:05:59,503 - INFO - 
2024-12-27 17:05:59,519 - INFO - 299
2024-12-27 17:05:59,519 - INFO - 299
2024-12-27 17:05:59,519 - INFO - ['bw 2 3', 'bw 2 2', 'bw 4 1', 'm u_24 w', 'm u_27 e', 'm u_29 n', "dst '['bw 2 3', 'bw 2 2', 'bw 4 1', 'm u_24 w', 'm u_27 e', 'm u_29 n']\r\nafdfddsf'"]
2024-12-27 17:05:59,519 - INFO - 
2024-12-27 17:05:59,536 - INFO - 300
2024-12-27 17:05:59,536 - INFO - 300
2024-12-27 17:05:59,537 - INFO - ['bw 2 3', 'bw 2 2', 'bw 4 1', 'm u_28 e', "dst '['bw 2 3', 'bw 2 2', 'bw 4 1', 'm u_28 e']\r\nafdfddsf'"]
2024-12-27 17:05:59,537 - INFO - 
2024-12-27 17:05:59,554 - INFO - 301
2024-12-27 17:05:59,555 - INFO - 301
2024-12-27 17:05:59,555 - INFO - ['bw 2 3', 'bw 2 2', 'bw 4 1', 'm u_24 n', 'm u_27 w', 'm u_29 w', "dst '['bw 2 3', 'bw 2 2', 'bw 4 1', 'm u_24 n', 'm u_27 w', 'm u_29 w']\r\nafdfddsf'"]
2024-12-27 17:05:59,555 - INFO - 
2024-12-27 17:05:59,610 - INFO - 302
2024-12-27 17:05:59,610 - INFO - 302
2024-12-27 17:05:59,611 - INFO - ['bw 2 3', 'bw 2 2', 'bw 4 1', 'm u_24 n', 'm u_27 w', 'm u_28 e', "dst '['bw 2 3', 'bw 2 2', 'bw 4 1', 'm u_24 n', 'm u_27 w', 'm u_28 e']\r\nafdfddsf'"]
2024-12-27 17:05:59,611 - INFO - 
2024-12-27 17:05:59,627 - INFO - 303
2024-12-27 17:05:59,627 - INFO - 303
2024-12-27 17:05:59,628 - INFO - ['bw 2 3', 'bw 2 2', 'bw 4 1', 'm u_24 w', 'm u_28 c', 'm u_29 w', "dst '['bw 2 3', 'bw 2 2', 'bw 4 1', 'm u_24 w', 'm u_28 c', 'm u_29 w']\r\nafdfddsf'"]
2024-12-27 17:05:59,628 - INFO - 
2024-12-27 17:05:59,643 - INFO - 304
2024-12-27 17:05:59,644 - INFO - 304
2024-12-27 17:05:59,645 - INFO - ['bw 2 3', 'bw 2 2', 'bw 4 1', 'm u_24 c', 'm u_27 e', 'm u_28 w', 'm u_29 w', "dst '['bw 2 3', 'bw 2 2', 'bw 4 1', 'm u_24 c', 'm u_27 e', 'm u_28 w', 'm u_29 w']\r\nafdfddsf'"]
2024-12-27 17:05:59,645 - INFO - 
2024-12-27 17:05:59,662 - INFO - 305
2024-12-27 17:05:59,663 - INFO - 305
2024-12-27 17:05:59,663 - INFO - ['bw 2 3', 'bw 2 2', 'bw 4 1', 'm u_24 w', 'm u_27 e', "dst '['bw 2 3', 'bw 2 2', 'bw 4 1', 'm u_24 w', 'm u_27 e']\r\nafdfddsf'"]
2024-12-27 17:05:59,663 - INFO - 
2024-12-27 17:05:59,680 - INFO - 306
2024-12-27 17:05:59,681 - INFO - 306
2024-12-27 17:05:59,682 - INFO - ['bw 3 4', 'bw 2 3', 'bw 2 2', 'bw 4 1', 'm u_28 e', 'm u_29 c', "dst '['bw 3 4', 'bw 2 3', 'bw 2 2', 'bw 4 1', 'm u_28 e', 'm u_29 c']\r\nafdfddsf'"]
2024-12-27 17:05:59,682 - INFO - 
2024-12-27 17:05:59,698 - INFO - 307
2024-12-27 17:05:59,699 - INFO - 307
2024-12-27 17:05:59,700 - INFO - ['bw 3 4', 'bw 2 3', 'bw 2 2', 'bw 4 1', 'm u_24 n', 'm u_27 e', 'm u_28 w', 'm u_29 c', "dst '['bw 3 4', 'bw 2 3', 'bw 2 2', 'bw 4 1', 'm u_24 n', 'm u_27 e', 'm u_28 w', 'm u_29 c']\r\nafdfddsf'"]
2024-12-27 17:05:59,700 - INFO - 
2024-12-27 17:05:59,718 - INFO - 308
2024-12-27 17:05:59,719 - INFO - 308
2024-12-27 17:05:59,719 - INFO - ['bw 3 4', 'bw 2 3', 'bw 2 2', 'bw 4 1', 'm u_24 w', 'm u_29 w', "dst '['bw 3 4', 'bw 2 3', 'bw 2 2', 'bw 4 1', 'm u_24 w', 'm u_29 w']\r\nafdfddsf'"]
2024-12-27 17:05:59,719 - INFO - 
2024-12-27 17:05:59,733 - INFO - 309
2024-12-27 17:05:59,734 - INFO - 309
2024-12-27 17:05:59,734 - INFO - ['bw 3 4', 'bw 2 3', 'bw 2 2', 'bw 4 1', 'm u_27 e', 'm u_28 n', "dst '['bw 3 4', 'bw 2 3', 'bw 2 2', 'bw 4 1', 'm u_27 e', 'm u_28 n']\r\nafdfddsf'"]
2024-12-27 17:05:59,735 - INFO - 
2024-12-27 17:05:59,752 - INFO - 310
2024-12-27 17:05:59,753 - INFO - 310
2024-12-27 17:05:59,753 - INFO - ['bw 3 4', 'bw 2 3', 'bw 2 2', 'bw 4 1', 'm u_24 w', 'm u_28 e', 'm u_29 c', "dst '['bw 3 4', 'bw 2 3', 'bw 2 2', 'bw 4 1', 'm u_24 w', 'm u_28 e', 'm u_29 c']\r\nafdfddsf'"]
2024-12-27 17:05:59,753 - INFO - 
2024-12-27 17:05:59,767 - INFO - 311
2024-12-27 17:05:59,767 - INFO - 311
2024-12-27 17:05:59,768 - INFO - ['bw 3 4', 'bw 2 3', 'bw 2 2', 'bw 4 1', "dst '['bw 3 4', 'bw 2 3', 'bw 2 2', 'bw 4 1']\r\nafdfddsf'"]
2024-12-27 17:05:59,768 - INFO - 
2024-12-27 17:05:59,784 - INFO - 312
2024-12-27 17:05:59,784 - INFO - 312
2024-12-27 17:05:59,784 - INFO - ['bw 4 1', 'm u_30 w', 'm u_31 c', 'm u_32 e', "dst '['bw 4 1', 'm u_30 w', 'm u_31 c', 'm u_32 e']\r\nafdfddsf'"]
2024-12-27 17:05:59,784 - INFO - 
2024-12-27 17:05:59,804 - INFO - 313
2024-12-27 17:05:59,805 - INFO - 313
2024-12-27 17:05:59,805 - INFO - ['bw 4 1', 'm u_31 e', "dst '['bw 4 1', 'm u_31 e']\r\nafdfddsf'"]
2024-12-27 17:05:59,805 - INFO - 
2024-12-27 17:05:59,823 - INFO - 314
2024-12-27 17:05:59,823 - INFO - 314
2024-12-27 17:05:59,824 - INFO - ['bw 4 1', 'm u_24 e', "dst '['bw 4 1', 'm u_24 e']\r\nafdfddsf'"]
2024-12-27 17:05:59,824 - INFO - 
2024-12-27 17:05:59,837 - INFO - 315
2024-12-27 17:05:59,837 - INFO - 315
2024-12-27 17:05:59,837 - INFO - ['bw 4 1', "dst '['bw 4 1']\r\nafdfddsf'"]
2024-12-27 17:05:59,837 - INFO - 
2024-12-27 17:05:59,858 - INFO - 316
2024-12-27 17:05:59,858 - INFO - 316
2024-12-27 17:05:59,859 - INFO - ['bw 4 1', 'm u_30 e', 'm u_32 e', "dst '['bw 4 1', 'm u_30 e', 'm u_32 e']\r\nafdfddsf'"]
2024-12-27 17:05:59,859 - INFO - 
2024-12-27 17:05:59,878 - INFO - 317
2024-12-27 17:05:59,879 - INFO - 317
2024-12-27 17:05:59,879 - INFO - ['m u_30 n', 'm u_31 c', "dst '['m u_30 n', 'm u_31 c']\r\nafdfddsf'"]
2024-12-27 17:05:59,880 - INFO - 
2024-12-27 17:05:59,897 - INFO - 318
2024-12-27 17:05:59,897 - INFO - 318
2024-12-27 17:05:59,898 - INFO - ['m u_24 n', 'm u_30 c', 'm u_31 w', "dst '['m u_24 n', 'm u_30 c', 'm u_31 w']\r\nafdfddsf'"]
2024-12-27 17:05:59,898 - INFO - 
2024-12-27 17:05:59,912 - INFO - 319
2024-12-27 17:05:59,913 - INFO - 319
2024-12-27 17:05:59,913 - INFO - ['m u_24 w', 'm u_30 c', 'm u_31 w', "dst '['m u_24 w', 'm u_30 c', 'm u_31 w']\r\nafdfddsf'"]
2024-12-27 17:05:59,913 - INFO - 
2024-12-27 17:05:59,927 - INFO - 320
2024-12-27 17:05:59,927 - INFO - 320
2024-12-27 17:05:59,927 - INFO - ['m u_30 w', 'm u_32 w', "dst '['m u_30 w', 'm u_32 w']\r\nafdfddsf'"]
2024-12-27 17:05:59,927 - INFO - 
2024-12-27 17:05:59,940 - INFO - 321
2024-12-27 17:05:59,941 - INFO - 321
2024-12-27 17:05:59,941 - INFO - ['bw 3 4', 'bw 2 3', 'bw 2 2', "dst '['bw 3 4', 'bw 2 3', 'bw 2 2']\r\nafdfddsf'"]
2024-12-27 17:05:59,941 - INFO - 
2024-12-27 17:05:59,953 - INFO - 322
2024-12-27 17:05:59,954 - INFO - 322
2024-12-27 17:05:59,954 - INFO - ['bw 3 4', 'bw 2 3', 'bw 2 2', 'm u_30 n', 'm u_32 n', "dst '['bw 3 4', 'bw 2 3', 'bw 2 2', 'm u_30 n', 'm u_32 n']\r\nafdfddsf'"]
2024-12-27 17:05:59,954 - INFO - 
2024-12-27 17:05:59,965 - INFO - 323
2024-12-27 17:05:59,965 - INFO - 323
2024-12-27 17:05:59,965 - INFO - ['bw 3 4', 'bw 2 3', 'bw 2 2', 'm u_24 e', 'm u_30 c', "dst '['bw 3 4', 'bw 2 3', 'bw 2 2', 'm u_24 e', 'm u_30 c']\r\nafdfddsf'"]
2024-12-27 17:05:59,965 - INFO - 
2024-12-27 17:05:59,975 - INFO - 324
2024-12-27 17:05:59,976 - INFO - 324
2024-12-27 17:05:59,976 - INFO - ['bw 3 4', 'bw 2 3', 'bw 2 2', 'm u_30 w', 'bcity u_32', "dst '['bw 3 4', 'bw 2 3', 'bw 2 2', 'm u_30 w', 'bcity u_32']\r\nafdfddsf'"]
2024-12-27 17:05:59,976 - INFO - 
2024-12-27 17:05:59,988 - INFO - 325
2024-12-27 17:05:59,989 - INFO - 325
2024-12-27 17:05:59,989 - INFO - ['bw 3 4', 'bw 2 3', 'bw 2 2', 'bw 3 1', 'm u_24 c', 'm u_32 e', "dst '['bw 3 4', 'bw 2 3', 'bw 2 2', 'bw 3 1', 'm u_24 c', 'm u_32 e']\r\nafdfddsf'"]
2024-12-27 17:05:59,989 - INFO - 
2024-12-27 17:06:00,002 - INFO - 326
2024-12-27 17:06:00,003 - INFO - 326
2024-12-27 17:06:00,003 - INFO - ['bw 2 3', 'bw 2 2', 'bw 3 1', 'm u_24 e', 'm u_30 w', 'm u_33 e', "dst '['bw 2 3', 'bw 2 2', 'bw 3 1', 'm u_24 e', 'm u_30 w', 'm u_33 e']\r\nafdfddsf'"]
2024-12-27 17:06:00,003 - INFO - 
2024-12-27 17:06:00,025 - INFO - 327
2024-12-27 17:06:00,026 - INFO - 327
2024-12-27 17:06:00,026 - INFO - ['bw 2 3', 'bw 2 2', 'bw 3 1', 'm u_32 w', "dst '['bw 2 3', 'bw 2 2', 'bw 3 1', 'm u_32 w']\r\nafdfddsf'"]
2024-12-27 17:06:00,026 - INFO - 
2024-12-27 17:06:00,045 - INFO - 328
2024-12-27 17:06:00,046 - INFO - 328
2024-12-27 17:06:00,047 - INFO - ['bw 2 3', 'bw 2 2', 'bw 3 1', 'm u_24 e', 'm u_30 e', 'm u_32 w', 'm u_33 e', "dst '['bw 2 3', 'bw 2 2', 'bw 3 1', 'm u_24 e', 'm u_30 e', 'm u_32 w', 'm u_33 e']\r\nafdfddsf'"]
2024-12-27 17:06:00,047 - INFO - 
2024-12-27 17:06:00,065 - INFO - 329
2024-12-27 17:06:00,066 - INFO - 329
2024-12-27 17:06:00,066 - INFO - ['bw 2 3', 'bw 2 2', 'bw 3 1', "dst '['bw 2 3', 'bw 2 2', 'bw 3 1']\r\nafdfddsf'"]
2024-12-27 17:06:00,067 - INFO - 
2024-12-27 17:06:00,085 - INFO - 330
2024-12-27 17:06:00,085 - INFO - 330
2024-12-27 17:06:00,086 - INFO - ['bw 2 3', 'bw 2 2', 'bw 3 1', 'm u_24 e', 'm u_30 e', 'm u_32 c', 'bcity u_33', "dst '['bw 2 3', 'bw 2 2', 'bw 3 1', 'm u_24 e', 'm u_30 e', 'm u_32 c', 'bcity u_33']\r\nafdfddsf'"]
2024-12-27 17:06:00,086 - INFO - 
2024-12-27 17:06:00,101 - INFO - 331
2024-12-27 17:06:00,102 - INFO - 331
2024-12-27 17:06:00,103 - INFO - ['bw 2 3', 'bw 2 2', 'bw 3 1', 'bw 5 4', 'm u_30 n', 'm u_32 c', 'm u_33 e', "dst '['bw 2 3', 'bw 2 2', 'bw 3 1', 'bw 5 4', 'm u_30 n', 'm u_32 c', 'm u_33 e']\r\nafdfddsf'"]
2024-12-27 17:06:00,103 - INFO - 
2024-12-27 17:06:00,118 - INFO - 332
2024-12-27 17:06:00,119 - INFO - 332
2024-12-27 17:06:00,119 - INFO - ['bw 2 2', 'bw 3 1', 'bw 5 4', 'm u_24 n', 'm u_30 c', 'm u_32 c', 'm u_34 c', "dst '['bw 2 2', 'bw 3 1', 'bw 5 4', 'm u_24 n', 'm u_30 c', 'm u_32 c', 'm u_34 c']\r\nafdfddsf'"]
2024-12-27 17:06:00,119 - INFO - 
2024-12-27 17:06:00,135 - INFO - 333
2024-12-27 17:06:00,136 - INFO - 333
2024-12-27 17:06:00,137 - INFO - ['bw 2 2', 'bw 3 1', 'bw 5 4', 'm u_24 w', 'm u_30 e', 'm u_32 e', 'm u_33 n', 'm u_34 c', "dst '['bw 2 2', 'bw 3 1', 'bw 5 4', 'm u_24 w', 'm u_30 e', 'm u_32 e', 'm u_33 n', 'm u_34 c']\r\nafdfddsf'"]
2024-12-27 17:06:00,137 - INFO - 
2024-12-27 17:06:00,161 - INFO - 334
2024-12-27 17:06:00,162 - INFO - 334
2024-12-27 17:06:00,163 - INFO - ['bw 2 2', 'bw 3 1', 'bw 5 4', 'm u_32 e', 'm u_34 c', "dst '['bw 2 2', 'bw 3 1', 'bw 5 4', 'm u_32 e', 'm u_34 c']\r\nafdfddsf'"]
2024-12-27 17:06:00,163 - INFO - 
2024-12-27 17:06:00,184 - INFO - 335
2024-12-27 17:06:00,186 - INFO - 335
2024-12-27 17:06:00,186 - INFO - ['bw 3 4', 'bw 2 2', 'bw 3 1', 'bw 5 4', 'm u_24 e', 'm u_30 c', 'm u_33 e', 'm u_34 n', "dst '['bw 3 4', 'bw 2 2', 'bw 3 1', 'bw 5 4', 'm u_24 e', 'm u_30 c', 'm u_33 e', 'm u_34 n']\r\nafdfddsf'"]
2024-12-27 17:06:00,186 - INFO - 
2024-12-27 17:06:00,201 - INFO - 336
2024-12-27 17:06:00,202 - INFO - 336
2024-12-27 17:06:00,202 - INFO - ['bw 3 4', 'bw 2 2', 'bw 3 1', 'bw 5 4', 'm u_30 c', 'm u_32 e', 'm u_34 n', "dst '['bw 3 4', 'bw 2 2', 'bw 3 1', 'bw 5 4', 'm u_30 c', 'm u_32 e', 'm u_34 n']\r\nafdfddsf'"]
2024-12-27 17:06:00,202 - INFO - 
2024-12-27 17:06:00,220 - INFO - 337
2024-12-27 17:06:00,220 - INFO - 337
2024-12-27 17:06:00,221 - INFO - ['bw 3 4', 'bw 2 2', 'bw 3 1', 'bw 5 4', 'm u_24 n', 'm u_30 e', 'm u_33 c', "dst '['bw 3 4', 'bw 2 2', 'bw 3 1', 'bw 5 4', 'm u_24 n', 'm u_30 e', 'm u_33 c']\r\nafdfddsf'"]
2024-12-27 17:06:00,221 - INFO - 
2024-12-27 17:06:00,239 - INFO - 338
2024-12-27 17:06:00,240 - INFO - 338
2024-12-27 17:06:00,240 - INFO - ['bw 3 4', 'bw 2 2', 'bw 3 1', 'bw 5 4', 'm u_24 w', 'm u_32 n', 'm u_33 n', 'm u_34 e', "dst '['bw 3 4', 'bw 2 2', 'bw 3 1', 'bw 5 4', 'm u_24 w', 'm u_32 n', 'm u_33 n', 'm u_34 e']\r\nafdfddsf'"]
2024-12-27 17:06:00,240 - INFO - 
2024-12-27 17:06:00,257 - INFO - 339
2024-12-27 17:06:00,259 - INFO - 339
2024-12-27 17:06:00,259 - INFO - ['bw 3 4', 'bw 2 2', 'bw 3 1', 'bw 5 4', 'm u_30 w', 'm u_34 w', "dst '['bw 3 4', 'bw 2 2', 'bw 3 1', 'bw 5 4', 'm u_30 w', 'm u_34 w']\r\nafdfddsf'"]
2024-12-27 17:06:00,259 - INFO - 
2024-12-27 17:06:00,278 - INFO - 340
2024-12-27 17:06:00,279 - INFO - 340
2024-12-27 17:06:00,280 - INFO - ['bw 3 4', 'bw 2 2', 'bw 3 1', 'bw 5 4', 'm u_24 w', 'm u_32 e', 'm u_33 c', "dst '['bw 3 4', 'bw 2 2', 'bw 3 1', 'bw 5 4', 'm u_24 w', 'm u_32 e', 'm u_33 c']\r\nafdfddsf'"]
2024-12-27 17:06:00,280 - INFO - 
2024-12-27 17:06:00,294 - INFO - 341
2024-12-27 17:06:00,295 - INFO - 341
2024-12-27 17:06:00,295 - INFO - ['bw 3 4', 'bw 2 3', 'bw 2 2', 'bw 3 1', 'bw 5 4', 'm u_30 n', 'm u_33 e', 'm u_34 w', "dst '['bw 3 4', 'bw 2 3', 'bw 2 2', 'bw 3 1', 'bw 5 4', 'm u_30 n', 'm u_33 e', 'm u_34 w']\r\nafdfddsf'"]
2024-12-27 17:06:00,295 - INFO - 
2024-12-27 17:06:00,312 - INFO - 342
2024-12-27 17:06:00,312 - INFO - 342
2024-12-27 17:06:00,312 - INFO - ['bw 3 4', 'bw 2 3', 'bw 2 2', 'bw 3 1', 'bw 5 4', 'm u_24 n', 'm u_30 n', 'm u_32 w', "dst '['bw 3 4', 'bw 2 3', 'bw 2 2', 'bw 3 1', 'bw 5 4', 'm u_24 n', 'm u_30 n', 'm u_32 w']\r\nafdfddsf'"]
2024-12-27 17:06:00,312 - INFO - 
2024-12-27 17:06:00,327 - INFO - 343
2024-12-27 17:06:00,329 - INFO - 343
2024-12-27 17:06:00,329 - INFO - ['bw 3 4', 'bw 2 3', 'bw 2 2', 'bw 3 1', 'bw 5 4', 'm u_24 w', 'm u_33 n', 'm u_34 n', "dst '['bw 3 4', 'bw 2 3', 'bw 2 2', 'bw 3 1', 'bw 5 4', 'm u_24 w', 'm u_33 n', 'm u_34 n']\r\nafdfddsf'"]
2024-12-27 17:06:00,329 - INFO - 
2024-12-27 17:06:00,343 - INFO - 344
2024-12-27 17:06:00,344 - INFO - 344
2024-12-27 17:06:00,344 - INFO - ['bw 3 4', 'bw 2 3', 'bw 2 2', 'bw 3 1', 'bw 5 4', 'm u_24 c', 'm u_30 c', 'm u_32 e', 'm u_34 n', "dst '['bw 3 4', 'bw 2 3', 'bw 2 2', 'bw 3 1', 'bw 5 4', 'm u_24 c', 'm u_30 c', 'm u_32 e', 'm u_34 n']\r\nafdfddsf'"]
2024-12-27 17:06:00,344 - INFO - 
2024-12-27 17:06:00,359 - INFO - 345
2024-12-27 17:06:00,359 - INFO - 345
2024-12-27 17:06:00,359 - INFO - ['bw 3 4', 'bw 2 3', 'bw 2 2', 'bw 3 1', 'bw 5 4', 'm u_24 c', 'm u_30 n', 'm u_33 w', "dst '['bw 3 4', 'bw 2 3', 'bw 2 2', 'bw 3 1', 'bw 5 4', 'm u_24 c', 'm u_30 n', 'm u_33 w']\r\nafdfddsf'"]
2024-12-27 17:06:00,359 - INFO - 
2024-12-27 17:06:00,413 - INFO - 346
2024-12-27 17:06:00,413 - INFO - 346
2024-12-27 17:06:00,413 - INFO - ['bw 3 4', 'bw 2 3', 'bw 2 2', 'bw 3 1', 'bw 5 4', 'm u_24 c', 'm u_30 w', 'm u_32 w', 'm u_34 w', "dst '['bw 3 4', 'bw 2 3', 'bw 2 2', 'bw 3 1', 'bw 5 4', 'm u_24 c', 'm u_30 w', 'm u_32 w', 'm u_34 w']\r\nafdfddsf'"]
2024-12-27 17:06:00,413 - INFO - 
2024-12-27 17:06:00,428 - INFO - 347
2024-12-27 17:06:00,429 - INFO - 347
2024-12-27 17:06:00,429 - INFO - ['bw 3 4', 'bw 2 3', 'bw 2 2', 'bw 3 1', 'bw 5 4', 'm u_24 e', 'm u_30 w', 'm u_33 e', "dst '['bw 3 4', 'bw 2 3', 'bw 2 2', 'bw 3 1', 'bw 5 4', 'm u_24 e', 'm u_30 w', 'm u_33 e']\r\nafdfddsf'"]
2024-12-27 17:06:00,429 - INFO - 
2024-12-27 17:06:00,442 - INFO - 348
2024-12-27 17:06:00,442 - INFO - 348
2024-12-27 17:06:00,442 - INFO - ['bw 3 4', 'bw 2 3', 'bw 2 2', 'bw 3 1', 'bw 5 4', 'm u_32 n', 'm u_34 n', "dst '['bw 3 4', 'bw 2 3', 'bw 2 2', 'bw 3 1', 'bw 5 4', 'm u_32 n', 'm u_34 n']\r\nafdfddsf'"]
2024-12-27 17:06:00,442 - INFO - 
2024-12-27 17:06:00,455 - INFO - 349
2024-12-27 17:06:00,455 - INFO - 349
2024-12-27 17:06:00,456 - INFO - ['bw 3 4', 'bw 2 3', 'bw 2 2', 'bw 3 1', 'bw 5 4', 'm u_24 c', 'm u_30 c', 'm u_32 e', 'm u_33 n', 'm u_34 c', "dst '['bw 3 4', 'bw 2 3', 'bw 2 2', 'bw 3 1', 'bw 5 4', 'm u_24 c', 'm u_30 c', 'm u_32 e', 'm u_33 n', 'm u_34 c']\r\nafdfddsf'"]
2024-12-27 17:06:00,456 - INFO - 
2024-12-27 17:06:00,469 - INFO - 350
2024-12-27 17:06:00,469 - INFO - 350
2024-12-27 17:06:00,470 - INFO - ['bw 3 4', 'bw 2 3', 'bw 2 2', 'bw 3 1', 'bw 5 4', 'm u_24 c', 'm u_30 c', 'm u_34 n', "dst '['bw 3 4', 'bw 2 3', 'bw 2 2', 'bw 3 1', 'bw 5 4', 'm u_24 c', 'm u_30 c', 'm u_34 n']\r\nafdfddsf'"]
2024-12-27 17:06:00,470 - INFO - 
2024-12-27 17:06:00,482 - INFO - 351
2024-12-27 17:06:00,483 - INFO - 351
2024-12-27 17:06:00,483 - INFO - ['bw 3 4', 'bw 2 3', 'bw 2 2', 'bw 3 1', 'bw 5 4', 'm u_32 c', "dst '['bw 3 4', 'bw 2 3', 'bw 2 2', 'bw 3 1', 'bw 5 4', 'm u_32 c']\r\nafdfddsf'"]
2024-12-27 17:06:00,483 - INFO - 
2024-12-27 17:06:00,495 - INFO - 352
2024-12-27 17:06:00,495 - INFO - 352
2024-12-27 17:06:00,495 - INFO - ['m u_32 n', 'm u_35 w', 'm u_36 w', 'm u_37 w', 'm u_38 e', "dst '['m u_32 n', 'm u_35 w', 'm u_36 w', 'm u_37 w', 'm u_38 e']\r\nafdfddsf'"]
2024-12-27 17:06:00,495 - INFO - 
2024-12-27 17:06:00,508 - INFO - 353
2024-12-27 17:06:00,509 - INFO - 353
2024-12-27 17:06:00,509 - INFO - ['m u_32 n', "dst '['m u_32 n']\r\nafdfddsf'"]
2024-12-27 17:06:00,509 - INFO - 
2024-12-27 17:06:00,522 - INFO - 354
2024-12-27 17:06:00,523 - INFO - 354
2024-12-27 17:06:00,523 - INFO - ['m u_32 c', "dst '['m u_32 c']\r\nafdfddsf'"]
2024-12-27 17:06:00,523 - INFO - 
2024-12-27 17:06:00,536 - INFO - 355
2024-12-27 17:06:00,537 - INFO - 355
2024-12-27 17:06:00,537 - INFO - ['m u_32 e', "dst '['m u_32 e']\r\nafdfddsf'"]
2024-12-27 17:06:00,537 - INFO - 
2024-12-27 17:06:00,552 - INFO - 356
2024-12-27 17:06:00,553 - INFO - 356
2024-12-27 17:06:00,553 - INFO - ['m u_35 e', 'm u_38 w', "dst '['m u_35 e', 'm u_38 w']\r\nafdfddsf'"]
2024-12-27 17:06:00,553 - INFO - 
2024-12-27 17:06:00,571 - INFO - 357
2024-12-27 17:06:00,572 - INFO - 357
2024-12-27 17:06:00,572 - INFO - ['m u_35 n', 'm u_38 c', "dst '['m u_35 n', 'm u_38 c']\r\nafdfddsf'"]
2024-12-27 17:06:00,572 - INFO - 
2024-12-27 17:06:00,588 - INFO - 358
2024-12-27 17:06:00,590 - INFO - 358
2024-12-27 17:06:00,590 - INFO - ['m u_38 e', "dst '['m u_38 e']\r\nafdfddsf'"]
2024-12-27 17:06:00,590 - INFO - 
2024-12-27 17:06:00,603 - INFO - 359
2024-12-27 17:06:00,604 - INFO - 359
2024-12-27 17:06:00,604 - INFO - ['m u_32 c', "dst '['m u_32 c']\r\nafdfddsf'"]
2024-12-27 17:06:00,604 - INFO - 
